#
# A fatal error has been detected by the Java Runtime Environment:
#
#  EXCEPTION_ACCESS_VIOLATION (0xc0000005) at pc=0x000000006e9cbbb1, pid=13984, tid=4200
#
# JRE version: OpenJDK Runtime Environment (11.0.4+10) (build 11.0.4+10-b304.77)
# Java VM: OpenJDK 64-Bit Server VM (11.0.4+10-b304.77, mixed mode, sharing, tiered, compressed oops, g1 gc, windows-amd64)
# Problematic frame:
# C  [gdx-box2d64.dll+0xbbb1]
#
# No core dump will be written. Minidumps are not enabled by default on client versions of Windows
#
# If you would like to submit a bug report, please visit:
#   http://bugreport.java.com/bugreport/crash.jsp
# The crash happened outside the Java Virtual Machine in native code.
# See problematic frame for where to report the bug.
#

---------------  S U M M A R Y ------------

Command Line: -Dfile.encoding=windows-1252 -Duser.country=GB -Duser.language=en -Duser.variant com.berbils.game.desktop.DesktopLauncher

Host: AMD Ryzen 5 2500U with Radeon Vega Mobile Gfx  , 8 cores, 7G,  Windows 10 , 64 bit Build 18362 (10.0.18362.329)
Time: Thu Feb  6 13:59:41 2020 GMT Standard Time elapsed time: 20 seconds (0d 0h 0m 20s)

---------------  T H R E A D  ---------------

Current thread (0x000002445daef800):  JavaThread "LWJGL Application" [_thread_in_native, id=4200, stack(0x000000a081c00000,0x000000a081d00000)]

Stack: [0x000000a081c00000,0x000000a081d00000],  sp=0x000000a081cfe880,  free space=1018k
Native frames: (J=compiled Java code, j=interpreted, Vv=VM code, C=native code)
C  [gdx-box2d64.dll+0xbbb1]

Java frames: (J=compiled Java code, j=interpreted, Vv=VM code)
j  com.badlogic.gdx.physics.box2d.World.jniCreateBody(JIFFFFFFFFZZZZZF)J+0
j  com.badlogic.gdx.physics.box2d.World.createBody(Lcom/badlogic/gdx/physics/box2d/BodyDef;)Lcom/badlogic/gdx/physics/box2d/Body;+80
j  com.berbils.game.Entities.EntityTypes.Entity.createBodyCopy()V+9
j  com.berbils.game.Entities.ProjectileSpawners.Weapon.spawnProjectile(Lcom/badlogic/gdx/math/Vector2;Lcom/badlogic/gdx/math/Vector2;)V+20
J 1779 c1 com.berbils.game.Entities.ProjectileSpawners.AlienProjectileSpawner.attack(Lcom/badlogic/gdx/math/Vector2;Lcom/badlogic/gdx/math/Vector2;)V (48 bytes) @ 0x0000024446ba8e7c [0x0000024446ba8b40+0x000000000000033c]
J 1786 c1 com.berbils.game.Tools.InputManager.handlePlayerInput(Lcom/berbils/game/Entities/FireEngines/FireEngine;FLcom/berbils/game/Kroy;)V (300 bytes) @ 0x0000024446bad8ac [0x0000024446baa960+0x0000000000002f4c]
J 1718 c1 com.berbils.game.Screens.PlayScreen.update(F)V (130 bytes) @ 0x0000024446b7ff94 [0x0000024446b7f3c0+0x0000000000000bd4]
J 1626 c1 com.berbils.game.Screens.PlayScreen.render(F)V (97 bytes) @ 0x0000024446b49934 [0x0000024446b49880+0x00000000000000b4]
J 1746 c1 com.berbils.game.Kroy.render()V (5 bytes) @ 0x0000024446b9b47c [0x0000024446b9b260+0x000000000000021c]
j  com.badlogic.gdx.backends.lwjgl.LwjglApplication.mainLoop()V+770
j  com.badlogic.gdx.backends.lwjgl.LwjglApplication$1.run()V+27
v  ~StubRoutines::call_stub

siginfo: EXCEPTION_ACCESS_VIOLATION (0xc0000005), reading address 0x000002465d58dc60


Register to memory mapping:

RIP=0x000000006e9cbbb1 gdx-box2d64.dll
RAX=0x000000006ea10060 gdx-box2d64.dll
RBX=0x000002465d58dc60 is an unknown value
RCX=0x000002445d572350 points into unknown readable memory: 80 00 b7 65 44 02 00 00
RDX=0x00000000000000b8 is an unknown value
RSP=0x000000a081cfe880 is pointing into the stack for thread: 0x000002445daef800
RBP=0x000002445d572380 points into unknown readable memory: 00 00 00 00 00 00 00 00
RSI=0x000002445d572350 points into unknown readable memory: 80 00 b7 65 44 02 00 00
RDI=0x000000a081cfe940 is pointing into the stack for thread: 0x000002445daef800
R8 =0x000002445d572350 points into unknown readable memory: 80 00 b7 65 44 02 00 00
R9 =0x0000000000000002 is an unknown value
R10=0x0 is NULL
R11=0x0000000000000001 is an unknown value
R12=0x0 is NULL
R13=0x0000000000000006 is an unknown value
R14=0x000000a081cfeb30 is pointing into the stack for thread: 0x000002445daef800
R15=0x000002445daef800 is a thread


Registers:
RAX=0x000000006ea10060, RBX=0x000002465d58dc60, RCX=0x000002445d572350, RDX=0x00000000000000b8
RSP=0x000000a081cfe880, RBP=0x000002445d572380, RSI=0x000002445d572350, RDI=0x000000a081cfe940
R8 =0x000002445d572350, R9 =0x0000000000000002, R10=0x0000000000000000, R11=0x0000000000000001
R12=0x0000000000000000, R13=0x0000000000000006, R14=0x000000a081cfeb30, R15=0x000002445daef800
RIP=0x000000006e9cbbb1, EFLAGS=0x0000000000010206

Top of Stack: (sp=0x000000a081cfe880)
0x000000a081cfe880:   000002445cf06b38 000002445daef800
0x000000a081cfe890:   00007ffd39d28f58 000002445fc2a4f0
0x000000a081cfe8a0:   0000000000000001 000002445d572350
0x000000a081cfe8b0:   000000a081cfe940 000000a081cfea88
0x000000a081cfe8c0:   0000000000000000 000002445cf06b38
0x000000a081cfe8d0:   000000a081cfeb30 000000006e9e1163
0x000000a081cfe8e0:   000000a081cfe980 000000a081cfe980
0x000000a081cfe8f0:   0000000000000003 000002445cf06b38
0x000000a081cfe900:   0000000000000001 0000000000000820
0x000000a081cfe910:   000000008d12ce18 000000006e9e6a36
0x000000a081cfe920:   000002445daef800 000000a081cfeb30
0x000000a081cfe930:   000000a081cfea88 000002444626878b
0x000000a081cfe940:   4129504700000002 0000000040f9853a
0x000000a081cfe950:   0000000000000000 0000000000000000
0x000000a081cfe960:   0000010100000000 000000a081cfeb01
0x000000a081cfe970:   0000000000000000 000000003f800000 

Instructions: (pc=0x000000006e9cbbb1)
0x000000006e9cbab1:   3d 89 45 04 00 00 75 5e 48 8d 3d a1 45 04 00 bb
0x000000006e9cbac1:   01 00 00 00 31 f6 48 8d 2d 32 45 03 00 eb 04 48
0x000000006e9cbad1:   83 c7 01 48 63 c6 39 5c 85 00 7d 03 83 c6 01 83
0x000000006e9cbae1:   c3 01 40 88 37 81 fb 81 02 00 00 74 22 83 fe 0d
0x000000006e9cbaf1:   7e dd 48 8d 15 56 60 03 00 48 8d 0d bb 60 03 00
0x000000006e9cbb01:   41 b8 49 00 00 00 e8 c4 aa 02 00 eb c2 66 90 c6
0x000000006e9cbb11:   05 29 45 04 00 01 48 83 c4 28 5b 5e 5f 5d c3 57
0x000000006e9cbb21:   56 53 48 83 ec 20 8b 41 08 31 f6 31 db 48 89 cf
0x000000006e9cbb31:   85 c0 7e 19 48 8b 07 83 c3 01 48 8b 4c 30 08 48
0x000000006e9cbb41:   83 c6 10 e8 c7 08 00 00 39 5f 08 7f e7 48 8b 0f
0x000000006e9cbb51:   48 83 c4 20 5b 5e 5f e9 b3 08 00 00 90 66 90 41
0x000000006e9cbb61:   56 41 55 41 54 55 57 56 53 48 83 ec 20 48 63 da
0x000000006e9cbb71:   48 89 ce 83 fb 00 0f 84 66 01 00 00 0f 8e 42 01
0x000000006e9cbb81:   00 00 81 fb 80 02 00 00 0f 8f 21 01 00 00 48 8d
0x000000006e9cbb91:   05 ca 44 04 00 44 0f b6 2c 18 41 80 fd 0d 4c 89
0x000000006e9cbba1:   eb 77 2c 48 8d 2c de 48 8b 5d 10 48 85 db 74 45
0x000000006e9cbbb1:   48 8b 03 48 89 45 10 48 89 d8 48 83 c4 20 5b 5e
0x000000006e9cbbc1:   5f 5d 41 5c 41 5d 41 5e c3 66 0f 1f 44 00 00 48
0x000000006e9cbbd1:   8d 15 79 5f 03 00 48 8d 0d fa 5f 03 00 48 8d 2c
0x000000006e9cbbe1:   de 41 b8 70 00 00 00 e8 e3 a9 02 00 48 8b 5d 10
0x000000006e9cbbf1:   48 85 db 75 bb 4c 63 66 08 44 3b 66 0c 0f 84 1c
0x000000006e9cbc01:   01 00 00 49 c1 e4 04 4c 03 26 b9 00 40 00 00 e8
0x000000006e9cbc11:   eb 07 00 00 48 89 c3 4d 63 ed 49 89 44 24 08 48
0x000000006e9cbc21:   8d 05 d9 43 03 00 42 8b 3c a8 b8 00 40 00 00 99
0x000000006e9cbc31:   f7 ff 41 89 fd 41 89 3c 24 44 0f af e8 41 89 c6
0x000000006e9cbc41:   41 81 fd 00 40 00 00 0f 8f a6 00 00 00 41 83 fe
0x000000006e9cbc51:   01 7e 2a 4c 63 c7 41 8d 46 ff 31 d2 4d 89 c1 4a
0x000000006e9cbc61:   8d 0c 03 49 f7 d9 66 0f 1f 84 00 00 00 00 00 83
0x000000006e9cbc71:   c2 01 4a 89 0c 09 4c 01 c1 39 c2 75 f2 41 29 fd
0x000000006e9cbc81:   4d 63 ed 4a c7 04 2b 00 00 00 00 48 8b 03 48 89
0x000000006e9cbc91:   45 10 83 46 08 01 48 89 d8 48 83 c4 20 5b 5e 5f
0x000000006e9cbca1:   5d 41 5c 41 5d 41 5e c3 0f 1f 80 00 00 00 00 89 


Stack slot to memory mapping:
stack at sp + 0 slots: {method} {0x000002445cf06b40} 'jniCreateBody' '(JIFFFFFFFFZZZZZF)J' in 'com/badlogic/gdx/physics/box2d/World'
stack at sp + 1 slots: 0x000002445daef800 is a thread
stack at sp + 2 slots: 0x00007ffd39d28f58 jvm.dll
stack at sp + 3 slots: 0x000002445fc2a4f0 points into unknown readable memory: 13 00 01 00 8d fd 28 4a
stack at sp + 4 slots: 0x0000000000000001 is an unknown value
stack at sp + 5 slots: 0x000002445d572350 points into unknown readable memory: 80 00 b7 65 44 02 00 00
stack at sp + 6 slots: 0x000000a081cfe940 is pointing into the stack for thread: 0x000002445daef800
stack at sp + 7 slots: 0x000000a081cfea88 is pointing into the stack for thread: 0x000002445daef800


---------------  P R O C E S S  ---------------

Threads class SMR info:
_java_thread_list=0x0000024464bcad70, length=13, elements={
0x000002445c774800, 0x000002445c776000, 0x000002445c794800, 0x000002445c796000,
0x000002445c797000, 0x000002445c7a2800, 0x000002445c7a5000, 0x000002445d22e800,
0x000002445d230000, 0x000002445daef800, 0x00000244423ad800, 0x000002445fc47000,
0x0000024465074000
}

Java Threads: ( => current thread )
  0x000002445c774800 JavaThread "Reference Handler" daemon [_thread_blocked, id=14892, stack(0x000000a081000000,0x000000a081100000)]
  0x000002445c776000 JavaThread "Finalizer" daemon [_thread_blocked, id=6564, stack(0x000000a081100000,0x000000a081200000)]
  0x000002445c794800 JavaThread "Signal Dispatcher" daemon [_thread_blocked, id=11952, stack(0x000000a081200000,0x000000a081300000)]
  0x000002445c796000 JavaThread "Attach Listener" daemon [_thread_blocked, id=5788, stack(0x000000a081300000,0x000000a081400000)]
  0x000002445c797000 JavaThread "C2 CompilerThread0" daemon [_thread_blocked, id=3880, stack(0x000000a081400000,0x000000a081500000)]
  0x000002445c7a2800 JavaThread "C1 CompilerThread0" daemon [_thread_blocked, id=5620, stack(0x000000a081500000,0x000000a081600000)]
  0x000002445c7a5000 JavaThread "Sweeper thread" daemon [_thread_blocked, id=13724, stack(0x000000a081600000,0x000000a081700000)]
  0x000002445d22e800 JavaThread "Service Thread" daemon [_thread_blocked, id=13864, stack(0x000000a081700000,0x000000a081800000)]
  0x000002445d230000 JavaThread "Common-Cleaner" daemon [_thread_blocked, id=4728, stack(0x000000a081900000,0x000000a081a00000)]
=>0x000002445daef800 JavaThread "LWJGL Application" [_thread_in_native, id=4200, stack(0x000000a081c00000,0x000000a081d00000)]
  0x00000244423ad800 JavaThread "DestroyJavaVM" [_thread_blocked, id=12540, stack(0x000000a080900000,0x000000a080a00000)]
  0x000002445fc47000 JavaThread "AssetManager" daemon [_thread_blocked, id=11276, stack(0x000000a081e00000,0x000000a081f00000)]
  0x0000024465074000 JavaThread "LWJGL Timer" daemon [_thread_blocked, id=14404, stack(0x000000a082100000,0x000000a082200000)]

Other Threads:
  0x000002445c772800 VMThread "VM Thread" [stack: 0x000000a080f00000,0x000000a081000000] [id=6504]
  0x000002445d22f800 WatcherThread [stack: 0x000000a081800000,0x000000a081900000] [id=6612]
  0x00000244423c5000 GCTaskThread "GC Thread#0" [stack: 0x000000a080a00000,0x000000a080b00000] [id=10072]
  0x0000024464bed000 GCTaskThread "GC Thread#1" [stack: 0x000000a081f00000,0x000000a082000000] [id=13620]
  0x000002445fd00000 GCTaskThread "GC Thread#2" [stack: 0x000000a082000000,0x000000a082100000] [id=6848]
  0x0000024464db3800 GCTaskThread "GC Thread#3" [stack: 0x000000a082200000,0x000000a082300000] [id=10708]
  0x00000244423f6800 ConcurrentGCThread "G1 Main Marker" [stack: 0x000000a080b00000,0x000000a080c00000] [id=12720]
  0x00000244423f8000 ConcurrentGCThread "G1 Conc#0" [stack: 0x000000a080c00000,0x000000a080d00000] [id=13868]
  0x000002444247e800 ConcurrentGCThread "G1 Refine#0" [stack: 0x000000a080d00000,0x000000a080e00000] [id=15288]
  0x000002445c609000 ConcurrentGCThread "G1 Young RemSet Sampling" [stack: 0x000000a080e00000,0x000000a080f00000] [id=13180]

Threads with active compile tasks:

VM state:not at safepoint (normal execution)

VM Mutex/Monitor currently owned by a thread: None

Heap address: 0x0000000087200000, size: 1934 MB, Compressed Oops mode: 32-bit
Narrow klass base: 0x0000000800000000, Narrow klass shift: 3
Compressed class space size: 1073741824 Address: 0x0000000840000000

Heap:
 garbage-first heap   total 124928K, used 7257K [0x0000000087200000, 0x0000000100000000)
  region size 1024K, 8 young (8192K), 3 survivors (3072K)
 Metaspace       used 7515K, capacity 9708K, committed 9856K, reserved 1058816K
  class space    used 602K, capacity 836K, committed 896K, reserved 1048576K
Heap Regions: E=young(eden), S=young(survivor), O=old, HS=humongous(starts), HC=humongous(continues), CS=collection set, F=free, A=archive, TAMS=top-at-mark-start (previous, next)
|   0|0x0000000087200000, 0x0000000087216600, 0x0000000087300000|  8%| O|  |TAMS 0x0000000087200000, 0x0000000087200000| Untracked 
|   1|0x0000000087300000, 0x0000000087300000, 0x0000000087400000|  0%| F|  |TAMS 0x0000000087300000, 0x0000000087300000| Untracked 
|   2|0x0000000087400000, 0x0000000087400000, 0x0000000087500000|  0%| F|  |TAMS 0x0000000087400000, 0x0000000087400000| Untracked 
|   3|0x0000000087500000, 0x0000000087500000, 0x0000000087600000|  0%| F|  |TAMS 0x0000000087500000, 0x0000000087500000| Untracked 
|   4|0x0000000087600000, 0x0000000087600000, 0x0000000087700000|  0%| F|  |TAMS 0x0000000087600000, 0x0000000087600000| Untracked 
|   5|0x0000000087700000, 0x0000000087700000, 0x0000000087800000|  0%| F|  |TAMS 0x0000000087700000, 0x0000000087700000| Untracked 
|   6|0x0000000087800000, 0x0000000087800000, 0x0000000087900000|  0%| F|  |TAMS 0x0000000087800000, 0x0000000087800000| Untracked 
|   7|0x0000000087900000, 0x0000000087900000, 0x0000000087a00000|  0%| F|  |TAMS 0x0000000087900000, 0x0000000087900000| Untracked 
|   8|0x0000000087a00000, 0x0000000087a00000, 0x0000000087b00000|  0%| F|  |TAMS 0x0000000087a00000, 0x0000000087a00000| Untracked 
|   9|0x0000000087b00000, 0x0000000087b00000, 0x0000000087c00000|  0%| F|  |TAMS 0x0000000087b00000, 0x0000000087b00000| Untracked 
|  10|0x0000000087c00000, 0x0000000087c00000, 0x0000000087d00000|  0%| F|  |TAMS 0x0000000087c00000, 0x0000000087c00000| Untracked 
|  11|0x0000000087d00000, 0x0000000087d00000, 0x0000000087e00000|  0%| F|  |TAMS 0x0000000087d00000, 0x0000000087d00000| Untracked 
|  12|0x0000000087e00000, 0x0000000087e00000, 0x0000000087f00000|  0%| F|  |TAMS 0x0000000087e00000, 0x0000000087e00000| Untracked 
|  13|0x0000000087f00000, 0x0000000087f00000, 0x0000000088000000|  0%| F|  |TAMS 0x0000000087f00000, 0x0000000087f00000| Untracked 
|  14|0x0000000088000000, 0x0000000088000000, 0x0000000088100000|  0%| F|  |TAMS 0x0000000088000000, 0x0000000088000000| Untracked 
|  15|0x0000000088100000, 0x0000000088100000, 0x0000000088200000|  0%| F|  |TAMS 0x0000000088100000, 0x0000000088100000| Untracked 
|  16|0x0000000088200000, 0x0000000088200000, 0x0000000088300000|  0%| F|  |TAMS 0x0000000088200000, 0x0000000088200000| Untracked 
|  17|0x0000000088300000, 0x0000000088300000, 0x0000000088400000|  0%| F|  |TAMS 0x0000000088300000, 0x0000000088300000| Untracked 
|  18|0x0000000088400000, 0x0000000088400000, 0x0000000088500000|  0%| F|  |TAMS 0x0000000088400000, 0x0000000088400000| Untracked 
|  19|0x0000000088500000, 0x0000000088500000, 0x0000000088600000|  0%| F|  |TAMS 0x0000000088500000, 0x0000000088500000| Untracked 
|  20|0x0000000088600000, 0x0000000088600000, 0x0000000088700000|  0%| F|  |TAMS 0x0000000088600000, 0x0000000088600000| Untracked 
|  21|0x0000000088700000, 0x0000000088700000, 0x0000000088800000|  0%| F|  |TAMS 0x0000000088700000, 0x0000000088700000| Untracked 
|  22|0x0000000088800000, 0x0000000088800000, 0x0000000088900000|  0%| F|  |TAMS 0x0000000088800000, 0x0000000088800000| Untracked 
|  23|0x0000000088900000, 0x0000000088900000, 0x0000000088a00000|  0%| F|  |TAMS 0x0000000088900000, 0x0000000088900000| Untracked 
|  24|0x0000000088a00000, 0x0000000088a00000, 0x0000000088b00000|  0%| F|  |TAMS 0x0000000088a00000, 0x0000000088a00000| Untracked 
|  25|0x0000000088b00000, 0x0000000088b00000, 0x0000000088c00000|  0%| F|  |TAMS 0x0000000088b00000, 0x0000000088b00000| Untracked 
|  26|0x0000000088c00000, 0x0000000088c00000, 0x0000000088d00000|  0%| F|  |TAMS 0x0000000088c00000, 0x0000000088c00000| Untracked 
|  27|0x0000000088d00000, 0x0000000088d00000, 0x0000000088e00000|  0%| F|  |TAMS 0x0000000088d00000, 0x0000000088d00000| Untracked 
|  28|0x0000000088e00000, 0x0000000088e00000, 0x0000000088f00000|  0%| F|  |TAMS 0x0000000088e00000, 0x0000000088e00000| Untracked 
|  29|0x0000000088f00000, 0x0000000088f00000, 0x0000000089000000|  0%| F|  |TAMS 0x0000000088f00000, 0x0000000088f00000| Untracked 
|  30|0x0000000089000000, 0x0000000089000000, 0x0000000089100000|  0%| F|  |TAMS 0x0000000089000000, 0x0000000089000000| Untracked 
|  31|0x0000000089100000, 0x0000000089100000, 0x0000000089200000|  0%| F|  |TAMS 0x0000000089100000, 0x0000000089100000| Untracked 
|  32|0x0000000089200000, 0x0000000089200000, 0x0000000089300000|  0%| F|  |TAMS 0x0000000089200000, 0x0000000089200000| Untracked 
|  33|0x0000000089300000, 0x0000000089300000, 0x0000000089400000|  0%| F|  |TAMS 0x0000000089300000, 0x0000000089300000| Untracked 
|  34|0x0000000089400000, 0x0000000089400000, 0x0000000089500000|  0%| F|  |TAMS 0x0000000089400000, 0x0000000089400000| Untracked 
|  35|0x0000000089500000, 0x0000000089500000, 0x0000000089600000|  0%| F|  |TAMS 0x0000000089500000, 0x0000000089500000| Untracked 
|  36|0x0000000089600000, 0x0000000089600000, 0x0000000089700000|  0%| F|  |TAMS 0x0000000089600000, 0x0000000089600000| Untracked 
|  37|0x0000000089700000, 0x0000000089700000, 0x0000000089800000|  0%| F|  |TAMS 0x0000000089700000, 0x0000000089700000| Untracked 
|  38|0x0000000089800000, 0x0000000089800000, 0x0000000089900000|  0%| F|  |TAMS 0x0000000089800000, 0x0000000089800000| Untracked 
|  39|0x0000000089900000, 0x0000000089900000, 0x0000000089a00000|  0%| F|  |TAMS 0x0000000089900000, 0x0000000089900000| Untracked 
|  40|0x0000000089a00000, 0x0000000089a00000, 0x0000000089b00000|  0%| F|  |TAMS 0x0000000089a00000, 0x0000000089a00000| Untracked 
|  41|0x0000000089b00000, 0x0000000089b00000, 0x0000000089c00000|  0%| F|  |TAMS 0x0000000089b00000, 0x0000000089b00000| Untracked 
|  42|0x0000000089c00000, 0x0000000089c00000, 0x0000000089d00000|  0%| F|  |TAMS 0x0000000089c00000, 0x0000000089c00000| Untracked 
|  43|0x0000000089d00000, 0x0000000089d00000, 0x0000000089e00000|  0%| F|  |TAMS 0x0000000089d00000, 0x0000000089d00000| Untracked 
|  44|0x0000000089e00000, 0x0000000089e00000, 0x0000000089f00000|  0%| F|  |TAMS 0x0000000089e00000, 0x0000000089e00000| Untracked 
|  45|0x0000000089f00000, 0x0000000089f00000, 0x000000008a000000|  0%| F|  |TAMS 0x0000000089f00000, 0x0000000089f00000| Untracked 
|  46|0x000000008a000000, 0x000000008a000000, 0x000000008a100000|  0%| F|  |TAMS 0x000000008a000000, 0x000000008a000000| Untracked 
|  47|0x000000008a100000, 0x000000008a100000, 0x000000008a200000|  0%| F|  |TAMS 0x000000008a100000, 0x000000008a100000| Untracked 
|  48|0x000000008a200000, 0x000000008a200000, 0x000000008a300000|  0%| F|  |TAMS 0x000000008a200000, 0x000000008a200000| Untracked 
|  49|0x000000008a300000, 0x000000008a300000, 0x000000008a400000|  0%| F|  |TAMS 0x000000008a300000, 0x000000008a300000| Untracked 
|  50|0x000000008a400000, 0x000000008a400000, 0x000000008a500000|  0%| F|  |TAMS 0x000000008a400000, 0x000000008a400000| Untracked 
|  51|0x000000008a500000, 0x000000008a500000, 0x000000008a600000|  0%| F|  |TAMS 0x000000008a500000, 0x000000008a500000| Untracked 
|  52|0x000000008a600000, 0x000000008a600000, 0x000000008a700000|  0%| F|  |TAMS 0x000000008a600000, 0x000000008a600000| Untracked 
|  53|0x000000008a700000, 0x000000008a700000, 0x000000008a800000|  0%| F|  |TAMS 0x000000008a700000, 0x000000008a700000| Untracked 
|  54|0x000000008a800000, 0x000000008a800000, 0x000000008a900000|  0%| F|  |TAMS 0x000000008a800000, 0x000000008a800000| Untracked 
|  55|0x000000008a900000, 0x000000008a900000, 0x000000008aa00000|  0%| F|  |TAMS 0x000000008a900000, 0x000000008a900000| Untracked 
|  56|0x000000008aa00000, 0x000000008aa00000, 0x000000008ab00000|  0%| F|  |TAMS 0x000000008aa00000, 0x000000008aa00000| Untracked 
|  57|0x000000008ab00000, 0x000000008ab00000, 0x000000008ac00000|  0%| F|  |TAMS 0x000000008ab00000, 0x000000008ab00000| Untracked 
|  58|0x000000008ac00000, 0x000000008ac00000, 0x000000008ad00000|  0%| F|  |TAMS 0x000000008ac00000, 0x000000008ac00000| Untracked 
|  59|0x000000008ad00000, 0x000000008ad00000, 0x000000008ae00000|  0%| F|  |TAMS 0x000000008ad00000, 0x000000008ad00000| Untracked 
|  60|0x000000008ae00000, 0x000000008ae00000, 0x000000008af00000|  0%| F|  |TAMS 0x000000008ae00000, 0x000000008ae00000| Untracked 
|  61|0x000000008af00000, 0x000000008af00000, 0x000000008b000000|  0%| F|  |TAMS 0x000000008af00000, 0x000000008af00000| Untracked 
|  62|0x000000008b000000, 0x000000008b000000, 0x000000008b100000|  0%| F|  |TAMS 0x000000008b000000, 0x000000008b000000| Untracked 
|  63|0x000000008b100000, 0x000000008b100000, 0x000000008b200000|  0%| F|  |TAMS 0x000000008b100000, 0x000000008b100000| Untracked 
|  64|0x000000008b200000, 0x000000008b200000, 0x000000008b300000|  0%| F|  |TAMS 0x000000008b200000, 0x000000008b200000| Untracked 
|  65|0x000000008b300000, 0x000000008b300000, 0x000000008b400000|  0%| F|  |TAMS 0x000000008b300000, 0x000000008b300000| Untracked 
|  66|0x000000008b400000, 0x000000008b400000, 0x000000008b500000|  0%| F|  |TAMS 0x000000008b400000, 0x000000008b400000| Untracked 
|  67|0x000000008b500000, 0x000000008b500000, 0x000000008b600000|  0%| F|  |TAMS 0x000000008b500000, 0x000000008b500000| Untracked 
|  68|0x000000008b600000, 0x000000008b600000, 0x000000008b700000|  0%| F|  |TAMS 0x000000008b600000, 0x000000008b600000| Untracked 
|  69|0x000000008b700000, 0x000000008b700000, 0x000000008b800000|  0%| F|  |TAMS 0x000000008b700000, 0x000000008b700000| Untracked 
|  70|0x000000008b800000, 0x000000008b800000, 0x000000008b900000|  0%| F|  |TAMS 0x000000008b800000, 0x000000008b800000| Untracked 
|  71|0x000000008b900000, 0x000000008b900000, 0x000000008ba00000|  0%| F|  |TAMS 0x000000008b900000, 0x000000008b900000| Untracked 
|  72|0x000000008ba00000, 0x000000008ba00000, 0x000000008bb00000|  0%| F|  |TAMS 0x000000008ba00000, 0x000000008ba00000| Untracked 
|  73|0x000000008bb00000, 0x000000008bb00000, 0x000000008bc00000|  0%| F|  |TAMS 0x000000008bb00000, 0x000000008bb00000| Untracked 
|  74|0x000000008bc00000, 0x000000008bc00000, 0x000000008bd00000|  0%| F|  |TAMS 0x000000008bc00000, 0x000000008bc00000| Untracked 
|  75|0x000000008bd00000, 0x000000008bd00000, 0x000000008be00000|  0%| F|  |TAMS 0x000000008bd00000, 0x000000008bd00000| Untracked 
|  76|0x000000008be00000, 0x000000008be00000, 0x000000008bf00000|  0%| F|  |TAMS 0x000000008be00000, 0x000000008be00000| Untracked 
|  77|0x000000008bf00000, 0x000000008bf00000, 0x000000008c000000|  0%| F|  |TAMS 0x000000008bf00000, 0x000000008bf00000| Untracked 
|  78|0x000000008c000000, 0x000000008c000000, 0x000000008c100000|  0%| F|  |TAMS 0x000000008c000000, 0x000000008c000000| Untracked 
|  79|0x000000008c100000, 0x000000008c100000, 0x000000008c200000|  0%| F|  |TAMS 0x000000008c100000, 0x000000008c100000| Untracked 
|  80|0x000000008c200000, 0x000000008c200000, 0x000000008c300000|  0%| F|  |TAMS 0x000000008c200000, 0x000000008c200000| Untracked 
|  81|0x000000008c300000, 0x000000008c300000, 0x000000008c400000|  0%| F|  |TAMS 0x000000008c300000, 0x000000008c300000| Untracked 
|  82|0x000000008c400000, 0x000000008c400000, 0x000000008c500000|  0%| F|  |TAMS 0x000000008c400000, 0x000000008c400000| Untracked 
|  83|0x000000008c500000, 0x000000008c500000, 0x000000008c600000|  0%| F|  |TAMS 0x000000008c500000, 0x000000008c500000| Untracked 
|  84|0x000000008c600000, 0x000000008c600000, 0x000000008c700000|  0%| F|  |TAMS 0x000000008c600000, 0x000000008c600000| Untracked 
|  85|0x000000008c700000, 0x000000008c700000, 0x000000008c800000|  0%| F|  |TAMS 0x000000008c700000, 0x000000008c700000| Untracked 
|  86|0x000000008c800000, 0x000000008c800000, 0x000000008c900000|  0%| F|  |TAMS 0x000000008c800000, 0x000000008c800000| Untracked 
|  87|0x000000008c900000, 0x000000008c900000, 0x000000008ca00000|  0%| F|  |TAMS 0x000000008c900000, 0x000000008c900000| Untracked 
|  88|0x000000008ca00000, 0x000000008ca00000, 0x000000008cb00000|  0%| F|  |TAMS 0x000000008ca00000, 0x000000008ca00000| Untracked 
|  89|0x000000008cb00000, 0x000000008cb00000, 0x000000008cc00000|  0%| F|  |TAMS 0x000000008cb00000, 0x000000008cb00000| Untracked 
|  90|0x000000008cc00000, 0x000000008cc00000, 0x000000008cd00000|  0%| F|  |TAMS 0x000000008cc00000, 0x000000008cc00000| Untracked 
|  91|0x000000008cd00000, 0x000000008cd00000, 0x000000008ce00000|  0%| F|  |TAMS 0x000000008cd00000, 0x000000008cd00000| Untracked 
|  92|0x000000008ce00000, 0x000000008ce00000, 0x000000008cf00000|  0%| F|  |TAMS 0x000000008ce00000, 0x000000008ce00000| Untracked 
|  93|0x000000008cf00000, 0x000000008cf00000, 0x000000008d000000|  0%| F|  |TAMS 0x000000008cf00000, 0x000000008cf00000| Untracked 
|  94|0x000000008d000000, 0x000000008d000000, 0x000000008d100000|  0%| F|  |TAMS 0x000000008d000000, 0x000000008d000000| Untracked 
|  95|0x000000008d100000, 0x000000008d200000, 0x000000008d200000|100%| S|CS|TAMS 0x000000008d100000, 0x000000008d100000| Complete 
|  96|0x000000008d200000, 0x000000008d300000, 0x000000008d300000|100%| S|CS|TAMS 0x000000008d200000, 0x000000008d200000| Complete 
|  97|0x000000008d300000, 0x000000008d400000, 0x000000008d400000|100%| S|CS|TAMS 0x000000008d300000, 0x000000008d300000| Complete 
|  98|0x000000008d400000, 0x000000008d400000, 0x000000008d500000|  0%| F|  |TAMS 0x000000008d400000, 0x000000008d400000| Untracked 
|  99|0x000000008d500000, 0x000000008d500000, 0x000000008d600000|  0%| F|  |TAMS 0x000000008d500000, 0x000000008d500000| Untracked 
| 100|0x000000008d600000, 0x000000008d600000, 0x000000008d700000|  0%| F|  |TAMS 0x000000008d600000, 0x000000008d600000| Untracked 
| 101|0x000000008d700000, 0x000000008d700000, 0x000000008d800000|  0%| F|  |TAMS 0x000000008d700000, 0x000000008d700000| Untracked 
| 102|0x000000008d800000, 0x000000008d800000, 0x000000008d900000|  0%| F|  |TAMS 0x000000008d800000, 0x000000008d800000| Untracked 
| 103|0x000000008d900000, 0x000000008d900000, 0x000000008da00000|  0%| F|  |TAMS 0x000000008d900000, 0x000000008d900000| Untracked 
| 104|0x000000008da00000, 0x000000008da00000, 0x000000008db00000|  0%| F|  |TAMS 0x000000008da00000, 0x000000008da00000| Untracked 
| 105|0x000000008db00000, 0x000000008db00000, 0x000000008dc00000|  0%| F|  |TAMS 0x000000008db00000, 0x000000008db00000| Untracked 
| 106|0x000000008dc00000, 0x000000008dc00000, 0x000000008dd00000|  0%| F|  |TAMS 0x000000008dc00000, 0x000000008dc00000| Untracked 
| 107|0x000000008dd00000, 0x000000008dd00000, 0x000000008de00000|  0%| F|  |TAMS 0x000000008dd00000, 0x000000008dd00000| Untracked 
| 108|0x000000008de00000, 0x000000008de00000, 0x000000008df00000|  0%| F|  |TAMS 0x000000008de00000, 0x000000008de00000| Untracked 
| 109|0x000000008df00000, 0x000000008df00000, 0x000000008e000000|  0%| F|  |TAMS 0x000000008df00000, 0x000000008df00000| Untracked 
| 110|0x000000008e000000, 0x000000008e000000, 0x000000008e100000|  0%| F|  |TAMS 0x000000008e000000, 0x000000008e000000| Untracked 
| 111|0x000000008e100000, 0x000000008e100000, 0x000000008e200000|  0%| F|  |TAMS 0x000000008e100000, 0x000000008e100000| Untracked 
| 112|0x000000008e200000, 0x000000008e200000, 0x000000008e300000|  0%| F|  |TAMS 0x000000008e200000, 0x000000008e200000| Untracked 
| 113|0x000000008e300000, 0x000000008e300000, 0x000000008e400000|  0%| F|  |TAMS 0x000000008e300000, 0x000000008e300000| Untracked 
| 114|0x000000008e400000, 0x000000008e400000, 0x000000008e500000|  0%| F|  |TAMS 0x000000008e400000, 0x000000008e400000| Untracked 
| 115|0x000000008e500000, 0x000000008e500000, 0x000000008e600000|  0%| F|  |TAMS 0x000000008e500000, 0x000000008e500000| Untracked 
| 116|0x000000008e600000, 0x000000008e600000, 0x000000008e700000|  0%| F|  |TAMS 0x000000008e600000, 0x000000008e600000| Untracked 
| 117|0x000000008e700000, 0x000000008e800000, 0x000000008e800000|100%| E|  |TAMS 0x000000008e700000, 0x000000008e700000| Complete 
| 118|0x000000008e800000, 0x000000008e900000, 0x000000008e900000|100%| E|CS|TAMS 0x000000008e800000, 0x000000008e800000| Complete 
| 119|0x000000008e900000, 0x000000008ea00000, 0x000000008ea00000|100%| E|CS|TAMS 0x000000008e900000, 0x000000008e900000| Complete 
| 120|0x000000008ea00000, 0x000000008eb00000, 0x000000008eb00000|100%| E|CS|TAMS 0x000000008ea00000, 0x000000008ea00000| Complete 
| 121|0x000000008eb00000, 0x000000008ec00000, 0x000000008ec00000|100%| E|CS|TAMS 0x000000008eb00000, 0x000000008eb00000| Complete 

Card table byte_map: [0x0000024455960000,0x0000024455d30000] _byte_map_base: 0x0000024455527000

Marking Bits (Prev, Next): (CMBitMap*) 0x00000244423ee138, (CMBitMap*) 0x00000244423ee170
 Prev Bits: [0x0000024456100000, 0x0000024457f38000)
 Next Bits: [0x0000024457f40000, 0x0000024459d78000)

Polling page: 0x0000024441b10000

Metaspace:

Usage:
  Non-class:      8.66 MB capacity,     6.75 MB ( 78%) used,     1.91 MB ( 22%) free+waste,     7.81 KB ( <1%) overhead. 
      Class:    836.00 KB capacity,   602.42 KB ( 72%) used,   230.83 KB ( 28%) free+waste,     2.75 KB ( <1%) overhead. 
       Both:      9.48 MB capacity,     7.34 MB ( 77%) used,     2.13 MB ( 22%) free+waste,    10.56 KB ( <1%) overhead. 

Virtual space:
  Non-class space:       10.00 MB reserved,       8.75 MB ( 88%) committed 
      Class space:        1.00 GB reserved,     896.00 KB ( <1%) committed 
             Both:        1.01 GB reserved,       9.63 MB ( <1%) committed 

Chunk freelists:
   Non-Class:  88.00 KB
       Class:  28.00 KB
        Both:  116.00 KB

CodeHeap 'non-profiled nmethods': size=120000Kb used=793Kb max_used=793Kb free=119206Kb
 bounds [0x000002444dd30000, 0x000002444dfa0000, 0x0000024455260000]
CodeHeap 'profiled nmethods': size=120000Kb used=3858Kb max_used=3858Kb free=116141Kb
 bounds [0x0000024446800000, 0x0000024446bd0000, 0x000002444dd30000]
CodeHeap 'non-nmethods': size=5760Kb used=1225Kb max_used=1251Kb free=4534Kb
 bounds [0x0000024446260000, 0x00000244464d0000, 0x0000024446800000]
 total_blobs=2919 nmethods=1847 adapters=502
 compilation: enabled
              stopped_count=0, restarted_count=0
 full_count=0

Compilation events (10 events):
Event: 19.213 Thread 0x000002445c7a2800 1843       1       com.badlogic.gdx.utils.viewport.Viewport::getScreenWidth (5 bytes)
Event: 19.213 Thread 0x000002445c7a2800 nmethod 1843 0x000002444ddf5810 code [0x000002444ddf59c0, 0x000002444ddf5af8]
Event: 19.213 Thread 0x000002445c7a2800 1844       1       com.badlogic.gdx.utils.viewport.Viewport::getScreenY (5 bytes)
Event: 19.213 Thread 0x000002445c7a2800 nmethod 1844 0x000002444ddf5b90 code [0x000002444ddf5d40, 0x000002444ddf5e78]
Event: 19.213 Thread 0x000002445c7a2800 1845       1       com.badlogic.gdx.utils.viewport.Viewport::getScreenHeight (5 bytes)
Event: 19.213 Thread 0x000002445c7a2800 nmethod 1845 0x000002444ddf5f10 code [0x000002444ddf60c0, 0x000002444ddf61f8]
Event: 19.445 Thread 0x000002445c797000 1846       4       com.badlogic.gdx.graphics.glutils.IndexBufferObject::getNumIndices (19 bytes)
Event: 19.446 Thread 0x000002445c797000 nmethod 1846 0x000002444ddf6290 code [0x000002444ddf6420, 0x000002444ddf64b8]
Event: 20.479 Thread 0x000002445c7a2800 1847       3       com.badlogic.gdx.graphics.g2d.GlyphLayout::setText (1593 bytes)
Event: 20.486 Thread 0x000002445c7a2800 nmethod 1847 0x0000024446bbd510 code [0x0000024446bbdbc0, 0x0000024446bc28b0]

GC Heap History (2 events):
Event: 4.848 GC heap before
{Heap before GC invocations=0 (full 0):
 garbage-first heap   total 124928K, used 23552K [0x0000000087200000, 0x0000000100000000)
  region size 1024K, 24 young (24576K), 0 survivors (0K)
 Metaspace       used 7129K, capacity 9450K, committed 9600K, reserved 1058816K
  class space    used 601K, capacity 836K, committed 896K, reserved 1048576K
}
Event: 4.855 GC heap after
{Heap after GC invocations=1 (full 0):
 garbage-first heap   total 124928K, used 3161K [0x0000000087200000, 0x0000000100000000)
  region size 1024K, 3 young (3072K), 3 survivors (3072K)
 Metaspace       used 7129K, capacity 9450K, committed 9600K, reserved 1058816K
  class space    used 601K, capacity 836K, committed 896K, reserved 1048576K
}

Deoptimization events (10 events):
Event: 15.946 Thread 0x000002445daef800 DEOPT PACKING pc=0x000002444ddb5fbc sp=0x000000a081cfe220
Event: 15.946 Thread 0x000002445daef800 DEOPT UNPACKING pc=0x000002444628922f sp=0x000000a081cfe1c8 mode 2
Event: 15.963 Thread 0x000002445daef800 Uncommon trap: trap_request=0xffffff4d fr.pc=0x000002444dddf118 relative=0x0000000000002538
Event: 15.963 Thread 0x000002445daef800 Uncommon trap: reason=unstable_if action=reinterpret pc=0x000002444dddf118 method=com.badlogic.gdx.graphics.g2d.GlyphLayout.setText(Lcom/badlogic/gdx/graphics/g2d/BitmapFont;Ljava/lang/CharSequence;IILcom/badlogic/gdx/graphics/Color;FIZLjava/lang/String;)
Event: 15.963 Thread 0x000002445daef800 DEOPT PACKING pc=0x000002444dddf118 sp=0x000000a081cfe520
Event: 15.963 Thread 0x000002445daef800 DEOPT UNPACKING pc=0x000002444628922f sp=0x000000a081cfe488 mode 2
Event: 16.663 Thread 0x000002445daef800 Uncommon trap: trap_request=0xffffff4d fr.pc=0x000002444ddd3404 relative=0x0000000000000424
Event: 16.663 Thread 0x000002445daef800 Uncommon trap: reason=unstable_if action=reinterpret pc=0x000002444ddd3404 method=com.badlogic.gdx.graphics.g2d.BitmapFontCache.translate(FF)V @ 9 c2
Event: 16.663 Thread 0x000002445daef800 DEOPT PACKING pc=0x000002444ddd3404 sp=0x000000a081cfe650
Event: 16.663 Thread 0x000002445daef800 DEOPT UNPACKING pc=0x000002444628922f sp=0x000000a081cfe5b8 mode 2

Classes redefined (0 events):
No events

Internal exceptions (9 events):
Event: 0.342 Thread 0x00000244423ad800 Exception <a 'java/lang/NoSuchMethodError'{0x000000008e8558d0}: 'java.lang.Object java.lang.invoke.DirectMethodHandle$Holder.invokeStaticInit(java.lang.Object, int, int, int, int)'> (0x000000008e8558d0) thrown at [c:/BuildAgent/work/5ff2f6c26000d570/src/h
Event: 0.731 Thread 0x00000244423ad800 Exception <a 'java/lang/NoSuchMethodError'{0x000000008e880f38}: 'java.lang.Object java.lang.invoke.DirectMethodHandle$Holder.invokeStaticInit(java.lang.Object, java.lang.Object, int, int, int, int)'> (0x000000008e880f38) thrown at [c:/BuildAgent/work/5ff2
Event: 0.792 Thread 0x00000244423ad800 Exception <a 'java/security/PrivilegedActionException'{0x000000008e70f990}> (0x000000008e70f990) thrown at [c:/BuildAgent/work/5ff2f6c26000d570/src/hotspot/share/prims/jvm.cpp, line 1300]
Event: 0.792 Thread 0x00000244423ad800 Exception <a 'java/security/PrivilegedActionException'{0x000000008e712170}> (0x000000008e712170) thrown at [c:/BuildAgent/work/5ff2f6c26000d570/src/hotspot/share/prims/jvm.cpp, line 1300]
Event: 0.792 Thread 0x00000244423ad800 Exception <a 'java/security/PrivilegedActionException'{0x000000008e713128}> (0x000000008e713128) thrown at [c:/BuildAgent/work/5ff2f6c26000d570/src/hotspot/share/prims/jvm.cpp, line 1300]
Event: 0.799 Thread 0x00000244423ad800 Exception <a 'java/security/PrivilegedActionException'{0x000000008e7247d8}> (0x000000008e7247d8) thrown at [c:/BuildAgent/work/5ff2f6c26000d570/src/hotspot/share/prims/jvm.cpp, line 1300]
Event: 0.799 Thread 0x00000244423ad800 Exception <a 'java/security/PrivilegedActionException'{0x000000008e725398}> (0x000000008e725398) thrown at [c:/BuildAgent/work/5ff2f6c26000d570/src/hotspot/share/prims/jvm.cpp, line 1300]
Event: 0.799 Thread 0x00000244423ad800 Exception <a 'java/security/PrivilegedActionException'{0x000000008e725f18}> (0x000000008e725f18) thrown at [c:/BuildAgent/work/5ff2f6c26000d570/src/hotspot/share/prims/jvm.cpp, line 1300]
Event: 2.035 Thread 0x000002445daef800 Exception <a 'java/lang/NoSuchMethodError'{0x000000008d94eb38}: 'int java.lang.invoke.DirectMethodHandle$Holder.invokeSpecialIFC(java.lang.Object, java.lang.Object, int)'> (0x000000008d94eb38) thrown at [c:/BuildAgent/work/5ff2f6c26000d570/src/hotspot/sha

Events (10 events):
Event: 4.848 Executing VM operation: G1CollectForAllocation
Event: 4.855 Executing VM operation: G1CollectForAllocation done
Event: 4.857 Executing VM operation: RevokeBias
Event: 4.857 Executing VM operation: RevokeBias done
Event: 4.857 Executing VM operation: RevokeBias
Event: 4.857 Executing VM operation: RevokeBias done
Event: 4.857 Executing VM operation: RevokeBias
Event: 4.857 Executing VM operation: RevokeBias done
Event: 4.857 Executing VM operation: RevokeBias
Event: 4.857 Executing VM operation: RevokeBias done


Dynamic libraries:
0x00007ff682700000 - 0x00007ff682747000 	C:\Program Files\JetBrains\IntelliJ IDEA Community Edition 2019.2.4\jbr\bin\java.exe
0x00007ffd78f80000 - 0x00007ffd79170000 	C:\WINDOWS\SYSTEM32\ntdll.dll
0x00007ffd78490000 - 0x00007ffd78542000 	C:\WINDOWS\System32\KERNEL32.DLL
0x00007ffd762e0000 - 0x00007ffd76583000 	C:\WINDOWS\System32\KERNELBASE.dll
0x00007ffd78010000 - 0x00007ffd781a4000 	C:\WINDOWS\System32\USER32.dll
0x00007ffd762b0000 - 0x00007ffd762d1000 	C:\WINDOWS\System32\win32u.dll
0x00007ffd77f30000 - 0x00007ffd77f56000 	C:\WINDOWS\System32\GDI32.dll
0x00007ffd76030000 - 0x00007ffd761c4000 	C:\WINDOWS\System32\gdi32full.dll
0x00007ffd767c0000 - 0x00007ffd7685e000 	C:\WINDOWS\System32\msvcp_win.dll
0x00007ffd75f10000 - 0x00007ffd7600a000 	C:\WINDOWS\System32\ucrtbase.dll
0x00007ffd75360000 - 0x00007ffd755e5000 	C:\WINDOWS\WinSxS\amd64_microsoft.windows.common-controls_6595b64144ccf1df_6.0.18362.592_none_e6c0b1911312be02\COMCTL32.dll
0x00007ffd775f0000 - 0x00007ffd7768e000 	C:\WINDOWS\System32\msvcrt.dll
0x00007ffd78aa0000 - 0x00007ffd78dd6000 	C:\WINDOWS\System32\combase.dll
0x00007ffd78970000 - 0x00007ffd78a90000 	C:\WINDOWS\System32\RPCRT4.dll
0x00007ffd765f0000 - 0x00007ffd76670000 	C:\WINDOWS\System32\bcryptPrimitives.dll
0x00007ffd78e40000 - 0x00007ffd78e6e000 	C:\WINDOWS\System32\IMM32.DLL
0x00007ffd675a0000 - 0x00007ffd675b7000 	C:\Program Files\JetBrains\IntelliJ IDEA Community Edition 2019.2.4\jbr\bin\vcruntime140.dll
0x00007ffd3a930000 - 0x00007ffd3a9cd000 	C:\Program Files\JetBrains\IntelliJ IDEA Community Edition 2019.2.4\jbr\bin\msvcp140.dll
0x00007ffd39510000 - 0x00007ffd39fc8000 	C:\Program Files\JetBrains\IntelliJ IDEA Community Edition 2019.2.4\jbr\bin\server\jvm.dll
0x00007ffd78810000 - 0x00007ffd788b3000 	C:\WINDOWS\System32\ADVAPI32.dll
0x00007ffd78e70000 - 0x00007ffd78f07000 	C:\WINDOWS\System32\sechost.dll
0x00007ffd78f30000 - 0x00007ffd78f38000 	C:\WINDOWS\System32\PSAPI.DLL
0x00007ffd61f30000 - 0x00007ffd61f39000 	C:\WINDOWS\SYSTEM32\WSOCK32.dll
0x00007ffd72730000 - 0x00007ffd72754000 	C:\WINDOWS\SYSTEM32\WINMM.dll
0x00007ffd6c820000 - 0x00007ffd6c82a000 	C:\WINDOWS\SYSTEM32\VERSION.dll
0x00007ffd78720000 - 0x00007ffd7878f000 	C:\WINDOWS\System32\WS2_32.dll
0x00007ffd726d0000 - 0x00007ffd726fd000 	C:\WINDOWS\SYSTEM32\WINMMBASE.dll
0x00007ffd76fe0000 - 0x00007ffd7702a000 	C:\WINDOWS\System32\cfgmgr32.dll
0x00007ffd75e60000 - 0x00007ffd75e71000 	C:\WINDOWS\System32\kernel.appcore.dll
0x00007ffd479c0000 - 0x00007ffd479d1000 	C:\Program Files\JetBrains\IntelliJ IDEA Community Edition 2019.2.4\jbr\bin\verify.dll
0x00007ffd75970000 - 0x00007ffd75b64000 	C:\WINDOWS\SYSTEM32\DBGHELP.DLL
0x00007ffd75880000 - 0x00007ffd758aa000 	C:\WINDOWS\SYSTEM32\dbgcore.DLL
0x00007ffd47990000 - 0x00007ffd479b9000 	C:\Program Files\JetBrains\IntelliJ IDEA Community Edition 2019.2.4\jbr\bin\java.dll
0x00007ffd47970000 - 0x00007ffd47987000 	C:\Program Files\JetBrains\IntelliJ IDEA Community Edition 2019.2.4\jbr\bin\zip.dll
0x00007ffd4e5f0000 - 0x00007ffd4e5fb000 	C:\Program Files\JetBrains\IntelliJ IDEA Community Edition 2019.2.4\jbr\bin\jimage.dll
0x00007ffd77690000 - 0x00007ffd77d75000 	C:\WINDOWS\System32\SHELL32.dll
0x00007ffd788c0000 - 0x00007ffd78969000 	C:\WINDOWS\System32\shcore.dll
0x00007ffd76860000 - 0x00007ffd76fdf000 	C:\WINDOWS\System32\windows.storage.dll
0x00007ffd75ef0000 - 0x00007ffd75f0f000 	C:\WINDOWS\System32\profapi.dll
0x00007ffd75ea0000 - 0x00007ffd75eea000 	C:\WINDOWS\System32\powrprof.dll
0x00007ffd75e50000 - 0x00007ffd75e60000 	C:\WINDOWS\System32\UMPDC.dll
0x00007ffd78430000 - 0x00007ffd78482000 	C:\WINDOWS\System32\shlwapi.dll
0x00007ffd76010000 - 0x00007ffd76027000 	C:\WINDOWS\System32\cryptsp.dll
0x00007ffd47950000 - 0x00007ffd4796a000 	C:\Program Files\JetBrains\IntelliJ IDEA Community Edition 2019.2.4\jbr\bin\net.dll
0x00007ffd6b330000 - 0x00007ffd6b420000 	C:\WINDOWS\SYSTEM32\WINHTTP.dll
0x00007ffd687a0000 - 0x00007ffd68976000 	C:\WINDOWS\SYSTEM32\urlmon.dll
0x00007ffd68aa0000 - 0x00007ffd68d46000 	C:\WINDOWS\SYSTEM32\iertutil.dll
0x00007ffd751b0000 - 0x00007ffd751bc000 	C:\WINDOWS\SYSTEM32\CRYPTBASE.DLL
0x00007ffd74fe0000 - 0x00007ffd75047000 	C:\WINDOWS\system32\mswsock.dll
0x00007ffd47930000 - 0x00007ffd47944000 	C:\Program Files\JetBrains\IntelliJ IDEA Community Edition 2019.2.4\jbr\bin\nio.dll
0x0000000065ac0000 - 0x0000000065b0b000 	C:\Users\sam\AppData\Local\Temp\libgdxsam\7d76f548\gdx64.dll
0x00007ffd74b50000 - 0x00007ffd74b83000 	C:\WINDOWS\system32\rsaenh.dll
0x00007ffd76280000 - 0x00007ffd762a6000 	C:\WINDOWS\System32\bcrypt.dll
0x00007ffd75d70000 - 0x00007ffd75d95000 	C:\WINDOWS\SYSTEM32\USERENV.dll
0x00007ffd74cf0000 - 0x00007ffd74d2a000 	C:\WINDOWS\SYSTEM32\IPHLPAPI.DLL
0x00007ffd78a90000 - 0x00007ffd78a98000 	C:\WINDOWS\System32\NSI.dll
0x00007ffd6b170000 - 0x00007ffd6b186000 	C:\WINDOWS\SYSTEM32\dhcpcsvc6.DLL
0x00007ffd6b240000 - 0x00007ffd6b25c000 	C:\WINDOWS\SYSTEM32\dhcpcsvc.DLL
0x00007ffd74d30000 - 0x00007ffd74dfa000 	C:\WINDOWS\SYSTEM32\DNSAPI.dll
0x0000000180000000 - 0x0000000180053000 	C:\Users\sam\AppData\Local\Temp\libgdxsam\1cecf4f6\lwjgl64.dll
0x00007ffd35370000 - 0x00007ffd354c6000 	C:\WINDOWS\SYSTEM32\OPENGL32.dll
0x00007ffd3c380000 - 0x00007ffd3c3ac000 	C:\WINDOWS\SYSTEM32\GLU32.dll
0x00007ffd73de0000 - 0x00007ffd73e00000 	C:\WINDOWS\SYSTEM32\dxcore.dll
0x000002445e180000 - 0x000002445e1e4000 	C:\Users\sam\AppData\Local\Temp\libgdxsam\1cecf4f6\OpenAL64.dll
0x00007ffd785c0000 - 0x00007ffd78716000 	C:\WINDOWS\System32\ole32.dll
0x00007ffd72f50000 - 0x00007ffd72fe9000 	C:\WINDOWS\system32\uxtheme.dll
0x00007ffd77f60000 - 0x00007ffd78002000 	C:\WINDOWS\System32\clbcatq.dll
0x00007ffd5c260000 - 0x00007ffd5c2f9000 	C:\WINDOWS\SYSTEM32\dsound.dll
0x00007ffd6ded0000 - 0x00007ffd6df42000 	C:\WINDOWS\System32\MMDevApi.dll
0x00007ffd75c50000 - 0x00007ffd75c7a000 	C:\WINDOWS\System32\DEVOBJ.dll
0x00007ffd6dfa0000 - 0x00007ffd6e0fd000 	C:\WINDOWS\SYSTEM32\AUDIOSES.DLL
0x00007ffd781b0000 - 0x00007ffd78274000 	C:\WINDOWS\System32\OLEAUT32.dll
0x00007ffd70540000 - 0x00007ffd70693000 	C:\WINDOWS\SYSTEM32\wintypes.dll
0x00007ffd73280000 - 0x00007ffd73294000 	C:\WINDOWS\SYSTEM32\resourcepolicyclient.dll
0x00007ffd6fd00000 - 0x00007ffd6fdae000 	C:\WINDOWS\SYSTEM32\mscms.dll
0x00007ffd6fce0000 - 0x00007ffd6fcf7000 	C:\WINDOWS\SYSTEM32\ColorAdapterClient.dll
0x00007ffd6cf20000 - 0x00007ffd6cf3a000 	C:\Windows\System32\Windows.Internal.Graphics.Display.DisplayColorManagement.dll
0x00007ffd77030000 - 0x00007ffd77165000 	C:\WINDOWS\System32\MSCTF.dll
0x00007ffd6a3f0000 - 0x00007ffd6a48e000 	C:\WINDOWS\System32\TextInputFramework.dll
0x00007ffd706c0000 - 0x00007ffd709ea000 	C:\WINDOWS\System32\CoreUIComponents.dll
0x00007ffd72760000 - 0x00007ffd72834000 	C:\WINDOWS\System32\CoreMessaging.dll
0x00007ffd75930000 - 0x00007ffd75961000 	C:\WINDOWS\SYSTEM32\ntmarta.dll
0x00007ffd63c70000 - 0x00007ffd63cd5000 	C:\WINDOWS\system32\Oleacc.dll
0x00007ffd61240000 - 0x00007ffd61265000 	C:\WINDOWS\System32\DriverStore\FileRepository\u0327350.inf_amd64_cf3f9535606d06d8\B327197\atig6pxx.dll
0x0000000061d30000 - 0x0000000064000000 	C:\WINDOWS\System32\DriverStore\FileRepository\u0327350.inf_amd64_cf3f9535606d06d8\B327197\atio6axx.dll
0x00007ffd77170000 - 0x00007ffd775e0000 	C:\WINDOWS\System32\SETUPAPI.dll
0x00007ffd59c90000 - 0x00007ffd59cb3000 	C:\WINDOWS\SYSTEM32\dxva2.dll
0x00007ffd732a0000 - 0x00007ffd732cd000 	C:\WINDOWS\SYSTEM32\dwmapi.dll
0x00007ffd5c220000 - 0x00007ffd5c257000 	C:\WINDOWS\System32\DriverStore\FileRepository\u0327350.inf_amd64_cf3f9535606d06d8\B327197\atig6txx.dll
0x00007ffd51aa0000 - 0x00007ffd51c10000 	C:\WINDOWS\SYSTEM32\atiadlxx.dll
0x00007ffd73b20000 - 0x00007ffd73c0f000 	C:\WINDOWS\SYSTEM32\PROPSYS.dll
0x00007ffd73660000 - 0x00007ffd73673000 	C:\WINDOWS\SYSTEM32\WTSAPI32.dll
0x00007ffd76590000 - 0x00007ffd765ec000 	C:\WINDOWS\System32\WINTRUST.dll
0x00007ffd75e80000 - 0x00007ffd75e92000 	C:\WINDOWS\System32\MSASN1.dll
0x00007ffd76670000 - 0x00007ffd767b9000 	C:\WINDOWS\System32\CRYPT32.dll
0x00007ffd50400000 - 0x00007ffd50443000 	C:\WINDOWS\SYSTEM32\icm32.dll
0x000000006e9c0000 - 0x000000006ea1b000 	C:\Users\sam\AppData\Local\Temp\libgdxsam\b8f13a6a\gdx-box2d64.dll
0x00007ffd503b0000 - 0x00007ffd503d5000 	C:\Program Files (x86)\Samsung\Easy Printer Manager\SmartScreenPrint\CDAKEYMonitor64.dll

dbghelp: loaded successfully - version: 4.0.5 - missing functions: none
symbol engine: initialized successfully - sym options: 0x614 - pdb path: .;C:\Program Files\JetBrains\IntelliJ IDEA Community Edition 2019.2.4\jbr\bin;C:\WINDOWS\SYSTEM32;C:\WINDOWS\WinSxS\amd64_microsoft.windows.common-controls_6595b64144ccf1df_6.0.18362.592_none_e6c0b1911312be02;C:\Program Files\JetBrains\IntelliJ IDEA Community Edition 2019.2.4\jbr\bin\server;C:\Users\sam\AppData\Local\Temp\libgdxsam\7d76f548;C:\Users\sam\AppData\Local\Temp\libgdxsam\1cecf4f6;C:\WINDOWS\System32\DriverStore\FileRepository\u0327350.inf_amd64_cf3f9535606d06d8\B327197;C:\Users\sam\AppData\Local\Temp\libgdxsam\b8f13a6a;C:\Program Files (x86)\Samsung\Easy Printer Manager\SmartScreenPrint

VM Arguments:
jvm_args: -Dfile.encoding=windows-1252 -Duser.country=GB -Duser.language=en -Duser.variant 
java_command: com.berbils.game.desktop.DesktopLauncher
java_class_path (initial): C:\Users\sam\Documents\YFMAss3\desktop\build\classes\java\main;C:\Users\sam\Documents\YFMAss3\desktop\build\resources\main;C:\Users\sam\.gradle\caches\modules-2\files-2.1\com.badlogicgames.gdx\gdx-tools\1.9.10\67524f012868e0cff57531b5bfda2781d00c6b1f\gdx-tools-1.9.10.jar;C:\Users\sam\.gradle\caches\modules-2\files-2.1\com.badlogicgames.gdx\gdx-backend-lwjgl\1.9.10\8f88abd43500d94c486d25f04d642318da72773a\gdx-backend-lwjgl-1.9.10.jar;C:\Users\sam\.gradle\caches\modules-2\files-2.1\com.badlogicgames.gdx\gdx-platform\1.9.10\1907b49f8363dd1ee37d273854a9cc3c741a6e66\gdx-platform-1.9.10-natives-desktop.jar;C:\Users\sam\.gradle\caches\modules-2\files-2.1\com.badlogicgames.gdx\gdx-box2d-platform\1.9.10\91b19c283b24eec646a18e0e7b940c829920df4f\gdx-box2d-platform-1.9.10-natives-desktop.jar;C:\Users\sam\Documents\YFMAss3\core\build\libs\core-1.0.jar;C:\Users\sam\.gradle\caches\modules-2\files-2.1\com.badlogicgames.gdx\gdx-backend-headless\1.9.10\d357526e6bb3d36b01b4f833ab42588e5285d487\gdx-backend-headless-1.9.10.jar;C:\Users\sam\.gradle\caches\modules-2\files-2.1\com.badlogicgames.gdx\gdx-freetype\1.9.10\8853e4f08589a9feb4b851187909cfde8810e491\gdx-freetype-1.9.10.jar;C:\Users\sam\.gradle\caches\modules-2\files-2.1\com.badlogicgames.box2dlights\box2dlights\1.4\3d77ad5b4164fb32fc67e2446e35911bb0aaf0bd\box2dlights-1.4.jar;C:\Users\sam\.gradle\caches\modules-2\files-2.1\com.badlogicgames.gdx\gdx-box2d\1.9.10\d68a7a3484d47529a8d23cd467579eb098b38a9e\gdx-box2d-1.9.10.jar;C:\Users\sam\.gradle\caches\modules-2\files-2.1\com.badlogicgames.gdx\gdx-ai\1.8.0\ec30677d8ab1a8b8aa4b853c5f4e4b1361f50bf5\gdx-ai-1.8.0.jar;C:\Users\sam\.gradle\caches\modules-2\files-2.1\com.badlogicgames.gdx\gdx\1.9.10\79d9ad27bd5e3eb18c9ade61d3a27d7237695d53\gdx-1.9.10.jar;C:\Users\sam\.gradle\caches\modules-2\files-2.1\org.lwjgl.lwjgl\lwjgl_util\2.9.3\751f06b62424da056954c67288fd5c494431e350\lwjgl_util-2.9.3.jar;C:\Users\sam\.gradle\caches\modules-2\files-2.1\org.lwjgl.lwjgl\lwjgl
Launcher Type: SUN_STANDARD

[Global flags]
     intx CICompilerCount                          = 4                                         {product} {ergonomic}
     uint ConcGCThreads                            = 2                                         {product} {ergonomic}
     uint G1ConcRefinementThreads                  = 8                                         {product} {ergonomic}
   size_t G1HeapRegionSize                         = 1048576                                   {product} {ergonomic}
    uintx GCDrainStackTargetSize                   = 64                                        {product} {ergonomic}
   size_t InitialHeapSize                          = 127926272                                 {product} {ergonomic}
   size_t MarkStackSize                            = 4194304                                   {product} {ergonomic}
   size_t MaxHeapSize                              = 2027945984                                {product} {ergonomic}
   size_t MaxNewSize                               = 1216348160                                {product} {ergonomic}
   size_t MinHeapDeltaBytes                        = 1048576                                   {product} {ergonomic}
    uintx NonNMethodCodeHeapSize                   = 5835340                                {pd product} {ergonomic}
    uintx NonProfiledCodeHeapSize                  = 122911450                              {pd product} {ergonomic}
    uintx ProfiledCodeHeapSize                     = 122911450                              {pd product} {ergonomic}
    uintx ReservedCodeCacheSize                    = 251658240                              {pd product} {ergonomic}
     bool SegmentedCodeCache                       = true                                      {product} {ergonomic}
     bool UseCompressedClassPointers               = true                                 {lp64_product} {ergonomic}
     bool UseCompressedOops                        = true                                 {lp64_product} {ergonomic}
     bool UseG1GC                                  = true                                      {product} {ergonomic}
     bool UseLargePagesIndividualAllocation        = false                                  {pd product} {ergonomic}

Logging:
Log output configuration:
 #0: stdout all=warning uptime,level,tags
 #1: stderr all=off uptime,level,tags

Environment Variables:
PATH=C:\Program Files (x86)\Common Files\Oracle\Java\javapath;C:\WINDOWS\system32;C:\WINDOWS;C:\WINDOWS\System32\Wbem;C:\WINDOWS\System32\WindowsPowerShell\v1.0\;C:\WINDOWS\System32\OpenSSH\;C:\Program Files\Git\cmd;C:\Users\sam\AppData\Local\Microsoft\WindowsApps;
USERNAME=sam
OS=Windows_NT
PROCESSOR_IDENTIFIER=AMD64 Family 23 Model 17 Stepping 0, AuthenticAMD



---------------  S Y S T E M  ---------------

OS: Windows 10 , 64 bit Build 18362 (10.0.18362.329)

CPU:total 8 (initial active 8) (8 cores per cpu, 2 threads per core) family 23 model 17 stepping 0, cmov, cx8, fxsr, mmx, sse, sse2, sse3, ssse3, sse4.1, sse4.2, popcnt, avx, avx2, aes, clmul, mmxext, 3dnowpref, lzcnt, sse4a, ht, tsc, tscinvbit, tscinv, bmi1, bmi2, adx, sha, fma

Memory: 4k page, system-wide physical 7733M (2931M free)
TotalPageFile size 11445M (AvailPageFile size 4107M)
current process WorkingSet (physical memory assigned to process): 149M, peak: 158M
current process commit charge ("private bytes"): 333M, peak: 341M

vm_info: OpenJDK 64-Bit Server VM (11.0.4+10-b304.77) for windows-amd64 JRE (11.0.4+10-b304.77), built on Oct 10 2019 15:02:36 by "" with MS VC++ 14.0 (VS2015)

END.
