#
# A fatal error has been detected by the Java Runtime Environment:
#
#  EXCEPTION_ACCESS_VIOLATION (0xc0000005) at pc=0x000000006e9cbbb1, pid=4160, tid=2220
#
# JRE version: OpenJDK Runtime Environment (11.0.4+10) (build 11.0.4+10-b304.77)
# Java VM: OpenJDK 64-Bit Server VM (11.0.4+10-b304.77, mixed mode, sharing, tiered, compressed oops, g1 gc, windows-amd64)
# Problematic frame:
# C  [gdx-box2d64.dll+0xbbb1]
#
# No core dump will be written. Minidumps are not enabled by default on client versions of Windows
#
# If you would like to submit a bug report, please visit:
#   http://bugreport.java.com/bugreport/crash.jsp
# The crash happened outside the Java Virtual Machine in native code.
# See problematic frame for where to report the bug.
#

---------------  S U M M A R Y ------------

Command Line: -Dfile.encoding=windows-1252 -Duser.country=GB -Duser.language=en -Duser.variant com.berbils.game.desktop.DesktopLauncher

Host: AMD Ryzen 5 2500U with Radeon Vega Mobile Gfx  , 8 cores, 7G,  Windows 10 , 64 bit Build 18362 (10.0.18362.329)
Time: Mon Feb 17 10:55:55 2020 GMT Standard Time elapsed time: 139 seconds (0d 0h 2m 19s)

---------------  T H R E A D  ---------------

Current thread (0x000001fcb2206800):  JavaThread "LWJGL Application" [_thread_in_native, id=2220, stack(0x0000004d28c00000,0x0000004d28d00000)]

Stack: [0x0000004d28c00000,0x0000004d28d00000],  sp=0x0000004d28cfed40,  free space=1019k
Native frames: (J=compiled Java code, j=interpreted, Vv=VM code, C=native code)
C  [gdx-box2d64.dll+0xbbb1]

Java frames: (J=compiled Java code, j=interpreted, Vv=VM code)
J 2033  com.badlogic.gdx.physics.box2d.World.jniCreateBody(JIFFFFFFFFZZZZZF)J (0 bytes) @ 0x000001fca24c0276 [0x000001fca24c01c0+0x00000000000000b6]
J 2032 c1 com.badlogic.gdx.physics.box2d.World.createBody(Lcom/badlogic/gdx/physics/box2d/BodyDef;)Lcom/badlogic/gdx/physics/box2d/Body; (120 bytes) @ 0x000001fc9b263474 [0x000001fc9b263340+0x0000000000000134]
J 2094 c1 com.berbils.game.Entities.EntityTypes.Entity.createBodyCopy()V (16 bytes) @ 0x000001fc9b283684 [0x000001fc9b2835e0+0x00000000000000a4]
j  com.berbils.game.Entities.ProjectileSpawners.Weapon.spawnProjectile(Lcom/badlogic/gdx/math/Vector2;Lcom/badlogic/gdx/math/Vector2;)V+20
j  com.berbils.game.Entities.ProjectileSpawners.SpokeProjectileSpawner.attack(Lcom/badlogic/gdx/math/Vector2;Lcom/badlogic/gdx/math/Vector2;)V+63
J 2069 c1 com.berbils.game.Screens.PlayScreen.update(F)V (175 bytes) @ 0x000001fc9b27ea44 [0x000001fc9b27e3e0+0x0000000000000664]
j  com.berbils.game.Screens.PlayScreen.render(F)V+2
J 2160 c2 com.berbils.game.Kroy.render()V (5 bytes) @ 0x000001fca25230bc [0x000001fca2523040+0x000000000000007c]
j  com.badlogic.gdx.backends.lwjgl.LwjglApplication.mainLoop()V+770
j  com.badlogic.gdx.backends.lwjgl.LwjglApplication$1.run()V+27
v  ~StubRoutines::call_stub

siginfo: EXCEPTION_ACCESS_VIOLATION (0xc0000005), reading address 0x0000002600000002


Register to memory mapping:

RIP=0x000000006e9cbbb1 gdx-box2d64.dll
RAX=0x000000006ea10060 gdx-box2d64.dll
RBX=0x0000002600000002 is an unknown value
RCX=0x000001fcba34c230 points into unknown readable memory: c0 55 36 ba fc 01 00 00
RDX=0x00000000000000b8 is an unknown value
RSP=0x0000004d28cfed40 is pointing into the stack for thread: 0x000001fcb2206800
RBP=0x000001fcba34c260 points into unknown readable memory: 00 00 00 00 00 00 00 00
RSI=0x000001fcba34c230 points into unknown readable memory: c0 55 36 ba fc 01 00 00
RDI=0x0000004d28cfee00 is pointing into the stack for thread: 0x000001fcb2206800
R8 =0x000001fcba34c230 points into unknown readable memory: c0 55 36 ba fc 01 00 00
R9 =0x0000000000000002 is an unknown value
R10=0x0 is NULL
R11=0x0000000000000001 is an unknown value
R12=0x0 is NULL
R13=0x0000000000000006 is an unknown value
R14=0x000001fcbb4a8ee8 is pointing into metadata
R15=0x000001fcb2206800 is a thread


Registers:
RAX=0x000000006ea10060, RBX=0x0000002600000002, RCX=0x000001fcba34c230, RDX=0x00000000000000b8
RSP=0x0000004d28cfed40, RBP=0x000001fcba34c260, RSI=0x000001fcba34c230, RDI=0x0000004d28cfee00
R8 =0x000001fcba34c230, R9 =0x0000000000000002, R10=0x0000000000000000, R11=0x0000000000000001
R12=0x0000000000000000, R13=0x0000000000000006, R14=0x000001fcbb4a8ee8, R15=0x000001fcb2206800
RIP=0x000000006e9cbbb1, EFLAGS=0x0000000000010202

Top of Stack: (sp=0x0000004d28cfed40)
0x0000004d28cfed40:   0000000000000009 000000008d169d00
0x0000004d28cfed50:   0000004d28cff0b0 000001fc9b2612e4
0x0000004d28cfed60:   0000000000000001 000001fcba34c230
0x0000004d28cfed70:   0000004d28cfee00 0000004d28cfef20
0x0000004d28cfed80:   0000000000000000 000001fcbb4bf6a8
0x0000004d28cfed90:   000001fcbb4a8ee8 000000006e9e1163
0x0000004d28cfeda0:   0000004d28cfedf0 000000008d169cd8
0x0000004d28cfedb0:   0000004d28cff0b0 000001fc9aeed82c
0x0000004d28cfedc0:   0000000000000001 0000000000000001
0x0000004d28cfedd0:   0000000000000001 000000006e9e6a36
0x0000004d28cfede0:   0000004d28cff0b0 000001fc9b2669d4
0x0000004d28cfedf0:   000000008d169e90 000000008d169e78
0x0000004d28cfee00:   4281a80000000002 0000000041714000
0x0000004d28cfee10:   0000000000000000 0000000000000000
0x0000004d28cfee20:   0000010100000000 0000000000000001
0x0000004d28cfee30:   0000000000000000 000000003f800000 

Instructions: (pc=0x000000006e9cbbb1)
0x000000006e9cbab1:   3d 89 45 04 00 00 75 5e 48 8d 3d a1 45 04 00 bb
0x000000006e9cbac1:   01 00 00 00 31 f6 48 8d 2d 32 45 03 00 eb 04 48
0x000000006e9cbad1:   83 c7 01 48 63 c6 39 5c 85 00 7d 03 83 c6 01 83
0x000000006e9cbae1:   c3 01 40 88 37 81 fb 81 02 00 00 74 22 83 fe 0d
0x000000006e9cbaf1:   7e dd 48 8d 15 56 60 03 00 48 8d 0d bb 60 03 00
0x000000006e9cbb01:   41 b8 49 00 00 00 e8 c4 aa 02 00 eb c2 66 90 c6
0x000000006e9cbb11:   05 29 45 04 00 01 48 83 c4 28 5b 5e 5f 5d c3 57
0x000000006e9cbb21:   56 53 48 83 ec 20 8b 41 08 31 f6 31 db 48 89 cf
0x000000006e9cbb31:   85 c0 7e 19 48 8b 07 83 c3 01 48 8b 4c 30 08 48
0x000000006e9cbb41:   83 c6 10 e8 c7 08 00 00 39 5f 08 7f e7 48 8b 0f
0x000000006e9cbb51:   48 83 c4 20 5b 5e 5f e9 b3 08 00 00 90 66 90 41
0x000000006e9cbb61:   56 41 55 41 54 55 57 56 53 48 83 ec 20 48 63 da
0x000000006e9cbb71:   48 89 ce 83 fb 00 0f 84 66 01 00 00 0f 8e 42 01
0x000000006e9cbb81:   00 00 81 fb 80 02 00 00 0f 8f 21 01 00 00 48 8d
0x000000006e9cbb91:   05 ca 44 04 00 44 0f b6 2c 18 41 80 fd 0d 4c 89
0x000000006e9cbba1:   eb 77 2c 48 8d 2c de 48 8b 5d 10 48 85 db 74 45
0x000000006e9cbbb1:   48 8b 03 48 89 45 10 48 89 d8 48 83 c4 20 5b 5e
0x000000006e9cbbc1:   5f 5d 41 5c 41 5d 41 5e c3 66 0f 1f 44 00 00 48
0x000000006e9cbbd1:   8d 15 79 5f 03 00 48 8d 0d fa 5f 03 00 48 8d 2c
0x000000006e9cbbe1:   de 41 b8 70 00 00 00 e8 e3 a9 02 00 48 8b 5d 10
0x000000006e9cbbf1:   48 85 db 75 bb 4c 63 66 08 44 3b 66 0c 0f 84 1c
0x000000006e9cbc01:   01 00 00 49 c1 e4 04 4c 03 26 b9 00 40 00 00 e8
0x000000006e9cbc11:   eb 07 00 00 48 89 c3 4d 63 ed 49 89 44 24 08 48
0x000000006e9cbc21:   8d 05 d9 43 03 00 42 8b 3c a8 b8 00 40 00 00 99
0x000000006e9cbc31:   f7 ff 41 89 fd 41 89 3c 24 44 0f af e8 41 89 c6
0x000000006e9cbc41:   41 81 fd 00 40 00 00 0f 8f a6 00 00 00 41 83 fe
0x000000006e9cbc51:   01 7e 2a 4c 63 c7 41 8d 46 ff 31 d2 4d 89 c1 4a
0x000000006e9cbc61:   8d 0c 03 49 f7 d9 66 0f 1f 84 00 00 00 00 00 83
0x000000006e9cbc71:   c2 01 4a 89 0c 09 4c 01 c1 39 c2 75 f2 41 29 fd
0x000000006e9cbc81:   4d 63 ed 4a c7 04 2b 00 00 00 00 48 8b 03 48 89
0x000000006e9cbc91:   45 10 83 46 08 01 48 89 d8 48 83 c4 20 5b 5e 5f
0x000000006e9cbca1:   5d 41 5c 41 5d 41 5e c3 0f 1f 80 00 00 00 00 89 


Stack slot to memory mapping:
stack at sp + 0 slots: 0x0000000000000009 is an unknown value
stack at sp + 1 slots: 0x000000008d169d00 points into unknown readable memory: 09 00 00 00 00 00 00 00
stack at sp + 2 slots: 0x0000004d28cff0b0 is pointing into the stack for thread: 0x000001fcb2206800
stack at sp + 3 slots: 0x000001fc9b2612e4 is at entry_point+932 in (nmethod*)0x000001fc9b260d10
stack at sp + 4 slots: 0x0000000000000001 is an unknown value
stack at sp + 5 slots: 0x000001fcba34c230 points into unknown readable memory: c0 55 36 ba fc 01 00 00
stack at sp + 6 slots: 0x0000004d28cfee00 is pointing into the stack for thread: 0x000001fcb2206800
stack at sp + 7 slots: 0x0000004d28cfef20 is pointing into the stack for thread: 0x000001fcb2206800


---------------  P R O C E S S  ---------------

Threads class SMR info:
_java_thread_list=0x000001fcb935eee0, length=14, elements={
0x000001fcb0dc7000, 0x000001fcb0dc8000, 0x000001fcb0de9800, 0x000001fcb0dea800,
0x000001fcb0df7000, 0x000001fcb0df8000, 0x000001fcb0dfc800, 0x000001fcb1869800,
0x000001fcb189f000, 0x000001fcb2206800, 0x000001fc969fc800, 0x000001fcb44c5800,
0x000001fcb4403800, 0x000001fcb44dd000
}

Java Threads: ( => current thread )
  0x000001fcb0dc7000 JavaThread "Reference Handler" daemon [_thread_blocked, id=8184, stack(0x0000004d28000000,0x0000004d28100000)]
  0x000001fcb0dc8000 JavaThread "Finalizer" daemon [_thread_blocked, id=4080, stack(0x0000004d28100000,0x0000004d28200000)]
  0x000001fcb0de9800 JavaThread "Signal Dispatcher" daemon [_thread_blocked, id=14972, stack(0x0000004d28200000,0x0000004d28300000)]
  0x000001fcb0dea800 JavaThread "Attach Listener" daemon [_thread_blocked, id=14920, stack(0x0000004d28300000,0x0000004d28400000)]
  0x000001fcb0df7000 JavaThread "C2 CompilerThread0" daemon [_thread_blocked, id=6564, stack(0x0000004d28400000,0x0000004d28500000)]
  0x000001fcb0df8000 JavaThread "C1 CompilerThread0" daemon [_thread_blocked, id=7036, stack(0x0000004d28500000,0x0000004d28600000)]
  0x000001fcb0dfc800 JavaThread "Sweeper thread" daemon [_thread_blocked, id=12120, stack(0x0000004d28600000,0x0000004d28700000)]
  0x000001fcb1869800 JavaThread "Service Thread" daemon [_thread_blocked, id=17260, stack(0x0000004d28700000,0x0000004d28800000)]
  0x000001fcb189f000 JavaThread "Common-Cleaner" daemon [_thread_blocked, id=15812, stack(0x0000004d28900000,0x0000004d28a00000)]
=>0x000001fcb2206800 JavaThread "LWJGL Application" [_thread_in_native, id=2220, stack(0x0000004d28c00000,0x0000004d28d00000)]
  0x000001fc969fc800 JavaThread "DestroyJavaVM" [_thread_blocked, id=7936, stack(0x0000004d27900000,0x0000004d27a00000)]
  0x000001fcb44c5800 JavaThread "AssetManager" daemon [_thread_blocked, id=4000, stack(0x0000004d28e00000,0x0000004d28f00000)]
  0x000001fcb4403800 JavaThread "Timer" daemon [_thread_blocked, id=10644, stack(0x0000004d28f00000,0x0000004d29000000)]
  0x000001fcb44dd000 JavaThread "LWJGL Timer" daemon [_thread_blocked, id=1664, stack(0x0000004d29400000,0x0000004d29500000)]

Other Threads:
  0x000001fcb0dc5800 VMThread "VM Thread" [stack: 0x0000004d27f00000,0x0000004d28000000] [id=3920]
  0x000001fcb189d000 WatcherThread [stack: 0x0000004d28800000,0x0000004d28900000] [id=14564]
  0x000001fc96a13800 GCTaskThread "GC Thread#0" [stack: 0x0000004d27a00000,0x0000004d27b00000] [id=15260]
  0x000001fcb43d3000 GCTaskThread "GC Thread#1" [stack: 0x0000004d29100000,0x0000004d29200000] [id=12440]
  0x000001fcb9794800 GCTaskThread "GC Thread#2" [stack: 0x0000004d29200000,0x0000004d29300000] [id=13520]
  0x000001fcb9795000 GCTaskThread "GC Thread#3" [stack: 0x0000004d29300000,0x0000004d29400000] [id=15912]
  0x000001fc96a45800 ConcurrentGCThread "G1 Main Marker" [stack: 0x0000004d27b00000,0x0000004d27c00000] [id=12712]
  0x000001fc96a47800 ConcurrentGCThread "G1 Conc#0" [stack: 0x0000004d27c00000,0x0000004d27d00000] [id=1824]
  0x000001fcb0c58800 ConcurrentGCThread "G1 Refine#0" [stack: 0x0000004d27d00000,0x0000004d27e00000] [id=2720]
  0x000001fc96acd800 ConcurrentGCThread "G1 Young RemSet Sampling" [stack: 0x0000004d27e00000,0x0000004d27f00000] [id=14724]

Threads with active compile tasks:

VM state:not at safepoint (normal execution)

VM Mutex/Monitor currently owned by a thread: None

Heap address: 0x0000000087200000, size: 1934 MB, Compressed Oops mode: 32-bit
Narrow klass base: 0x0000000800000000, Narrow klass shift: 3
Compressed class space size: 1073741824 Address: 0x0000000840000000

Heap:
 garbage-first heap   total 124928K, used 35880K [0x0000000087200000, 0x0000000100000000)
  region size 1024K, 36 young (36864K), 3 survivors (3072K)
 Metaspace       used 7728K, capacity 9836K, committed 10112K, reserved 1058816K
  class space    used 610K, capacity 836K, committed 896K, reserved 1048576K
Heap Regions: E=young(eden), S=young(survivor), O=old, HS=humongous(starts), HC=humongous(continues), CS=collection set, F=free, A=archive, TAMS=top-at-mark-start (previous, next)
|   0|0x0000000087200000, 0x000000008720a000, 0x0000000087300000|  3%| O|  |TAMS 0x0000000087200000, 0x0000000087200000| Untracked 
|   1|0x0000000087300000, 0x0000000087300000, 0x0000000087400000|  0%| F|  |TAMS 0x0000000087300000, 0x0000000087300000| Untracked 
|   2|0x0000000087400000, 0x0000000087400000, 0x0000000087500000|  0%| F|  |TAMS 0x0000000087400000, 0x0000000087400000| Untracked 
|   3|0x0000000087500000, 0x0000000087500000, 0x0000000087600000|  0%| F|  |TAMS 0x0000000087500000, 0x0000000087500000| Untracked 
|   4|0x0000000087600000, 0x0000000087600000, 0x0000000087700000|  0%| F|  |TAMS 0x0000000087600000, 0x0000000087600000| Untracked 
|   5|0x0000000087700000, 0x0000000087700000, 0x0000000087800000|  0%| F|  |TAMS 0x0000000087700000, 0x0000000087700000| Untracked 
|   6|0x0000000087800000, 0x0000000087800000, 0x0000000087900000|  0%| F|  |TAMS 0x0000000087800000, 0x0000000087800000| Untracked 
|   7|0x0000000087900000, 0x0000000087900000, 0x0000000087a00000|  0%| F|  |TAMS 0x0000000087900000, 0x0000000087900000| Untracked 
|   8|0x0000000087a00000, 0x0000000087a00000, 0x0000000087b00000|  0%| F|  |TAMS 0x0000000087a00000, 0x0000000087a00000| Untracked 
|   9|0x0000000087b00000, 0x0000000087b00000, 0x0000000087c00000|  0%| F|  |TAMS 0x0000000087b00000, 0x0000000087b00000| Untracked 
|  10|0x0000000087c00000, 0x0000000087c00000, 0x0000000087d00000|  0%| F|  |TAMS 0x0000000087c00000, 0x0000000087c00000| Untracked 
|  11|0x0000000087d00000, 0x0000000087d00000, 0x0000000087e00000|  0%| F|  |TAMS 0x0000000087d00000, 0x0000000087d00000| Untracked 
|  12|0x0000000087e00000, 0x0000000087e00000, 0x0000000087f00000|  0%| F|  |TAMS 0x0000000087e00000, 0x0000000087e00000| Untracked 
|  13|0x0000000087f00000, 0x0000000087f00000, 0x0000000088000000|  0%| F|  |TAMS 0x0000000087f00000, 0x0000000087f00000| Untracked 
|  14|0x0000000088000000, 0x0000000088000000, 0x0000000088100000|  0%| F|  |TAMS 0x0000000088000000, 0x0000000088000000| Untracked 
|  15|0x0000000088100000, 0x0000000088100000, 0x0000000088200000|  0%| F|  |TAMS 0x0000000088100000, 0x0000000088100000| Untracked 
|  16|0x0000000088200000, 0x0000000088200000, 0x0000000088300000|  0%| F|  |TAMS 0x0000000088200000, 0x0000000088200000| Untracked 
|  17|0x0000000088300000, 0x0000000088300000, 0x0000000088400000|  0%| F|  |TAMS 0x0000000088300000, 0x0000000088300000| Untracked 
|  18|0x0000000088400000, 0x0000000088400000, 0x0000000088500000|  0%| F|  |TAMS 0x0000000088400000, 0x0000000088400000| Untracked 
|  19|0x0000000088500000, 0x0000000088500000, 0x0000000088600000|  0%| F|  |TAMS 0x0000000088500000, 0x0000000088500000| Untracked 
|  20|0x0000000088600000, 0x0000000088600000, 0x0000000088700000|  0%| F|  |TAMS 0x0000000088600000, 0x0000000088600000| Untracked 
|  21|0x0000000088700000, 0x0000000088700000, 0x0000000088800000|  0%| F|  |TAMS 0x0000000088700000, 0x0000000088700000| Untracked 
|  22|0x0000000088800000, 0x0000000088800000, 0x0000000088900000|  0%| F|  |TAMS 0x0000000088800000, 0x0000000088800000| Untracked 
|  23|0x0000000088900000, 0x0000000088900000, 0x0000000088a00000|  0%| F|  |TAMS 0x0000000088900000, 0x0000000088900000| Untracked 
|  24|0x0000000088a00000, 0x0000000088a00000, 0x0000000088b00000|  0%| F|  |TAMS 0x0000000088a00000, 0x0000000088a00000| Untracked 
|  25|0x0000000088b00000, 0x0000000088b00000, 0x0000000088c00000|  0%| F|  |TAMS 0x0000000088b00000, 0x0000000088b00000| Untracked 
|  26|0x0000000088c00000, 0x0000000088c00000, 0x0000000088d00000|  0%| F|  |TAMS 0x0000000088c00000, 0x0000000088c00000| Untracked 
|  27|0x0000000088d00000, 0x0000000088d00000, 0x0000000088e00000|  0%| F|  |TAMS 0x0000000088d00000, 0x0000000088d00000| Untracked 
|  28|0x0000000088e00000, 0x0000000088e00000, 0x0000000088f00000|  0%| F|  |TAMS 0x0000000088e00000, 0x0000000088e00000| Untracked 
|  29|0x0000000088f00000, 0x0000000088f00000, 0x0000000089000000|  0%| F|  |TAMS 0x0000000088f00000, 0x0000000088f00000| Untracked 
|  30|0x0000000089000000, 0x0000000089000000, 0x0000000089100000|  0%| F|  |TAMS 0x0000000089000000, 0x0000000089000000| Untracked 
|  31|0x0000000089100000, 0x0000000089100000, 0x0000000089200000|  0%| F|  |TAMS 0x0000000089100000, 0x0000000089100000| Untracked 
|  32|0x0000000089200000, 0x0000000089200000, 0x0000000089300000|  0%| F|  |TAMS 0x0000000089200000, 0x0000000089200000| Untracked 
|  33|0x0000000089300000, 0x0000000089300000, 0x0000000089400000|  0%| F|  |TAMS 0x0000000089300000, 0x0000000089300000| Untracked 
|  34|0x0000000089400000, 0x0000000089400000, 0x0000000089500000|  0%| F|  |TAMS 0x0000000089400000, 0x0000000089400000| Untracked 
|  35|0x0000000089500000, 0x0000000089500000, 0x0000000089600000|  0%| F|  |TAMS 0x0000000089500000, 0x0000000089500000| Untracked 
|  36|0x0000000089600000, 0x0000000089600000, 0x0000000089700000|  0%| F|  |TAMS 0x0000000089600000, 0x0000000089600000| Untracked 
|  37|0x0000000089700000, 0x0000000089700000, 0x0000000089800000|  0%| F|  |TAMS 0x0000000089700000, 0x0000000089700000| Untracked 
|  38|0x0000000089800000, 0x0000000089800000, 0x0000000089900000|  0%| F|  |TAMS 0x0000000089800000, 0x0000000089800000| Untracked 
|  39|0x0000000089900000, 0x0000000089900000, 0x0000000089a00000|  0%| F|  |TAMS 0x0000000089900000, 0x0000000089900000| Untracked 
|  40|0x0000000089a00000, 0x0000000089a00000, 0x0000000089b00000|  0%| F|  |TAMS 0x0000000089a00000, 0x0000000089a00000| Untracked 
|  41|0x0000000089b00000, 0x0000000089b00000, 0x0000000089c00000|  0%| F|  |TAMS 0x0000000089b00000, 0x0000000089b00000| Untracked 
|  42|0x0000000089c00000, 0x0000000089c00000, 0x0000000089d00000|  0%| F|  |TAMS 0x0000000089c00000, 0x0000000089c00000| Untracked 
|  43|0x0000000089d00000, 0x0000000089d00000, 0x0000000089e00000|  0%| F|  |TAMS 0x0000000089d00000, 0x0000000089d00000| Untracked 
|  44|0x0000000089e00000, 0x0000000089e00000, 0x0000000089f00000|  0%| F|  |TAMS 0x0000000089e00000, 0x0000000089e00000| Untracked 
|  45|0x0000000089f00000, 0x0000000089f00000, 0x000000008a000000|  0%| F|  |TAMS 0x0000000089f00000, 0x0000000089f00000| Untracked 
|  46|0x000000008a000000, 0x000000008a000000, 0x000000008a100000|  0%| F|  |TAMS 0x000000008a000000, 0x000000008a000000| Untracked 
|  47|0x000000008a100000, 0x000000008a100000, 0x000000008a200000|  0%| F|  |TAMS 0x000000008a100000, 0x000000008a100000| Untracked 
|  48|0x000000008a200000, 0x000000008a200000, 0x000000008a300000|  0%| F|  |TAMS 0x000000008a200000, 0x000000008a200000| Untracked 
|  49|0x000000008a300000, 0x000000008a300000, 0x000000008a400000|  0%| F|  |TAMS 0x000000008a300000, 0x000000008a300000| Untracked 
|  50|0x000000008a400000, 0x000000008a400000, 0x000000008a500000|  0%| F|  |TAMS 0x000000008a400000, 0x000000008a400000| Untracked 
|  51|0x000000008a500000, 0x000000008a500000, 0x000000008a600000|  0%| F|  |TAMS 0x000000008a500000, 0x000000008a500000| Untracked 
|  52|0x000000008a600000, 0x000000008a600000, 0x000000008a700000|  0%| F|  |TAMS 0x000000008a600000, 0x000000008a600000| Untracked 
|  53|0x000000008a700000, 0x000000008a700000, 0x000000008a800000|  0%| F|  |TAMS 0x000000008a700000, 0x000000008a700000| Untracked 
|  54|0x000000008a800000, 0x000000008a800000, 0x000000008a900000|  0%| F|  |TAMS 0x000000008a800000, 0x000000008a800000| Untracked 
|  55|0x000000008a900000, 0x000000008a900000, 0x000000008aa00000|  0%| F|  |TAMS 0x000000008a900000, 0x000000008a900000| Untracked 
|  56|0x000000008aa00000, 0x000000008aa00000, 0x000000008ab00000|  0%| F|  |TAMS 0x000000008aa00000, 0x000000008aa00000| Untracked 
|  57|0x000000008ab00000, 0x000000008ab00000, 0x000000008ac00000|  0%| F|  |TAMS 0x000000008ab00000, 0x000000008ab00000| Untracked 
|  58|0x000000008ac00000, 0x000000008ac00000, 0x000000008ad00000|  0%| F|  |TAMS 0x000000008ac00000, 0x000000008ac00000| Untracked 
|  59|0x000000008ad00000, 0x000000008ad00000, 0x000000008ae00000|  0%| F|  |TAMS 0x000000008ad00000, 0x000000008ad00000| Untracked 
|  60|0x000000008ae00000, 0x000000008ae00000, 0x000000008af00000|  0%| F|  |TAMS 0x000000008ae00000, 0x000000008ae00000| Untracked 
|  61|0x000000008af00000, 0x000000008af00000, 0x000000008b000000|  0%| F|  |TAMS 0x000000008af00000, 0x000000008af00000| Untracked 
|  62|0x000000008b000000, 0x000000008b000000, 0x000000008b100000|  0%| F|  |TAMS 0x000000008b000000, 0x000000008b000000| Untracked 
|  63|0x000000008b100000, 0x000000008b100000, 0x000000008b200000|  0%| F|  |TAMS 0x000000008b100000, 0x000000008b100000| Untracked 
|  64|0x000000008b200000, 0x000000008b200000, 0x000000008b300000|  0%| F|  |TAMS 0x000000008b200000, 0x000000008b200000| Untracked 
|  65|0x000000008b300000, 0x000000008b300000, 0x000000008b400000|  0%| F|  |TAMS 0x000000008b300000, 0x000000008b300000| Untracked 
|  66|0x000000008b400000, 0x000000008b400000, 0x000000008b500000|  0%| F|  |TAMS 0x000000008b400000, 0x000000008b400000| Untracked 
|  67|0x000000008b500000, 0x000000008b500000, 0x000000008b600000|  0%| F|  |TAMS 0x000000008b500000, 0x000000008b500000| Untracked 
|  68|0x000000008b600000, 0x000000008b600000, 0x000000008b700000|  0%| F|  |TAMS 0x000000008b600000, 0x000000008b600000| Untracked 
|  69|0x000000008b700000, 0x000000008b700000, 0x000000008b800000|  0%| F|  |TAMS 0x000000008b700000, 0x000000008b700000| Untracked 
|  70|0x000000008b800000, 0x000000008b800000, 0x000000008b900000|  0%| F|  |TAMS 0x000000008b800000, 0x000000008b800000| Untracked 
|  71|0x000000008b900000, 0x000000008b900000, 0x000000008ba00000|  0%| F|  |TAMS 0x000000008b900000, 0x000000008b900000| Untracked 
|  72|0x000000008ba00000, 0x000000008ba00000, 0x000000008bb00000|  0%| F|  |TAMS 0x000000008ba00000, 0x000000008ba00000| Untracked 
|  73|0x000000008bb00000, 0x000000008bb00000, 0x000000008bc00000|  0%| F|  |TAMS 0x000000008bb00000, 0x000000008bb00000| Untracked 
|  74|0x000000008bc00000, 0x000000008bc00000, 0x000000008bd00000|  0%| F|  |TAMS 0x000000008bc00000, 0x000000008bc00000| Untracked 
|  75|0x000000008bd00000, 0x000000008bd00000, 0x000000008be00000|  0%| F|  |TAMS 0x000000008bd00000, 0x000000008bd00000| Untracked 
|  76|0x000000008be00000, 0x000000008be00000, 0x000000008bf00000|  0%| F|  |TAMS 0x000000008be00000, 0x000000008be00000| Untracked 
|  77|0x000000008bf00000, 0x000000008bf00000, 0x000000008c000000|  0%| F|  |TAMS 0x000000008bf00000, 0x000000008bf00000| Untracked 
|  78|0x000000008c000000, 0x000000008c000000, 0x000000008c100000|  0%| F|  |TAMS 0x000000008c000000, 0x000000008c000000| Untracked 
|  79|0x000000008c100000, 0x000000008c100000, 0x000000008c200000|  0%| F|  |TAMS 0x000000008c100000, 0x000000008c100000| Untracked 
|  80|0x000000008c200000, 0x000000008c200000, 0x000000008c300000|  0%| F|  |TAMS 0x000000008c200000, 0x000000008c200000| Untracked 
|  81|0x000000008c300000, 0x000000008c300000, 0x000000008c400000|  0%| F|  |TAMS 0x000000008c300000, 0x000000008c300000| Untracked 
|  82|0x000000008c400000, 0x000000008c400000, 0x000000008c500000|  0%| F|  |TAMS 0x000000008c400000, 0x000000008c400000| Untracked 
|  83|0x000000008c500000, 0x000000008c500000, 0x000000008c600000|  0%| F|  |TAMS 0x000000008c500000, 0x000000008c500000| Untracked 
|  84|0x000000008c600000, 0x000000008c600000, 0x000000008c700000|  0%| F|  |TAMS 0x000000008c600000, 0x000000008c600000| Untracked 
|  85|0x000000008c700000, 0x000000008c700000, 0x000000008c800000|  0%| F|  |TAMS 0x000000008c700000, 0x000000008c700000| Untracked 
|  86|0x000000008c800000, 0x000000008c900000, 0x000000008c900000|100%| E|  |TAMS 0x000000008c800000, 0x000000008c800000| Complete 
|  87|0x000000008c900000, 0x000000008ca00000, 0x000000008ca00000|100%| E|CS|TAMS 0x000000008c900000, 0x000000008c900000| Complete 
|  88|0x000000008ca00000, 0x000000008cb00000, 0x000000008cb00000|100%| E|CS|TAMS 0x000000008ca00000, 0x000000008ca00000| Complete 
|  89|0x000000008cb00000, 0x000000008cc00000, 0x000000008cc00000|100%| E|CS|TAMS 0x000000008cb00000, 0x000000008cb00000| Complete 
|  90|0x000000008cc00000, 0x000000008cd00000, 0x000000008cd00000|100%| E|CS|TAMS 0x000000008cc00000, 0x000000008cc00000| Complete 
|  91|0x000000008cd00000, 0x000000008ce00000, 0x000000008ce00000|100%| E|CS|TAMS 0x000000008cd00000, 0x000000008cd00000| Complete 
|  92|0x000000008ce00000, 0x000000008cf00000, 0x000000008cf00000|100%| E|CS|TAMS 0x000000008ce00000, 0x000000008ce00000| Complete 
|  93|0x000000008cf00000, 0x000000008d000000, 0x000000008d000000|100%| E|CS|TAMS 0x000000008cf00000, 0x000000008cf00000| Complete 
|  94|0x000000008d000000, 0x000000008d100000, 0x000000008d100000|100%| E|CS|TAMS 0x000000008d000000, 0x000000008d000000| Complete 
|  95|0x000000008d100000, 0x000000008d200000, 0x000000008d200000|100%| S|CS|TAMS 0x000000008d100000, 0x000000008d100000| Complete 
|  96|0x000000008d200000, 0x000000008d300000, 0x000000008d300000|100%| S|CS|TAMS 0x000000008d200000, 0x000000008d200000| Complete 
|  97|0x000000008d300000, 0x000000008d400000, 0x000000008d400000|100%| S|CS|TAMS 0x000000008d300000, 0x000000008d300000| Complete 
|  98|0x000000008d400000, 0x000000008d500000, 0x000000008d500000|100%| E|CS|TAMS 0x000000008d400000, 0x000000008d400000| Complete 
|  99|0x000000008d500000, 0x000000008d600000, 0x000000008d600000|100%| E|CS|TAMS 0x000000008d500000, 0x000000008d500000| Complete 
| 100|0x000000008d600000, 0x000000008d700000, 0x000000008d700000|100%| E|CS|TAMS 0x000000008d600000, 0x000000008d600000| Complete 
| 101|0x000000008d700000, 0x000000008d800000, 0x000000008d800000|100%| E|CS|TAMS 0x000000008d700000, 0x000000008d700000| Complete 
| 102|0x000000008d800000, 0x000000008d900000, 0x000000008d900000|100%| E|CS|TAMS 0x000000008d800000, 0x000000008d800000| Complete 
| 103|0x000000008d900000, 0x000000008da00000, 0x000000008da00000|100%| E|CS|TAMS 0x000000008d900000, 0x000000008d900000| Complete 
| 104|0x000000008da00000, 0x000000008db00000, 0x000000008db00000|100%| E|CS|TAMS 0x000000008da00000, 0x000000008da00000| Complete 
| 105|0x000000008db00000, 0x000000008dc00000, 0x000000008dc00000|100%| E|CS|TAMS 0x000000008db00000, 0x000000008db00000| Complete 
| 106|0x000000008dc00000, 0x000000008dd00000, 0x000000008dd00000|100%| E|CS|TAMS 0x000000008dc00000, 0x000000008dc00000| Complete 
| 107|0x000000008dd00000, 0x000000008de00000, 0x000000008de00000|100%| E|CS|TAMS 0x000000008dd00000, 0x000000008dd00000| Complete 
| 108|0x000000008de00000, 0x000000008df00000, 0x000000008df00000|100%| E|CS|TAMS 0x000000008de00000, 0x000000008de00000| Complete 
| 109|0x000000008df00000, 0x000000008e000000, 0x000000008e000000|100%| E|CS|TAMS 0x000000008df00000, 0x000000008df00000| Complete 
| 110|0x000000008e000000, 0x000000008e100000, 0x000000008e100000|100%| E|CS|TAMS 0x000000008e000000, 0x000000008e000000| Complete 
| 111|0x000000008e100000, 0x000000008e200000, 0x000000008e200000|100%| E|CS|TAMS 0x000000008e100000, 0x000000008e100000| Complete 
| 112|0x000000008e200000, 0x000000008e300000, 0x000000008e300000|100%| E|CS|TAMS 0x000000008e200000, 0x000000008e200000| Complete 
| 113|0x000000008e300000, 0x000000008e400000, 0x000000008e400000|100%| E|CS|TAMS 0x000000008e300000, 0x000000008e300000| Complete 
| 114|0x000000008e400000, 0x000000008e500000, 0x000000008e500000|100%| E|CS|TAMS 0x000000008e400000, 0x000000008e400000| Complete 
| 115|0x000000008e500000, 0x000000008e600000, 0x000000008e600000|100%| E|CS|TAMS 0x000000008e500000, 0x000000008e500000| Complete 
| 116|0x000000008e600000, 0x000000008e700000, 0x000000008e700000|100%| E|CS|TAMS 0x000000008e600000, 0x000000008e600000| Complete 
| 117|0x000000008e700000, 0x000000008e800000, 0x000000008e800000|100%| E|CS|TAMS 0x000000008e700000, 0x000000008e700000| Complete 
| 118|0x000000008e800000, 0x000000008e900000, 0x000000008e900000|100%| E|CS|TAMS 0x000000008e800000, 0x000000008e800000| Complete 
| 119|0x000000008e900000, 0x000000008ea00000, 0x000000008ea00000|100%| E|CS|TAMS 0x000000008e900000, 0x000000008e900000| Complete 
| 120|0x000000008ea00000, 0x000000008eb00000, 0x000000008eb00000|100%| E|CS|TAMS 0x000000008ea00000, 0x000000008ea00000| Complete 
| 121|0x000000008eb00000, 0x000000008ec00000, 0x000000008ec00000|100%| E|CS|TAMS 0x000000008eb00000, 0x000000008eb00000| Complete 

Card table byte_map: [0x000001fca9fb0000,0x000001fcaa380000] _byte_map_base: 0x000001fca9b77000

Marking Bits (Prev, Next): (CMBitMap*) 0x000001fc96a3cf68, (CMBitMap*) 0x000001fc96a3cfa0
 Prev Bits: [0x000001fcaa750000, 0x000001fcac588000)
 Next Bits: [0x000001fcac590000, 0x000001fcae3c8000)

Polling page: 0x000001fc948e0000

Metaspace:

Usage:
  Non-class:      8.79 MB capacity,     6.95 MB ( 79%) used,     1.83 MB ( 21%) free+waste,     7.94 KB ( <1%) overhead. 
      Class:    836.00 KB capacity,   610.58 KB ( 73%) used,   222.67 KB ( 27%) free+waste,     2.75 KB ( <1%) overhead. 
       Both:      9.61 MB capacity,     7.55 MB ( 79%) used,     2.05 MB ( 21%) free+waste,    10.69 KB ( <1%) overhead. 

Virtual space:
  Non-class space:       10.00 MB reserved,       9.00 MB ( 90%) committed 
      Class space:        1.00 GB reserved,     896.00 KB ( <1%) committed 
             Both:        1.01 GB reserved,       9.88 MB ( <1%) committed 

Chunk freelists:
   Non-Class:  88.00 KB
       Class:  28.00 KB
        Both:  116.00 KB

CodeHeap 'non-profiled nmethods': size=120000Kb used=1710Kb max_used=1710Kb free=118289Kb
 bounds [0x000001fca2380000, 0x000001fca25f0000, 0x000001fca98b0000]
CodeHeap 'profiled nmethods': size=120000Kb used=4394Kb max_used=4394Kb free=115605Kb
 bounds [0x000001fc9ae50000, 0x000001fc9b2a0000, 0x000001fca2380000]
CodeHeap 'non-nmethods': size=5760Kb used=1229Kb max_used=1265Kb free=4530Kb
 bounds [0x000001fc9a8b0000, 0x000001fc9ab20000, 0x000001fc9ae50000]
 total_blobs=3575 nmethods=2161 adapters=506
 compilation: enabled
              stopped_count=0, restarted_count=0
 full_count=0

Compilation events (10 events):
Event: 130.504 Thread 0x000001fcb0df7000 2157       4       com.badlogic.gdx.graphics.g2d.SpriteBatch::draw (165 bytes)
Event: 130.544 Thread 0x000001fcb0df7000 nmethod 2157 0x000001fca2520410 code [0x000001fca25206a0, 0x000001fca2521720]
Event: 131.803 Thread 0x000001fcb0df7000 2158       4       com.badlogic.gdx.backends.lwjgl.audio.OpenALAudio::update (43 bytes)
Event: 131.804 Thread 0x000001fcb0df7000 nmethod 2158 0x000001fca2522810 code [0x000001fca25229a0, 0x000001fca2522a58]
Event: 131.804 Thread 0x000001fcb0df7000 2159       4       com.badlogic.gdx.backends.lwjgl.LwjglGraphics::updateTime (65 bytes)
Event: 131.805 Thread 0x000001fcb0df7000 nmethod 2159 0x000001fca2522b90 code [0x000001fca2522d40, 0x000001fca2522e18]
Event: 131.805 Thread 0x000001fcb0df7000 2160       4       com.berbils.game.Kroy::render (5 bytes)
Event: 131.807 Thread 0x000001fcb0df7000 nmethod 2160 0x000001fca2522e90 code [0x000001fca2523040, 0x000001fca2523168]
Event: 137.653 Thread 0x000001fcb0df7000 2161       4       com.badlogic.gdx.graphics.g2d.GlyphLayout::setText (1593 bytes)
Event: 137.895 Thread 0x000001fcb0df7000 nmethod 2161 0x000001fca2523310 code [0x000001fca25236e0, 0x000001fca25289d0]

GC Heap History (2 events):
Event: 3.058 GC heap before
{Heap before GC invocations=0 (full 0):
 garbage-first heap   total 124928K, used 23552K [0x0000000087200000, 0x0000000100000000)
  region size 1024K, 24 young (24576K), 0 survivors (0K)
 Metaspace       used 6870K, capacity 9257K, committed 9600K, reserved 1058816K
  class space    used 593K, capacity 836K, committed 896K, reserved 1048576K
}
Event: 3.063 GC heap after
{Heap after GC invocations=1 (full 0):
 garbage-first heap   total 124928K, used 3112K [0x0000000087200000, 0x0000000100000000)
  region size 1024K, 3 young (3072K), 3 survivors (3072K)
 Metaspace       used 6870K, capacity 9257K, committed 9600K, reserved 1058816K
  class space    used 593K, capacity 836K, committed 896K, reserved 1048576K
}

Deoptimization events (10 events):
Event: 138.519 Thread 0x000001fcb2206800 DEOPT PACKING pc=0x000001fca2512af4 sp=0x0000004d28cff200
Event: 138.519 Thread 0x000001fcb2206800 DEOPT UNPACKING pc=0x000001fc9a8d922f sp=0x0000004d28cff118 mode 2
Event: 138.535 Thread 0x000001fcb2206800 Uncommon trap: trap_request=0xffffffc6 fr.pc=0x000001fca2512af4 relative=0x0000000000006234
Event: 138.535 Thread 0x000001fcb2206800 Uncommon trap: reason=bimorphic_or_optimized_type_check action=maybe_recompile pc=0x000001fca2512af4 method=com.berbils.game.Entities.Towers.Tower.fire()V @ 29 c2
Event: 138.535 Thread 0x000001fcb2206800 DEOPT PACKING pc=0x000001fca2512af4 sp=0x0000004d28cff200
Event: 138.535 Thread 0x000001fcb2206800 DEOPT UNPACKING pc=0x000001fc9a8d922f sp=0x0000004d28cff118 mode 2
Event: 138.552 Thread 0x000001fcb2206800 Uncommon trap: trap_request=0xffffffc6 fr.pc=0x000001fca2512af4 relative=0x0000000000006234
Event: 138.552 Thread 0x000001fcb2206800 Uncommon trap: reason=bimorphic_or_optimized_type_check action=maybe_recompile pc=0x000001fca2512af4 method=com.berbils.game.Entities.Towers.Tower.fire()V @ 29 c2
Event: 138.552 Thread 0x000001fcb2206800 DEOPT PACKING pc=0x000001fca2512af4 sp=0x0000004d28cff200
Event: 138.552 Thread 0x000001fcb2206800 DEOPT UNPACKING pc=0x000001fc9a8d922f sp=0x0000004d28cff118 mode 2

Classes redefined (0 events):
No events

Internal exceptions (10 events):
Event: 0.679 Thread 0x000001fc969fc800 Exception <a 'java/security/PrivilegedActionException'{0x000000008e735390}> (0x000000008e735390) thrown at [c:/BuildAgent/work/5ff2f6c26000d570/src/hotspot/share/prims/jvm.cpp, line 1300]
Event: 2.891 Thread 0x000001fcb2206800 Exception <a 'java/lang/NoSuchMethodError'{0x000000008d9e7d60}: 'int java.lang.invoke.DirectMethodHandle$Holder.invokeSpecialIFC(java.lang.Object, java.lang.Object, int)'> (0x000000008d9e7d60) thrown at [c:/BuildAgent/work/5ff2f6c26000d570/src/hotspot/sha
Event: 60.164 Thread 0x000001fcb2206800 Implicit null exception at 0x000001fca2499cdf to 0x000001fca2499dbe
Event: 60.165 Thread 0x000001fcb2206800 Implicit null exception at 0x000001fca249069c to 0x000001fca24907fe
Event: 60.165 Thread 0x000001fcb2206800 Implicit null exception at 0x000001fca249951c to 0x000001fca24995c6
Event: 60.165 Thread 0x000001fcb2206800 Implicit null exception at 0x000001fca248e19c to 0x000001fca248e2fe
Event: 60.165 Thread 0x000001fcb2206800 Implicit null exception at 0x000001fca249901c to 0x000001fca24990c6
Event: 60.165 Thread 0x000001fcb2206800 Implicit null exception at 0x000001fca249625c to 0x000001fca249628e
Event: 60.165 Thread 0x000001fcb2206800 Implicit null exception at 0x000001fca24999dc to 0x000001fca2499a0e
Event: 60.165 Thread 0x000001fcb2206800 Implicit null exception at 0x000001fca248707e to 0x000001fca248a299

Events (10 events):
Event: 62.827 Executing VM operation: RevokeBias
Event: 62.827 Executing VM operation: RevokeBias done
Event: 62.827 Executing VM operation: RevokeBias
Event: 62.827 Executing VM operation: RevokeBias done
Event: 93.592 Executing VM operation: RevokeBias
Event: 93.592 Executing VM operation: RevokeBias done
Event: 124.704 loading class com/berbils/game/Screens/MiniGame
Event: 124.704 loading class com/berbils/game/Screens/MiniGame done
Event: 124.706 loading class com/berbils/game/Handlers/SpriteHandlerMini
Event: 124.706 loading class com/berbils/game/Handlers/SpriteHandlerMini done


Dynamic libraries:
0x00007ff630e70000 - 0x00007ff630eb7000 	C:\Program Files\JetBrains\IntelliJ IDEA Community Edition 2019.2.4\jbr\bin\java.exe
0x00007ffafffa0000 - 0x00007ffb00190000 	C:\WINDOWS\SYSTEM32\ntdll.dll
0x00007ffafe0f0000 - 0x00007ffafe1a2000 	C:\WINDOWS\System32\KERNEL32.DLL
0x00007ffafd200000 - 0x00007ffafd4a3000 	C:\WINDOWS\System32\KERNELBASE.dll
0x00007ffafe960000 - 0x00007ffafeaf4000 	C:\WINDOWS\System32\USER32.dll
0x00007ffafd6c0000 - 0x00007ffafd6e1000 	C:\WINDOWS\System32\win32u.dll
0x00007ffafff00000 - 0x00007ffafff26000 	C:\WINDOWS\System32\GDI32.dll
0x00007ffafd4b0000 - 0x00007ffafd644000 	C:\WINDOWS\System32\gdi32full.dll
0x00007ffafcf30000 - 0x00007ffafcfce000 	C:\WINDOWS\System32\msvcp_win.dll
0x00007ffafd7a0000 - 0x00007ffafd89a000 	C:\WINDOWS\System32\ucrtbase.dll
0x00007ffafc380000 - 0x00007ffafc605000 	C:\WINDOWS\WinSxS\amd64_microsoft.windows.common-controls_6595b64144ccf1df_6.0.18362.657_none_e6c5b579130e3898\COMCTL32.dll
0x00007ffafe050000 - 0x00007ffafe0ee000 	C:\WINDOWS\System32\msvcrt.dll
0x00007ffafe620000 - 0x00007ffafe956000 	C:\WINDOWS\System32\combase.dll
0x00007ffafef70000 - 0x00007ffaff090000 	C:\WINDOWS\System32\RPCRT4.dll
0x00007ffafd180000 - 0x00007ffafd200000 	C:\WINDOWS\System32\bcryptPrimitives.dll
0x00007ffafff30000 - 0x00007ffafff5e000 	C:\WINDOWS\System32\IMM32.DLL
0x00007ffae71c0000 - 0x00007ffae71d7000 	C:\Program Files\JetBrains\IntelliJ IDEA Community Edition 2019.2.4\jbr\bin\vcruntime140.dll
0x00007ffad5060000 - 0x00007ffad50fd000 	C:\Program Files\JetBrains\IntelliJ IDEA Community Edition 2019.2.4\jbr\bin\msvcp140.dll
0x00007ffaa6630000 - 0x00007ffaa70e8000 	C:\Program Files\JetBrains\IntelliJ IDEA Community Edition 2019.2.4\jbr\bin\server\jvm.dll
0x00007ffafeba0000 - 0x00007ffafec43000 	C:\WINDOWS\System32\ADVAPI32.dll
0x00007ffafeb00000 - 0x00007ffafeb97000 	C:\WINDOWS\System32\sechost.dll
0x00007ffafee90000 - 0x00007ffafee98000 	C:\WINDOWS\System32\PSAPI.DLL
0x00007ffae7930000 - 0x00007ffae7939000 	C:\WINDOWS\SYSTEM32\WSOCK32.dll
0x00007ffaf9750000 - 0x00007ffaf9774000 	C:\WINDOWS\SYSTEM32\WINMM.dll
0x00007ffaf3f20000 - 0x00007ffaf3f2a000 	C:\WINDOWS\SYSTEM32\VERSION.dll
0x00007ffafeea0000 - 0x00007ffafef0f000 	C:\WINDOWS\System32\WS2_32.dll
0x00007ffaf9720000 - 0x00007ffaf974d000 	C:\WINDOWS\SYSTEM32\winmmbase.dll
0x00007ffafd650000 - 0x00007ffafd69a000 	C:\WINDOWS\System32\cfgmgr32.dll
0x00007ffafce80000 - 0x00007ffafce91000 	C:\WINDOWS\System32\kernel.appcore.dll
0x00007ffae6ff0000 - 0x00007ffae7001000 	C:\Program Files\JetBrains\IntelliJ IDEA Community Edition 2019.2.4\jbr\bin\verify.dll
0x00007ffafc990000 - 0x00007ffafcb84000 	C:\WINDOWS\SYSTEM32\DBGHELP.DLL
0x00007ffafc8a0000 - 0x00007ffafc8ca000 	C:\WINDOWS\SYSTEM32\dbgcore.DLL
0x00007ffae6fc0000 - 0x00007ffae6fe9000 	C:\Program Files\JetBrains\IntelliJ IDEA Community Edition 2019.2.4\jbr\bin\java.dll
0x00007ffae6ce0000 - 0x00007ffae6cf7000 	C:\Program Files\JetBrains\IntelliJ IDEA Community Edition 2019.2.4\jbr\bin\zip.dll
0x00007ffaece30000 - 0x00007ffaece3b000 	C:\Program Files\JetBrains\IntelliJ IDEA Community Edition 2019.2.4\jbr\bin\jimage.dll
0x00007ffaff300000 - 0x00007ffaff9e5000 	C:\WINDOWS\System32\SHELL32.dll
0x00007ffaffe50000 - 0x00007ffaffef9000 	C:\WINDOWS\System32\shcore.dll
0x00007ffafd8a0000 - 0x00007ffafe01f000 	C:\WINDOWS\System32\windows.storage.dll
0x00007ffafcec0000 - 0x00007ffafcedf000 	C:\WINDOWS\System32\profapi.dll
0x00007ffafcee0000 - 0x00007ffafcf2a000 	C:\WINDOWS\System32\powrprof.dll
0x00007ffafce70000 - 0x00007ffafce80000 	C:\WINDOWS\System32\UMPDC.dll
0x00007ffaffa60000 - 0x00007ffaffab2000 	C:\WINDOWS\System32\shlwapi.dll
0x00007ffafd6a0000 - 0x00007ffafd6b7000 	C:\WINDOWS\System32\cryptsp.dll
0x00007ffae6fa0000 - 0x00007ffae6fba000 	C:\Program Files\JetBrains\IntelliJ IDEA Community Edition 2019.2.4\jbr\bin\net.dll
0x00007ffaef6b0000 - 0x00007ffaef886000 	C:\WINDOWS\SYSTEM32\urlmon.dll
0x00007ffaf22d0000 - 0x00007ffaf23c0000 	C:\WINDOWS\SYSTEM32\WINHTTP.dll
0x00007ffaefaa0000 - 0x00007ffaefd46000 	C:\WINDOWS\SYSTEM32\iertutil.dll
0x00007ffafc1d0000 - 0x00007ffafc1dc000 	C:\WINDOWS\SYSTEM32\CRYPTBASE.DLL
0x00007ffafc000000 - 0x00007ffafc067000 	C:\WINDOWS\system32\mswsock.dll
0x00007ffae6f80000 - 0x00007ffae6f94000 	C:\Program Files\JetBrains\IntelliJ IDEA Community Edition 2019.2.4\jbr\bin\nio.dll
0x0000000065ac0000 - 0x0000000065b0b000 	C:\Users\sam\AppData\Local\Temp\libgdxsam\7d76f548\gdx64.dll
0x00007ffafbb70000 - 0x00007ffafbba3000 	C:\WINDOWS\system32\rsaenh.dll
0x00007ffafe020000 - 0x00007ffafe046000 	C:\WINDOWS\System32\bcrypt.dll
0x00007ffafcd90000 - 0x00007ffafcdb5000 	C:\WINDOWS\SYSTEM32\USERENV.dll
0x00007ffafbd10000 - 0x00007ffafbd4a000 	C:\WINDOWS\SYSTEM32\IPHLPAPI.DLL
0x00007ffaff220000 - 0x00007ffaff228000 	C:\WINDOWS\System32\NSI.dll
0x00007ffaf2140000 - 0x00007ffaf2156000 	C:\WINDOWS\SYSTEM32\dhcpcsvc6.DLL
0x00007ffaf2240000 - 0x00007ffaf225c000 	C:\WINDOWS\SYSTEM32\dhcpcsvc.DLL
0x00007ffafbd50000 - 0x00007ffafbe1a000 	C:\WINDOWS\SYSTEM32\DNSAPI.dll
0x0000000180000000 - 0x0000000180053000 	C:\Users\sam\AppData\Local\Temp\libgdxsam\1cecf4f6\lwjgl64.dll
0x00007ffae6b80000 - 0x00007ffae6cd6000 	C:\WINDOWS\SYSTEM32\OPENGL32.dll
0x00007ffae7010000 - 0x00007ffae703c000 	C:\WINDOWS\SYSTEM32\GLU32.dll
0x00007ffafb470000 - 0x00007ffafb490000 	C:\WINDOWS\SYSTEM32\dxcore.dll
0x000001fcb2790000 - 0x000001fcb27f4000 	C:\Users\sam\AppData\Local\Temp\libgdxsam\1cecf4f6\OpenAL64.dll
0x00007ffaffc90000 - 0x00007ffaffde6000 	C:\WINDOWS\System32\ole32.dll
0x00007ffaf9f70000 - 0x00007ffafa009000 	C:\WINDOWS\system32\uxtheme.dll
0x00007ffaff160000 - 0x00007ffaff202000 	C:\WINDOWS\System32\clbcatq.dll
0x00007ffae69c0000 - 0x00007ffae6a59000 	C:\WINDOWS\SYSTEM32\dsound.dll
0x00007ffaf5460000 - 0x00007ffaf54d2000 	C:\WINDOWS\System32\MMDevApi.dll
0x00007ffafcc70000 - 0x00007ffafcc9a000 	C:\WINDOWS\System32\DEVOBJ.dll
0x00007ffaf5560000 - 0x00007ffaf56bd000 	C:\WINDOWS\SYSTEM32\AUDIOSES.DLL
0x00007ffaff090000 - 0x00007ffaff154000 	C:\WINDOWS\System32\OLEAUT32.dll
0x00007ffaf7960000 - 0x00007ffaf7ab3000 	C:\WINDOWS\SYSTEM32\wintypes.dll
0x00007ffafa2a0000 - 0x00007ffafa2b4000 	C:\WINDOWS\SYSTEM32\resourcepolicyclient.dll
0x00007ffaf6f50000 - 0x00007ffaf6ffe000 	C:\WINDOWS\SYSTEM32\mscms.dll
0x00007ffaf6f30000 - 0x00007ffaf6f47000 	C:\WINDOWS\SYSTEM32\ColorAdapterClient.dll
0x00007ffaf4110000 - 0x00007ffaf412a000 	C:\Windows\System32\Windows.Internal.Graphics.Display.DisplayColorManagement.dll
0x00007ffafec50000 - 0x00007ffafed85000 	C:\WINDOWS\System32\MSCTF.dll
0x00007ffaf1050000 - 0x00007ffaf10ee000 	C:\WINDOWS\System32\TextInputFramework.dll
0x00007ffaf7ac0000 - 0x00007ffaf7dea000 	C:\WINDOWS\System32\CoreUIComponents.dll
0x00007ffaf9af0000 - 0x00007ffaf9bc4000 	C:\WINDOWS\System32\CoreMessaging.dll
0x00007ffafc950000 - 0x00007ffafc981000 	C:\WINDOWS\SYSTEM32\ntmarta.dll
0x00007ffaead20000 - 0x00007ffaead85000 	C:\WINDOWS\system32\Oleacc.dll
0x00007ffae71e0000 - 0x00007ffae7205000 	C:\WINDOWS\System32\DriverStore\FileRepository\u0327350.inf_amd64_cf3f9535606d06d8\B327197\atig6pxx.dll
0x0000000000700000 - 0x00000000029d0000 	C:\WINDOWS\System32\DriverStore\FileRepository\u0327350.inf_amd64_cf3f9535606d06d8\B327197\atio6axx.dll
0x00007ffafe1b0000 - 0x00007ffafe620000 	C:\WINDOWS\System32\SETUPAPI.dll
0x00007ffadeca0000 - 0x00007ffadecc3000 	C:\WINDOWS\SYSTEM32\dxva2.dll
0x00007ffafa390000 - 0x00007ffafa3bd000 	C:\WINDOWS\SYSTEM32\dwmapi.dll
0x00007ffae6d20000 - 0x00007ffae6d57000 	C:\WINDOWS\System32\DriverStore\FileRepository\u0327350.inf_amd64_cf3f9535606d06d8\B327197\atig6txx.dll
0x00007ffada240000 - 0x00007ffada3b0000 	C:\WINDOWS\SYSTEM32\atiadlxx.dll
0x00007ffafa680000 - 0x00007ffafa693000 	C:\WINDOWS\SYSTEM32\WTSAPI32.dll
0x00007ffafab40000 - 0x00007ffafac2f000 	C:\WINDOWS\SYSTEM32\PROPSYS.dll
0x00007ffafd120000 - 0x00007ffafd17c000 	C:\WINDOWS\System32\WINTRUST.dll
0x00007ffafcea0000 - 0x00007ffafceb2000 	C:\WINDOWS\System32\MSASN1.dll
0x00007ffafcfd0000 - 0x00007ffafd119000 	C:\WINDOWS\System32\CRYPT32.dll
0x00007ffae63a0000 - 0x00007ffae63e3000 	C:\WINDOWS\SYSTEM32\icm32.dll
0x000000006e9c0000 - 0x000000006ea1b000 	C:\Users\sam\AppData\Local\Temp\libgdxsam\b8f13a6a\gdx-box2d64.dll
0x00007ffaded30000 - 0x00007ffaded55000 	C:\Program Files (x86)\Samsung\Easy Printer Manager\SmartScreenPrint\CDAKEYMonitor64.dll

dbghelp: loaded successfully - version: 4.0.5 - missing functions: none
symbol engine: initialized successfully - sym options: 0x614 - pdb path: .;C:\Program Files\JetBrains\IntelliJ IDEA Community Edition 2019.2.4\jbr\bin;C:\WINDOWS\SYSTEM32;C:\WINDOWS\WinSxS\amd64_microsoft.windows.common-controls_6595b64144ccf1df_6.0.18362.657_none_e6c5b579130e3898;C:\Program Files\JetBrains\IntelliJ IDEA Community Edition 2019.2.4\jbr\bin\server;C:\Users\sam\AppData\Local\Temp\libgdxsam\7d76f548;C:\Users\sam\AppData\Local\Temp\libgdxsam\1cecf4f6;C:\WINDOWS\System32\DriverStore\FileRepository\u0327350.inf_amd64_cf3f9535606d06d8\B327197;C:\Users\sam\AppData\Local\Temp\libgdxsam\b8f13a6a;C:\Program Files (x86)\Samsung\Easy Printer Manager\SmartScreenPrint

VM Arguments:
jvm_args: -Dfile.encoding=windows-1252 -Duser.country=GB -Duser.language=en -Duser.variant 
java_command: com.berbils.game.desktop.DesktopLauncher
java_class_path (initial): C:\Users\sam\Documents\YFMAss3\desktop\build\classes\java\main;C:\Users\sam\Documents\YFMAss3\desktop\build\resources\main;C:\Users\sam\.gradle\caches\modules-2\files-2.1\com.badlogicgames.gdx\gdx-tools\1.9.10\67524f012868e0cff57531b5bfda2781d00c6b1f\gdx-tools-1.9.10.jar;C:\Users\sam\.gradle\caches\modules-2\files-2.1\com.badlogicgames.gdx\gdx-backend-lwjgl\1.9.10\8f88abd43500d94c486d25f04d642318da72773a\gdx-backend-lwjgl-1.9.10.jar;C:\Users\sam\.gradle\caches\modules-2\files-2.1\com.badlogicgames.gdx\gdx-platform\1.9.10\1907b49f8363dd1ee37d273854a9cc3c741a6e66\gdx-platform-1.9.10-natives-desktop.jar;C:\Users\sam\.gradle\caches\modules-2\files-2.1\com.badlogicgames.gdx\gdx-box2d-platform\1.9.10\91b19c283b24eec646a18e0e7b940c829920df4f\gdx-box2d-platform-1.9.10-natives-desktop.jar;C:\Users\sam\Documents\YFMAss3\core\build\libs\core-1.0.jar;C:\Users\sam\.gradle\caches\modules-2\files-2.1\com.badlogicgames.gdx\gdx-backend-headless\1.9.10\d357526e6bb3d36b01b4f833ab42588e5285d487\gdx-backend-headless-1.9.10.jar;C:\Users\sam\.gradle\caches\modules-2\files-2.1\com.badlogicgames.gdx\gdx-freetype\1.9.10\8853e4f08589a9feb4b851187909cfde8810e491\gdx-freetype-1.9.10.jar;C:\Users\sam\.gradle\caches\modules-2\files-2.1\com.badlogicgames.box2dlights\box2dlights\1.4\3d77ad5b4164fb32fc67e2446e35911bb0aaf0bd\box2dlights-1.4.jar;C:\Users\sam\.gradle\caches\modules-2\files-2.1\com.badlogicgames.gdx\gdx-box2d\1.9.10\d68a7a3484d47529a8d23cd467579eb098b38a9e\gdx-box2d-1.9.10.jar;C:\Users\sam\.gradle\caches\modules-2\files-2.1\com.badlogicgames.gdx\gdx-ai\1.8.0\ec30677d8ab1a8b8aa4b853c5f4e4b1361f50bf5\gdx-ai-1.8.0.jar;C:\Users\sam\.gradle\caches\modules-2\files-2.1\com.badlogicgames.gdx\gdx\1.9.10\79d9ad27bd5e3eb18c9ade61d3a27d7237695d53\gdx-1.9.10.jar;C:\Users\sam\.gradle\caches\modules-2\files-2.1\org.lwjgl.lwjgl\lwjgl_util\2.9.3\751f06b62424da056954c67288fd5c494431e350\lwjgl_util-2.9.3.jar;C:\Users\sam\.gradle\caches\modules-2\files-2.1\org.lwjgl.lwjgl\lwjgl
Launcher Type: SUN_STANDARD

[Global flags]
     intx CICompilerCount                          = 4                                         {product} {ergonomic}
     uint ConcGCThreads                            = 2                                         {product} {ergonomic}
     uint G1ConcRefinementThreads                  = 8                                         {product} {ergonomic}
   size_t G1HeapRegionSize                         = 1048576                                   {product} {ergonomic}
    uintx GCDrainStackTargetSize                   = 64                                        {product} {ergonomic}
   size_t InitialHeapSize                          = 127926272                                 {product} {ergonomic}
   size_t MarkStackSize                            = 4194304                                   {product} {ergonomic}
   size_t MaxHeapSize                              = 2027945984                                {product} {ergonomic}
   size_t MaxNewSize                               = 1216348160                                {product} {ergonomic}
   size_t MinHeapDeltaBytes                        = 1048576                                   {product} {ergonomic}
    uintx NonNMethodCodeHeapSize                   = 5835340                                {pd product} {ergonomic}
    uintx NonProfiledCodeHeapSize                  = 122911450                              {pd product} {ergonomic}
    uintx ProfiledCodeHeapSize                     = 122911450                              {pd product} {ergonomic}
    uintx ReservedCodeCacheSize                    = 251658240                              {pd product} {ergonomic}
     bool SegmentedCodeCache                       = true                                      {product} {ergonomic}
     bool UseCompressedClassPointers               = true                                 {lp64_product} {ergonomic}
     bool UseCompressedOops                        = true                                 {lp64_product} {ergonomic}
     bool UseG1GC                                  = true                                      {product} {ergonomic}
     bool UseLargePagesIndividualAllocation        = false                                  {pd product} {ergonomic}

Logging:
Log output configuration:
 #0: stdout all=warning uptime,level,tags
 #1: stderr all=off uptime,level,tags

Environment Variables:
PATH=C:\Program Files (x86)\Common Files\Oracle\Java\javapath;C:\WINDOWS\system32;C:\WINDOWS;C:\WINDOWS\System32\Wbem;C:\WINDOWS\System32\WindowsPowerShell\v1.0\;C:\WINDOWS\System32\OpenSSH\;C:\Program Files\Git\cmd;C:\Users\sam\AppData\Local\Microsoft\WindowsApps;
USERNAME=sam
OS=Windows_NT
PROCESSOR_IDENTIFIER=AMD64 Family 23 Model 17 Stepping 0, AuthenticAMD



---------------  S Y S T E M  ---------------

OS: Windows 10 , 64 bit Build 18362 (10.0.18362.329)

CPU:total 8 (initial active 8) (8 cores per cpu, 2 threads per core) family 23 model 17 stepping 0, cmov, cx8, fxsr, mmx, sse, sse2, sse3, ssse3, sse4.1, sse4.2, popcnt, avx, avx2, aes, clmul, mmxext, 3dnowpref, lzcnt, sse4a, ht, tsc, tscinvbit, tscinv, bmi1, bmi2, adx, sha, fma

Memory: 4k page, system-wide physical 7733M (2225M free)
TotalPageFile size 11317M (AvailPageFile size 3408M)
current process WorkingSet (physical memory assigned to process): 169M, peak: 182M
current process commit charge ("private bytes"): 356M, peak: 374M

vm_info: OpenJDK 64-Bit Server VM (11.0.4+10-b304.77) for windows-amd64 JRE (11.0.4+10-b304.77), built on Oct 10 2019 15:02:36 by "" with MS VC++ 14.0 (VS2015)

END.
