#
# A fatal error has been detected by the Java Runtime Environment:
#
#  EXCEPTION_ACCESS_VIOLATION (0xc0000005) at pc=0x000000006e9cbbb1, pid=2284, tid=4452
#
# JRE version: OpenJDK Runtime Environment (11.0.4+10) (build 11.0.4+10-b304.77)
# Java VM: OpenJDK 64-Bit Server VM (11.0.4+10-b304.77, mixed mode, sharing, tiered, compressed oops, g1 gc, windows-amd64)
# Problematic frame:
# C  [gdx-box2d64.dll+0xbbb1]
#
# No core dump will be written. Minidumps are not enabled by default on client versions of Windows
#
# If you would like to submit a bug report, please visit:
#   http://bugreport.java.com/bugreport/crash.jsp
# The crash happened outside the Java Virtual Machine in native code.
# See problematic frame for where to report the bug.
#

---------------  S U M M A R Y ------------

Command Line: -Dfile.encoding=windows-1252 -Duser.country=GB -Duser.language=en -Duser.variant com.berbils.game.desktop.DesktopLauncher

Host: AMD Ryzen 5 2500U with Radeon Vega Mobile Gfx  , 8 cores, 7G,  Windows 10 , 64 bit Build 18362 (10.0.18362.329)
Time: Mon Feb 10 15:56:03 2020 GMT Standard Time elapsed time: 17 seconds (0d 0h 0m 17s)

---------------  T H R E A D  ---------------

Current thread (0x0000025d2045b000):  JavaThread "LWJGL Application" [_thread_in_native, id=4452, stack(0x0000007496200000,0x0000007496300000)]

Stack: [0x0000007496200000,0x0000007496300000],  sp=0x00000074962fe870,  free space=1018k
Native frames: (J=compiled Java code, j=interpreted, Vv=VM code, C=native code)
C  [gdx-box2d64.dll+0xbbb1]

Java frames: (J=compiled Java code, j=interpreted, Vv=VM code)
j  com.badlogic.gdx.physics.box2d.World.jniCreateBody(JIFFFFFFFFZZZZZF)J+0
j  com.badlogic.gdx.physics.box2d.World.createBody(Lcom/badlogic/gdx/physics/box2d/BodyDef;)Lcom/badlogic/gdx/physics/box2d/Body;+80
j  com.berbils.game.Entities.EntityTypes.Entity.createBodyCopy()V+9
j  com.berbils.game.Entities.ProjectileSpawners.Weapon.spawnProjectile(Lcom/badlogic/gdx/math/Vector2;Lcom/badlogic/gdx/math/Vector2;)V+20
J 1698 c1 com.berbils.game.Entities.ProjectileSpawners.BasicProjectileSpawner.attack(Lcom/badlogic/gdx/math/Vector2;Lcom/badlogic/gdx/math/Vector2;)V (26 bytes) @ 0x0000025d095666c4 [0x0000025d09566400+0x00000000000002c4]
J 1714 c1 com.berbils.game.Tools.InputManager.handlePlayerInput(Lcom/berbils/game/Entities/FireEngines/FireEngine;FLcom/berbils/game/Kroy;)V (300 bytes) @ 0x0000025d0956bc54 [0x0000025d09568ce0+0x0000000000002f74]
J 1562 c1 com.berbils.game.Screens.PlayScreen.update(F)V (175 bytes) @ 0x0000025d094ff7d4 [0x0000025d094fea60+0x0000000000000d74]
J 1680 c1 com.berbils.game.Screens.PlayScreen.render(F)V (120 bytes) @ 0x0000025d0955a834 [0x0000025d0955a780+0x00000000000000b4]
J 1738 c1 com.berbils.game.Kroy.render()V (5 bytes) @ 0x0000025d095830fc [0x0000025d09582ee0+0x000000000000021c]
j  com.badlogic.gdx.backends.lwjgl.LwjglApplication.mainLoop()V+770
j  com.badlogic.gdx.backends.lwjgl.LwjglApplication$1.run()V+27
v  ~StubRoutines::call_stub

siginfo: EXCEPTION_ACCESS_VIOLATION (0xc0000005), reading address 0x0000025f1ff8d490


Register to memory mapping:

RIP=0x000000006e9cbbb1 gdx-box2d64.dll
RAX=0x000000006ea10060 gdx-box2d64.dll
RBX=0x0000025f1ff8d490 is an unknown value
RCX=0x0000025d1ff72300 points into unknown readable memory: 80 00 5c 28 5d 02 00 00
RDX=0x00000000000000b8 is an unknown value
RSP=0x00000074962fe870 is pointing into the stack for thread: 0x0000025d2045b000
RBP=0x0000025d1ff72330 points into unknown readable memory: 00 00 00 00 00 00 00 00
RSI=0x0000025d1ff72300 points into unknown readable memory: 80 00 5c 28 5d 02 00 00
RDI=0x00000074962fe930 is pointing into the stack for thread: 0x0000025d2045b000
R8 =0x0000025d1ff72300 points into unknown readable memory: 80 00 5c 28 5d 02 00 00
R9 =0x0000000000000002 is an unknown value
R10=0x0 is NULL
R11=0x0000000000000001 is an unknown value
R12=0x0 is NULL
R13=0x0000000000000006 is an unknown value
R14=0x00000074962feb20 is pointing into the stack for thread: 0x0000025d2045b000
R15=0x0000025d2045b000 is a thread


Registers:
RAX=0x000000006ea10060, RBX=0x0000025f1ff8d490, RCX=0x0000025d1ff72300, RDX=0x00000000000000b8
RSP=0x00000074962fe870, RBP=0x0000025d1ff72330, RSI=0x0000025d1ff72300, RDI=0x00000074962fe930
R8 =0x0000025d1ff72300, R9 =0x0000000000000002, R10=0x0000000000000000, R11=0x0000000000000001
R12=0x0000000000000000, R13=0x0000000000000006, R14=0x00000074962feb20, R15=0x0000025d2045b000
RIP=0x000000006e9cbbb1, EFLAGS=0x0000000000010206

Top of Stack: (sp=0x00000074962fe870)
0x00000074962fe870:   0000025d1f906578 0000025d2045b000
0x00000074962fe880:   00007ff9b2b78f58 0000025d22693060
0x00000074962fe890:   0000000000000001 0000025d1ff72300
0x00000074962fe8a0:   00000074962fe930 00000074962fea78
0x00000074962fe8b0:   0000000000000000 0000025d1f906578
0x00000074962fe8c0:   00000074962feb20 000000006e9e1163
0x00000074962fe8d0:   00000074962fe970 00000074962fe970
0x00000074962fe8e0:   0000000800000003 0000025d1f906578
0x00000074962fe8f0:   0000000000000001 0000000000000009
0x00000074962fe900:   000000008d187d68 000000006e9e6a36
0x00000074962fe910:   0000025d2045b000 00000074962feb20
0x00000074962fe920:   00000074962fea78 0000025d08c5878b
0x00000074962fe930:   4131a5e900000002 0000000040f9943b
0x00000074962fe940:   0000000000000000 0000000000000000
0x00000074962fe950:   0000010100000000 00000074962feb01
0x00000074962fe960:   0000000000000000 000000003f800000 

Instructions: (pc=0x000000006e9cbbb1)
0x000000006e9cbab1:   3d 89 45 04 00 00 75 5e 48 8d 3d a1 45 04 00 bb
0x000000006e9cbac1:   01 00 00 00 31 f6 48 8d 2d 32 45 03 00 eb 04 48
0x000000006e9cbad1:   83 c7 01 48 63 c6 39 5c 85 00 7d 03 83 c6 01 83
0x000000006e9cbae1:   c3 01 40 88 37 81 fb 81 02 00 00 74 22 83 fe 0d
0x000000006e9cbaf1:   7e dd 48 8d 15 56 60 03 00 48 8d 0d bb 60 03 00
0x000000006e9cbb01:   41 b8 49 00 00 00 e8 c4 aa 02 00 eb c2 66 90 c6
0x000000006e9cbb11:   05 29 45 04 00 01 48 83 c4 28 5b 5e 5f 5d c3 57
0x000000006e9cbb21:   56 53 48 83 ec 20 8b 41 08 31 f6 31 db 48 89 cf
0x000000006e9cbb31:   85 c0 7e 19 48 8b 07 83 c3 01 48 8b 4c 30 08 48
0x000000006e9cbb41:   83 c6 10 e8 c7 08 00 00 39 5f 08 7f e7 48 8b 0f
0x000000006e9cbb51:   48 83 c4 20 5b 5e 5f e9 b3 08 00 00 90 66 90 41
0x000000006e9cbb61:   56 41 55 41 54 55 57 56 53 48 83 ec 20 48 63 da
0x000000006e9cbb71:   48 89 ce 83 fb 00 0f 84 66 01 00 00 0f 8e 42 01
0x000000006e9cbb81:   00 00 81 fb 80 02 00 00 0f 8f 21 01 00 00 48 8d
0x000000006e9cbb91:   05 ca 44 04 00 44 0f b6 2c 18 41 80 fd 0d 4c 89
0x000000006e9cbba1:   eb 77 2c 48 8d 2c de 48 8b 5d 10 48 85 db 74 45
0x000000006e9cbbb1:   48 8b 03 48 89 45 10 48 89 d8 48 83 c4 20 5b 5e
0x000000006e9cbbc1:   5f 5d 41 5c 41 5d 41 5e c3 66 0f 1f 44 00 00 48
0x000000006e9cbbd1:   8d 15 79 5f 03 00 48 8d 0d fa 5f 03 00 48 8d 2c
0x000000006e9cbbe1:   de 41 b8 70 00 00 00 e8 e3 a9 02 00 48 8b 5d 10
0x000000006e9cbbf1:   48 85 db 75 bb 4c 63 66 08 44 3b 66 0c 0f 84 1c
0x000000006e9cbc01:   01 00 00 49 c1 e4 04 4c 03 26 b9 00 40 00 00 e8
0x000000006e9cbc11:   eb 07 00 00 48 89 c3 4d 63 ed 49 89 44 24 08 48
0x000000006e9cbc21:   8d 05 d9 43 03 00 42 8b 3c a8 b8 00 40 00 00 99
0x000000006e9cbc31:   f7 ff 41 89 fd 41 89 3c 24 44 0f af e8 41 89 c6
0x000000006e9cbc41:   41 81 fd 00 40 00 00 0f 8f a6 00 00 00 41 83 fe
0x000000006e9cbc51:   01 7e 2a 4c 63 c7 41 8d 46 ff 31 d2 4d 89 c1 4a
0x000000006e9cbc61:   8d 0c 03 49 f7 d9 66 0f 1f 84 00 00 00 00 00 83
0x000000006e9cbc71:   c2 01 4a 89 0c 09 4c 01 c1 39 c2 75 f2 41 29 fd
0x000000006e9cbc81:   4d 63 ed 4a c7 04 2b 00 00 00 00 48 8b 03 48 89
0x000000006e9cbc91:   45 10 83 46 08 01 48 89 d8 48 83 c4 20 5b 5e 5f
0x000000006e9cbca1:   5d 41 5c 41 5d 41 5e c3 0f 1f 80 00 00 00 00 89 


Stack slot to memory mapping:
stack at sp + 0 slots: {method} {0x0000025d1f906580} 'jniCreateBody' '(JIFFFFFFFFZZZZZF)J' in 'com/badlogic/gdx/physics/box2d/World'
stack at sp + 1 slots: 0x0000025d2045b000 is a thread
stack at sp + 2 slots: 0x00007ff9b2b78f58 jvm.dll
stack at sp + 3 slots: 0x0000025d22693060 points into unknown readable memory: 13 00 01 00 53 89 28 4a
stack at sp + 4 slots: 0x0000000000000001 is an unknown value
stack at sp + 5 slots: 0x0000025d1ff72300 points into unknown readable memory: 80 00 5c 28 5d 02 00 00
stack at sp + 6 slots: 0x00000074962fe930 is pointing into the stack for thread: 0x0000025d2045b000
stack at sp + 7 slots: 0x00000074962fea78 is pointing into the stack for thread: 0x0000025d2045b000


---------------  P R O C E S S  ---------------

Threads class SMR info:
_java_thread_list=0x0000025d207d3b80, length=13, elements={
0x0000025d1f174000, 0x0000025d1f175800, 0x0000025d1f194000, 0x0000025d1f195000,
0x0000025d1f1a0000, 0x0000025d1f1a3800, 0x0000025d1f1b0800, 0x0000025d1fc53000,
0x0000025d1fc42000, 0x0000025d2045b000, 0x0000025d04d9c000, 0x0000025d228c0000,
0x0000025d27901800
}

Java Threads: ( => current thread )
  0x0000025d1f174000 JavaThread "Reference Handler" daemon [_thread_blocked, id=236, stack(0x0000007495600000,0x0000007495700000)]
  0x0000025d1f175800 JavaThread "Finalizer" daemon [_thread_blocked, id=8176, stack(0x0000007495700000,0x0000007495800000)]
  0x0000025d1f194000 JavaThread "Signal Dispatcher" daemon [_thread_blocked, id=13932, stack(0x0000007495800000,0x0000007495900000)]
  0x0000025d1f195000 JavaThread "Attach Listener" daemon [_thread_blocked, id=11380, stack(0x0000007495900000,0x0000007495a00000)]
  0x0000025d1f1a0000 JavaThread "C2 CompilerThread0" daemon [_thread_blocked, id=9092, stack(0x0000007495a00000,0x0000007495b00000)]
  0x0000025d1f1a3800 JavaThread "C1 CompilerThread0" daemon [_thread_blocked, id=3868, stack(0x0000007495b00000,0x0000007495c00000)]
  0x0000025d1f1b0800 JavaThread "Sweeper thread" daemon [_thread_blocked, id=10048, stack(0x0000007495c00000,0x0000007495d00000)]
  0x0000025d1fc53000 JavaThread "Service Thread" daemon [_thread_blocked, id=8572, stack(0x0000007495d00000,0x0000007495e00000)]
  0x0000025d1fc42000 JavaThread "Common-Cleaner" daemon [_thread_blocked, id=1412, stack(0x0000007495f00000,0x0000007496000000)]
=>0x0000025d2045b000 JavaThread "LWJGL Application" [_thread_in_native, id=4452, stack(0x0000007496200000,0x0000007496300000)]
  0x0000025d04d9c000 JavaThread "DestroyJavaVM" [_thread_blocked, id=1292, stack(0x0000007494f00000,0x0000007495000000)]
  0x0000025d228c0000 JavaThread "AssetManager" daemon [_thread_blocked, id=11324, stack(0x0000007496400000,0x0000007496500000)]
  0x0000025d27901800 JavaThread "LWJGL Timer" daemon [_thread_blocked, id=12420, stack(0x0000007496600000,0x0000007496700000)]

Other Threads:
  0x0000025d1f170000 VMThread "VM Thread" [stack: 0x0000007495500000,0x0000007495600000] [id=14096]
  0x0000025d1fc54800 WatcherThread [stack: 0x0000007495e00000,0x0000007495f00000] [id=11452]
  0x0000025d04db3000 GCTaskThread "GC Thread#0" [stack: 0x0000007495000000,0x0000007495100000] [id=2308]
  0x0000025d22869800 GCTaskThread "GC Thread#1" [stack: 0x0000007496500000,0x0000007496600000] [id=2224]
  0x0000025d2762b000 GCTaskThread "GC Thread#2" [stack: 0x0000007496700000,0x0000007496800000] [id=10528]
  0x0000025d277c7000 GCTaskThread "GC Thread#3" [stack: 0x0000007496800000,0x0000007496900000] [id=4868]
  0x0000025d04de4800 ConcurrentGCThread "G1 Main Marker" [stack: 0x0000007495100000,0x0000007495200000] [id=6568]
  0x0000025d04de7000 ConcurrentGCThread "G1 Conc#0" [stack: 0x0000007495200000,0x0000007495300000] [id=2756]
  0x0000025d1f006800 ConcurrentGCThread "G1 Refine#0" [stack: 0x0000007495300000,0x0000007495400000] [id=1536]
  0x0000025d1f007000 ConcurrentGCThread "G1 Young RemSet Sampling" [stack: 0x0000007495400000,0x0000007495500000] [id=7196]

Threads with active compile tasks:

VM state:not at safepoint (normal execution)

VM Mutex/Monitor currently owned by a thread: None

Heap address: 0x0000000087200000, size: 1934 MB, Compressed Oops mode: 32-bit
Narrow klass base: 0x0000000800000000, Narrow klass shift: 3
Compressed class space size: 1073741824 Address: 0x0000000840000000

Heap:
 garbage-first heap   total 124928K, used 6207K [0x0000000087200000, 0x0000000100000000)
  region size 1024K, 7 young (7168K), 3 survivors (3072K)
 Metaspace       used 7584K, capacity 9772K, committed 10112K, reserved 1058816K
  class space    used 607K, capacity 836K, committed 896K, reserved 1048576K
Heap Regions: E=young(eden), S=young(survivor), O=old, HS=humongous(starts), HC=humongous(continues), CS=collection set, F=free, A=archive, TAMS=top-at-mark-start (previous, next)
|   0|0x0000000087200000, 0x000000008720fe00, 0x0000000087300000|  6%| O|  |TAMS 0x0000000087200000, 0x0000000087200000| Untracked 
|   1|0x0000000087300000, 0x0000000087300000, 0x0000000087400000|  0%| F|  |TAMS 0x0000000087300000, 0x0000000087300000| Untracked 
|   2|0x0000000087400000, 0x0000000087400000, 0x0000000087500000|  0%| F|  |TAMS 0x0000000087400000, 0x0000000087400000| Untracked 
|   3|0x0000000087500000, 0x0000000087500000, 0x0000000087600000|  0%| F|  |TAMS 0x0000000087500000, 0x0000000087500000| Untracked 
|   4|0x0000000087600000, 0x0000000087600000, 0x0000000087700000|  0%| F|  |TAMS 0x0000000087600000, 0x0000000087600000| Untracked 
|   5|0x0000000087700000, 0x0000000087700000, 0x0000000087800000|  0%| F|  |TAMS 0x0000000087700000, 0x0000000087700000| Untracked 
|   6|0x0000000087800000, 0x0000000087800000, 0x0000000087900000|  0%| F|  |TAMS 0x0000000087800000, 0x0000000087800000| Untracked 
|   7|0x0000000087900000, 0x0000000087900000, 0x0000000087a00000|  0%| F|  |TAMS 0x0000000087900000, 0x0000000087900000| Untracked 
|   8|0x0000000087a00000, 0x0000000087a00000, 0x0000000087b00000|  0%| F|  |TAMS 0x0000000087a00000, 0x0000000087a00000| Untracked 
|   9|0x0000000087b00000, 0x0000000087b00000, 0x0000000087c00000|  0%| F|  |TAMS 0x0000000087b00000, 0x0000000087b00000| Untracked 
|  10|0x0000000087c00000, 0x0000000087c00000, 0x0000000087d00000|  0%| F|  |TAMS 0x0000000087c00000, 0x0000000087c00000| Untracked 
|  11|0x0000000087d00000, 0x0000000087d00000, 0x0000000087e00000|  0%| F|  |TAMS 0x0000000087d00000, 0x0000000087d00000| Untracked 
|  12|0x0000000087e00000, 0x0000000087e00000, 0x0000000087f00000|  0%| F|  |TAMS 0x0000000087e00000, 0x0000000087e00000| Untracked 
|  13|0x0000000087f00000, 0x0000000087f00000, 0x0000000088000000|  0%| F|  |TAMS 0x0000000087f00000, 0x0000000087f00000| Untracked 
|  14|0x0000000088000000, 0x0000000088000000, 0x0000000088100000|  0%| F|  |TAMS 0x0000000088000000, 0x0000000088000000| Untracked 
|  15|0x0000000088100000, 0x0000000088100000, 0x0000000088200000|  0%| F|  |TAMS 0x0000000088100000, 0x0000000088100000| Untracked 
|  16|0x0000000088200000, 0x0000000088200000, 0x0000000088300000|  0%| F|  |TAMS 0x0000000088200000, 0x0000000088200000| Untracked 
|  17|0x0000000088300000, 0x0000000088300000, 0x0000000088400000|  0%| F|  |TAMS 0x0000000088300000, 0x0000000088300000| Untracked 
|  18|0x0000000088400000, 0x0000000088400000, 0x0000000088500000|  0%| F|  |TAMS 0x0000000088400000, 0x0000000088400000| Untracked 
|  19|0x0000000088500000, 0x0000000088500000, 0x0000000088600000|  0%| F|  |TAMS 0x0000000088500000, 0x0000000088500000| Untracked 
|  20|0x0000000088600000, 0x0000000088600000, 0x0000000088700000|  0%| F|  |TAMS 0x0000000088600000, 0x0000000088600000| Untracked 
|  21|0x0000000088700000, 0x0000000088700000, 0x0000000088800000|  0%| F|  |TAMS 0x0000000088700000, 0x0000000088700000| Untracked 
|  22|0x0000000088800000, 0x0000000088800000, 0x0000000088900000|  0%| F|  |TAMS 0x0000000088800000, 0x0000000088800000| Untracked 
|  23|0x0000000088900000, 0x0000000088900000, 0x0000000088a00000|  0%| F|  |TAMS 0x0000000088900000, 0x0000000088900000| Untracked 
|  24|0x0000000088a00000, 0x0000000088a00000, 0x0000000088b00000|  0%| F|  |TAMS 0x0000000088a00000, 0x0000000088a00000| Untracked 
|  25|0x0000000088b00000, 0x0000000088b00000, 0x0000000088c00000|  0%| F|  |TAMS 0x0000000088b00000, 0x0000000088b00000| Untracked 
|  26|0x0000000088c00000, 0x0000000088c00000, 0x0000000088d00000|  0%| F|  |TAMS 0x0000000088c00000, 0x0000000088c00000| Untracked 
|  27|0x0000000088d00000, 0x0000000088d00000, 0x0000000088e00000|  0%| F|  |TAMS 0x0000000088d00000, 0x0000000088d00000| Untracked 
|  28|0x0000000088e00000, 0x0000000088e00000, 0x0000000088f00000|  0%| F|  |TAMS 0x0000000088e00000, 0x0000000088e00000| Untracked 
|  29|0x0000000088f00000, 0x0000000088f00000, 0x0000000089000000|  0%| F|  |TAMS 0x0000000088f00000, 0x0000000088f00000| Untracked 
|  30|0x0000000089000000, 0x0000000089000000, 0x0000000089100000|  0%| F|  |TAMS 0x0000000089000000, 0x0000000089000000| Untracked 
|  31|0x0000000089100000, 0x0000000089100000, 0x0000000089200000|  0%| F|  |TAMS 0x0000000089100000, 0x0000000089100000| Untracked 
|  32|0x0000000089200000, 0x0000000089200000, 0x0000000089300000|  0%| F|  |TAMS 0x0000000089200000, 0x0000000089200000| Untracked 
|  33|0x0000000089300000, 0x0000000089300000, 0x0000000089400000|  0%| F|  |TAMS 0x0000000089300000, 0x0000000089300000| Untracked 
|  34|0x0000000089400000, 0x0000000089400000, 0x0000000089500000|  0%| F|  |TAMS 0x0000000089400000, 0x0000000089400000| Untracked 
|  35|0x0000000089500000, 0x0000000089500000, 0x0000000089600000|  0%| F|  |TAMS 0x0000000089500000, 0x0000000089500000| Untracked 
|  36|0x0000000089600000, 0x0000000089600000, 0x0000000089700000|  0%| F|  |TAMS 0x0000000089600000, 0x0000000089600000| Untracked 
|  37|0x0000000089700000, 0x0000000089700000, 0x0000000089800000|  0%| F|  |TAMS 0x0000000089700000, 0x0000000089700000| Untracked 
|  38|0x0000000089800000, 0x0000000089800000, 0x0000000089900000|  0%| F|  |TAMS 0x0000000089800000, 0x0000000089800000| Untracked 
|  39|0x0000000089900000, 0x0000000089900000, 0x0000000089a00000|  0%| F|  |TAMS 0x0000000089900000, 0x0000000089900000| Untracked 
|  40|0x0000000089a00000, 0x0000000089a00000, 0x0000000089b00000|  0%| F|  |TAMS 0x0000000089a00000, 0x0000000089a00000| Untracked 
|  41|0x0000000089b00000, 0x0000000089b00000, 0x0000000089c00000|  0%| F|  |TAMS 0x0000000089b00000, 0x0000000089b00000| Untracked 
|  42|0x0000000089c00000, 0x0000000089c00000, 0x0000000089d00000|  0%| F|  |TAMS 0x0000000089c00000, 0x0000000089c00000| Untracked 
|  43|0x0000000089d00000, 0x0000000089d00000, 0x0000000089e00000|  0%| F|  |TAMS 0x0000000089d00000, 0x0000000089d00000| Untracked 
|  44|0x0000000089e00000, 0x0000000089e00000, 0x0000000089f00000|  0%| F|  |TAMS 0x0000000089e00000, 0x0000000089e00000| Untracked 
|  45|0x0000000089f00000, 0x0000000089f00000, 0x000000008a000000|  0%| F|  |TAMS 0x0000000089f00000, 0x0000000089f00000| Untracked 
|  46|0x000000008a000000, 0x000000008a000000, 0x000000008a100000|  0%| F|  |TAMS 0x000000008a000000, 0x000000008a000000| Untracked 
|  47|0x000000008a100000, 0x000000008a100000, 0x000000008a200000|  0%| F|  |TAMS 0x000000008a100000, 0x000000008a100000| Untracked 
|  48|0x000000008a200000, 0x000000008a200000, 0x000000008a300000|  0%| F|  |TAMS 0x000000008a200000, 0x000000008a200000| Untracked 
|  49|0x000000008a300000, 0x000000008a300000, 0x000000008a400000|  0%| F|  |TAMS 0x000000008a300000, 0x000000008a300000| Untracked 
|  50|0x000000008a400000, 0x000000008a400000, 0x000000008a500000|  0%| F|  |TAMS 0x000000008a400000, 0x000000008a400000| Untracked 
|  51|0x000000008a500000, 0x000000008a500000, 0x000000008a600000|  0%| F|  |TAMS 0x000000008a500000, 0x000000008a500000| Untracked 
|  52|0x000000008a600000, 0x000000008a600000, 0x000000008a700000|  0%| F|  |TAMS 0x000000008a600000, 0x000000008a600000| Untracked 
|  53|0x000000008a700000, 0x000000008a700000, 0x000000008a800000|  0%| F|  |TAMS 0x000000008a700000, 0x000000008a700000| Untracked 
|  54|0x000000008a800000, 0x000000008a800000, 0x000000008a900000|  0%| F|  |TAMS 0x000000008a800000, 0x000000008a800000| Untracked 
|  55|0x000000008a900000, 0x000000008a900000, 0x000000008aa00000|  0%| F|  |TAMS 0x000000008a900000, 0x000000008a900000| Untracked 
|  56|0x000000008aa00000, 0x000000008aa00000, 0x000000008ab00000|  0%| F|  |TAMS 0x000000008aa00000, 0x000000008aa00000| Untracked 
|  57|0x000000008ab00000, 0x000000008ab00000, 0x000000008ac00000|  0%| F|  |TAMS 0x000000008ab00000, 0x000000008ab00000| Untracked 
|  58|0x000000008ac00000, 0x000000008ac00000, 0x000000008ad00000|  0%| F|  |TAMS 0x000000008ac00000, 0x000000008ac00000| Untracked 
|  59|0x000000008ad00000, 0x000000008ad00000, 0x000000008ae00000|  0%| F|  |TAMS 0x000000008ad00000, 0x000000008ad00000| Untracked 
|  60|0x000000008ae00000, 0x000000008ae00000, 0x000000008af00000|  0%| F|  |TAMS 0x000000008ae00000, 0x000000008ae00000| Untracked 
|  61|0x000000008af00000, 0x000000008af00000, 0x000000008b000000|  0%| F|  |TAMS 0x000000008af00000, 0x000000008af00000| Untracked 
|  62|0x000000008b000000, 0x000000008b000000, 0x000000008b100000|  0%| F|  |TAMS 0x000000008b000000, 0x000000008b000000| Untracked 
|  63|0x000000008b100000, 0x000000008b100000, 0x000000008b200000|  0%| F|  |TAMS 0x000000008b100000, 0x000000008b100000| Untracked 
|  64|0x000000008b200000, 0x000000008b200000, 0x000000008b300000|  0%| F|  |TAMS 0x000000008b200000, 0x000000008b200000| Untracked 
|  65|0x000000008b300000, 0x000000008b300000, 0x000000008b400000|  0%| F|  |TAMS 0x000000008b300000, 0x000000008b300000| Untracked 
|  66|0x000000008b400000, 0x000000008b400000, 0x000000008b500000|  0%| F|  |TAMS 0x000000008b400000, 0x000000008b400000| Untracked 
|  67|0x000000008b500000, 0x000000008b500000, 0x000000008b600000|  0%| F|  |TAMS 0x000000008b500000, 0x000000008b500000| Untracked 
|  68|0x000000008b600000, 0x000000008b600000, 0x000000008b700000|  0%| F|  |TAMS 0x000000008b600000, 0x000000008b600000| Untracked 
|  69|0x000000008b700000, 0x000000008b700000, 0x000000008b800000|  0%| F|  |TAMS 0x000000008b700000, 0x000000008b700000| Untracked 
|  70|0x000000008b800000, 0x000000008b800000, 0x000000008b900000|  0%| F|  |TAMS 0x000000008b800000, 0x000000008b800000| Untracked 
|  71|0x000000008b900000, 0x000000008b900000, 0x000000008ba00000|  0%| F|  |TAMS 0x000000008b900000, 0x000000008b900000| Untracked 
|  72|0x000000008ba00000, 0x000000008ba00000, 0x000000008bb00000|  0%| F|  |TAMS 0x000000008ba00000, 0x000000008ba00000| Untracked 
|  73|0x000000008bb00000, 0x000000008bb00000, 0x000000008bc00000|  0%| F|  |TAMS 0x000000008bb00000, 0x000000008bb00000| Untracked 
|  74|0x000000008bc00000, 0x000000008bc00000, 0x000000008bd00000|  0%| F|  |TAMS 0x000000008bc00000, 0x000000008bc00000| Untracked 
|  75|0x000000008bd00000, 0x000000008bd00000, 0x000000008be00000|  0%| F|  |TAMS 0x000000008bd00000, 0x000000008bd00000| Untracked 
|  76|0x000000008be00000, 0x000000008be00000, 0x000000008bf00000|  0%| F|  |TAMS 0x000000008be00000, 0x000000008be00000| Untracked 
|  77|0x000000008bf00000, 0x000000008bf00000, 0x000000008c000000|  0%| F|  |TAMS 0x000000008bf00000, 0x000000008bf00000| Untracked 
|  78|0x000000008c000000, 0x000000008c000000, 0x000000008c100000|  0%| F|  |TAMS 0x000000008c000000, 0x000000008c000000| Untracked 
|  79|0x000000008c100000, 0x000000008c100000, 0x000000008c200000|  0%| F|  |TAMS 0x000000008c100000, 0x000000008c100000| Untracked 
|  80|0x000000008c200000, 0x000000008c200000, 0x000000008c300000|  0%| F|  |TAMS 0x000000008c200000, 0x000000008c200000| Untracked 
|  81|0x000000008c300000, 0x000000008c300000, 0x000000008c400000|  0%| F|  |TAMS 0x000000008c300000, 0x000000008c300000| Untracked 
|  82|0x000000008c400000, 0x000000008c400000, 0x000000008c500000|  0%| F|  |TAMS 0x000000008c400000, 0x000000008c400000| Untracked 
|  83|0x000000008c500000, 0x000000008c500000, 0x000000008c600000|  0%| F|  |TAMS 0x000000008c500000, 0x000000008c500000| Untracked 
|  84|0x000000008c600000, 0x000000008c600000, 0x000000008c700000|  0%| F|  |TAMS 0x000000008c600000, 0x000000008c600000| Untracked 
|  85|0x000000008c700000, 0x000000008c700000, 0x000000008c800000|  0%| F|  |TAMS 0x000000008c700000, 0x000000008c700000| Untracked 
|  86|0x000000008c800000, 0x000000008c800000, 0x000000008c900000|  0%| F|  |TAMS 0x000000008c800000, 0x000000008c800000| Untracked 
|  87|0x000000008c900000, 0x000000008c900000, 0x000000008ca00000|  0%| F|  |TAMS 0x000000008c900000, 0x000000008c900000| Untracked 
|  88|0x000000008ca00000, 0x000000008ca00000, 0x000000008cb00000|  0%| F|  |TAMS 0x000000008ca00000, 0x000000008ca00000| Untracked 
|  89|0x000000008cb00000, 0x000000008cb00000, 0x000000008cc00000|  0%| F|  |TAMS 0x000000008cb00000, 0x000000008cb00000| Untracked 
|  90|0x000000008cc00000, 0x000000008cc00000, 0x000000008cd00000|  0%| F|  |TAMS 0x000000008cc00000, 0x000000008cc00000| Untracked 
|  91|0x000000008cd00000, 0x000000008cd00000, 0x000000008ce00000|  0%| F|  |TAMS 0x000000008cd00000, 0x000000008cd00000| Untracked 
|  92|0x000000008ce00000, 0x000000008ce00000, 0x000000008cf00000|  0%| F|  |TAMS 0x000000008ce00000, 0x000000008ce00000| Untracked 
|  93|0x000000008cf00000, 0x000000008cf00000, 0x000000008d000000|  0%| F|  |TAMS 0x000000008cf00000, 0x000000008cf00000| Untracked 
|  94|0x000000008d000000, 0x000000008d000000, 0x000000008d100000|  0%| F|  |TAMS 0x000000008d000000, 0x000000008d000000| Untracked 
|  95|0x000000008d100000, 0x000000008d200000, 0x000000008d200000|100%| S|CS|TAMS 0x000000008d100000, 0x000000008d100000| Complete 
|  96|0x000000008d200000, 0x000000008d300000, 0x000000008d300000|100%| S|CS|TAMS 0x000000008d200000, 0x000000008d200000| Complete 
|  97|0x000000008d300000, 0x000000008d400000, 0x000000008d400000|100%| S|CS|TAMS 0x000000008d300000, 0x000000008d300000| Complete 
|  98|0x000000008d400000, 0x000000008d400000, 0x000000008d500000|  0%| F|  |TAMS 0x000000008d400000, 0x000000008d400000| Untracked 
|  99|0x000000008d500000, 0x000000008d500000, 0x000000008d600000|  0%| F|  |TAMS 0x000000008d500000, 0x000000008d500000| Untracked 
| 100|0x000000008d600000, 0x000000008d600000, 0x000000008d700000|  0%| F|  |TAMS 0x000000008d600000, 0x000000008d600000| Untracked 
| 101|0x000000008d700000, 0x000000008d700000, 0x000000008d800000|  0%| F|  |TAMS 0x000000008d700000, 0x000000008d700000| Untracked 
| 102|0x000000008d800000, 0x000000008d800000, 0x000000008d900000|  0%| F|  |TAMS 0x000000008d800000, 0x000000008d800000| Untracked 
| 103|0x000000008d900000, 0x000000008d900000, 0x000000008da00000|  0%| F|  |TAMS 0x000000008d900000, 0x000000008d900000| Untracked 
| 104|0x000000008da00000, 0x000000008da00000, 0x000000008db00000|  0%| F|  |TAMS 0x000000008da00000, 0x000000008da00000| Untracked 
| 105|0x000000008db00000, 0x000000008db00000, 0x000000008dc00000|  0%| F|  |TAMS 0x000000008db00000, 0x000000008db00000| Untracked 
| 106|0x000000008dc00000, 0x000000008dc00000, 0x000000008dd00000|  0%| F|  |TAMS 0x000000008dc00000, 0x000000008dc00000| Untracked 
| 107|0x000000008dd00000, 0x000000008dd00000, 0x000000008de00000|  0%| F|  |TAMS 0x000000008dd00000, 0x000000008dd00000| Untracked 
| 108|0x000000008de00000, 0x000000008de00000, 0x000000008df00000|  0%| F|  |TAMS 0x000000008de00000, 0x000000008de00000| Untracked 
| 109|0x000000008df00000, 0x000000008df00000, 0x000000008e000000|  0%| F|  |TAMS 0x000000008df00000, 0x000000008df00000| Untracked 
| 110|0x000000008e000000, 0x000000008e000000, 0x000000008e100000|  0%| F|  |TAMS 0x000000008e000000, 0x000000008e000000| Untracked 
| 111|0x000000008e100000, 0x000000008e100000, 0x000000008e200000|  0%| F|  |TAMS 0x000000008e100000, 0x000000008e100000| Untracked 
| 112|0x000000008e200000, 0x000000008e200000, 0x000000008e300000|  0%| F|  |TAMS 0x000000008e200000, 0x000000008e200000| Untracked 
| 113|0x000000008e300000, 0x000000008e300000, 0x000000008e400000|  0%| F|  |TAMS 0x000000008e300000, 0x000000008e300000| Untracked 
| 114|0x000000008e400000, 0x000000008e400000, 0x000000008e500000|  0%| F|  |TAMS 0x000000008e400000, 0x000000008e400000| Untracked 
| 115|0x000000008e500000, 0x000000008e500000, 0x000000008e600000|  0%| F|  |TAMS 0x000000008e500000, 0x000000008e500000| Untracked 
| 116|0x000000008e600000, 0x000000008e600000, 0x000000008e700000|  0%| F|  |TAMS 0x000000008e600000, 0x000000008e600000| Untracked 
| 117|0x000000008e700000, 0x000000008e700000, 0x000000008e800000|  0%| F|  |TAMS 0x000000008e700000, 0x000000008e700000| Untracked 
| 118|0x000000008e800000, 0x000000008e900000, 0x000000008e900000|100%| E|  |TAMS 0x000000008e800000, 0x000000008e800000| Complete 
| 119|0x000000008e900000, 0x000000008ea00000, 0x000000008ea00000|100%| E|CS|TAMS 0x000000008e900000, 0x000000008e900000| Complete 
| 120|0x000000008ea00000, 0x000000008eb00000, 0x000000008eb00000|100%| E|CS|TAMS 0x000000008ea00000, 0x000000008ea00000| Complete 
| 121|0x000000008eb00000, 0x000000008ec00000, 0x000000008ec00000|100%| E|CS|TAMS 0x000000008eb00000, 0x000000008eb00000| Complete 

Card table byte_map: [0x0000025d18350000,0x0000025d18720000] _byte_map_base: 0x0000025d17f17000

Marking Bits (Prev, Next): (CMBitMap*) 0x0000025d04ddc5b8, (CMBitMap*) 0x0000025d04ddc5f0
 Prev Bits: [0x0000025d18af0000, 0x0000025d1a928000)
 Next Bits: [0x0000025d1a930000, 0x0000025d1c768000)

Polling page: 0x0000025d02bf0000

Metaspace:

Usage:
  Non-class:      8.73 MB capacity,     6.81 MB ( 78%) used,     1.91 MB ( 22%) free+waste,     7.88 KB ( <1%) overhead. 
      Class:    836.00 KB capacity,   607.21 KB ( 73%) used,   226.04 KB ( 27%) free+waste,     2.75 KB ( <1%) overhead. 
       Both:      9.54 MB capacity,     7.41 MB ( 78%) used,     2.13 MB ( 22%) free+waste,    10.63 KB ( <1%) overhead. 

Virtual space:
  Non-class space:       10.00 MB reserved,       9.00 MB ( 90%) committed 
      Class space:        1.00 GB reserved,     896.00 KB ( <1%) committed 
             Both:        1.01 GB reserved,       9.88 MB ( <1%) committed 

Chunk freelists:
   Non-Class:  88.00 KB
       Class:  28.00 KB
        Both:  116.00 KB

CodeHeap 'non-profiled nmethods': size=120000Kb used=749Kb max_used=749Kb free=119250Kb
 bounds [0x0000025d10720000, 0x0000025d10990000, 0x0000025d17c50000]
CodeHeap 'profiled nmethods': size=120000Kb used=3753Kb max_used=3753Kb free=116247Kb
 bounds [0x0000025d091f0000, 0x0000025d095a0000, 0x0000025d10720000]
CodeHeap 'non-nmethods': size=5760Kb used=1226Kb max_used=1245Kb free=4533Kb
 bounds [0x0000025d08c50000, 0x0000025d08ec0000, 0x0000025d091f0000]
 total_blobs=2873 nmethods=1820 adapters=505
 compilation: enabled
              stopped_count=0, restarted_count=0
 full_count=0

Compilation events (10 events):
Event: 16.950 Thread 0x0000025d1f1a3800 1816       3       com.badlogic.gdx.graphics.g2d.BitmapFont::getScaleY (8 bytes)
Event: 16.950 Thread 0x0000025d1f1a3800 nmethod 1816 0x0000025d09597b90 code [0x0000025d09597d40, 0x0000025d09597ed8]
Event: 17.032 Thread 0x0000025d1f1a3800 1817       3       org.lwjgl.opengl.WindowsDisplay$Rect::copyFromBuffer (37 bytes)
Event: 17.032 Thread 0x0000025d1f1a3800 nmethod 1817 0x0000025d09597f90 code [0x0000025d09598180, 0x0000025d09598680]
Event: 17.032 Thread 0x0000025d1f1a3800 1818       3       org.lwjgl.opengl.WindowsMouse::handleMouseMoved (100 bytes)
Event: 17.033 Thread 0x0000025d1f1a3800 nmethod 1818 0x0000025d09598790 code [0x0000025d09598960, 0x0000025d09598ca0]
Event: 17.100 Thread 0x0000025d1f1a3800 1819       3       com.badlogic.gdx.graphics.g2d.BitmapFont$BitmapFontData::getGlyphs (269 bytes)
Event: 17.101 Thread 0x0000025d1f1a3800 nmethod 1819 0x0000025d09598d90 code [0x0000025d09599020, 0x0000025d09599e00]
Event: 17.133 Thread 0x0000025d1f1a0000 1820       4       com.berbils.game.Entities.EntityTypes.CircleGameEntity::getSizeDims (8 bytes)
Event: 17.135 Thread 0x0000025d1f1a0000 nmethod 1820 0x0000025d107db410 code [0x0000025d107db5c0, 0x0000025d107db6d8]

GC Heap History (2 events):
Event: 4.101 GC heap before
{Heap before GC invocations=0 (full 0):
 garbage-first heap   total 124928K, used 23552K [0x0000000087200000, 0x0000000100000000)
  region size 1024K, 24 young (24576K), 0 survivors (0K)
 Metaspace       used 7209K, capacity 9514K, committed 9856K, reserved 1058816K
  class space    used 605K, capacity 836K, committed 896K, reserved 1048576K
}
Event: 4.106 GC heap after
{Heap after GC invocations=1 (full 0):
 garbage-first heap   total 124928K, used 3135K [0x0000000087200000, 0x0000000100000000)
  region size 1024K, 3 young (3072K), 3 survivors (3072K)
 Metaspace       used 7209K, capacity 9514K, committed 9856K, reserved 1058816K
  class space    used 605K, capacity 836K, committed 896K, reserved 1048576K
}

Deoptimization events (10 events):
Event: 11.367 Thread 0x0000025d2045b000 DEOPT PACKING pc=0x0000025d107c8adc sp=0x00000074962fe330
Event: 11.367 Thread 0x0000025d2045b000 DEOPT UNPACKING pc=0x0000025d08c7922f sp=0x00000074962fe2c8 mode 2
Event: 11.367 Thread 0x0000025d2045b000 Uncommon trap: trap_request=0xffffff4d fr.pc=0x0000025d107ce330 relative=0x00000000000002f0
Event: 11.367 Thread 0x0000025d2045b000 Uncommon trap: reason=unstable_if action=reinterpret pc=0x0000025d107ce330 method=com.badlogic.gdx.scenes.scene2d.ui.Label.textEquals(Ljava/lang/CharSequence;)Z @ 23 c2
Event: 11.367 Thread 0x0000025d2045b000 DEOPT PACKING pc=0x0000025d107ce330 sp=0x00000074962fec20
Event: 11.367 Thread 0x0000025d2045b000 DEOPT UNPACKING pc=0x0000025d08c7922f sp=0x00000074962feba0 mode 2
Event: 14.101 Thread 0x0000025d2045b000 Uncommon trap: trap_request=0xffffff4d fr.pc=0x0000025d107a8f44 relative=0x0000000000001b24
Event: 14.101 Thread 0x0000025d2045b000 Uncommon trap: reason=unstable_if action=reinterpret pc=0x0000025d107a8f44 method=com.badlogic.gdx.physics.box2d.Fixture.getShape()Lcom/badlogic/gdx/physics/box2d/Shape; @ 38 c2
Event: 14.101 Thread 0x0000025d2045b000 DEOPT PACKING pc=0x0000025d107a8f44 sp=0x00000074962fedb0
Event: 14.101 Thread 0x0000025d2045b000 DEOPT UNPACKING pc=0x0000025d08c7922f sp=0x00000074962fed00 mode 2

Classes redefined (0 events):
No events

Internal exceptions (9 events):
Event: 0.267 Thread 0x0000025d04d9c000 Exception <a 'java/lang/NoSuchMethodError'{0x000000008e84c0f0}: 'java.lang.Object java.lang.invoke.DirectMethodHandle$Holder.invokeStaticInit(java.lang.Object, int, int, int, int)'> (0x000000008e84c0f0) thrown at [c:/BuildAgent/work/5ff2f6c26000d570/src/h
Event: 0.511 Thread 0x0000025d04d9c000 Exception <a 'java/lang/NoSuchMethodError'{0x000000008e885cc0}: 'java.lang.Object java.lang.invoke.DirectMethodHandle$Holder.invokeStaticInit(java.lang.Object, java.lang.Object, int, int, int, int)'> (0x000000008e885cc0) thrown at [c:/BuildAgent/work/5ff2
Event: 0.547 Thread 0x0000025d04d9c000 Exception <a 'java/security/PrivilegedActionException'{0x000000008e714460}> (0x000000008e714460) thrown at [c:/BuildAgent/work/5ff2f6c26000d570/src/hotspot/share/prims/jvm.cpp, line 1300]
Event: 0.547 Thread 0x0000025d04d9c000 Exception <a 'java/security/PrivilegedActionException'{0x000000008e716c40}> (0x000000008e716c40) thrown at [c:/BuildAgent/work/5ff2f6c26000d570/src/hotspot/share/prims/jvm.cpp, line 1300]
Event: 0.547 Thread 0x0000025d04d9c000 Exception <a 'java/security/PrivilegedActionException'{0x000000008e717bf8}> (0x000000008e717bf8) thrown at [c:/BuildAgent/work/5ff2f6c26000d570/src/hotspot/share/prims/jvm.cpp, line 1300]
Event: 0.552 Thread 0x0000025d04d9c000 Exception <a 'java/security/PrivilegedActionException'{0x000000008e7292a8}> (0x000000008e7292a8) thrown at [c:/BuildAgent/work/5ff2f6c26000d570/src/hotspot/share/prims/jvm.cpp, line 1300]
Event: 0.552 Thread 0x0000025d04d9c000 Exception <a 'java/security/PrivilegedActionException'{0x000000008e729e68}> (0x000000008e729e68) thrown at [c:/BuildAgent/work/5ff2f6c26000d570/src/hotspot/share/prims/jvm.cpp, line 1300]
Event: 0.552 Thread 0x0000025d04d9c000 Exception <a 'java/security/PrivilegedActionException'{0x000000008e72a9e8}> (0x000000008e72a9e8) thrown at [c:/BuildAgent/work/5ff2f6c26000d570/src/hotspot/share/prims/jvm.cpp, line 1300]
Event: 1.434 Thread 0x0000025d2045b000 Exception <a 'java/lang/NoSuchMethodError'{0x000000008d96a5e0}: 'int java.lang.invoke.DirectMethodHandle$Holder.invokeSpecialIFC(java.lang.Object, java.lang.Object, int)'> (0x000000008d96a5e0) thrown at [c:/BuildAgent/work/5ff2f6c26000d570/src/hotspot/sha

Events (10 events):
Event: 4.107 Executing VM operation: RevokeBias
Event: 4.107 Executing VM operation: RevokeBias done
Event: 4.108 Executing VM operation: RevokeBias
Event: 4.108 Executing VM operation: RevokeBias done
Event: 4.204 loading class org/lwjgl/opengl/WindowsKeycodes
Event: 4.204 loading class org/lwjgl/opengl/WindowsKeycodes done
Event: 4.205 loading class com/badlogic/gdx/backends/lwjgl/LwjglInput$KeyEvent
Event: 4.205 loading class com/badlogic/gdx/backends/lwjgl/LwjglInput$KeyEvent done
Event: 4.206 loading class com/badlogic/gdx/math/MathUtils$Sin
Event: 4.206 loading class com/badlogic/gdx/math/MathUtils$Sin done


Dynamic libraries:
0x00007ff6bcff0000 - 0x00007ff6bd037000 	C:\Program Files\JetBrains\IntelliJ IDEA Community Edition 2019.2.4\jbr\bin\java.exe
0x00007ff9dd540000 - 0x00007ff9dd730000 	C:\WINDOWS\SYSTEM32\ntdll.dll
0x00007ff9dcf90000 - 0x00007ff9dd042000 	C:\WINDOWS\System32\KERNEL32.DLL
0x00007ff9daff0000 - 0x00007ff9db293000 	C:\WINDOWS\System32\KERNELBASE.dll
0x00007ff9dc2b0000 - 0x00007ff9dc444000 	C:\WINDOWS\System32\USER32.dll
0x00007ff9db470000 - 0x00007ff9db491000 	C:\WINDOWS\System32\win32u.dll
0x00007ff9dd2a0000 - 0x00007ff9dd2c6000 	C:\WINDOWS\System32\GDI32.dll
0x00007ff9db2a0000 - 0x00007ff9db434000 	C:\WINDOWS\System32\gdi32full.dll
0x00007ff9dae30000 - 0x00007ff9daece000 	C:\WINDOWS\System32\msvcp_win.dll
0x00007ff9dad30000 - 0x00007ff9dae2a000 	C:\WINDOWS\System32\ucrtbase.dll
0x00007ff9ca330000 - 0x00007ff9ca5b5000 	C:\WINDOWS\WinSxS\amd64_microsoft.windows.common-controls_6595b64144ccf1df_6.0.18362.592_none_e6c0b1911312be02\COMCTL32.dll
0x00007ff9dc680000 - 0x00007ff9dc71e000 	C:\WINDOWS\System32\msvcrt.dll
0x00007ff9dca30000 - 0x00007ff9dcd66000 	C:\WINDOWS\System32\combase.dll
0x00007ff9dc500000 - 0x00007ff9dc620000 	C:\WINDOWS\System32\RPCRT4.dll
0x00007ff9dac50000 - 0x00007ff9dacd0000 	C:\WINDOWS\System32\bcryptPrimitives.dll
0x00007ff9dceb0000 - 0x00007ff9dcede000 	C:\WINDOWS\System32\IMM32.DLL
0x00007ff9bbbf0000 - 0x00007ff9bbc07000 	C:\Program Files\JetBrains\IntelliJ IDEA Community Edition 2019.2.4\jbr\bin\vcruntime140.dll
0x00007ff99da90000 - 0x00007ff99db2d000 	C:\Program Files\JetBrains\IntelliJ IDEA Community Edition 2019.2.4\jbr\bin\msvcp140.dll
0x00007ff9b2360000 - 0x00007ff9b2e18000 	C:\Program Files\JetBrains\IntelliJ IDEA Community Edition 2019.2.4\jbr\bin\server\jvm.dll
0x00007ff9dd3d0000 - 0x00007ff9dd473000 	C:\WINDOWS\System32\ADVAPI32.dll
0x00007ff9dcef0000 - 0x00007ff9dcf87000 	C:\WINDOWS\System32\sechost.dll
0x00007ff9dbe20000 - 0x00007ff9dbe28000 	C:\WINDOWS\System32\PSAPI.DLL
0x00007ff9d7890000 - 0x00007ff9d78b4000 	C:\WINDOWS\SYSTEM32\WINMM.dll
0x00007ff9d1900000 - 0x00007ff9d190a000 	C:\WINDOWS\SYSTEM32\VERSION.dll
0x00007ff9c53a0000 - 0x00007ff9c53a9000 	C:\WINDOWS\SYSTEM32\WSOCK32.dll
0x00007ff9dcd70000 - 0x00007ff9dcddf000 	C:\WINDOWS\System32\WS2_32.dll
0x00007ff9d7680000 - 0x00007ff9d76ad000 	C:\WINDOWS\SYSTEM32\winmmbase.dll
0x00007ff9daed0000 - 0x00007ff9daf1a000 	C:\WINDOWS\System32\cfgmgr32.dll
0x00007ff9da4b0000 - 0x00007ff9da4c1000 	C:\WINDOWS\System32\kernel.appcore.dll
0x00007ff9d3470000 - 0x00007ff9d3481000 	C:\Program Files\JetBrains\IntelliJ IDEA Community Edition 2019.2.4\jbr\bin\verify.dll
0x00007ff9d8cc0000 - 0x00007ff9d8eb4000 	C:\WINDOWS\SYSTEM32\DBGHELP.DLL
0x00007ff9c8a60000 - 0x00007ff9c8a8a000 	C:\WINDOWS\SYSTEM32\dbgcore.DLL
0x00007ff9bab90000 - 0x00007ff9babb9000 	C:\Program Files\JetBrains\IntelliJ IDEA Community Edition 2019.2.4\jbr\bin\java.dll
0x00007ff9cc230000 - 0x00007ff9cc247000 	C:\Program Files\JetBrains\IntelliJ IDEA Community Edition 2019.2.4\jbr\bin\zip.dll
0x00007ff9cc390000 - 0x00007ff9cc39b000 	C:\Program Files\JetBrains\IntelliJ IDEA Community Edition 2019.2.4\jbr\bin\jimage.dll
0x00007ff9db730000 - 0x00007ff9dbe15000 	C:\WINDOWS\System32\SHELL32.dll
0x00007ff9dd1f0000 - 0x00007ff9dd299000 	C:\WINDOWS\System32\shcore.dll
0x00007ff9da4d0000 - 0x00007ff9dac4f000 	C:\WINDOWS\System32\windows.storage.dll
0x00007ff9da470000 - 0x00007ff9da48f000 	C:\WINDOWS\System32\profapi.dll
0x00007ff9da420000 - 0x00007ff9da46a000 	C:\WINDOWS\System32\powrprof.dll
0x00007ff9da410000 - 0x00007ff9da420000 	C:\WINDOWS\System32\UMPDC.dll
0x00007ff9dd050000 - 0x00007ff9dd0a2000 	C:\WINDOWS\System32\shlwapi.dll
0x00007ff9daf20000 - 0x00007ff9daf37000 	C:\WINDOWS\System32\cryptsp.dll
0x00007ff9bb710000 - 0x00007ff9bb72a000 	C:\Program Files\JetBrains\IntelliJ IDEA Community Edition 2019.2.4\jbr\bin\net.dll
0x00007ff9cd7a0000 - 0x00007ff9cd976000 	C:\WINDOWS\SYSTEM32\urlmon.dll
0x00007ff9d02b0000 - 0x00007ff9d03a0000 	C:\WINDOWS\SYSTEM32\WINHTTP.dll
0x00007ff9cdad0000 - 0x00007ff9cdd76000 	C:\WINDOWS\SYSTEM32\iertutil.dll
0x00007ff9d9df0000 - 0x00007ff9d9dfc000 	C:\WINDOWS\SYSTEM32\CRYPTBASE.DLL
0x00007ff9d9c20000 - 0x00007ff9d9c87000 	C:\WINDOWS\system32\mswsock.dll
0x00007ff9ba7b0000 - 0x00007ff9ba7c4000 	C:\Program Files\JetBrains\IntelliJ IDEA Community Edition 2019.2.4\jbr\bin\nio.dll
0x0000000065ac0000 - 0x0000000065b0b000 	C:\Users\sam\AppData\Local\Temp\libgdxsam\7d76f548\gdx64.dll
0x00007ff9d9790000 - 0x00007ff9d97c3000 	C:\WINDOWS\system32\rsaenh.dll
0x00007ff9db440000 - 0x00007ff9db466000 	C:\WINDOWS\System32\bcrypt.dll
0x00007ff9da330000 - 0x00007ff9da355000 	C:\WINDOWS\SYSTEM32\USERENV.dll
0x00007ff9d9930000 - 0x00007ff9d996a000 	C:\WINDOWS\SYSTEM32\IPHLPAPI.DLL
0x00007ff9dc2a0000 - 0x00007ff9dc2a8000 	C:\WINDOWS\System32\NSI.dll
0x00007ff9d01c0000 - 0x00007ff9d01d6000 	C:\WINDOWS\SYSTEM32\dhcpcsvc6.DLL
0x00007ff9d0200000 - 0x00007ff9d021c000 	C:\WINDOWS\SYSTEM32\dhcpcsvc.DLL
0x00007ff9d9970000 - 0x00007ff9d9a3a000 	C:\WINDOWS\SYSTEM32\DNSAPI.dll
0x0000000180000000 - 0x0000000180053000 	C:\Users\sam\AppData\Local\Temp\libgdxsam\1cecf4f6\lwjgl64.dll
0x00007ff9a71f0000 - 0x00007ff9a7346000 	C:\WINDOWS\SYSTEM32\OPENGL32.dll
0x00007ff9b69d0000 - 0x00007ff9b69fc000 	C:\WINDOWS\SYSTEM32\GLU32.dll
0x00007ff9d9080000 - 0x00007ff9d90a0000 	C:\WINDOWS\SYSTEM32\dxcore.dll
0x0000025d20b80000 - 0x0000025d20be4000 	C:\Users\sam\AppData\Local\Temp\libgdxsam\1cecf4f6\OpenAL64.dll
0x00007ff9dc8d0000 - 0x00007ff9dca26000 	C:\WINDOWS\System32\ole32.dll
0x00007ff9d8010000 - 0x00007ff9d80a9000 	C:\WINDOWS\system32\uxtheme.dll
0x00007ff9dc450000 - 0x00007ff9dc4f2000 	C:\WINDOWS\System32\clbcatq.dll
0x00007ff9cb200000 - 0x00007ff9cb299000 	C:\WINDOWS\SYSTEM32\dsound.dll
0x00007ff9d2590000 - 0x00007ff9d2602000 	C:\WINDOWS\System32\MMDevApi.dll
0x00007ff9da210000 - 0x00007ff9da23a000 	C:\WINDOWS\System32\DEVOBJ.dll
0x00007ff9d2630000 - 0x00007ff9d278d000 	C:\WINDOWS\SYSTEM32\AUDIOSES.DLL
0x00007ff9dd120000 - 0x00007ff9dd1e4000 	C:\WINDOWS\System32\OLEAUT32.dll
0x00007ff9d55a0000 - 0x00007ff9d56f3000 	C:\WINDOWS\SYSTEM32\wintypes.dll
0x00007ff9d8330000 - 0x00007ff9d8344000 	C:\WINDOWS\SYSTEM32\resourcepolicyclient.dll
0x00007ff9d4d10000 - 0x00007ff9d4dbe000 	C:\WINDOWS\SYSTEM32\mscms.dll
0x00007ff9d4c90000 - 0x00007ff9d4ca7000 	C:\WINDOWS\SYSTEM32\ColorAdapterClient.dll
0x00007ff9d2060000 - 0x00007ff9d207a000 	C:\Windows\System32\Windows.Internal.Graphics.Display.DisplayColorManagement.dll
0x00007ff9db5f0000 - 0x00007ff9db725000 	C:\WINDOWS\System32\MSCTF.dll
0x00007ff9cf010000 - 0x00007ff9cf0ae000 	C:\WINDOWS\System32\TextInputFramework.dll
0x00007ff9d5780000 - 0x00007ff9d5aaa000 	C:\WINDOWS\System32\CoreUIComponents.dll
0x00007ff9d78c0000 - 0x00007ff9d7994000 	C:\WINDOWS\System32\CoreMessaging.dll
0x00007ff9d9470000 - 0x00007ff9d94a1000 	C:\WINDOWS\SYSTEM32\ntmarta.dll
0x00007ff9c8fc0000 - 0x00007ff9c9025000 	C:\WINDOWS\system32\Oleacc.dll
0x00007ff9d6710000 - 0x00007ff9d6735000 	C:\WINDOWS\System32\DriverStore\FileRepository\u0327350.inf_amd64_cf3f9535606d06d8\B327197\atig6pxx.dll
0x000000005e260000 - 0x0000000060530000 	C:\WINDOWS\System32\DriverStore\FileRepository\u0327350.inf_amd64_cf3f9535606d06d8\B327197\atio6axx.dll
0x00007ff9dbe30000 - 0x00007ff9dc2a0000 	C:\WINDOWS\System32\SETUPAPI.dll
0x00007ff9c4460000 - 0x00007ff9c4483000 	C:\WINDOWS\SYSTEM32\dxva2.dll
0x00007ff9d8600000 - 0x00007ff9d862d000 	C:\WINDOWS\SYSTEM32\dwmapi.dll
0x00007ff9cbce0000 - 0x00007ff9cbd17000 	C:\WINDOWS\System32\DriverStore\FileRepository\u0327350.inf_amd64_cf3f9535606d06d8\B327197\atig6txx.dll
0x00007ff9a11c0000 - 0x00007ff9a1330000 	C:\WINDOWS\SYSTEM32\atiadlxx.dll
0x00007ff9d87c0000 - 0x00007ff9d87d3000 	C:\WINDOWS\SYSTEM32\WTSAPI32.dll
0x00007ff9d8ec0000 - 0x00007ff9d8faf000 	C:\WINDOWS\SYSTEM32\PROPSYS.dll
0x00007ff9dacd0000 - 0x00007ff9dad2c000 	C:\WINDOWS\System32\WINTRUST.dll
0x00007ff9da490000 - 0x00007ff9da4a2000 	C:\WINDOWS\System32\MSASN1.dll
0x00007ff9db4a0000 - 0x00007ff9db5e9000 	C:\WINDOWS\System32\CRYPT32.dll
0x00007ff9cb1b0000 - 0x00007ff9cb1f3000 	C:\WINDOWS\SYSTEM32\icm32.dll
0x000000006e9c0000 - 0x000000006ea1b000 	C:\Users\sam\AppData\Local\Temp\libgdxsam\b8f13a6a\gdx-box2d64.dll
0x00007ff99c730000 - 0x00007ff99c755000 	C:\Program Files (x86)\Samsung\Easy Printer Manager\SmartScreenPrint\CDAKEYMonitor64.dll

dbghelp: loaded successfully - version: 4.0.5 - missing functions: none
symbol engine: initialized successfully - sym options: 0x614 - pdb path: .;C:\Program Files\JetBrains\IntelliJ IDEA Community Edition 2019.2.4\jbr\bin;C:\WINDOWS\SYSTEM32;C:\WINDOWS\WinSxS\amd64_microsoft.windows.common-controls_6595b64144ccf1df_6.0.18362.592_none_e6c0b1911312be02;C:\Program Files\JetBrains\IntelliJ IDEA Community Edition 2019.2.4\jbr\bin\server;C:\Users\sam\AppData\Local\Temp\libgdxsam\7d76f548;C:\Users\sam\AppData\Local\Temp\libgdxsam\1cecf4f6;C:\WINDOWS\System32\DriverStore\FileRepository\u0327350.inf_amd64_cf3f9535606d06d8\B327197;C:\Users\sam\AppData\Local\Temp\libgdxsam\b8f13a6a;C:\Program Files (x86)\Samsung\Easy Printer Manager\SmartScreenPrint

VM Arguments:
jvm_args: -Dfile.encoding=windows-1252 -Duser.country=GB -Duser.language=en -Duser.variant 
java_command: com.berbils.game.desktop.DesktopLauncher
java_class_path (initial): C:\Users\sam\Documents\YFMAss3\desktop\build\classes\java\main;C:\Users\sam\Documents\YFMAss3\desktop\build\resources\main;C:\Users\sam\.gradle\caches\modules-2\files-2.1\com.badlogicgames.gdx\gdx-tools\1.9.10\67524f012868e0cff57531b5bfda2781d00c6b1f\gdx-tools-1.9.10.jar;C:\Users\sam\.gradle\caches\modules-2\files-2.1\com.badlogicgames.gdx\gdx-backend-lwjgl\1.9.10\8f88abd43500d94c486d25f04d642318da72773a\gdx-backend-lwjgl-1.9.10.jar;C:\Users\sam\.gradle\caches\modules-2\files-2.1\com.badlogicgames.gdx\gdx-platform\1.9.10\1907b49f8363dd1ee37d273854a9cc3c741a6e66\gdx-platform-1.9.10-natives-desktop.jar;C:\Users\sam\.gradle\caches\modules-2\files-2.1\com.badlogicgames.gdx\gdx-box2d-platform\1.9.10\91b19c283b24eec646a18e0e7b940c829920df4f\gdx-box2d-platform-1.9.10-natives-desktop.jar;C:\Users\sam\Documents\YFMAss3\core\build\libs\core-1.0.jar;C:\Users\sam\.gradle\caches\modules-2\files-2.1\com.badlogicgames.gdx\gdx-backend-headless\1.9.10\d357526e6bb3d36b01b4f833ab42588e5285d487\gdx-backend-headless-1.9.10.jar;C:\Users\sam\.gradle\caches\modules-2\files-2.1\com.badlogicgames.gdx\gdx-freetype\1.9.10\8853e4f08589a9feb4b851187909cfde8810e491\gdx-freetype-1.9.10.jar;C:\Users\sam\.gradle\caches\modules-2\files-2.1\com.badlogicgames.box2dlights\box2dlights\1.4\3d77ad5b4164fb32fc67e2446e35911bb0aaf0bd\box2dlights-1.4.jar;C:\Users\sam\.gradle\caches\modules-2\files-2.1\com.badlogicgames.gdx\gdx-box2d\1.9.10\d68a7a3484d47529a8d23cd467579eb098b38a9e\gdx-box2d-1.9.10.jar;C:\Users\sam\.gradle\caches\modules-2\files-2.1\com.badlogicgames.gdx\gdx-ai\1.8.0\ec30677d8ab1a8b8aa4b853c5f4e4b1361f50bf5\gdx-ai-1.8.0.jar;C:\Users\sam\.gradle\caches\modules-2\files-2.1\com.badlogicgames.gdx\gdx\1.9.10\79d9ad27bd5e3eb18c9ade61d3a27d7237695d53\gdx-1.9.10.jar;C:\Users\sam\.gradle\caches\modules-2\files-2.1\org.lwjgl.lwjgl\lwjgl_util\2.9.3\751f06b62424da056954c67288fd5c494431e350\lwjgl_util-2.9.3.jar;C:\Users\sam\.gradle\caches\modules-2\files-2.1\org.lwjgl.lwjgl\lwjgl
Launcher Type: SUN_STANDARD

[Global flags]
     intx CICompilerCount                          = 4                                         {product} {ergonomic}
     uint ConcGCThreads                            = 2                                         {product} {ergonomic}
     uint G1ConcRefinementThreads                  = 8                                         {product} {ergonomic}
   size_t G1HeapRegionSize                         = 1048576                                   {product} {ergonomic}
    uintx GCDrainStackTargetSize                   = 64                                        {product} {ergonomic}
   size_t InitialHeapSize                          = 127926272                                 {product} {ergonomic}
   size_t MarkStackSize                            = 4194304                                   {product} {ergonomic}
   size_t MaxHeapSize                              = 2027945984                                {product} {ergonomic}
   size_t MaxNewSize                               = 1216348160                                {product} {ergonomic}
   size_t MinHeapDeltaBytes                        = 1048576                                   {product} {ergonomic}
    uintx NonNMethodCodeHeapSize                   = 5835340                                {pd product} {ergonomic}
    uintx NonProfiledCodeHeapSize                  = 122911450                              {pd product} {ergonomic}
    uintx ProfiledCodeHeapSize                     = 122911450                              {pd product} {ergonomic}
    uintx ReservedCodeCacheSize                    = 251658240                              {pd product} {ergonomic}
     bool SegmentedCodeCache                       = true                                      {product} {ergonomic}
     bool UseCompressedClassPointers               = true                                 {lp64_product} {ergonomic}
     bool UseCompressedOops                        = true                                 {lp64_product} {ergonomic}
     bool UseG1GC                                  = true                                      {product} {ergonomic}
     bool UseLargePagesIndividualAllocation        = false                                  {pd product} {ergonomic}

Logging:
Log output configuration:
 #0: stdout all=warning uptime,level,tags
 #1: stderr all=off uptime,level,tags

Environment Variables:
PATH=C:\Program Files (x86)\Common Files\Oracle\Java\javapath;C:\WINDOWS\system32;C:\WINDOWS;C:\WINDOWS\System32\Wbem;C:\WINDOWS\System32\WindowsPowerShell\v1.0\;C:\WINDOWS\System32\OpenSSH\;C:\Program Files\Git\cmd;C:\Users\sam\AppData\Local\Microsoft\WindowsApps;
USERNAME=sam
OS=Windows_NT
PROCESSOR_IDENTIFIER=AMD64 Family 23 Model 17 Stepping 0, AuthenticAMD



---------------  S Y S T E M  ---------------

OS: Windows 10 , 64 bit Build 18362 (10.0.18362.329)

CPU:total 8 (initial active 8) (8 cores per cpu, 2 threads per core) family 23 model 17 stepping 0, cmov, cx8, fxsr, mmx, sse, sse2, sse3, ssse3, sse4.1, sse4.2, popcnt, avx, avx2, aes, clmul, mmxext, 3dnowpref, lzcnt, sse4a, ht, tsc, tscinvbit, tscinv, bmi1, bmi2, adx, sha, fma

Memory: 4k page, system-wide physical 7733M (2996M free)
TotalPageFile size 11445M (AvailPageFile size 5246M)
current process WorkingSet (physical memory assigned to process): 151M, peak: 158M
current process commit charge ("private bytes"): 334M, peak: 341M

vm_info: OpenJDK 64-Bit Server VM (11.0.4+10-b304.77) for windows-amd64 JRE (11.0.4+10-b304.77), built on Oct 10 2019 15:02:36 by "" with MS VC++ 14.0 (VS2015)

END.
