#
# A fatal error has been detected by the Java Runtime Environment:
#
#  EXCEPTION_ACCESS_VIOLATION (0xc0000005) at pc=0x000000006e9cbbb1, pid=15508, tid=15548
#
# JRE version: OpenJDK Runtime Environment (11.0.5+10) (build 11.0.5+10-b520.17)
# Java VM: OpenJDK 64-Bit Server VM (11.0.5+10-b520.17, mixed mode, sharing, tiered, compressed oops, g1 gc, windows-amd64)
# Problematic frame:
# C  [gdx-box2d64.dll+0xbbb1]
#
# No core dump will be written. Minidumps are not enabled by default on client versions of Windows
#
# If you would like to submit a bug report, please visit:
#   http://bugreport.java.com/bugreport/crash.jsp
# The crash happened outside the Java Virtual Machine in native code.
# See problematic frame for where to report the bug.
#

---------------  S U M M A R Y ------------

Command Line: -Dfile.encoding=windows-1252 -Duser.country=GB -Duser.language=en -Duser.variant com.berbils.game.desktop.DesktopLauncher

Host: Intel(R) Core(TM) i5-6200U CPU @ 2.30GHz, 4 cores, 7G,  Windows 10 , 64 bit Build 18362 (10.0.18362.329)
Time: Mon Jan 20 03:43:23 2020 GMT Standard Time elapsed time: 32 seconds (0d 0h 0m 32s)

---------------  T H R E A D  ---------------

Current thread (0x0000022db2ebe000):  JavaThread "LWJGL Application" [_thread_in_native, id=15548, stack(0x0000004237400000,0x0000004237500000)]

Stack: [0x0000004237400000,0x0000004237500000],  sp=0x00000042374fe7b0,  free space=1017k
Native frames: (J=compiled Java code, j=interpreted, Vv=VM code, C=native code)
C  [gdx-box2d64.dll+0xbbb1]

Java frames: (J=compiled Java code, j=interpreted, Vv=VM code)
j  com.badlogic.gdx.physics.box2d.World.jniCreateBody(JIFFFFFFFFZZZZZF)J+0
j  com.badlogic.gdx.physics.box2d.World.createBody(Lcom/badlogic/gdx/physics/box2d/BodyDef;)Lcom/badlogic/gdx/physics/box2d/Body;+80
j  com.berbils.game.Entities.EntityTypes.Entity.createBodyCopy()V+9
j  com.berbils.game.Entities.ProjectileSpawners.Weapon.spawnProjectile(Lcom/badlogic/gdx/math/Vector2;Lcom/badlogic/gdx/math/Vector2;)V+12
j  com.berbils.game.Entities.ProjectileSpawners.SpokeProjectileSpawner.attack(Lcom/badlogic/gdx/math/Vector2;Lcom/badlogic/gdx/math/Vector2;)V+61
J 1471 c1 com.berbils.game.Screens.PlayScreen.update(F)V (130 bytes) @ 0x0000022d9c17e74c [0x0000022d9c17e0c0+0x000000000000068c]
J 1470 c1 com.berbils.game.Screens.PlayScreen.render(F)V (97 bytes) @ 0x0000022d9c17fab4 [0x0000022d9c17fa00+0x00000000000000b4]
J 1567 c1 com.berbils.game.Kroy.render()V (5 bytes) @ 0x0000022d9c1ca0fc [0x0000022d9c1c9ee0+0x000000000000021c]
j  com.badlogic.gdx.backends.lwjgl.LwjglApplication.mainLoop()V+770
j  com.badlogic.gdx.backends.lwjgl.LwjglApplication$1.run()V+27
v  ~StubRoutines::call_stub

siginfo: EXCEPTION_ACCESS_VIOLATION (0xc0000005), reading address 0x0000022fb26fd380


Register to memory mapping:

RIP=0x000000006e9cbbb1 gdx-box2d64.dll
RAX=0x000000006ea10060 gdx-box2d64.dll
RBX=0x0000022fb26fd380 is an unknown value
RCX=0x0000022db26e2130 points into unknown readable memory: 80 00 12 be 2d 02 00 00
RDX=0x00000000000000b8 is an unknown value
RSP=0x00000042374fe7b0 is pointing into the stack for thread: 0x0000022db2ebe000
RBP=0x0000022db26e2160 points into unknown readable memory: 00 00 00 00 00 00 00 00
RSI=0x0000022db26e2130 points into unknown readable memory: 80 00 12 be 2d 02 00 00
RDI=0x00000042374fe870 is pointing into the stack for thread: 0x0000022db2ebe000
R8 =0x0000022db26e2130 points into unknown readable memory: 80 00 12 be 2d 02 00 00
R9 =0x0000000000000002 is an unknown value
R10=0x0 is NULL
R11=0x0000000000000001 is an unknown value
R12=0x0 is NULL
R13=0x0000000000000006 is an unknown value
R14=0x00000042374fea60 is pointing into the stack for thread: 0x0000022db2ebe000
R15=0x0000022db2ebe000 is a thread


Registers:
RAX=0x000000006ea10060, RBX=0x0000022fb26fd380, RCX=0x0000022db26e2130, RDX=0x00000000000000b8
RSP=0x00000042374fe7b0, RBP=0x0000022db26e2160, RSI=0x0000022db26e2130, RDI=0x00000042374fe870
R8 =0x0000022db26e2130, R9 =0x0000000000000002, R10=0x0000000000000000, R11=0x0000000000000001
R12=0x0000000000000000, R13=0x0000000000000006, R14=0x00000042374fea60, R15=0x0000022db2ebe000
RIP=0x000000006e9cbbb1, EFLAGS=0x0000000000010202

Top of Stack: (sp=0x00000042374fe7b0)
0x00000042374fe7b0:   0000022db20754e8 0000022db2ebe000
0x00000042374fe7c0:   00007ffa0790b9f8 0000022dbd2c31d0
0x00000042374fe7d0:   0000000000000001 0000022db26e2130
0x00000042374fe7e0:   00000042374fe870 00000042374fe9b8
0x00000042374fe7f0:   0000000000000000 0000022db20754e8
0x00000042374fe800:   00000042374fea60 000000006e9e1163
0x00000042374fe810:   00000042374fe8b0 00000042374fe8b0
0x00000042374fe820:   0000000000000003 0000022db20754e8
0x00000042374fe830:   0000000000000001 0000000000001008
0x00000042374fe840:   0000000089194848 000000006e9e6a36
0x00000042374fe850:   0000022db2ebe000 00000042374fea60
0x00000042374fe860:   00000042374fe9b8 0000022d9b90878b
0x00000042374fe870:   41a1c87300000002 0000000041107dd3
0x00000042374fe880:   0000000000000000 0000000000000000
0x00000042374fe890:   0000010100000000 00000042374fea01
0x00000042374fe8a0:   0000000000000000 000000003f800000 

Instructions: (pc=0x000000006e9cbbb1)
0x000000006e9cbab1:   3d 89 45 04 00 00 75 5e 48 8d 3d a1 45 04 00 bb
0x000000006e9cbac1:   01 00 00 00 31 f6 48 8d 2d 32 45 03 00 eb 04 48
0x000000006e9cbad1:   83 c7 01 48 63 c6 39 5c 85 00 7d 03 83 c6 01 83
0x000000006e9cbae1:   c3 01 40 88 37 81 fb 81 02 00 00 74 22 83 fe 0d
0x000000006e9cbaf1:   7e dd 48 8d 15 56 60 03 00 48 8d 0d bb 60 03 00
0x000000006e9cbb01:   41 b8 49 00 00 00 e8 c4 aa 02 00 eb c2 66 90 c6
0x000000006e9cbb11:   05 29 45 04 00 01 48 83 c4 28 5b 5e 5f 5d c3 57
0x000000006e9cbb21:   56 53 48 83 ec 20 8b 41 08 31 f6 31 db 48 89 cf
0x000000006e9cbb31:   85 c0 7e 19 48 8b 07 83 c3 01 48 8b 4c 30 08 48
0x000000006e9cbb41:   83 c6 10 e8 c7 08 00 00 39 5f 08 7f e7 48 8b 0f
0x000000006e9cbb51:   48 83 c4 20 5b 5e 5f e9 b3 08 00 00 90 66 90 41
0x000000006e9cbb61:   56 41 55 41 54 55 57 56 53 48 83 ec 20 48 63 da
0x000000006e9cbb71:   48 89 ce 83 fb 00 0f 84 66 01 00 00 0f 8e 42 01
0x000000006e9cbb81:   00 00 81 fb 80 02 00 00 0f 8f 21 01 00 00 48 8d
0x000000006e9cbb91:   05 ca 44 04 00 44 0f b6 2c 18 41 80 fd 0d 4c 89
0x000000006e9cbba1:   eb 77 2c 48 8d 2c de 48 8b 5d 10 48 85 db 74 45
0x000000006e9cbbb1:   48 8b 03 48 89 45 10 48 89 d8 48 83 c4 20 5b 5e
0x000000006e9cbbc1:   5f 5d 41 5c 41 5d 41 5e c3 66 0f 1f 44 00 00 48
0x000000006e9cbbd1:   8d 15 79 5f 03 00 48 8d 0d fa 5f 03 00 48 8d 2c
0x000000006e9cbbe1:   de 41 b8 70 00 00 00 e8 e3 a9 02 00 48 8b 5d 10
0x000000006e9cbbf1:   48 85 db 75 bb 4c 63 66 08 44 3b 66 0c 0f 84 1c
0x000000006e9cbc01:   01 00 00 49 c1 e4 04 4c 03 26 b9 00 40 00 00 e8
0x000000006e9cbc11:   eb 07 00 00 48 89 c3 4d 63 ed 49 89 44 24 08 48
0x000000006e9cbc21:   8d 05 d9 43 03 00 42 8b 3c a8 b8 00 40 00 00 99
0x000000006e9cbc31:   f7 ff 41 89 fd 41 89 3c 24 44 0f af e8 41 89 c6
0x000000006e9cbc41:   41 81 fd 00 40 00 00 0f 8f a6 00 00 00 41 83 fe
0x000000006e9cbc51:   01 7e 2a 4c 63 c7 41 8d 46 ff 31 d2 4d 89 c1 4a
0x000000006e9cbc61:   8d 0c 03 49 f7 d9 66 0f 1f 84 00 00 00 00 00 83
0x000000006e9cbc71:   c2 01 4a 89 0c 09 4c 01 c1 39 c2 75 f2 41 29 fd
0x000000006e9cbc81:   4d 63 ed 4a c7 04 2b 00 00 00 00 48 8b 03 48 89
0x000000006e9cbc91:   45 10 83 46 08 01 48 89 d8 48 83 c4 20 5b 5e 5f
0x000000006e9cbca1:   5d 41 5c 41 5d 41 5e c3 0f 1f 80 00 00 00 00 89 


Stack slot to memory mapping:
stack at sp + 0 slots: {method} {0x0000022db20754f0} 'jniCreateBody' '(JIFFFFFFFFZZZZZF)J' in 'com/badlogic/gdx/physics/box2d/World'
stack at sp + 1 slots: 0x0000022db2ebe000 is a thread
stack at sp + 2 slots: 0x00007ffa0790b9f8 jvm.dll
stack at sp + 3 slots: 0x0000022dbd2c31d0 points into unknown readable memory: 13 00 01 00 aa 28 28 4a
stack at sp + 4 slots: 0x0000000000000001 is an unknown value
stack at sp + 5 slots: 0x0000022db26e2130 points into unknown readable memory: 80 00 12 be 2d 02 00 00
stack at sp + 6 slots: 0x00000042374fe870 is pointing into the stack for thread: 0x0000022db2ebe000
stack at sp + 7 slots: 0x00000042374fe9b8 is pointing into the stack for thread: 0x0000022db2ebe000


---------------  P R O C E S S  ---------------

Threads class SMR info:
_java_thread_list=0x0000022dbd376cd0, length=13, elements={
0x0000022db18ef800, 0x0000022db18f1800, 0x0000022db190d000, 0x0000022db190f000,
0x0000022db1910800, 0x0000022db191d800, 0x0000022db1925000, 0x0000022db2365000,
0x0000022db2384000, 0x0000022db2ebe000, 0x0000022d97a41000, 0x0000022db321d800,
0x0000022dbd453800
}

Java Threads: ( => current thread )
  0x0000022db18ef800 JavaThread "Reference Handler" daemon [_thread_blocked, id=15840, stack(0x0000004236800000,0x0000004236900000)]
  0x0000022db18f1800 JavaThread "Finalizer" daemon [_thread_blocked, id=2936, stack(0x0000004236900000,0x0000004236a00000)]
  0x0000022db190d000 JavaThread "Signal Dispatcher" daemon [_thread_blocked, id=9324, stack(0x0000004236a00000,0x0000004236b00000)]
  0x0000022db190f000 JavaThread "Attach Listener" daemon [_thread_blocked, id=8624, stack(0x0000004236b00000,0x0000004236c00000)]
  0x0000022db1910800 JavaThread "C2 CompilerThread0" daemon [_thread_blocked, id=15188, stack(0x0000004236c00000,0x0000004236d00000)]
  0x0000022db191d800 JavaThread "C1 CompilerThread0" daemon [_thread_blocked, id=11972, stack(0x0000004236d00000,0x0000004236e00000)]
  0x0000022db1925000 JavaThread "Sweeper thread" daemon [_thread_blocked, id=6396, stack(0x0000004236e00000,0x0000004236f00000)]
  0x0000022db2365000 JavaThread "Service Thread" daemon [_thread_blocked, id=17208, stack(0x0000004236f00000,0x0000004237000000)]
  0x0000022db2384000 JavaThread "Common-Cleaner" daemon [_thread_blocked, id=10468, stack(0x0000004237100000,0x0000004237200000)]
=>0x0000022db2ebe000 JavaThread "LWJGL Application" [_thread_in_native, id=15548, stack(0x0000004237400000,0x0000004237500000)]
  0x0000022d97a41000 JavaThread "DestroyJavaVM" [_thread_blocked, id=8060, stack(0x0000004236100000,0x0000004236200000)]
  0x0000022db321d800 JavaThread "AssetManager" daemon [_thread_blocked, id=14964, stack(0x0000004237800000,0x0000004237900000)]
  0x0000022dbd453800 JavaThread "LWJGL Timer" daemon [_thread_blocked, id=16232, stack(0x0000004237d00000,0x0000004237e00000)]

Other Threads:
  0x0000022db18ee000 VMThread "VM Thread" [stack: 0x0000004236700000,0x0000004236800000] [id=16968]
  0x0000022db2365800 WatcherThread [stack: 0x0000004237000000,0x0000004237100000] [id=13088]
  0x0000022d97a5a000 GCTaskThread "GC Thread#0" [stack: 0x0000004236200000,0x0000004236300000] [id=16800]
  0x0000022db324b000 GCTaskThread "GC Thread#1" [stack: 0x0000004237900000,0x0000004237a00000] [id=13304]
  0x0000022dbd271800 GCTaskThread "GC Thread#2" [stack: 0x0000004237a00000,0x0000004237b00000] [id=17356]
  0x0000022dbd272800 GCTaskThread "GC Thread#3" [stack: 0x0000004237b00000,0x0000004237c00000] [id=17204]
  0x0000022d97a8a000 ConcurrentGCThread "G1 Main Marker" [stack: 0x0000004236300000,0x0000004236400000] [id=17296]
  0x0000022d97a8b800 ConcurrentGCThread "G1 Conc#0" [stack: 0x0000004236400000,0x0000004236500000] [id=452]
  0x0000022d97b0e000 ConcurrentGCThread "G1 Refine#0" [stack: 0x0000004236500000,0x0000004236600000] [id=16624]
  0x0000022db1784800 ConcurrentGCThread "G1 Young RemSet Sampling" [stack: 0x0000004236600000,0x0000004236700000] [id=8964]

Threads with active compile tasks:

VM state:not at safepoint (normal execution)

VM Mutex/Monitor currently owned by a thread: None

Heap address: 0x0000000081a00000, size: 2022 MB, Compressed Oops mode: 32-bit
Narrow klass base: 0x0000000800000000, Narrow klass shift: 3
Compressed class space size: 1073741824 Address: 0x0000000840000000

Heap:
 garbage-first heap   total 131072K, used 16481K [0x0000000081a00000, 0x0000000100000000)
  region size 1024K, 17 young (17408K), 2 survivors (2048K)
 Metaspace       used 7501K, capacity 9708K, committed 9856K, reserved 1058816K
  class space    used 597K, capacity 836K, committed 896K, reserved 1048576K
Heap Regions: E=young(eden), S=young(survivor), O=old, HS=humongous(starts), HC=humongous(continues), CS=collection set, F=free, A=archive, TAMS=top-at-mark-start (previous, next)
|   0|0x0000000081a00000, 0x0000000081a18400, 0x0000000081b00000|  9%| O|  |TAMS 0x0000000081a00000, 0x0000000081a00000| Untracked 
|   1|0x0000000081b00000, 0x0000000081b00000, 0x0000000081c00000|  0%| F|  |TAMS 0x0000000081b00000, 0x0000000081b00000| Untracked 
|   2|0x0000000081c00000, 0x0000000081c00000, 0x0000000081d00000|  0%| F|  |TAMS 0x0000000081c00000, 0x0000000081c00000| Untracked 
|   3|0x0000000081d00000, 0x0000000081d00000, 0x0000000081e00000|  0%| F|  |TAMS 0x0000000081d00000, 0x0000000081d00000| Untracked 
|   4|0x0000000081e00000, 0x0000000081e00000, 0x0000000081f00000|  0%| F|  |TAMS 0x0000000081e00000, 0x0000000081e00000| Untracked 
|   5|0x0000000081f00000, 0x0000000081f00000, 0x0000000082000000|  0%| F|  |TAMS 0x0000000081f00000, 0x0000000081f00000| Untracked 
|   6|0x0000000082000000, 0x0000000082000000, 0x0000000082100000|  0%| F|  |TAMS 0x0000000082000000, 0x0000000082000000| Untracked 
|   7|0x0000000082100000, 0x0000000082100000, 0x0000000082200000|  0%| F|  |TAMS 0x0000000082100000, 0x0000000082100000| Untracked 
|   8|0x0000000082200000, 0x0000000082200000, 0x0000000082300000|  0%| F|  |TAMS 0x0000000082200000, 0x0000000082200000| Untracked 
|   9|0x0000000082300000, 0x0000000082300000, 0x0000000082400000|  0%| F|  |TAMS 0x0000000082300000, 0x0000000082300000| Untracked 
|  10|0x0000000082400000, 0x0000000082400000, 0x0000000082500000|  0%| F|  |TAMS 0x0000000082400000, 0x0000000082400000| Untracked 
|  11|0x0000000082500000, 0x0000000082500000, 0x0000000082600000|  0%| F|  |TAMS 0x0000000082500000, 0x0000000082500000| Untracked 
|  12|0x0000000082600000, 0x0000000082600000, 0x0000000082700000|  0%| F|  |TAMS 0x0000000082600000, 0x0000000082600000| Untracked 
|  13|0x0000000082700000, 0x0000000082700000, 0x0000000082800000|  0%| F|  |TAMS 0x0000000082700000, 0x0000000082700000| Untracked 
|  14|0x0000000082800000, 0x0000000082800000, 0x0000000082900000|  0%| F|  |TAMS 0x0000000082800000, 0x0000000082800000| Untracked 
|  15|0x0000000082900000, 0x0000000082900000, 0x0000000082a00000|  0%| F|  |TAMS 0x0000000082900000, 0x0000000082900000| Untracked 
|  16|0x0000000082a00000, 0x0000000082a00000, 0x0000000082b00000|  0%| F|  |TAMS 0x0000000082a00000, 0x0000000082a00000| Untracked 
|  17|0x0000000082b00000, 0x0000000082b00000, 0x0000000082c00000|  0%| F|  |TAMS 0x0000000082b00000, 0x0000000082b00000| Untracked 
|  18|0x0000000082c00000, 0x0000000082c00000, 0x0000000082d00000|  0%| F|  |TAMS 0x0000000082c00000, 0x0000000082c00000| Untracked 
|  19|0x0000000082d00000, 0x0000000082d00000, 0x0000000082e00000|  0%| F|  |TAMS 0x0000000082d00000, 0x0000000082d00000| Untracked 
|  20|0x0000000082e00000, 0x0000000082e00000, 0x0000000082f00000|  0%| F|  |TAMS 0x0000000082e00000, 0x0000000082e00000| Untracked 
|  21|0x0000000082f00000, 0x0000000082f00000, 0x0000000083000000|  0%| F|  |TAMS 0x0000000082f00000, 0x0000000082f00000| Untracked 
|  22|0x0000000083000000, 0x0000000083000000, 0x0000000083100000|  0%| F|  |TAMS 0x0000000083000000, 0x0000000083000000| Untracked 
|  23|0x0000000083100000, 0x0000000083100000, 0x0000000083200000|  0%| F|  |TAMS 0x0000000083100000, 0x0000000083100000| Untracked 
|  24|0x0000000083200000, 0x0000000083200000, 0x0000000083300000|  0%| F|  |TAMS 0x0000000083200000, 0x0000000083200000| Untracked 
|  25|0x0000000083300000, 0x0000000083300000, 0x0000000083400000|  0%| F|  |TAMS 0x0000000083300000, 0x0000000083300000| Untracked 
|  26|0x0000000083400000, 0x0000000083400000, 0x0000000083500000|  0%| F|  |TAMS 0x0000000083400000, 0x0000000083400000| Untracked 
|  27|0x0000000083500000, 0x0000000083500000, 0x0000000083600000|  0%| F|  |TAMS 0x0000000083500000, 0x0000000083500000| Untracked 
|  28|0x0000000083600000, 0x0000000083600000, 0x0000000083700000|  0%| F|  |TAMS 0x0000000083600000, 0x0000000083600000| Untracked 
|  29|0x0000000083700000, 0x0000000083700000, 0x0000000083800000|  0%| F|  |TAMS 0x0000000083700000, 0x0000000083700000| Untracked 
|  30|0x0000000083800000, 0x0000000083800000, 0x0000000083900000|  0%| F|  |TAMS 0x0000000083800000, 0x0000000083800000| Untracked 
|  31|0x0000000083900000, 0x0000000083900000, 0x0000000083a00000|  0%| F|  |TAMS 0x0000000083900000, 0x0000000083900000| Untracked 
|  32|0x0000000083a00000, 0x0000000083a00000, 0x0000000083b00000|  0%| F|  |TAMS 0x0000000083a00000, 0x0000000083a00000| Untracked 
|  33|0x0000000083b00000, 0x0000000083b00000, 0x0000000083c00000|  0%| F|  |TAMS 0x0000000083b00000, 0x0000000083b00000| Untracked 
|  34|0x0000000083c00000, 0x0000000083c00000, 0x0000000083d00000|  0%| F|  |TAMS 0x0000000083c00000, 0x0000000083c00000| Untracked 
|  35|0x0000000083d00000, 0x0000000083d00000, 0x0000000083e00000|  0%| F|  |TAMS 0x0000000083d00000, 0x0000000083d00000| Untracked 
|  36|0x0000000083e00000, 0x0000000083e00000, 0x0000000083f00000|  0%| F|  |TAMS 0x0000000083e00000, 0x0000000083e00000| Untracked 
|  37|0x0000000083f00000, 0x0000000083f00000, 0x0000000084000000|  0%| F|  |TAMS 0x0000000083f00000, 0x0000000083f00000| Untracked 
|  38|0x0000000084000000, 0x0000000084000000, 0x0000000084100000|  0%| F|  |TAMS 0x0000000084000000, 0x0000000084000000| Untracked 
|  39|0x0000000084100000, 0x0000000084100000, 0x0000000084200000|  0%| F|  |TAMS 0x0000000084100000, 0x0000000084100000| Untracked 
|  40|0x0000000084200000, 0x0000000084200000, 0x0000000084300000|  0%| F|  |TAMS 0x0000000084200000, 0x0000000084200000| Untracked 
|  41|0x0000000084300000, 0x0000000084300000, 0x0000000084400000|  0%| F|  |TAMS 0x0000000084300000, 0x0000000084300000| Untracked 
|  42|0x0000000084400000, 0x0000000084400000, 0x0000000084500000|  0%| F|  |TAMS 0x0000000084400000, 0x0000000084400000| Untracked 
|  43|0x0000000084500000, 0x0000000084500000, 0x0000000084600000|  0%| F|  |TAMS 0x0000000084500000, 0x0000000084500000| Untracked 
|  44|0x0000000084600000, 0x0000000084600000, 0x0000000084700000|  0%| F|  |TAMS 0x0000000084600000, 0x0000000084600000| Untracked 
|  45|0x0000000084700000, 0x0000000084700000, 0x0000000084800000|  0%| F|  |TAMS 0x0000000084700000, 0x0000000084700000| Untracked 
|  46|0x0000000084800000, 0x0000000084800000, 0x0000000084900000|  0%| F|  |TAMS 0x0000000084800000, 0x0000000084800000| Untracked 
|  47|0x0000000084900000, 0x0000000084900000, 0x0000000084a00000|  0%| F|  |TAMS 0x0000000084900000, 0x0000000084900000| Untracked 
|  48|0x0000000084a00000, 0x0000000084a00000, 0x0000000084b00000|  0%| F|  |TAMS 0x0000000084a00000, 0x0000000084a00000| Untracked 
|  49|0x0000000084b00000, 0x0000000084b00000, 0x0000000084c00000|  0%| F|  |TAMS 0x0000000084b00000, 0x0000000084b00000| Untracked 
|  50|0x0000000084c00000, 0x0000000084c00000, 0x0000000084d00000|  0%| F|  |TAMS 0x0000000084c00000, 0x0000000084c00000| Untracked 
|  51|0x0000000084d00000, 0x0000000084d00000, 0x0000000084e00000|  0%| F|  |TAMS 0x0000000084d00000, 0x0000000084d00000| Untracked 
|  52|0x0000000084e00000, 0x0000000084e00000, 0x0000000084f00000|  0%| F|  |TAMS 0x0000000084e00000, 0x0000000084e00000| Untracked 
|  53|0x0000000084f00000, 0x0000000084f00000, 0x0000000085000000|  0%| F|  |TAMS 0x0000000084f00000, 0x0000000084f00000| Untracked 
|  54|0x0000000085000000, 0x0000000085000000, 0x0000000085100000|  0%| F|  |TAMS 0x0000000085000000, 0x0000000085000000| Untracked 
|  55|0x0000000085100000, 0x0000000085100000, 0x0000000085200000|  0%| F|  |TAMS 0x0000000085100000, 0x0000000085100000| Untracked 
|  56|0x0000000085200000, 0x0000000085200000, 0x0000000085300000|  0%| F|  |TAMS 0x0000000085200000, 0x0000000085200000| Untracked 
|  57|0x0000000085300000, 0x0000000085300000, 0x0000000085400000|  0%| F|  |TAMS 0x0000000085300000, 0x0000000085300000| Untracked 
|  58|0x0000000085400000, 0x0000000085400000, 0x0000000085500000|  0%| F|  |TAMS 0x0000000085400000, 0x0000000085400000| Untracked 
|  59|0x0000000085500000, 0x0000000085500000, 0x0000000085600000|  0%| F|  |TAMS 0x0000000085500000, 0x0000000085500000| Untracked 
|  60|0x0000000085600000, 0x0000000085600000, 0x0000000085700000|  0%| F|  |TAMS 0x0000000085600000, 0x0000000085600000| Untracked 
|  61|0x0000000085700000, 0x0000000085700000, 0x0000000085800000|  0%| F|  |TAMS 0x0000000085700000, 0x0000000085700000| Untracked 
|  62|0x0000000085800000, 0x0000000085800000, 0x0000000085900000|  0%| F|  |TAMS 0x0000000085800000, 0x0000000085800000| Untracked 
|  63|0x0000000085900000, 0x0000000085900000, 0x0000000085a00000|  0%| F|  |TAMS 0x0000000085900000, 0x0000000085900000| Untracked 
|  64|0x0000000085a00000, 0x0000000085a00000, 0x0000000085b00000|  0%| F|  |TAMS 0x0000000085a00000, 0x0000000085a00000| Untracked 
|  65|0x0000000085b00000, 0x0000000085b00000, 0x0000000085c00000|  0%| F|  |TAMS 0x0000000085b00000, 0x0000000085b00000| Untracked 
|  66|0x0000000085c00000, 0x0000000085c00000, 0x0000000085d00000|  0%| F|  |TAMS 0x0000000085c00000, 0x0000000085c00000| Untracked 
|  67|0x0000000085d00000, 0x0000000085d00000, 0x0000000085e00000|  0%| F|  |TAMS 0x0000000085d00000, 0x0000000085d00000| Untracked 
|  68|0x0000000085e00000, 0x0000000085e00000, 0x0000000085f00000|  0%| F|  |TAMS 0x0000000085e00000, 0x0000000085e00000| Untracked 
|  69|0x0000000085f00000, 0x0000000085f00000, 0x0000000086000000|  0%| F|  |TAMS 0x0000000085f00000, 0x0000000085f00000| Untracked 
|  70|0x0000000086000000, 0x0000000086000000, 0x0000000086100000|  0%| F|  |TAMS 0x0000000086000000, 0x0000000086000000| Untracked 
|  71|0x0000000086100000, 0x0000000086100000, 0x0000000086200000|  0%| F|  |TAMS 0x0000000086100000, 0x0000000086100000| Untracked 
|  72|0x0000000086200000, 0x0000000086200000, 0x0000000086300000|  0%| F|  |TAMS 0x0000000086200000, 0x0000000086200000| Untracked 
|  73|0x0000000086300000, 0x0000000086300000, 0x0000000086400000|  0%| F|  |TAMS 0x0000000086300000, 0x0000000086300000| Untracked 
|  74|0x0000000086400000, 0x0000000086400000, 0x0000000086500000|  0%| F|  |TAMS 0x0000000086400000, 0x0000000086400000| Untracked 
|  75|0x0000000086500000, 0x0000000086500000, 0x0000000086600000|  0%| F|  |TAMS 0x0000000086500000, 0x0000000086500000| Untracked 
|  76|0x0000000086600000, 0x0000000086600000, 0x0000000086700000|  0%| F|  |TAMS 0x0000000086600000, 0x0000000086600000| Untracked 
|  77|0x0000000086700000, 0x0000000086700000, 0x0000000086800000|  0%| F|  |TAMS 0x0000000086700000, 0x0000000086700000| Untracked 
|  78|0x0000000086800000, 0x0000000086800000, 0x0000000086900000|  0%| F|  |TAMS 0x0000000086800000, 0x0000000086800000| Untracked 
|  79|0x0000000086900000, 0x0000000086900000, 0x0000000086a00000|  0%| F|  |TAMS 0x0000000086900000, 0x0000000086900000| Untracked 
|  80|0x0000000086a00000, 0x0000000086a00000, 0x0000000086b00000|  0%| F|  |TAMS 0x0000000086a00000, 0x0000000086a00000| Untracked 
|  81|0x0000000086b00000, 0x0000000086b00000, 0x0000000086c00000|  0%| F|  |TAMS 0x0000000086b00000, 0x0000000086b00000| Untracked 
|  82|0x0000000086c00000, 0x0000000086c00000, 0x0000000086d00000|  0%| F|  |TAMS 0x0000000086c00000, 0x0000000086c00000| Untracked 
|  83|0x0000000086d00000, 0x0000000086d00000, 0x0000000086e00000|  0%| F|  |TAMS 0x0000000086d00000, 0x0000000086d00000| Untracked 
|  84|0x0000000086e00000, 0x0000000086e00000, 0x0000000086f00000|  0%| F|  |TAMS 0x0000000086e00000, 0x0000000086e00000| Untracked 
|  85|0x0000000086f00000, 0x0000000086f00000, 0x0000000087000000|  0%| F|  |TAMS 0x0000000086f00000, 0x0000000086f00000| Untracked 
|  86|0x0000000087000000, 0x0000000087000000, 0x0000000087100000|  0%| F|  |TAMS 0x0000000087000000, 0x0000000087000000| Untracked 
|  87|0x0000000087100000, 0x0000000087100000, 0x0000000087200000|  0%| F|  |TAMS 0x0000000087100000, 0x0000000087100000| Untracked 
|  88|0x0000000087200000, 0x0000000087200000, 0x0000000087300000|  0%| F|  |TAMS 0x0000000087200000, 0x0000000087200000| Untracked 
|  89|0x0000000087300000, 0x0000000087300000, 0x0000000087400000|  0%| F|  |TAMS 0x0000000087300000, 0x0000000087300000| Untracked 
|  90|0x0000000087400000, 0x0000000087400000, 0x0000000087500000|  0%| F|  |TAMS 0x0000000087400000, 0x0000000087400000| Untracked 
|  91|0x0000000087500000, 0x0000000087500000, 0x0000000087600000|  0%| F|  |TAMS 0x0000000087500000, 0x0000000087500000| Untracked 
|  92|0x0000000087600000, 0x0000000087600000, 0x0000000087700000|  0%| F|  |TAMS 0x0000000087600000, 0x0000000087600000| Untracked 
|  93|0x0000000087700000, 0x0000000087700000, 0x0000000087800000|  0%| F|  |TAMS 0x0000000087700000, 0x0000000087700000| Untracked 
|  94|0x0000000087800000, 0x0000000087800000, 0x0000000087900000|  0%| F|  |TAMS 0x0000000087800000, 0x0000000087800000| Untracked 
|  95|0x0000000087900000, 0x0000000087900000, 0x0000000087a00000|  0%| F|  |TAMS 0x0000000087900000, 0x0000000087900000| Untracked 
|  96|0x0000000087a00000, 0x0000000087a00000, 0x0000000087b00000|  0%| F|  |TAMS 0x0000000087a00000, 0x0000000087a00000| Untracked 
|  97|0x0000000087b00000, 0x0000000087b00000, 0x0000000087c00000|  0%| F|  |TAMS 0x0000000087b00000, 0x0000000087b00000| Untracked 
|  98|0x0000000087c00000, 0x0000000087c00000, 0x0000000087d00000|  0%| F|  |TAMS 0x0000000087c00000, 0x0000000087c00000| Untracked 
|  99|0x0000000087d00000, 0x0000000087d00000, 0x0000000087e00000|  0%| F|  |TAMS 0x0000000087d00000, 0x0000000087d00000| Untracked 
| 100|0x0000000087e00000, 0x0000000087e00000, 0x0000000087f00000|  0%| F|  |TAMS 0x0000000087e00000, 0x0000000087e00000| Untracked 
| 101|0x0000000087f00000, 0x0000000087f00000, 0x0000000088000000|  0%| F|  |TAMS 0x0000000087f00000, 0x0000000087f00000| Untracked 
| 102|0x0000000088000000, 0x0000000088000000, 0x0000000088100000|  0%| F|  |TAMS 0x0000000088000000, 0x0000000088000000| Untracked 
| 103|0x0000000088100000, 0x0000000088100000, 0x0000000088200000|  0%| F|  |TAMS 0x0000000088100000, 0x0000000088100000| Untracked 
| 104|0x0000000088200000, 0x0000000088200000, 0x0000000088300000|  0%| F|  |TAMS 0x0000000088200000, 0x0000000088200000| Untracked 
| 105|0x0000000088300000, 0x0000000088300000, 0x0000000088400000|  0%| F|  |TAMS 0x0000000088300000, 0x0000000088300000| Untracked 
| 106|0x0000000088400000, 0x0000000088400000, 0x0000000088500000|  0%| F|  |TAMS 0x0000000088400000, 0x0000000088400000| Untracked 
| 107|0x0000000088500000, 0x0000000088500000, 0x0000000088600000|  0%| F|  |TAMS 0x0000000088500000, 0x0000000088500000| Untracked 
| 108|0x0000000088600000, 0x0000000088600000, 0x0000000088700000|  0%| F|  |TAMS 0x0000000088600000, 0x0000000088600000| Untracked 
| 109|0x0000000088700000, 0x0000000088700000, 0x0000000088800000|  0%| F|  |TAMS 0x0000000088700000, 0x0000000088700000| Untracked 
| 110|0x0000000088800000, 0x0000000088800000, 0x0000000088900000|  0%| F|  |TAMS 0x0000000088800000, 0x0000000088800000| Untracked 
| 111|0x0000000088900000, 0x0000000088a00000, 0x0000000088a00000|100%| E|  |TAMS 0x0000000088900000, 0x0000000088900000| Complete 
| 112|0x0000000088a00000, 0x0000000088b00000, 0x0000000088b00000|100%| S|CS|TAMS 0x0000000088a00000, 0x0000000088a00000| Complete 
| 113|0x0000000088b00000, 0x0000000088c00000, 0x0000000088c00000|100%| S|CS|TAMS 0x0000000088b00000, 0x0000000088b00000| Complete 
| 114|0x0000000088c00000, 0x0000000088d00000, 0x0000000088d00000|100%| E|CS|TAMS 0x0000000088c00000, 0x0000000088c00000| Complete 
| 115|0x0000000088d00000, 0x0000000088e00000, 0x0000000088e00000|100%| E|CS|TAMS 0x0000000088d00000, 0x0000000088d00000| Complete 
| 116|0x0000000088e00000, 0x0000000088f00000, 0x0000000088f00000|100%| E|CS|TAMS 0x0000000088e00000, 0x0000000088e00000| Complete 
| 117|0x0000000088f00000, 0x0000000089000000, 0x0000000089000000|100%| E|CS|TAMS 0x0000000088f00000, 0x0000000088f00000| Complete 
| 118|0x0000000089000000, 0x0000000089100000, 0x0000000089100000|100%| E|CS|TAMS 0x0000000089000000, 0x0000000089000000| Complete 
| 119|0x0000000089100000, 0x0000000089200000, 0x0000000089200000|100%| E|CS|TAMS 0x0000000089100000, 0x0000000089100000| Complete 
| 120|0x0000000089200000, 0x0000000089300000, 0x0000000089300000|100%| E|CS|TAMS 0x0000000089200000, 0x0000000089200000| Complete 
| 121|0x0000000089300000, 0x0000000089400000, 0x0000000089400000|100%| E|CS|TAMS 0x0000000089300000, 0x0000000089300000| Complete 
| 122|0x0000000089400000, 0x0000000089500000, 0x0000000089500000|100%| E|CS|TAMS 0x0000000089400000, 0x0000000089400000| Complete 
| 123|0x0000000089500000, 0x0000000089600000, 0x0000000089600000|100%| E|CS|TAMS 0x0000000089500000, 0x0000000089500000| Complete 
| 124|0x0000000089600000, 0x0000000089700000, 0x0000000089700000|100%| E|CS|TAMS 0x0000000089600000, 0x0000000089600000| Complete 
| 125|0x0000000089700000, 0x0000000089800000, 0x0000000089800000|100%| E|CS|TAMS 0x0000000089700000, 0x0000000089700000| Complete 
| 126|0x0000000089800000, 0x0000000089900000, 0x0000000089900000|100%| E|CS|TAMS 0x0000000089800000, 0x0000000089800000| Complete 
| 127|0x0000000089900000, 0x0000000089a00000, 0x0000000089a00000|100%| E|CS|TAMS 0x0000000089900000, 0x0000000089900000| Complete 

Card table byte_map: [0x0000022daad00000,0x0000022dab100000] _byte_map_base: 0x0000022daa8f3000

Marking Bits (Prev, Next): (CMBitMap*) 0x0000022d97a81428, (CMBitMap*) 0x0000022d97a81460
 Prev Bits: [0x0000022dab500000, 0x0000022dad498000)
 Next Bits: [0x0000022dad4a0000, 0x0000022daf438000)

Polling page: 0x0000022d95860000

Metaspace:

Usage:
  Non-class:      8.66 MB capacity,     6.74 MB ( 78%) used,     1.91 MB ( 22%) free+waste,     7.81 KB ( <1%) overhead. 
      Class:    836.00 KB capacity,   597.84 KB ( 72%) used,   235.41 KB ( 28%) free+waste,     2.75 KB ( <1%) overhead. 
       Both:      9.48 MB capacity,     7.33 MB ( 77%) used,     2.14 MB ( 23%) free+waste,    10.56 KB ( <1%) overhead. 

Virtual space:
  Non-class space:       10.00 MB reserved,       8.75 MB ( 88%) committed 
      Class space:        1.00 GB reserved,     896.00 KB ( <1%) committed 
             Both:        1.01 GB reserved,       9.63 MB ( <1%) committed 

Chunk freelists:
   Non-Class:  88.00 KB
       Class:  28.00 KB
        Both:  116.00 KB

MaxMetaspaceSize: 17179869184.00 GB
CompressedClassSpaceSize: 1.00 GB

CodeHeap 'non-profiled nmethods': size=120064Kb used=847Kb max_used=847Kb free=119216Kb
 bounds [0x0000022da33c0000, 0x0000022da3630000, 0x0000022daa900000]
CodeHeap 'profiled nmethods': size=120000Kb used=3634Kb max_used=3634Kb free=116365Kb
 bounds [0x0000022d9be90000, 0x0000022d9c220000, 0x0000022da33c0000]
CodeHeap 'non-nmethods': size=5696Kb used=1224Kb max_used=1246Kb free=4471Kb
 bounds [0x0000022d9b900000, 0x0000022d9bb70000, 0x0000022d9be90000]
 total_blobs=3139 nmethods=1749 adapters=502
 compilation: enabled
              stopped_count=0, restarted_count=0
 full_count=0

Compilation events (20 events):
Event: 30.628 Thread 0x0000022db1910800 1741   !   4       sun.util.locale.provider.JRELocaleProviderAdapter::getDecimalFormatSymbolsProvider (51 bytes)
Event: 30.629 Thread 0x0000022db1910800 nmethod 1741 0x0000022da348b510 code [0x0000022da348b6a0, 0x0000022da348b738]
Event: 30.645 Thread 0x0000022db1910800 1742   !   4       java.util.Locale::getDefault (132 bytes)
Event: 30.646 Thread 0x0000022db1910800 nmethod 1742 0x0000022da348b810 code [0x0000022da348b9a0, 0x0000022da348ba58]
Event: 30.728 Thread 0x0000022db1910800 1743       4       java.util.Formatter::getZero (27 bytes)
Event: 30.895 Thread 0x0000022db1910800 nmethod 1743 0x0000022da348bb90 code [0x0000022da348bea0, 0x0000022da348dba8]
Event: 30.895 Thread 0x0000022db1910800 1744       4       java.lang.Long::toString (139 bytes)
Event: 30.908 Thread 0x0000022db1910800 nmethod 1744 0x0000022da3491110 code [0x0000022da34912c0, 0x0000022da3491a18]
Event: 31.344 Thread 0x0000022db1910800 1745       4       com.badlogic.gdx.scenes.scene2d.ui.Label::setText (86 bytes)
Event: 31.356 Thread 0x0000022db1910800 nmethod 1745 0x0000022da3491d90 code [0x0000022da3491f80, 0x0000022da3492578]
Event: 31.595 Thread 0x0000022db191d800 1746       3       com.badlogic.gdx.backends.lwjgl.LwjglInput::toGdxButton (36 bytes)
Event: 31.595 Thread 0x0000022db191d800 nmethod 1746 0x0000022d9c21a310 code [0x0000022d9c21a4e0, 0x0000022d9c21a7f8]
Event: 31.612 Thread 0x0000022db1910800 1747       4       java.util.ArrayList::get (15 bytes)
Event: 31.613 Thread 0x0000022db1910800 nmethod 1747 0x0000022da3492990 code [0x0000022da3492b20, 0x0000022da3492c18]
Event: 31.628 Thread 0x0000022db191d800 1748       1       com.badlogic.gdx.physics.box2d.BodyDef$BodyType::getValue (5 bytes)
Event: 31.628 Thread 0x0000022db191d800 nmethod 1748 0x0000022da3492d10 code [0x0000022da3492ec0, 0x0000022da3492ff8]
Event: 31.628 Thread 0x0000022db191d800 1749       3       com.badlogic.gdx.utils.LongMap::put (405 bytes)
Event: 31.630 Thread 0x0000022db191d800 nmethod 1749 0x0000022d9c21a890 code [0x0000022d9c21ab80, 0x0000022d9c21c260]
Event: 31.878 Thread 0x0000022db1910800 1750       4       com.badlogic.gdx.graphics.g2d.SpriteCache::draw (180 bytes)
Event: 31.888 Thread 0x0000022db1910800 nmethod 1750 0x0000022da3493090 code [0x0000022da3493280, 0x0000022da34937d8]

GC Heap History (2 events):
Event: 1.749 GC heap before
{Heap before GC invocations=0 (full 0):
 garbage-first heap   total 131072K, used 13312K [0x0000000081a00000, 0x0000000100000000)
  region size 1024K, 14 young (14336K), 0 survivors (0K)
 Metaspace       used 5168K, capacity 7840K, committed 8192K, reserved 1056768K
  class space    used 401K, capacity 662K, committed 768K, reserved 1048576K
}
Event: 1.753 GC heap after
{Heap after GC invocations=1 (full 0):
 garbage-first heap   total 131072K, used 2145K [0x0000000081a00000, 0x0000000100000000)
  region size 1024K, 2 young (2048K), 2 survivors (2048K)
 Metaspace       used 5168K, capacity 7840K, committed 8192K, reserved 1056768K
  class space    used 401K, capacity 662K, committed 768K, reserved 1048576K
}

Deoptimization events (20 events):
Event: 24.696 Thread 0x0000022db2ebe000 Uncommon trap: trap_request=0xffffffd6 fr.pc=0x0000022da345d238 relative=0x00000000000001d8
Event: 24.696 Thread 0x0000022db2ebe000 Uncommon trap: reason=array_check action=maybe_recompile pc=0x0000022da345d238 method=com.badlogic.gdx.utils.Array.add(Ljava/lang/Object;)V @ 46 c2
Event: 24.696 Thread 0x0000022db2ebe000 DEOPT PACKING pc=0x0000022da345d238 sp=0x00000042374fdfe0
Event: 24.696 Thread 0x0000022db2ebe000 DEOPT UNPACKING pc=0x0000022d9b92922f sp=0x00000042374fdf88 mode 2
Event: 24.696 Thread 0x0000022db2ebe000 Uncommon trap: trap_request=0xffffffd6 fr.pc=0x0000022da345d238 relative=0x00000000000001d8
Event: 24.696 Thread 0x0000022db2ebe000 Uncommon trap: reason=array_check action=maybe_recompile pc=0x0000022da345d238 method=com.badlogic.gdx.utils.Array.add(Ljava/lang/Object;)V @ 46 c2
Event: 24.696 Thread 0x0000022db2ebe000 DEOPT PACKING pc=0x0000022da345d238 sp=0x00000042374fdfa0
Event: 24.696 Thread 0x0000022db2ebe000 DEOPT UNPACKING pc=0x0000022d9b92922f sp=0x00000042374fdf48 mode 2
Event: 24.713 Thread 0x0000022db2ebe000 Uncommon trap: trap_request=0xffffff4d fr.pc=0x0000022da3472cfc relative=0x000000000000269c
Event: 24.713 Thread 0x0000022db2ebe000 Uncommon trap: reason=unstable_if action=reinterpret pc=0x0000022da3472cfc method=com.badlogic.gdx.graphics.g2d.GlyphLayout.setText(Lcom/badlogic/gdx/graphics/g2d/BitmapFont;Ljava/lang/CharSequence;IILcom/badlogic/gdx/graphics/Color;FIZLjava/lang/String;)
Event: 24.713 Thread 0x0000022db2ebe000 DEOPT PACKING pc=0x0000022da3472cfc sp=0x00000042374fe2a0
Event: 24.713 Thread 0x0000022db2ebe000 DEOPT UNPACKING pc=0x0000022d9b92922f sp=0x00000042374fe208 mode 2
Event: 26.029 Thread 0x0000022db2ebe000 Uncommon trap: trap_request=0xffffffd6 fr.pc=0x0000022da345d238 relative=0x00000000000001d8
Event: 26.029 Thread 0x0000022db2ebe000 Uncommon trap: reason=array_check action=maybe_recompile pc=0x0000022da345d238 method=com.badlogic.gdx.utils.Array.add(Ljava/lang/Object;)V @ 46 c2
Event: 26.029 Thread 0x0000022db2ebe000 DEOPT PACKING pc=0x0000022da345d238 sp=0x00000042374fe9e0
Event: 26.029 Thread 0x0000022db2ebe000 DEOPT UNPACKING pc=0x0000022d9b92922f sp=0x00000042374fe988 mode 2
Event: 26.029 Thread 0x0000022db2ebe000 Uncommon trap: trap_request=0xffffffd6 fr.pc=0x0000022da345d238 relative=0x00000000000001d8
Event: 26.029 Thread 0x0000022db2ebe000 Uncommon trap: reason=array_check action=maybe_recompile pc=0x0000022da345d238 method=com.badlogic.gdx.utils.Array.add(Ljava/lang/Object;)V @ 46 c2
Event: 26.029 Thread 0x0000022db2ebe000 DEOPT PACKING pc=0x0000022da345d238 sp=0x00000042374fe9e0
Event: 26.029 Thread 0x0000022db2ebe000 DEOPT UNPACKING pc=0x0000022d9b92922f sp=0x00000042374fe988 mode 2

Classes redefined (0 events):
No events

Internal exceptions (9 events):
Event: 0.252 Thread 0x0000022d97a41000 Exception <a 'java/lang/NoSuchMethodError'{0x0000000089641db0}: 'java.lang.Object java.lang.invoke.DirectMethodHandle$Holder.invokeStaticInit(java.lang.Object, int, int, int, int)'> (0x0000000089641db0) thrown at [c:/BuildAgent/work/5ff2f6c26000d570/src/h
Event: 0.580 Thread 0x0000022d97a41000 Exception <a 'java/lang/NoSuchMethodError'{0x000000008966caf0}: 'java.lang.Object java.lang.invoke.DirectMethodHandle$Holder.invokeStaticInit(java.lang.Object, java.lang.Object, int, int, int, int)'> (0x000000008966caf0) thrown at [c:/BuildAgent/work/5ff2
Event: 0.634 Thread 0x0000022d97a41000 Exception <a 'java/security/PrivilegedActionException'{0x00000000896fc328}> (0x00000000896fc328) thrown at [c:/BuildAgent/work/5ff2f6c26000d570/src/hotspot/share/prims/jvm.cpp, line 1297]
Event: 0.635 Thread 0x0000022d97a41000 Exception <a 'java/security/PrivilegedActionException'{0x00000000896feb08}> (0x00000000896feb08) thrown at [c:/BuildAgent/work/5ff2f6c26000d570/src/hotspot/share/prims/jvm.cpp, line 1297]
Event: 0.635 Thread 0x0000022d97a41000 Exception <a 'java/security/PrivilegedActionException'{0x00000000896ffac0}> (0x00000000896ffac0) thrown at [c:/BuildAgent/work/5ff2f6c26000d570/src/hotspot/share/prims/jvm.cpp, line 1297]
Event: 0.639 Thread 0x0000022d97a41000 Exception <a 'java/security/PrivilegedActionException'{0x0000000089511648}> (0x0000000089511648) thrown at [c:/BuildAgent/work/5ff2f6c26000d570/src/hotspot/share/prims/jvm.cpp, line 1297]
Event: 0.639 Thread 0x0000022d97a41000 Exception <a 'java/security/PrivilegedActionException'{0x0000000089512208}> (0x0000000089512208) thrown at [c:/BuildAgent/work/5ff2f6c26000d570/src/hotspot/share/prims/jvm.cpp, line 1297]
Event: 0.639 Thread 0x0000022d97a41000 Exception <a 'java/security/PrivilegedActionException'{0x0000000089512d88}> (0x0000000089512d88) thrown at [c:/BuildAgent/work/5ff2f6c26000d570/src/hotspot/share/prims/jvm.cpp, line 1297]
Event: 1.860 Thread 0x0000022db2ebe000 Exception <a 'java/lang/NoSuchMethodError'{0x000000008960f4b8}: 'int java.lang.invoke.DirectMethodHandle$Holder.invokeSpecialIFC(java.lang.Object, java.lang.Object, int)'> (0x000000008960f4b8) thrown at [c:/BuildAgent/work/5ff2f6c26000d570/src/hotspot/sha

Events (20 events):
Event: 2.118 loading class org/lwjgl/opengl/Sync
Event: 2.118 loading class org/lwjgl/opengl/Sync done
Event: 2.119 loading class org/lwjgl/opengl/Sync$RunningAvg
Event: 2.119 loading class org/lwjgl/opengl/Sync$RunningAvg done
Event: 2.120 loading class org/lwjgl/opengl/Sync$1
Event: 2.120 loading class org/lwjgl/opengl/Sync$1 done
Event: 2.121 Thread 0x0000022dbd453800 Thread added: 0x0000022dbd453800
Event: 2.122 loading class com/badlogic/gdx/scenes/scene2d/InputListener$1
Event: 2.122 loading class com/badlogic/gdx/scenes/scene2d/InputListener$1 done
Event: 2.233 Thread 0x0000022dbd1d0000 Thread exited: 0x0000022dbd1d0000
Event: 3.334 loading class com/badlogic/gdx/graphics/g2d/SpriteCache$Cache
Event: 3.334 loading class com/badlogic/gdx/graphics/g2d/SpriteCache$Cache done
Event: 3.700 loading class org/lwjgl/opengl/WindowsKeycodes
Event: 3.700 loading class org/lwjgl/opengl/WindowsKeycodes done
Event: 3.701 loading class com/badlogic/gdx/backends/lwjgl/LwjglInput$KeyEvent
Event: 3.701 loading class com/badlogic/gdx/backends/lwjgl/LwjglInput$KeyEvent done
Event: 3.702 loading class com/badlogic/gdx/math/MathUtils$Sin
Event: 3.702 loading class com/badlogic/gdx/math/MathUtils$Sin done
Event: 22.663 loading class com/berbils/game/Entities/ProjectileSpawners/ProjectileTypes/Explosion$1
Event: 22.663 loading class com/berbils/game/Entities/ProjectileSpawners/ProjectileTypes/Explosion$1 done


Dynamic libraries:
0x00007ff6f91a0000 - 0x00007ff6f91aa000 	C:\Program Files\JetBrains\IntelliJ IDEA Community Edition 2019.3.1\jbr\bin\java.exe
0x00007ffa447a0000 - 0x00007ffa44990000 	C:\WINDOWS\SYSTEM32\ntdll.dll
0x00007ffa43ba0000 - 0x00007ffa43c52000 	C:\WINDOWS\System32\KERNEL32.DLL
0x00007ffa41b70000 - 0x00007ffa41e13000 	C:\WINDOWS\System32\KERNELBASE.dll
0x00007ffa41760000 - 0x00007ffa4185a000 	C:\WINDOWS\System32\ucrtbase.dll
0x00007ffa2e320000 - 0x00007ffa2e339000 	C:\Program Files\JetBrains\IntelliJ IDEA Community Edition 2019.3.1\jbr\bin\jli.dll
0x00007ffa2e340000 - 0x00007ffa2e357000 	C:\Program Files\JetBrains\IntelliJ IDEA Community Edition 2019.3.1\jbr\bin\VCRUNTIME140.dll
0x00007ffa44290000 - 0x00007ffa44424000 	C:\WINDOWS\System32\USER32.dll
0x00007ffa42040000 - 0x00007ffa42061000 	C:\WINDOWS\System32\win32u.dll
0x00007ffa44250000 - 0x00007ffa44276000 	C:\WINDOWS\System32\GDI32.dll
0x00007ffa31e70000 - 0x00007ffa320f5000 	C:\WINDOWS\WinSxS\amd64_microsoft.windows.common-controls_6595b64144ccf1df_6.0.18362.592_none_e6c0b1911312be02\COMCTL32.dll
0x00007ffa41e20000 - 0x00007ffa41fb4000 	C:\WINDOWS\System32\gdi32full.dll
0x00007ffa44500000 - 0x00007ffa4459e000 	C:\WINDOWS\System32\msvcrt.dll
0x00007ffa41910000 - 0x00007ffa419ae000 	C:\WINDOWS\System32\msvcp_win.dll
0x00007ffa42c90000 - 0x00007ffa42fc6000 	C:\WINDOWS\System32\combase.dll
0x00007ffa44620000 - 0x00007ffa44740000 	C:\WINDOWS\System32\RPCRT4.dll
0x00007ffa41fc0000 - 0x00007ffa42040000 	C:\WINDOWS\System32\bcryptPrimitives.dll
0x00007ffa43d10000 - 0x00007ffa43d3e000 	C:\WINDOWS\System32\IMM32.DLL
0x00007ffa19490000 - 0x00007ffa1952d000 	C:\Program Files\JetBrains\IntelliJ IDEA Community Edition 2019.3.1\jbr\bin\msvcp140.dll
0x00007ffa070f0000 - 0x00007ffa07bab000 	C:\Program Files\JetBrains\IntelliJ IDEA Community Edition 2019.3.1\jbr\bin\server\jvm.dll
0x00007ffa44430000 - 0x00007ffa444d3000 	C:\WINDOWS\System32\ADVAPI32.dll
0x00007ffa42a30000 - 0x00007ffa42ac7000 	C:\WINDOWS\System32\sechost.dll
0x00007ffa44740000 - 0x00007ffa44748000 	C:\WINDOWS\System32\PSAPI.DLL
0x00007ffa3b380000 - 0x00007ffa3b389000 	C:\WINDOWS\SYSTEM32\WSOCK32.dll
0x00007ffa32760000 - 0x00007ffa3276a000 	C:\WINDOWS\SYSTEM32\VERSION.dll
0x00007ffa43d40000 - 0x00007ffa43daf000 	C:\WINDOWS\System32\WS2_32.dll
0x00007ffa3f190000 - 0x00007ffa3f1b4000 	C:\WINDOWS\SYSTEM32\WINMM.dll
0x00007ffa3f160000 - 0x00007ffa3f18d000 	C:\WINDOWS\SYSTEM32\winmmbase.dll
0x00007ffa41b20000 - 0x00007ffa41b6a000 	C:\WINDOWS\System32\cfgmgr32.dll
0x00007ffa41680000 - 0x00007ffa41691000 	C:\WINDOWS\System32\kernel.appcore.dll
0x00007ffa0f190000 - 0x00007ffa0f1a1000 	C:\Program Files\JetBrains\IntelliJ IDEA Community Edition 2019.3.1\jbr\bin\verify.dll
0x00007ffa2f280000 - 0x00007ffa2f474000 	C:\WINDOWS\SYSTEM32\DBGHELP.DLL
0x00007ffa2f090000 - 0x00007ffa2f0ba000 	C:\WINDOWS\SYSTEM32\dbgcore.DLL
0x00007ffa0f120000 - 0x00007ffa0f149000 	C:\Program Files\JetBrains\IntelliJ IDEA Community Edition 2019.3.1\jbr\bin\java.dll
0x00007ffa0f100000 - 0x00007ffa0f117000 	C:\Program Files\JetBrains\IntelliJ IDEA Community Edition 2019.3.1\jbr\bin\zip.dll
0x00007ffa333d0000 - 0x00007ffa333db000 	C:\Program Files\JetBrains\IntelliJ IDEA Community Edition 2019.3.1\jbr\bin\jimage.dll
0x00007ffa42fd0000 - 0x00007ffa436b5000 	C:\WINDOWS\System32\SHELL32.dll
0x00007ffa42920000 - 0x00007ffa429c9000 	C:\WINDOWS\System32\shcore.dll
0x00007ffa42070000 - 0x00007ffa427ef000 	C:\WINDOWS\System32\windows.storage.dll
0x00007ffa416f0000 - 0x00007ffa4170f000 	C:\WINDOWS\System32\profapi.dll
0x00007ffa416a0000 - 0x00007ffa416ea000 	C:\WINDOWS\System32\powrprof.dll
0x00007ffa41670000 - 0x00007ffa41680000 	C:\WINDOWS\System32\UMPDC.dll
0x00007ffa429d0000 - 0x00007ffa42a22000 	C:\WINDOWS\System32\shlwapi.dll
0x00007ffa419b0000 - 0x00007ffa419c7000 	C:\WINDOWS\System32\cryptsp.dll
0x00007ffa0f0e0000 - 0x00007ffa0f0fa000 	C:\Program Files\JetBrains\IntelliJ IDEA Community Edition 2019.3.1\jbr\bin\net.dll
0x00007ffa3b730000 - 0x00007ffa3b820000 	C:\WINDOWS\SYSTEM32\WINHTTP.dll
0x00007ffa40e80000 - 0x00007ffa40ee7000 	C:\WINDOWS\system32\mswsock.dll
0x00007ffa0f0c0000 - 0x00007ffa0f0d4000 	C:\Program Files\JetBrains\IntelliJ IDEA Community Edition 2019.3.1\jbr\bin\nio.dll
0x0000000065ac0000 - 0x0000000065b0b000 	C:\Users\Michelle\AppData\Local\Temp\libgdxMichelle\7d76f548\gdx64.dll
0x00007ffa409f0000 - 0x00007ffa40a23000 	C:\WINDOWS\system32\rsaenh.dll
0x00007ffa41730000 - 0x00007ffa41756000 	C:\WINDOWS\System32\bcrypt.dll
0x00007ffa41560000 - 0x00007ffa41585000 	C:\WINDOWS\SYSTEM32\USERENV.dll
0x00007ffa41050000 - 0x00007ffa4105c000 	C:\WINDOWS\SYSTEM32\CRYPTBASE.dll
0x00007ffa40b90000 - 0x00007ffa40bca000 	C:\WINDOWS\SYSTEM32\IPHLPAPI.DLL
0x00007ffa44280000 - 0x00007ffa44288000 	C:\WINDOWS\System32\NSI.dll
0x00007ffa369e0000 - 0x00007ffa369f6000 	C:\WINDOWS\SYSTEM32\dhcpcsvc6.DLL
0x00007ffa36bf0000 - 0x00007ffa36c0c000 	C:\WINDOWS\SYSTEM32\dhcpcsvc.DLL
0x00007ffa40bd0000 - 0x00007ffa40c9a000 	C:\WINDOWS\SYSTEM32\DNSAPI.dll
0x0000000180000000 - 0x0000000180053000 	C:\Users\Michelle\AppData\Local\Temp\libgdxMichelle\1cecf4f6\lwjgl64.dll
0x00007ffa24790000 - 0x00007ffa248e6000 	C:\WINDOWS\SYSTEM32\OPENGL32.dll
0x00007ffa29b70000 - 0x00007ffa29b9c000 	C:\WINDOWS\SYSTEM32\GLU32.dll
0x00007ffa402e0000 - 0x00007ffa40300000 	C:\WINDOWS\SYSTEM32\dxcore.dll
0x0000022db32b0000 - 0x0000022db3314000 	C:\Users\Michelle\AppData\Local\Temp\libgdxMichelle\1cecf4f6\OpenAL64.dll
0x00007ffa42ad0000 - 0x00007ffa42c26000 	C:\WINDOWS\System32\ole32.dll
0x00007ffa3f9f0000 - 0x00007ffa3fa89000 	C:\WINDOWS\system32\uxtheme.dll
0x00007ffa43c60000 - 0x00007ffa43d02000 	C:\WINDOWS\System32\clbcatq.dll
0x00007ffa12090000 - 0x00007ffa12129000 	C:\WINDOWS\SYSTEM32\dsound.dll
0x00007ffa35dd0000 - 0x00007ffa35e42000 	C:\WINDOWS\System32\MMDevApi.dll
0x00007ffa41410000 - 0x00007ffa4143a000 	C:\WINDOWS\System32\DEVOBJ.dll
0x00007ffa33270000 - 0x00007ffa333cd000 	C:\WINDOWS\SYSTEM32\AUDIOSES.DLL
0x00007ffa42850000 - 0x00007ffa42914000 	C:\WINDOWS\System32\OLEAUT32.dll
0x00007ffa3d200000 - 0x00007ffa3d353000 	C:\WINDOWS\SYSTEM32\wintypes.dll
0x00007ffa3fd20000 - 0x00007ffa3fd34000 	C:\WINDOWS\SYSTEM32\resourcepolicyclient.dll
0x00007ffa3d100000 - 0x00007ffa3d1ae000 	C:\WINDOWS\SYSTEM32\mscms.dll
0x00007ffa3d0e0000 - 0x00007ffa3d0f7000 	C:\WINDOWS\SYSTEM32\ColorAdapterClient.dll
0x00007ffa3a0b0000 - 0x00007ffa3a0ca000 	C:\Windows\System32\Windows.Internal.Graphics.Display.DisplayColorManagement.dll
0x00007ffa43e80000 - 0x00007ffa43fb5000 	C:\WINDOWS\System32\MSCTF.dll
0x00007ffa36280000 - 0x00007ffa3631e000 	C:\WINDOWS\System32\TextInputFramework.dll
0x00007ffa3f1c0000 - 0x00007ffa3f294000 	C:\WINDOWS\System32\CoreMessaging.dll
0x00007ffa3d3a0000 - 0x00007ffa3d6ca000 	C:\WINDOWS\System32\CoreUIComponents.dll
0x00007ffa406d0000 - 0x00007ffa40701000 	C:\WINDOWS\SYSTEM32\ntmarta.dll
0x00007ffa34810000 - 0x00007ffa34ab6000 	C:\WINDOWS\System32\iertutil.dll
0x00007ff9ddfd0000 - 0x00007ff9dee8f000 	C:\WINDOWS\System32\DriverStore\FileRepository\ki126974.inf_amd64_9168fc04b8275db9\ig9icd64.dll
0x00007ffa3e150000 - 0x00007ffa3e163000 	C:\WINDOWS\SYSTEM32\WTSAPI32.dll
0x00007ffa3fe10000 - 0x00007ffa3fe3d000 	C:\WINDOWS\SYSTEM32\dwmapi.dll
0x00007ffa40370000 - 0x00007ffa4045b000 	C:\WINDOWS\SYSTEM32\dxgi.dll
0x00007ffa3ac10000 - 0x00007ffa3ac53000 	C:\WINDOWS\SYSTEM32\icm32.dll
0x00007ffa36e50000 - 0x00007ffa38be5000 	C:\WINDOWS\System32\DriverStore\FileRepository\ki126974.inf_amd64_9168fc04b8275db9\igc64.dll
0x000000006e9c0000 - 0x000000006ea1b000 	C:\Users\Michelle\AppData\Local\Temp\libgdxMichelle\b8f13a6a\gdx-box2d64.dll

dbghelp: loaded successfully - version: 4.0.5 - missing functions: none
symbol engine: initialized successfully - sym options: 0x614 - pdb path: .;C:\Program Files\JetBrains\IntelliJ IDEA Community Edition 2019.3.1\jbr\bin;C:\WINDOWS\SYSTEM32;C:\WINDOWS\WinSxS\amd64_microsoft.windows.common-controls_6595b64144ccf1df_6.0.18362.592_none_e6c0b1911312be02;C:\Program Files\JetBrains\IntelliJ IDEA Community Edition 2019.3.1\jbr\bin\server;C:\Users\Michelle\AppData\Local\Temp\libgdxMichelle\7d76f548;C:\Users\Michelle\AppData\Local\Temp\libgdxMichelle\1cecf4f6;C:\WINDOWS\System32\DriverStore\FileRepository\ki126974.inf_amd64_9168fc04b8275db9;C:\Users\Michelle\AppData\Local\Temp\libgdxMichelle\b8f13a6a

VM Arguments:
jvm_args: -Dfile.encoding=windows-1252 -Duser.country=GB -Duser.language=en -Duser.variant 
java_command: com.berbils.game.desktop.DesktopLauncher
java_class_path (initial): C:\Users\Michelle\IdeaProjects\Game\desktop\build\classes\java\main;C:\Users\Michelle\IdeaProjects\Game\desktop\build\resources\main;C:\Users\Michelle\.gradle\caches\modules-2\files-2.1\com.badlogicgames.gdx\gdx-tools\1.9.10\67524f012868e0cff57531b5bfda2781d00c6b1f\gdx-tools-1.9.10.jar;C:\Users\Michelle\.gradle\caches\modules-2\files-2.1\com.badlogicgames.gdx\gdx-backend-lwjgl\1.9.10\8f88abd43500d94c486d25f04d642318da72773a\gdx-backend-lwjgl-1.9.10.jar;C:\Users\Michelle\.gradle\caches\modules-2\files-2.1\com.badlogicgames.gdx\gdx-platform\1.9.10\1907b49f8363dd1ee37d273854a9cc3c741a6e66\gdx-platform-1.9.10-natives-desktop.jar;C:\Users\Michelle\.gradle\caches\modules-2\files-2.1\com.badlogicgames.gdx\gdx-box2d-platform\1.9.10\91b19c283b24eec646a18e0e7b940c829920df4f\gdx-box2d-platform-1.9.10-natives-desktop.jar;C:\Users\Michelle\IdeaProjects\Game\core\build\libs\core-1.0.jar;C:\Users\Michelle\.gradle\caches\modules-2\files-2.1\com.badlogicgames.gdx\gdx-backend-headless\1.9.10\d357526e6bb3d36b01b4f833ab42588e5285d487\gdx-backend-headless-1.9.10.jar;C:\Users\Michelle\.gradle\caches\modules-2\files-2.1\com.badlogicgames.gdx\gdx-freetype\1.9.10\8853e4f08589a9feb4b851187909cfde8810e491\gdx-freetype-1.9.10.jar;C:\Users\Michelle\.gradle\caches\modules-2\files-2.1\com.badlogicgames.box2dlights\box2dlights\1.4\3d77ad5b4164fb32fc67e2446e35911bb0aaf0bd\box2dlights-1.4.jar;C:\Users\Michelle\.gradle\caches\modules-2\files-2.1\com.badlogicgames.gdx\gdx-box2d\1.9.10\d68a7a3484d47529a8d23cd467579eb098b38a9e\gdx-box2d-1.9.10.jar;C:\Users\Michelle\.gradle\caches\modules-2\files-2.1\com.badlogicgames.gdx\gdx-ai\1.8.0\ec30677d8ab1a8b8aa4b853c5f4e4b1361f50bf5\gdx-ai-1.8.0.jar;C:\Users\Michelle\.gradle\caches\modules-2\files-2.1\com.badlogicgames.gdx\gdx\1.9.10\79d9ad27bd5e3eb18c9ade61d3a27d7237695d53\gdx-1.9.10.jar;C:\Users\Michelle\.gradle\caches\modules-2\files-2.1\org.lwjgl.lwjgl\lwjgl_util\2.9.3\751f06b62424da056954c67288fd5c494431e350\lwjgl_util-2.9.3.jar
Launcher Type: SUN_STANDARD

[Global flags]
     intx CICompilerCount                          = 3                                         {product} {ergonomic}
     uint ConcGCThreads                            = 1                                         {product} {ergonomic}
     uint G1ConcRefinementThreads                  = 4                                         {product} {ergonomic}
   size_t G1HeapRegionSize                         = 1048576                                   {product} {ergonomic}
    uintx GCDrainStackTargetSize                   = 64                                        {product} {ergonomic}
   size_t InitialHeapSize                          = 134217728                                 {product} {ergonomic}
   size_t MarkStackSize                            = 4194304                                   {product} {ergonomic}
   size_t MaxHeapSize                              = 2120220672                                {product} {ergonomic}
   size_t MaxNewSize                               = 1271922688                                {product} {ergonomic}
   size_t MinHeapDeltaBytes                        = 1048576                                   {product} {ergonomic}
    uintx NonNMethodCodeHeapSize                   = 5830732                                {pd product} {ergonomic}
    uintx NonProfiledCodeHeapSize                  = 122913754                              {pd product} {ergonomic}
    uintx ProfiledCodeHeapSize                     = 122913754                              {pd product} {ergonomic}
    uintx ReservedCodeCacheSize                    = 251658240                              {pd product} {ergonomic}
     bool SegmentedCodeCache                       = true                                      {product} {ergonomic}
     bool UseCompressedClassPointers               = true                                 {lp64_product} {ergonomic}
     bool UseCompressedOops                        = true                                 {lp64_product} {ergonomic}
     bool UseG1GC                                  = true                                      {product} {ergonomic}
     bool UseLargePagesIndividualAllocation        = false                                  {pd product} {ergonomic}

Logging:
Log output configuration:
 #0: stdout all=warning uptime,level,tags
 #1: stderr all=off uptime,level,tags

Environment Variables:
PATH=C:\WINDOWS\system32;C:\WINDOWS;C:\WINDOWS\System32\Wbem;C:\WINDOWS\System32\WindowsPowerShell\v1.0\;C:\WINDOWS\System32\OpenSSH\;C:\Program Files\PuTTY\;C:\Program Files\Git\cmd;C:\Users\Michelle\AppData\Local\Programs\Python\Python36\Scripts\;C:\Users\Michelle\AppData\Local\Programs\Python\Python36\;C:\Users\Michelle\AppData\Local\Programs\Python\Python38\Scripts\;C:\Users\Michelle\AppData\Local\Programs\Python\Python38\;C:\Users\Michelle\AppData\Local\Programs\Python\Python36-32\Scripts\;C:\Users\Michelle\AppData\Local\Programs\Python\Python36-32\;C:\Users\Michelle\AppData\Local\Microsoft\WindowsApps;
USERNAME=Michelle
OS=Windows_NT
PROCESSOR_IDENTIFIER=Intel64 Family 6 Model 78 Stepping 3, GenuineIntel



---------------  S Y S T E M  ---------------

OS: Windows 10 , 64 bit Build 18362 (10.0.18362.329)

CPU:total 4 (initial active 4) (2 cores per cpu, 2 threads per core) family 6 model 78 stepping 3, cmov, cx8, fxsr, mmx, sse, sse2, sse3, ssse3, sse4.1, sse4.2, popcnt, avx, avx2, aes, clmul, erms, 3dnowpref, lzcnt, ht, tsc, tscinvbit, bmi1, bmi2, adx, fma

Memory: 4k page, system-wide physical 8087M (1962M free)
TotalPageFile size 12951M (AvailPageFile size 3281M)
current process WorkingSet (physical memory assigned to process): 126M, peak: 133M
current process commit charge ("private bytes"): 243M, peak: 251M

vm_info: OpenJDK 64-Bit Server VM (11.0.5+10-b520.17) for windows-amd64 JRE (11.0.5+10-b520.17), built on Dec  2 2019 12:11:34 by "" with MS VC++ 14.0 (VS2015)

END.
