#
# A fatal error has been detected by the Java Runtime Environment:
#
#  EXCEPTION_ACCESS_VIOLATION (0xc0000005) at pc=0x000000006e9cbbb1, pid=11296, tid=3116
#
# JRE version: OpenJDK Runtime Environment (11.0.5+10) (build 11.0.5+10-b520.17)
# Java VM: OpenJDK 64-Bit Server VM (11.0.5+10-b520.17, mixed mode, sharing, tiered, compressed oops, g1 gc, windows-amd64)
# Problematic frame:
# C  [gdx-box2d64.dll+0xbbb1]
#
# No core dump will be written. Minidumps are not enabled by default on client versions of Windows
#
# If you would like to submit a bug report, please visit:
#   http://bugreport.java.com/bugreport/crash.jsp
# The crash happened outside the Java Virtual Machine in native code.
# See problematic frame for where to report the bug.
#

---------------  S U M M A R Y ------------

Command Line: -Dfile.encoding=windows-1252 -Duser.country=GB -Duser.language=en -Duser.variant com.berbils.game.desktop.DesktopLauncher

Host: Intel(R) Core(TM) i5-6200U CPU @ 2.30GHz, 4 cores, 7G,  Windows 10 , 64 bit Build 18362 (10.0.18362.329)
Time: Sun Jan 19 21:44:11 2020 GMT Standard Time elapsed time: 43 seconds (0d 0h 0m 43s)

---------------  T H R E A D  ---------------

Current thread (0x000001d8f90f9800):  JavaThread "LWJGL Application" [_thread_in_native, id=3116, stack(0x000000ad5d600000,0x000000ad5d700000)]

Stack: [0x000000ad5d600000,0x000000ad5d700000],  sp=0x000000ad5d6fe860,  free space=1018k
Native frames: (J=compiled Java code, j=interpreted, Vv=VM code, C=native code)
C  [gdx-box2d64.dll+0xbbb1]

Java frames: (J=compiled Java code, j=interpreted, Vv=VM code)
j  com.badlogic.gdx.physics.box2d.World.jniCreateBody(JIFFFFFFFFZZZZZF)J+0
j  com.badlogic.gdx.physics.box2d.World.createBody(Lcom/badlogic/gdx/physics/box2d/BodyDef;)Lcom/badlogic/gdx/physics/box2d/Body;+80
j  com.berbils.game.Entities.EntityTypes.Entity.createBodyCopy()V+9
j  com.berbils.game.Entities.ProjectileSpawners.Weapon.spawnProjectile(Lcom/badlogic/gdx/math/Vector2;Lcom/badlogic/gdx/math/Vector2;)V+12
J 1613 c1 com.berbils.game.Entities.ProjectileSpawners.BasicProjectileSpawner.attack(Lcom/badlogic/gdx/math/Vector2;Lcom/badlogic/gdx/math/Vector2;)V (26 bytes) @ 0x000001d8e1dc3b44 [0x000001d8e1dc3880+0x00000000000002c4]
J 1720 c1 com.berbils.game.Tools.InputManager.handlePlayerInput(Lcom/berbils/game/Entities/FireEngines/FireEngine;FLcom/berbils/game/Kroy;)V (319 bytes) @ 0x000001d8e1e0fb1c [0x000001d8e1e0cb80+0x0000000000002f9c]
J 1620 c1 com.berbils.game.Screens.PlayScreen.update(F)V (130 bytes) @ 0x000001d8e1dcad04 [0x000001d8e1dca0c0+0x0000000000000c44]
J 1619 c1 com.berbils.game.Screens.PlayScreen.render(F)V (97 bytes) @ 0x000001d8e1dcbab4 [0x000001d8e1dcba00+0x00000000000000b4]
J 1358 c1 com.berbils.game.Kroy.render()V (5 bytes) @ 0x000001d8e1d2b96c [0x000001d8e1d2b760+0x000000000000020c]
j  com.badlogic.gdx.backends.lwjgl.LwjglApplication.mainLoop()V+770
j  com.badlogic.gdx.backends.lwjgl.LwjglApplication$1.run()V+27
v  ~StubRoutines::call_stub

siginfo: EXCEPTION_ACCESS_VIOLATION (0xc0000005), reading address 0x000001daf8a7cfc0


Register to memory mapping:

RIP=0x000000006e9cbbb1 gdx-box2d64.dll
RAX=0x000000006ea10060 gdx-box2d64.dll
RBX=0x000001daf8a7cfc0 is an unknown value
RCX=0x000001d8f8a62130 points into unknown readable memory: 80 00 52 ff d8 01 00 00
RDX=0x00000000000000b8 is an unknown value
RSP=0x000000ad5d6fe860 is pointing into the stack for thread: 0x000001d8f90f9800
RBP=0x000001d8f8a62160 points into unknown readable memory: 00 00 00 00 00 00 00 00
RSI=0x000001d8f8a62130 points into unknown readable memory: 80 00 52 ff d8 01 00 00
RDI=0x000000ad5d6fe920 is pointing into the stack for thread: 0x000001d8f90f9800
R8 =0x000001d8f8a62130 points into unknown readable memory: 80 00 52 ff d8 01 00 00
R9 =0x0000000000000002 is an unknown value
R10=0x0 is NULL
R11=0x0000000000000001 is an unknown value
R12=0x0 is NULL
R13=0x0000000000000006 is an unknown value
R14=0x000000ad5d6feb10 is pointing into the stack for thread: 0x000001d8f90f9800
R15=0x000001d8f90f9800 is a thread


Registers:
RAX=0x000000006ea10060, RBX=0x000001daf8a7cfc0, RCX=0x000001d8f8a62130, RDX=0x00000000000000b8
RSP=0x000000ad5d6fe860, RBP=0x000001d8f8a62160, RSI=0x000001d8f8a62130, RDI=0x000000ad5d6fe920
R8 =0x000001d8f8a62130, R9 =0x0000000000000002, R10=0x0000000000000000, R11=0x0000000000000001
R12=0x0000000000000000, R13=0x0000000000000006, R14=0x000000ad5d6feb10, R15=0x000001d8f90f9800
RIP=0x000000006e9cbbb1, EFLAGS=0x0000000000010206

Top of Stack: (sp=0x000000ad5d6fe860)
0x000000ad5d6fe860:   000001d8f83f5788 000001d8f90f9800
0x000000ad5d6fe870:   00007ffa0790b9f8 000001d88413d840
0x000000ad5d6fe880:   0000000000000001 000001d8f8a62130
0x000000ad5d6fe890:   000000ad5d6fe920 000000ad5d6fea68
0x000000ad5d6fe8a0:   0000000000000000 000001d8f83f5788
0x000000ad5d6fe8b0:   000000ad5d6feb10 000000006e9e1163
0x000000ad5d6fe8c0:   000000ad5d6fe960 000000ad5d6fe960
0x000000ad5d6fe8d0:   0000000000000003 000001d8f83f5788
0x000000ad5d6fe8e0:   0000000000000001 00000000000007a0
0x000000ad5d6fe8f0:   00000000000dbee8 000000006e9e6a36
0x000000ad5d6fe900:   000001d8f90f9800 000000ad5d6feb10
0x000000ad5d6fe910:   000000ad5d6fea68 000001d8e14f878b
0x000000ad5d6fe920:   410f000000000002 00000000410f8000
0x000000ad5d6fe930:   0000000000000000 0000000000000000
0x000000ad5d6fe940:   0000010100000000 000000ad5d6feb01
0x000000ad5d6fe950:   0000000000000000 000000003f800000 

Instructions: (pc=0x000000006e9cbbb1)
0x000000006e9cbab1:   3d 89 45 04 00 00 75 5e 48 8d 3d a1 45 04 00 bb
0x000000006e9cbac1:   01 00 00 00 31 f6 48 8d 2d 32 45 03 00 eb 04 48
0x000000006e9cbad1:   83 c7 01 48 63 c6 39 5c 85 00 7d 03 83 c6 01 83
0x000000006e9cbae1:   c3 01 40 88 37 81 fb 81 02 00 00 74 22 83 fe 0d
0x000000006e9cbaf1:   7e dd 48 8d 15 56 60 03 00 48 8d 0d bb 60 03 00
0x000000006e9cbb01:   41 b8 49 00 00 00 e8 c4 aa 02 00 eb c2 66 90 c6
0x000000006e9cbb11:   05 29 45 04 00 01 48 83 c4 28 5b 5e 5f 5d c3 57
0x000000006e9cbb21:   56 53 48 83 ec 20 8b 41 08 31 f6 31 db 48 89 cf
0x000000006e9cbb31:   85 c0 7e 19 48 8b 07 83 c3 01 48 8b 4c 30 08 48
0x000000006e9cbb41:   83 c6 10 e8 c7 08 00 00 39 5f 08 7f e7 48 8b 0f
0x000000006e9cbb51:   48 83 c4 20 5b 5e 5f e9 b3 08 00 00 90 66 90 41
0x000000006e9cbb61:   56 41 55 41 54 55 57 56 53 48 83 ec 20 48 63 da
0x000000006e9cbb71:   48 89 ce 83 fb 00 0f 84 66 01 00 00 0f 8e 42 01
0x000000006e9cbb81:   00 00 81 fb 80 02 00 00 0f 8f 21 01 00 00 48 8d
0x000000006e9cbb91:   05 ca 44 04 00 44 0f b6 2c 18 41 80 fd 0d 4c 89
0x000000006e9cbba1:   eb 77 2c 48 8d 2c de 48 8b 5d 10 48 85 db 74 45
0x000000006e9cbbb1:   48 8b 03 48 89 45 10 48 89 d8 48 83 c4 20 5b 5e
0x000000006e9cbbc1:   5f 5d 41 5c 41 5d 41 5e c3 66 0f 1f 44 00 00 48
0x000000006e9cbbd1:   8d 15 79 5f 03 00 48 8d 0d fa 5f 03 00 48 8d 2c
0x000000006e9cbbe1:   de 41 b8 70 00 00 00 e8 e3 a9 02 00 48 8b 5d 10
0x000000006e9cbbf1:   48 85 db 75 bb 4c 63 66 08 44 3b 66 0c 0f 84 1c
0x000000006e9cbc01:   01 00 00 49 c1 e4 04 4c 03 26 b9 00 40 00 00 e8
0x000000006e9cbc11:   eb 07 00 00 48 89 c3 4d 63 ed 49 89 44 24 08 48
0x000000006e9cbc21:   8d 05 d9 43 03 00 42 8b 3c a8 b8 00 40 00 00 99
0x000000006e9cbc31:   f7 ff 41 89 fd 41 89 3c 24 44 0f af e8 41 89 c6
0x000000006e9cbc41:   41 81 fd 00 40 00 00 0f 8f a6 00 00 00 41 83 fe
0x000000006e9cbc51:   01 7e 2a 4c 63 c7 41 8d 46 ff 31 d2 4d 89 c1 4a
0x000000006e9cbc61:   8d 0c 03 49 f7 d9 66 0f 1f 84 00 00 00 00 00 83
0x000000006e9cbc71:   c2 01 4a 89 0c 09 4c 01 c1 39 c2 75 f2 41 29 fd
0x000000006e9cbc81:   4d 63 ed 4a c7 04 2b 00 00 00 00 48 8b 03 48 89
0x000000006e9cbc91:   45 10 83 46 08 01 48 89 d8 48 83 c4 20 5b 5e 5f
0x000000006e9cbca1:   5d 41 5c 41 5d 41 5e c3 0f 1f 80 00 00 00 00 89 


Stack slot to memory mapping:
stack at sp + 0 slots: {method} {0x000001d8f83f5790} 'jniCreateBody' '(JIFFFFFFFFZZZZZF)J' in 'com/badlogic/gdx/physics/box2d/World'
stack at sp + 1 slots: 0x000001d8f90f9800 is a thread
stack at sp + 2 slots: 0x00007ffa0790b9f8 jvm.dll
stack at sp + 3 slots: 0x000001d88413d840 points into unknown readable memory: 13 00 01 00 85 b0 28 4a
stack at sp + 4 slots: 0x0000000000000001 is an unknown value
stack at sp + 5 slots: 0x000001d8f8a62130 points into unknown readable memory: 80 00 52 ff d8 01 00 00
stack at sp + 6 slots: 0x000000ad5d6fe920 is pointing into the stack for thread: 0x000001d8f90f9800
stack at sp + 7 slots: 0x000000ad5d6fea68 is pointing into the stack for thread: 0x000001d8f90f9800


---------------  P R O C E S S  ---------------

Threads class SMR info:
_java_thread_list=0x000001d8f878a8b0, length=13, elements={
0x000001d8f7c6c800, 0x000001d8f7c6f000, 0x000001d8f7c88800, 0x000001d8f7c8a800,
0x000001d8f7c90000, 0x000001d8f7c96000, 0x000001d8f7c9c000, 0x000001d8f86dc000,
0x000001d8f86e3000, 0x000001d8f90f9800, 0x000001d8dbe42000, 0x000001d8842f9800,
0x000001d88421b800
}

Java Threads: ( => current thread )
  0x000001d8f7c6c800 JavaThread "Reference Handler" daemon [_thread_blocked, id=6644, stack(0x000000ad5c900000,0x000000ad5ca00000)]
  0x000001d8f7c6f000 JavaThread "Finalizer" daemon [_thread_blocked, id=1576, stack(0x000000ad5ca00000,0x000000ad5cb00000)]
  0x000001d8f7c88800 JavaThread "Signal Dispatcher" daemon [_thread_blocked, id=9372, stack(0x000000ad5cb00000,0x000000ad5cc00000)]
  0x000001d8f7c8a800 JavaThread "Attach Listener" daemon [_thread_blocked, id=14708, stack(0x000000ad5cc00000,0x000000ad5cd00000)]
  0x000001d8f7c90000 JavaThread "C2 CompilerThread0" daemon [_thread_blocked, id=4712, stack(0x000000ad5cd00000,0x000000ad5ce00000)]
  0x000001d8f7c96000 JavaThread "C1 CompilerThread0" daemon [_thread_blocked, id=2040, stack(0x000000ad5ce00000,0x000000ad5cf00000)]
  0x000001d8f7c9c000 JavaThread "Sweeper thread" daemon [_thread_blocked, id=12988, stack(0x000000ad5cf00000,0x000000ad5d000000)]
  0x000001d8f86dc000 JavaThread "Service Thread" daemon [_thread_blocked, id=1476, stack(0x000000ad5d000000,0x000000ad5d100000)]
  0x000001d8f86e3000 JavaThread "Common-Cleaner" daemon [_thread_blocked, id=4760, stack(0x000000ad5d200000,0x000000ad5d300000)]
=>0x000001d8f90f9800 JavaThread "LWJGL Application" [_thread_in_native, id=3116, stack(0x000000ad5d600000,0x000000ad5d700000)]
  0x000001d8dbe42000 JavaThread "DestroyJavaVM" [_thread_blocked, id=1324, stack(0x000000ad5c200000,0x000000ad5c300000)]
  0x000001d8842f9800 JavaThread "AssetManager" daemon [_thread_blocked, id=3900, stack(0x000000ad5d900000,0x000000ad5da00000)]
  0x000001d88421b800 JavaThread "LWJGL Timer" daemon [_thread_blocked, id=13968, stack(0x000000ad5de00000,0x000000ad5df00000)]

Other Threads:
  0x000001d8f7c6a800 VMThread "VM Thread" [stack: 0x000000ad5c800000,0x000000ad5c900000] [id=1592]
  0x000001d8f86dd000 WatcherThread [stack: 0x000000ad5d100000,0x000000ad5d200000] [id=13460]
  0x000001d8dbe58800 GCTaskThread "GC Thread#0" [stack: 0x000000ad5c300000,0x000000ad5c400000] [id=1460]
  0x000001d8840c3800 GCTaskThread "GC Thread#1" [stack: 0x000000ad5da00000,0x000000ad5db00000] [id=4948]
  0x000001d8840c5800 GCTaskThread "GC Thread#2" [stack: 0x000000ad5db00000,0x000000ad5dc00000] [id=9608]
  0x000001d8840c6000 GCTaskThread "GC Thread#3" [stack: 0x000000ad5dc00000,0x000000ad5dd00000] [id=3000]
  0x000001d8dbe89000 ConcurrentGCThread "G1 Main Marker" [stack: 0x000000ad5c400000,0x000000ad5c500000] [id=5708]
  0x000001d8dbe8a000 ConcurrentGCThread "G1 Conc#0" [stack: 0x000000ad5c500000,0x000000ad5c600000] [id=2576]
  0x000001d8dbf0e000 ConcurrentGCThread "G1 Refine#0" [stack: 0x000000ad5c600000,0x000000ad5c700000] [id=9260]
  0x000001d8f7b00800 ConcurrentGCThread "G1 Young RemSet Sampling" [stack: 0x000000ad5c700000,0x000000ad5c800000] [id=11464]

Threads with active compile tasks:

VM state:not at safepoint (normal execution)

VM Mutex/Monitor currently owned by a thread: None

Heap address: 0x0000000081a00000, size: 2022 MB, Compressed Oops mode: 32-bit
Narrow klass base: 0x0000000800000000, Narrow klass shift: 3
Compressed class space size: 1073741824 Address: 0x0000000840000000

Heap:
 garbage-first heap   total 131072K, used 13408K [0x0000000081a00000, 0x0000000100000000)
  region size 1024K, 14 young (14336K), 2 survivors (2048K)
 Metaspace       used 7490K, capacity 9708K, committed 9856K, reserved 1058816K
  class space    used 597K, capacity 836K, committed 896K, reserved 1048576K
Heap Regions: E=young(eden), S=young(survivor), O=old, HS=humongous(starts), HC=humongous(continues), CS=collection set, F=free, A=archive, TAMS=top-at-mark-start (previous, next)
|   0|0x0000000081a00000, 0x0000000081a18000, 0x0000000081b00000|  9%| O|  |TAMS 0x0000000081a00000, 0x0000000081a00000| Untracked 
|   1|0x0000000081b00000, 0x0000000081b00000, 0x0000000081c00000|  0%| F|  |TAMS 0x0000000081b00000, 0x0000000081b00000| Untracked 
|   2|0x0000000081c00000, 0x0000000081c00000, 0x0000000081d00000|  0%| F|  |TAMS 0x0000000081c00000, 0x0000000081c00000| Untracked 
|   3|0x0000000081d00000, 0x0000000081d00000, 0x0000000081e00000|  0%| F|  |TAMS 0x0000000081d00000, 0x0000000081d00000| Untracked 
|   4|0x0000000081e00000, 0x0000000081e00000, 0x0000000081f00000|  0%| F|  |TAMS 0x0000000081e00000, 0x0000000081e00000| Untracked 
|   5|0x0000000081f00000, 0x0000000081f00000, 0x0000000082000000|  0%| F|  |TAMS 0x0000000081f00000, 0x0000000081f00000| Untracked 
|   6|0x0000000082000000, 0x0000000082000000, 0x0000000082100000|  0%| F|  |TAMS 0x0000000082000000, 0x0000000082000000| Untracked 
|   7|0x0000000082100000, 0x0000000082100000, 0x0000000082200000|  0%| F|  |TAMS 0x0000000082100000, 0x0000000082100000| Untracked 
|   8|0x0000000082200000, 0x0000000082200000, 0x0000000082300000|  0%| F|  |TAMS 0x0000000082200000, 0x0000000082200000| Untracked 
|   9|0x0000000082300000, 0x0000000082300000, 0x0000000082400000|  0%| F|  |TAMS 0x0000000082300000, 0x0000000082300000| Untracked 
|  10|0x0000000082400000, 0x0000000082400000, 0x0000000082500000|  0%| F|  |TAMS 0x0000000082400000, 0x0000000082400000| Untracked 
|  11|0x0000000082500000, 0x0000000082500000, 0x0000000082600000|  0%| F|  |TAMS 0x0000000082500000, 0x0000000082500000| Untracked 
|  12|0x0000000082600000, 0x0000000082600000, 0x0000000082700000|  0%| F|  |TAMS 0x0000000082600000, 0x0000000082600000| Untracked 
|  13|0x0000000082700000, 0x0000000082700000, 0x0000000082800000|  0%| F|  |TAMS 0x0000000082700000, 0x0000000082700000| Untracked 
|  14|0x0000000082800000, 0x0000000082800000, 0x0000000082900000|  0%| F|  |TAMS 0x0000000082800000, 0x0000000082800000| Untracked 
|  15|0x0000000082900000, 0x0000000082900000, 0x0000000082a00000|  0%| F|  |TAMS 0x0000000082900000, 0x0000000082900000| Untracked 
|  16|0x0000000082a00000, 0x0000000082a00000, 0x0000000082b00000|  0%| F|  |TAMS 0x0000000082a00000, 0x0000000082a00000| Untracked 
|  17|0x0000000082b00000, 0x0000000082b00000, 0x0000000082c00000|  0%| F|  |TAMS 0x0000000082b00000, 0x0000000082b00000| Untracked 
|  18|0x0000000082c00000, 0x0000000082c00000, 0x0000000082d00000|  0%| F|  |TAMS 0x0000000082c00000, 0x0000000082c00000| Untracked 
|  19|0x0000000082d00000, 0x0000000082d00000, 0x0000000082e00000|  0%| F|  |TAMS 0x0000000082d00000, 0x0000000082d00000| Untracked 
|  20|0x0000000082e00000, 0x0000000082e00000, 0x0000000082f00000|  0%| F|  |TAMS 0x0000000082e00000, 0x0000000082e00000| Untracked 
|  21|0x0000000082f00000, 0x0000000082f00000, 0x0000000083000000|  0%| F|  |TAMS 0x0000000082f00000, 0x0000000082f00000| Untracked 
|  22|0x0000000083000000, 0x0000000083000000, 0x0000000083100000|  0%| F|  |TAMS 0x0000000083000000, 0x0000000083000000| Untracked 
|  23|0x0000000083100000, 0x0000000083100000, 0x0000000083200000|  0%| F|  |TAMS 0x0000000083100000, 0x0000000083100000| Untracked 
|  24|0x0000000083200000, 0x0000000083200000, 0x0000000083300000|  0%| F|  |TAMS 0x0000000083200000, 0x0000000083200000| Untracked 
|  25|0x0000000083300000, 0x0000000083300000, 0x0000000083400000|  0%| F|  |TAMS 0x0000000083300000, 0x0000000083300000| Untracked 
|  26|0x0000000083400000, 0x0000000083400000, 0x0000000083500000|  0%| F|  |TAMS 0x0000000083400000, 0x0000000083400000| Untracked 
|  27|0x0000000083500000, 0x0000000083500000, 0x0000000083600000|  0%| F|  |TAMS 0x0000000083500000, 0x0000000083500000| Untracked 
|  28|0x0000000083600000, 0x0000000083600000, 0x0000000083700000|  0%| F|  |TAMS 0x0000000083600000, 0x0000000083600000| Untracked 
|  29|0x0000000083700000, 0x0000000083700000, 0x0000000083800000|  0%| F|  |TAMS 0x0000000083700000, 0x0000000083700000| Untracked 
|  30|0x0000000083800000, 0x0000000083800000, 0x0000000083900000|  0%| F|  |TAMS 0x0000000083800000, 0x0000000083800000| Untracked 
|  31|0x0000000083900000, 0x0000000083900000, 0x0000000083a00000|  0%| F|  |TAMS 0x0000000083900000, 0x0000000083900000| Untracked 
|  32|0x0000000083a00000, 0x0000000083a00000, 0x0000000083b00000|  0%| F|  |TAMS 0x0000000083a00000, 0x0000000083a00000| Untracked 
|  33|0x0000000083b00000, 0x0000000083b00000, 0x0000000083c00000|  0%| F|  |TAMS 0x0000000083b00000, 0x0000000083b00000| Untracked 
|  34|0x0000000083c00000, 0x0000000083c00000, 0x0000000083d00000|  0%| F|  |TAMS 0x0000000083c00000, 0x0000000083c00000| Untracked 
|  35|0x0000000083d00000, 0x0000000083d00000, 0x0000000083e00000|  0%| F|  |TAMS 0x0000000083d00000, 0x0000000083d00000| Untracked 
|  36|0x0000000083e00000, 0x0000000083e00000, 0x0000000083f00000|  0%| F|  |TAMS 0x0000000083e00000, 0x0000000083e00000| Untracked 
|  37|0x0000000083f00000, 0x0000000083f00000, 0x0000000084000000|  0%| F|  |TAMS 0x0000000083f00000, 0x0000000083f00000| Untracked 
|  38|0x0000000084000000, 0x0000000084000000, 0x0000000084100000|  0%| F|  |TAMS 0x0000000084000000, 0x0000000084000000| Untracked 
|  39|0x0000000084100000, 0x0000000084100000, 0x0000000084200000|  0%| F|  |TAMS 0x0000000084100000, 0x0000000084100000| Untracked 
|  40|0x0000000084200000, 0x0000000084200000, 0x0000000084300000|  0%| F|  |TAMS 0x0000000084200000, 0x0000000084200000| Untracked 
|  41|0x0000000084300000, 0x0000000084300000, 0x0000000084400000|  0%| F|  |TAMS 0x0000000084300000, 0x0000000084300000| Untracked 
|  42|0x0000000084400000, 0x0000000084400000, 0x0000000084500000|  0%| F|  |TAMS 0x0000000084400000, 0x0000000084400000| Untracked 
|  43|0x0000000084500000, 0x0000000084500000, 0x0000000084600000|  0%| F|  |TAMS 0x0000000084500000, 0x0000000084500000| Untracked 
|  44|0x0000000084600000, 0x0000000084600000, 0x0000000084700000|  0%| F|  |TAMS 0x0000000084600000, 0x0000000084600000| Untracked 
|  45|0x0000000084700000, 0x0000000084700000, 0x0000000084800000|  0%| F|  |TAMS 0x0000000084700000, 0x0000000084700000| Untracked 
|  46|0x0000000084800000, 0x0000000084800000, 0x0000000084900000|  0%| F|  |TAMS 0x0000000084800000, 0x0000000084800000| Untracked 
|  47|0x0000000084900000, 0x0000000084900000, 0x0000000084a00000|  0%| F|  |TAMS 0x0000000084900000, 0x0000000084900000| Untracked 
|  48|0x0000000084a00000, 0x0000000084a00000, 0x0000000084b00000|  0%| F|  |TAMS 0x0000000084a00000, 0x0000000084a00000| Untracked 
|  49|0x0000000084b00000, 0x0000000084b00000, 0x0000000084c00000|  0%| F|  |TAMS 0x0000000084b00000, 0x0000000084b00000| Untracked 
|  50|0x0000000084c00000, 0x0000000084c00000, 0x0000000084d00000|  0%| F|  |TAMS 0x0000000084c00000, 0x0000000084c00000| Untracked 
|  51|0x0000000084d00000, 0x0000000084d00000, 0x0000000084e00000|  0%| F|  |TAMS 0x0000000084d00000, 0x0000000084d00000| Untracked 
|  52|0x0000000084e00000, 0x0000000084e00000, 0x0000000084f00000|  0%| F|  |TAMS 0x0000000084e00000, 0x0000000084e00000| Untracked 
|  53|0x0000000084f00000, 0x0000000084f00000, 0x0000000085000000|  0%| F|  |TAMS 0x0000000084f00000, 0x0000000084f00000| Untracked 
|  54|0x0000000085000000, 0x0000000085000000, 0x0000000085100000|  0%| F|  |TAMS 0x0000000085000000, 0x0000000085000000| Untracked 
|  55|0x0000000085100000, 0x0000000085100000, 0x0000000085200000|  0%| F|  |TAMS 0x0000000085100000, 0x0000000085100000| Untracked 
|  56|0x0000000085200000, 0x0000000085200000, 0x0000000085300000|  0%| F|  |TAMS 0x0000000085200000, 0x0000000085200000| Untracked 
|  57|0x0000000085300000, 0x0000000085300000, 0x0000000085400000|  0%| F|  |TAMS 0x0000000085300000, 0x0000000085300000| Untracked 
|  58|0x0000000085400000, 0x0000000085400000, 0x0000000085500000|  0%| F|  |TAMS 0x0000000085400000, 0x0000000085400000| Untracked 
|  59|0x0000000085500000, 0x0000000085500000, 0x0000000085600000|  0%| F|  |TAMS 0x0000000085500000, 0x0000000085500000| Untracked 
|  60|0x0000000085600000, 0x0000000085600000, 0x0000000085700000|  0%| F|  |TAMS 0x0000000085600000, 0x0000000085600000| Untracked 
|  61|0x0000000085700000, 0x0000000085700000, 0x0000000085800000|  0%| F|  |TAMS 0x0000000085700000, 0x0000000085700000| Untracked 
|  62|0x0000000085800000, 0x0000000085800000, 0x0000000085900000|  0%| F|  |TAMS 0x0000000085800000, 0x0000000085800000| Untracked 
|  63|0x0000000085900000, 0x0000000085900000, 0x0000000085a00000|  0%| F|  |TAMS 0x0000000085900000, 0x0000000085900000| Untracked 
|  64|0x0000000085a00000, 0x0000000085a00000, 0x0000000085b00000|  0%| F|  |TAMS 0x0000000085a00000, 0x0000000085a00000| Untracked 
|  65|0x0000000085b00000, 0x0000000085b00000, 0x0000000085c00000|  0%| F|  |TAMS 0x0000000085b00000, 0x0000000085b00000| Untracked 
|  66|0x0000000085c00000, 0x0000000085c00000, 0x0000000085d00000|  0%| F|  |TAMS 0x0000000085c00000, 0x0000000085c00000| Untracked 
|  67|0x0000000085d00000, 0x0000000085d00000, 0x0000000085e00000|  0%| F|  |TAMS 0x0000000085d00000, 0x0000000085d00000| Untracked 
|  68|0x0000000085e00000, 0x0000000085e00000, 0x0000000085f00000|  0%| F|  |TAMS 0x0000000085e00000, 0x0000000085e00000| Untracked 
|  69|0x0000000085f00000, 0x0000000085f00000, 0x0000000086000000|  0%| F|  |TAMS 0x0000000085f00000, 0x0000000085f00000| Untracked 
|  70|0x0000000086000000, 0x0000000086000000, 0x0000000086100000|  0%| F|  |TAMS 0x0000000086000000, 0x0000000086000000| Untracked 
|  71|0x0000000086100000, 0x0000000086100000, 0x0000000086200000|  0%| F|  |TAMS 0x0000000086100000, 0x0000000086100000| Untracked 
|  72|0x0000000086200000, 0x0000000086200000, 0x0000000086300000|  0%| F|  |TAMS 0x0000000086200000, 0x0000000086200000| Untracked 
|  73|0x0000000086300000, 0x0000000086300000, 0x0000000086400000|  0%| F|  |TAMS 0x0000000086300000, 0x0000000086300000| Untracked 
|  74|0x0000000086400000, 0x0000000086400000, 0x0000000086500000|  0%| F|  |TAMS 0x0000000086400000, 0x0000000086400000| Untracked 
|  75|0x0000000086500000, 0x0000000086500000, 0x0000000086600000|  0%| F|  |TAMS 0x0000000086500000, 0x0000000086500000| Untracked 
|  76|0x0000000086600000, 0x0000000086600000, 0x0000000086700000|  0%| F|  |TAMS 0x0000000086600000, 0x0000000086600000| Untracked 
|  77|0x0000000086700000, 0x0000000086700000, 0x0000000086800000|  0%| F|  |TAMS 0x0000000086700000, 0x0000000086700000| Untracked 
|  78|0x0000000086800000, 0x0000000086800000, 0x0000000086900000|  0%| F|  |TAMS 0x0000000086800000, 0x0000000086800000| Untracked 
|  79|0x0000000086900000, 0x0000000086900000, 0x0000000086a00000|  0%| F|  |TAMS 0x0000000086900000, 0x0000000086900000| Untracked 
|  80|0x0000000086a00000, 0x0000000086a00000, 0x0000000086b00000|  0%| F|  |TAMS 0x0000000086a00000, 0x0000000086a00000| Untracked 
|  81|0x0000000086b00000, 0x0000000086b00000, 0x0000000086c00000|  0%| F|  |TAMS 0x0000000086b00000, 0x0000000086b00000| Untracked 
|  82|0x0000000086c00000, 0x0000000086c00000, 0x0000000086d00000|  0%| F|  |TAMS 0x0000000086c00000, 0x0000000086c00000| Untracked 
|  83|0x0000000086d00000, 0x0000000086d00000, 0x0000000086e00000|  0%| F|  |TAMS 0x0000000086d00000, 0x0000000086d00000| Untracked 
|  84|0x0000000086e00000, 0x0000000086e00000, 0x0000000086f00000|  0%| F|  |TAMS 0x0000000086e00000, 0x0000000086e00000| Untracked 
|  85|0x0000000086f00000, 0x0000000086f00000, 0x0000000087000000|  0%| F|  |TAMS 0x0000000086f00000, 0x0000000086f00000| Untracked 
|  86|0x0000000087000000, 0x0000000087000000, 0x0000000087100000|  0%| F|  |TAMS 0x0000000087000000, 0x0000000087000000| Untracked 
|  87|0x0000000087100000, 0x0000000087100000, 0x0000000087200000|  0%| F|  |TAMS 0x0000000087100000, 0x0000000087100000| Untracked 
|  88|0x0000000087200000, 0x0000000087200000, 0x0000000087300000|  0%| F|  |TAMS 0x0000000087200000, 0x0000000087200000| Untracked 
|  89|0x0000000087300000, 0x0000000087300000, 0x0000000087400000|  0%| F|  |TAMS 0x0000000087300000, 0x0000000087300000| Untracked 
|  90|0x0000000087400000, 0x0000000087400000, 0x0000000087500000|  0%| F|  |TAMS 0x0000000087400000, 0x0000000087400000| Untracked 
|  91|0x0000000087500000, 0x0000000087500000, 0x0000000087600000|  0%| F|  |TAMS 0x0000000087500000, 0x0000000087500000| Untracked 
|  92|0x0000000087600000, 0x0000000087600000, 0x0000000087700000|  0%| F|  |TAMS 0x0000000087600000, 0x0000000087600000| Untracked 
|  93|0x0000000087700000, 0x0000000087700000, 0x0000000087800000|  0%| F|  |TAMS 0x0000000087700000, 0x0000000087700000| Untracked 
|  94|0x0000000087800000, 0x0000000087800000, 0x0000000087900000|  0%| F|  |TAMS 0x0000000087800000, 0x0000000087800000| Untracked 
|  95|0x0000000087900000, 0x0000000087900000, 0x0000000087a00000|  0%| F|  |TAMS 0x0000000087900000, 0x0000000087900000| Untracked 
|  96|0x0000000087a00000, 0x0000000087a00000, 0x0000000087b00000|  0%| F|  |TAMS 0x0000000087a00000, 0x0000000087a00000| Untracked 
|  97|0x0000000087b00000, 0x0000000087b00000, 0x0000000087c00000|  0%| F|  |TAMS 0x0000000087b00000, 0x0000000087b00000| Untracked 
|  98|0x0000000087c00000, 0x0000000087c00000, 0x0000000087d00000|  0%| F|  |TAMS 0x0000000087c00000, 0x0000000087c00000| Untracked 
|  99|0x0000000087d00000, 0x0000000087d00000, 0x0000000087e00000|  0%| F|  |TAMS 0x0000000087d00000, 0x0000000087d00000| Untracked 
| 100|0x0000000087e00000, 0x0000000087e00000, 0x0000000087f00000|  0%| F|  |TAMS 0x0000000087e00000, 0x0000000087e00000| Untracked 
| 101|0x0000000087f00000, 0x0000000087f00000, 0x0000000088000000|  0%| F|  |TAMS 0x0000000087f00000, 0x0000000087f00000| Untracked 
| 102|0x0000000088000000, 0x0000000088000000, 0x0000000088100000|  0%| F|  |TAMS 0x0000000088000000, 0x0000000088000000| Untracked 
| 103|0x0000000088100000, 0x0000000088100000, 0x0000000088200000|  0%| F|  |TAMS 0x0000000088100000, 0x0000000088100000| Untracked 
| 104|0x0000000088200000, 0x0000000088200000, 0x0000000088300000|  0%| F|  |TAMS 0x0000000088200000, 0x0000000088200000| Untracked 
| 105|0x0000000088300000, 0x0000000088300000, 0x0000000088400000|  0%| F|  |TAMS 0x0000000088300000, 0x0000000088300000| Untracked 
| 106|0x0000000088400000, 0x0000000088400000, 0x0000000088500000|  0%| F|  |TAMS 0x0000000088400000, 0x0000000088400000| Untracked 
| 107|0x0000000088500000, 0x0000000088500000, 0x0000000088600000|  0%| F|  |TAMS 0x0000000088500000, 0x0000000088500000| Untracked 
| 108|0x0000000088600000, 0x0000000088600000, 0x0000000088700000|  0%| F|  |TAMS 0x0000000088600000, 0x0000000088600000| Untracked 
| 109|0x0000000088700000, 0x0000000088700000, 0x0000000088800000|  0%| F|  |TAMS 0x0000000088700000, 0x0000000088700000| Untracked 
| 110|0x0000000088800000, 0x0000000088800000, 0x0000000088900000|  0%| F|  |TAMS 0x0000000088800000, 0x0000000088800000| Untracked 
| 111|0x0000000088900000, 0x0000000088900000, 0x0000000088a00000|  0%| F|  |TAMS 0x0000000088900000, 0x0000000088900000| Untracked 
| 112|0x0000000088a00000, 0x0000000088b00000, 0x0000000088b00000|100%| S|CS|TAMS 0x0000000088a00000, 0x0000000088a00000| Complete 
| 113|0x0000000088b00000, 0x0000000088c00000, 0x0000000088c00000|100%| S|CS|TAMS 0x0000000088b00000, 0x0000000088b00000| Complete 
| 114|0x0000000088c00000, 0x0000000088c00000, 0x0000000088d00000|  0%| F|  |TAMS 0x0000000088c00000, 0x0000000088c00000| Untracked 
| 115|0x0000000088d00000, 0x0000000088d00000, 0x0000000088e00000|  0%| F|  |TAMS 0x0000000088d00000, 0x0000000088d00000| Untracked 
| 116|0x0000000088e00000, 0x0000000088f00000, 0x0000000088f00000|100%| E|  |TAMS 0x0000000088e00000, 0x0000000088e00000| Complete 
| 117|0x0000000088f00000, 0x0000000089000000, 0x0000000089000000|100%| E|CS|TAMS 0x0000000088f00000, 0x0000000088f00000| Complete 
| 118|0x0000000089000000, 0x0000000089100000, 0x0000000089100000|100%| E|CS|TAMS 0x0000000089000000, 0x0000000089000000| Complete 
| 119|0x0000000089100000, 0x0000000089200000, 0x0000000089200000|100%| E|CS|TAMS 0x0000000089100000, 0x0000000089100000| Complete 
| 120|0x0000000089200000, 0x0000000089300000, 0x0000000089300000|100%| E|CS|TAMS 0x0000000089200000, 0x0000000089200000| Complete 
| 121|0x0000000089300000, 0x0000000089400000, 0x0000000089400000|100%| E|CS|TAMS 0x0000000089300000, 0x0000000089300000| Complete 
| 122|0x0000000089400000, 0x0000000089500000, 0x0000000089500000|100%| E|CS|TAMS 0x0000000089400000, 0x0000000089400000| Complete 
| 123|0x0000000089500000, 0x0000000089600000, 0x0000000089600000|100%| E|CS|TAMS 0x0000000089500000, 0x0000000089500000| Complete 
| 124|0x0000000089600000, 0x0000000089700000, 0x0000000089700000|100%| E|CS|TAMS 0x0000000089600000, 0x0000000089600000| Complete 
| 125|0x0000000089700000, 0x0000000089800000, 0x0000000089800000|100%| E|CS|TAMS 0x0000000089700000, 0x0000000089700000| Complete 
| 126|0x0000000089800000, 0x0000000089900000, 0x0000000089900000|100%| E|CS|TAMS 0x0000000089800000, 0x0000000089800000| Complete 
| 127|0x0000000089900000, 0x0000000089a00000, 0x0000000089a00000|100%| E|CS|TAMS 0x0000000089900000, 0x0000000089900000| Complete 

Card table byte_map: [0x000001d8f0f10000,0x000001d8f1310000] _byte_map_base: 0x000001d8f0b03000

Marking Bits (Prev, Next): (CMBitMap*) 0x000001d8dbe80248, (CMBitMap*) 0x000001d8dbe80280
 Prev Bits: [0x000001d8f1710000, 0x000001d8f36a8000)
 Next Bits: [0x000001d8f36b0000, 0x000001d8f5648000)

Polling page: 0x000001d8dbcf0000

Metaspace:

Usage:
  Non-class:      8.66 MB capacity,     6.73 MB ( 78%) used,     1.93 MB ( 22%) free+waste,     7.81 KB ( <1%) overhead. 
      Class:    836.00 KB capacity,   597.30 KB ( 71%) used,   235.95 KB ( 28%) free+waste,     2.75 KB ( <1%) overhead. 
       Both:      9.48 MB capacity,     7.31 MB ( 77%) used,     2.16 MB ( 23%) free+waste,    10.56 KB ( <1%) overhead. 

Virtual space:
  Non-class space:       10.00 MB reserved,       8.75 MB ( 88%) committed 
      Class space:        1.00 GB reserved,     896.00 KB ( <1%) committed 
             Both:        1.01 GB reserved,       9.63 MB ( <1%) committed 

Chunk freelists:
   Non-Class:  88.00 KB
       Class:  28.00 KB
        Both:  116.00 KB

MaxMetaspaceSize: 17179869184.00 GB
CompressedClassSpaceSize: 1.00 GB

CodeHeap 'non-profiled nmethods': size=120064Kb used=774Kb max_used=774Kb free=119289Kb
 bounds [0x000001d8e8fb0000, 0x000001d8e9220000, 0x000001d8f04f0000]
CodeHeap 'profiled nmethods': size=120000Kb used=3707Kb max_used=3707Kb free=116292Kb
 bounds [0x000001d8e1a80000, 0x000001d8e1e20000, 0x000001d8e8fb0000]
CodeHeap 'non-nmethods': size=5696Kb used=1225Kb max_used=1247Kb free=4470Kb
 bounds [0x000001d8e14f0000, 0x000001d8e1760000, 0x000001d8e1a80000]
 total_blobs=3184 nmethods=1789 adapters=501
 compilation: enabled
              stopped_count=0, restarted_count=0
 full_count=0

Compilation events (20 events):
Event: 41.335 Thread 0x000001d8f7c96000 1780       1       com.badlogic.gdx.scenes.scene2d.InputEvent::setStageX (6 bytes)
Event: 41.335 Thread 0x000001d8f7c96000 nmethod 1780 0x000001d8e906ec90 code [0x000001d8e906ee40, 0x000001d8e906ef78]
Event: 41.335 Thread 0x000001d8f7c96000 1781       1       com.badlogic.gdx.scenes.scene2d.InputEvent::setStageY (6 bytes)
Event: 41.335 Thread 0x000001d8f7c96000 nmethod 1781 0x000001d8e906f010 code [0x000001d8e906f1c0, 0x000001d8e906f2f8]
Event: 41.384 Thread 0x000001d8f7c96000 1782       1       com.badlogic.gdx.utils.viewport.Viewport::getScreenX (5 bytes)
Event: 41.384 Thread 0x000001d8f7c96000 nmethod 1782 0x000001d8e906f390 code [0x000001d8e906f540, 0x000001d8e906f678]
Event: 41.384 Thread 0x000001d8f7c96000 1783       1       com.badlogic.gdx.utils.viewport.Viewport::getScreenWidth (5 bytes)
Event: 41.384 Thread 0x000001d8f7c96000 nmethod 1783 0x000001d8e906f710 code [0x000001d8e906f8c0, 0x000001d8e906f9f8]
Event: 41.384 Thread 0x000001d8f7c96000 1784       1       com.badlogic.gdx.utils.viewport.Viewport::getScreenY (5 bytes)
Event: 41.385 Thread 0x000001d8f7c96000 nmethod 1784 0x000001d8e906fa90 code [0x000001d8e906fc40, 0x000001d8e906fd78]
Event: 41.385 Thread 0x000001d8f7c96000 1785       1       com.badlogic.gdx.utils.viewport.Viewport::getScreenHeight (5 bytes)
Event: 41.385 Thread 0x000001d8f7c96000 nmethod 1785 0x000001d8e906fe10 code [0x000001d8e906ffc0, 0x000001d8e90700f8]
Event: 41.467 Thread 0x000001d8f7c90000 1786       4       com.badlogic.gdx.scenes.scene2d.utils.ClickListener::isVisualPressed (40 bytes)
Event: 41.469 Thread 0x000001d8f7c90000 nmethod 1786 0x000001d8e9070190 code [0x000001d8e9070320, 0x000001d8e90703d8]
Event: 41.750 Thread 0x000001d8f7c90000 1787       4       com.badlogic.gdx.scenes.scene2d.ui.Table::hit (63 bytes)
Event: 41.756 Thread 0x000001d8f7c90000 nmethod 1787 0x000001d8e9070490 code [0x000001d8e90706a0, 0x000001d8e9070b58]
Event: 42.718 Thread 0x000001d8f7c96000 1788       1       com.badlogic.gdx.scenes.scene2d.Event::getListenerActor (5 bytes)
Event: 42.718 Thread 0x000001d8f7c96000 nmethod 1788 0x000001d8e9070f10 code [0x000001d8e90710c0, 0x000001d8e90711f8]
Event: 42.967 Thread 0x000001d8f7c90000 1789       4       java.util.Formatter$FormatSpecifier::print (238 bytes)
Event: 42.972 Thread 0x000001d8f7c90000 nmethod 1789 0x000001d8e9071290 code [0x000001d8e9071460, 0x000001d8e9071798]

GC Heap History (2 events):
Event: 2.096 GC heap before
{Heap before GC invocations=0 (full 0):
 garbage-first heap   total 131072K, used 13312K [0x0000000081a00000, 0x0000000100000000)
  region size 1024K, 14 young (14336K), 0 survivors (0K)
 Metaspace       used 5171K, capacity 7840K, committed 8192K, reserved 1056768K
  class space    used 401K, capacity 662K, committed 768K, reserved 1048576K
}
Event: 2.101 GC heap after
{Heap after GC invocations=1 (full 0):
 garbage-first heap   total 131072K, used 2144K [0x0000000081a00000, 0x0000000100000000)
  region size 1024K, 2 young (2048K), 2 survivors (2048K)
 Metaspace       used 5171K, capacity 7840K, committed 8192K, reserved 1056768K
  class space    used 401K, capacity 662K, committed 768K, reserved 1048576K
}

Deoptimization events (20 events):
Event: 24.604 Thread 0x000001d8f90f9800 Uncommon trap: trap_request=0xffffffd6 fr.pc=0x000001d8e902ac38 relative=0x00000000000001d8
Event: 24.604 Thread 0x000001d8f90f9800 Uncommon trap: reason=array_check action=maybe_recompile pc=0x000001d8e902ac38 method=com.badlogic.gdx.utils.Array.add(Ljava/lang/Object;)V @ 46 c2
Event: 24.604 Thread 0x000001d8f90f9800 DEOPT PACKING pc=0x000001d8e902ac38 sp=0x000000ad5d6fe240
Event: 24.604 Thread 0x000001d8f90f9800 DEOPT UNPACKING pc=0x000001d8e151922f sp=0x000000ad5d6fe1e8 mode 2
Event: 24.604 Thread 0x000001d8f90f9800 Uncommon trap: trap_request=0xffffffd6 fr.pc=0x000001d8e902ac38 relative=0x00000000000001d8
Event: 24.604 Thread 0x000001d8f90f9800 Uncommon trap: reason=array_check action=maybe_recompile pc=0x000001d8e902ac38 method=com.badlogic.gdx.utils.Array.add(Ljava/lang/Object;)V @ 46 c2
Event: 24.604 Thread 0x000001d8f90f9800 DEOPT PACKING pc=0x000001d8e902ac38 sp=0x000000ad5d6fe200
Event: 24.604 Thread 0x000001d8f90f9800 DEOPT UNPACKING pc=0x000001d8e151922f sp=0x000000ad5d6fe1a8 mode 2
Event: 24.604 Thread 0x000001d8f90f9800 Uncommon trap: trap_request=0xffffffd6 fr.pc=0x000001d8e902ac38 relative=0x00000000000001d8
Event: 24.604 Thread 0x000001d8f90f9800 Uncommon trap: reason=array_check action=maybe_recompile pc=0x000001d8e902ac38 method=com.badlogic.gdx.utils.Array.add(Ljava/lang/Object;)V @ 46 c2
Event: 24.604 Thread 0x000001d8f90f9800 DEOPT PACKING pc=0x000001d8e902ac38 sp=0x000000ad5d6fe200
Event: 24.604 Thread 0x000001d8f90f9800 DEOPT UNPACKING pc=0x000001d8e151922f sp=0x000000ad5d6fe1a8 mode 2
Event: 24.621 Thread 0x000001d8f90f9800 Uncommon trap: trap_request=0xffffff4d fr.pc=0x000001d8e9049e28 relative=0x0000000000002d88
Event: 24.621 Thread 0x000001d8f90f9800 Uncommon trap: reason=unstable_if action=reinterpret pc=0x000001d8e9049e28 method=com.badlogic.gdx.graphics.g2d.GlyphLayout.setText(Lcom/badlogic/gdx/graphics/g2d/BitmapFont;Ljava/lang/CharSequence;IILcom/badlogic/gdx/graphics/Color;FIZLjava/lang/String;)
Event: 24.621 Thread 0x000001d8f90f9800 DEOPT PACKING pc=0x000001d8e9049e28 sp=0x000000ad5d6fe580
Event: 24.621 Thread 0x000001d8f90f9800 DEOPT UNPACKING pc=0x000001d8e151922f sp=0x000000ad5d6fe4d8 mode 2
Event: 42.784 Thread 0x000001d8f90f9800 Uncommon trap: trap_request=0xffffffd6 fr.pc=0x000001d8e902ac38 relative=0x00000000000001d8
Event: 42.784 Thread 0x000001d8f90f9800 Uncommon trap: reason=array_check action=maybe_recompile pc=0x000001d8e902ac38 method=com.badlogic.gdx.utils.Array.add(Ljava/lang/Object;)V @ 46 c2
Event: 42.784 Thread 0x000001d8f90f9800 DEOPT PACKING pc=0x000001d8e902ac38 sp=0x000000ad5d6fec40
Event: 42.784 Thread 0x000001d8f90f9800 DEOPT UNPACKING pc=0x000001d8e151922f sp=0x000000ad5d6febe8 mode 2

Classes redefined (0 events):
No events

Internal exceptions (9 events):
Event: 0.278 Thread 0x000001d8dbe42000 Exception <a 'java/lang/NoSuchMethodError'{0x0000000089642048}: 'java.lang.Object java.lang.invoke.DirectMethodHandle$Holder.invokeStaticInit(java.lang.Object, int, int, int, int)'> (0x0000000089642048) thrown at [c:/BuildAgent/work/5ff2f6c26000d570/src/h
Event: 0.605 Thread 0x000001d8dbe42000 Exception <a 'java/lang/NoSuchMethodError'{0x0000000089667d60}: 'java.lang.Object java.lang.invoke.DirectMethodHandle$Holder.invokeStaticInit(java.lang.Object, java.lang.Object, int, int, int, int)'> (0x0000000089667d60) thrown at [c:/BuildAgent/work/5ff2
Event: 0.658 Thread 0x000001d8dbe42000 Exception <a 'java/security/PrivilegedActionException'{0x00000000896f7420}> (0x00000000896f7420) thrown at [c:/BuildAgent/work/5ff2f6c26000d570/src/hotspot/share/prims/jvm.cpp, line 1297]
Event: 0.658 Thread 0x000001d8dbe42000 Exception <a 'java/security/PrivilegedActionException'{0x00000000896f9c00}> (0x00000000896f9c00) thrown at [c:/BuildAgent/work/5ff2f6c26000d570/src/hotspot/share/prims/jvm.cpp, line 1297]
Event: 0.658 Thread 0x000001d8dbe42000 Exception <a 'java/security/PrivilegedActionException'{0x00000000896fabb8}> (0x00000000896fabb8) thrown at [c:/BuildAgent/work/5ff2f6c26000d570/src/hotspot/share/prims/jvm.cpp, line 1297]
Event: 0.662 Thread 0x000001d8dbe42000 Exception <a 'java/security/PrivilegedActionException'{0x000000008950c920}> (0x000000008950c920) thrown at [c:/BuildAgent/work/5ff2f6c26000d570/src/hotspot/share/prims/jvm.cpp, line 1297]
Event: 0.662 Thread 0x000001d8dbe42000 Exception <a 'java/security/PrivilegedActionException'{0x000000008950d4e0}> (0x000000008950d4e0) thrown at [c:/BuildAgent/work/5ff2f6c26000d570/src/hotspot/share/prims/jvm.cpp, line 1297]
Event: 0.662 Thread 0x000001d8dbe42000 Exception <a 'java/security/PrivilegedActionException'{0x000000008950e060}> (0x000000008950e060) thrown at [c:/BuildAgent/work/5ff2f6c26000d570/src/hotspot/share/prims/jvm.cpp, line 1297]
Event: 2.261 Thread 0x000001d8f90f9800 Exception <a 'java/lang/NoSuchMethodError'{0x000000008960b268}: 'int java.lang.invoke.DirectMethodHandle$Holder.invokeSpecialIFC(java.lang.Object, java.lang.Object, int)'> (0x000000008960b268) thrown at [c:/BuildAgent/work/5ff2f6c26000d570/src/hotspot/sha

Events (20 events):
Event: 2.550 loading class org/lwjgl/opengl/GL14
Event: 2.550 loading class org/lwjgl/opengl/GL14 done
Event: 2.558 loading class org/lwjgl/opengl/Sync
Event: 2.558 loading class org/lwjgl/opengl/Sync done
Event: 2.558 loading class org/lwjgl/opengl/Sync$RunningAvg
Event: 2.558 loading class org/lwjgl/opengl/Sync$RunningAvg done
Event: 2.559 loading class org/lwjgl/opengl/Sync$1
Event: 2.559 loading class org/lwjgl/opengl/Sync$1 done
Event: 2.560 Thread 0x000001d88421b800 Thread added: 0x000001d88421b800
Event: 2.561 loading class com/badlogic/gdx/scenes/scene2d/InputListener$1
Event: 2.561 loading class com/badlogic/gdx/scenes/scene2d/InputListener$1 done
Event: 2.694 Thread 0x000001d8841e6800 Thread exited: 0x000001d8841e6800
Event: 13.208 loading class com/badlogic/gdx/graphics/g2d/SpriteCache$Cache
Event: 13.208 loading class com/badlogic/gdx/graphics/g2d/SpriteCache$Cache done
Event: 14.240 loading class org/lwjgl/opengl/WindowsKeycodes
Event: 14.240 loading class org/lwjgl/opengl/WindowsKeycodes done
Event: 14.241 loading class com/badlogic/gdx/backends/lwjgl/LwjglInput$KeyEvent
Event: 14.241 loading class com/badlogic/gdx/backends/lwjgl/LwjglInput$KeyEvent done
Event: 14.257 loading class com/badlogic/gdx/math/MathUtils$Sin
Event: 14.257 loading class com/badlogic/gdx/math/MathUtils$Sin done


Dynamic libraries:
0x00007ff6f91a0000 - 0x00007ff6f91aa000 	C:\Program Files\JetBrains\IntelliJ IDEA Community Edition 2019.3.1\jbr\bin\java.exe
0x00007ffa447a0000 - 0x00007ffa44990000 	C:\WINDOWS\SYSTEM32\ntdll.dll
0x00007ffa43ba0000 - 0x00007ffa43c52000 	C:\WINDOWS\System32\KERNEL32.DLL
0x00007ffa41b70000 - 0x00007ffa41e13000 	C:\WINDOWS\System32\KERNELBASE.dll
0x00007ffa41760000 - 0x00007ffa4185a000 	C:\WINDOWS\System32\ucrtbase.dll
0x00007ffa2e320000 - 0x00007ffa2e339000 	C:\Program Files\JetBrains\IntelliJ IDEA Community Edition 2019.3.1\jbr\bin\jli.dll
0x00007ffa2e340000 - 0x00007ffa2e357000 	C:\Program Files\JetBrains\IntelliJ IDEA Community Edition 2019.3.1\jbr\bin\VCRUNTIME140.dll
0x00007ffa44290000 - 0x00007ffa44424000 	C:\WINDOWS\System32\USER32.dll
0x00007ffa42040000 - 0x00007ffa42061000 	C:\WINDOWS\System32\win32u.dll
0x00007ffa31e70000 - 0x00007ffa320f5000 	C:\WINDOWS\WinSxS\amd64_microsoft.windows.common-controls_6595b64144ccf1df_6.0.18362.592_none_e6c0b1911312be02\COMCTL32.dll
0x00007ffa44250000 - 0x00007ffa44276000 	C:\WINDOWS\System32\GDI32.dll
0x00007ffa41e20000 - 0x00007ffa41fb4000 	C:\WINDOWS\System32\gdi32full.dll
0x00007ffa44500000 - 0x00007ffa4459e000 	C:\WINDOWS\System32\msvcrt.dll
0x00007ffa41910000 - 0x00007ffa419ae000 	C:\WINDOWS\System32\msvcp_win.dll
0x00007ffa42c90000 - 0x00007ffa42fc6000 	C:\WINDOWS\System32\combase.dll
0x00007ffa44620000 - 0x00007ffa44740000 	C:\WINDOWS\System32\RPCRT4.dll
0x00007ffa41fc0000 - 0x00007ffa42040000 	C:\WINDOWS\System32\bcryptPrimitives.dll
0x00007ffa43d10000 - 0x00007ffa43d3e000 	C:\WINDOWS\System32\IMM32.DLL
0x00007ffa19490000 - 0x00007ffa1952d000 	C:\Program Files\JetBrains\IntelliJ IDEA Community Edition 2019.3.1\jbr\bin\msvcp140.dll
0x00007ffa070f0000 - 0x00007ffa07bab000 	C:\Program Files\JetBrains\IntelliJ IDEA Community Edition 2019.3.1\jbr\bin\server\jvm.dll
0x00007ffa44430000 - 0x00007ffa444d3000 	C:\WINDOWS\System32\ADVAPI32.dll
0x00007ffa42a30000 - 0x00007ffa42ac7000 	C:\WINDOWS\System32\sechost.dll
0x00007ffa44740000 - 0x00007ffa44748000 	C:\WINDOWS\System32\PSAPI.DLL
0x00007ffa3b380000 - 0x00007ffa3b389000 	C:\WINDOWS\SYSTEM32\WSOCK32.dll
0x00007ffa3f190000 - 0x00007ffa3f1b4000 	C:\WINDOWS\SYSTEM32\WINMM.dll
0x00007ffa43d40000 - 0x00007ffa43daf000 	C:\WINDOWS\System32\WS2_32.dll
0x00007ffa32760000 - 0x00007ffa3276a000 	C:\WINDOWS\SYSTEM32\VERSION.dll
0x00007ffa3f160000 - 0x00007ffa3f18d000 	C:\WINDOWS\SYSTEM32\winmmbase.dll
0x00007ffa41b20000 - 0x00007ffa41b6a000 	C:\WINDOWS\System32\cfgmgr32.dll
0x00007ffa41680000 - 0x00007ffa41691000 	C:\WINDOWS\System32\kernel.appcore.dll
0x00007ffa0f190000 - 0x00007ffa0f1a1000 	C:\Program Files\JetBrains\IntelliJ IDEA Community Edition 2019.3.1\jbr\bin\verify.dll
0x00007ffa2f280000 - 0x00007ffa2f474000 	C:\WINDOWS\SYSTEM32\DBGHELP.DLL
0x00007ffa2f090000 - 0x00007ffa2f0ba000 	C:\WINDOWS\SYSTEM32\dbgcore.DLL
0x00007ffa0f120000 - 0x00007ffa0f149000 	C:\Program Files\JetBrains\IntelliJ IDEA Community Edition 2019.3.1\jbr\bin\java.dll
0x00007ffa0f100000 - 0x00007ffa0f117000 	C:\Program Files\JetBrains\IntelliJ IDEA Community Edition 2019.3.1\jbr\bin\zip.dll
0x00007ffa333d0000 - 0x00007ffa333db000 	C:\Program Files\JetBrains\IntelliJ IDEA Community Edition 2019.3.1\jbr\bin\jimage.dll
0x00007ffa42fd0000 - 0x00007ffa436b5000 	C:\WINDOWS\System32\SHELL32.dll
0x00007ffa42920000 - 0x00007ffa429c9000 	C:\WINDOWS\System32\shcore.dll
0x00007ffa42070000 - 0x00007ffa427ef000 	C:\WINDOWS\System32\windows.storage.dll
0x00007ffa416f0000 - 0x00007ffa4170f000 	C:\WINDOWS\System32\profapi.dll
0x00007ffa416a0000 - 0x00007ffa416ea000 	C:\WINDOWS\System32\powrprof.dll
0x00007ffa41670000 - 0x00007ffa41680000 	C:\WINDOWS\System32\UMPDC.dll
0x00007ffa429d0000 - 0x00007ffa42a22000 	C:\WINDOWS\System32\shlwapi.dll
0x00007ffa419b0000 - 0x00007ffa419c7000 	C:\WINDOWS\System32\cryptsp.dll
0x00007ffa0f0e0000 - 0x00007ffa0f0fa000 	C:\Program Files\JetBrains\IntelliJ IDEA Community Edition 2019.3.1\jbr\bin\net.dll
0x00007ffa3b730000 - 0x00007ffa3b820000 	C:\WINDOWS\SYSTEM32\WINHTTP.dll
0x00007ffa40e80000 - 0x00007ffa40ee7000 	C:\WINDOWS\system32\mswsock.dll
0x00007ffa0f0c0000 - 0x00007ffa0f0d4000 	C:\Program Files\JetBrains\IntelliJ IDEA Community Edition 2019.3.1\jbr\bin\nio.dll
0x0000000065ac0000 - 0x0000000065b0b000 	C:\Users\Michelle\AppData\Local\Temp\libgdxMichelle\7d76f548\gdx64.dll
0x00007ffa409f0000 - 0x00007ffa40a23000 	C:\WINDOWS\system32\rsaenh.dll
0x00007ffa41730000 - 0x00007ffa41756000 	C:\WINDOWS\System32\bcrypt.dll
0x00007ffa41560000 - 0x00007ffa41585000 	C:\WINDOWS\SYSTEM32\USERENV.dll
0x00007ffa41050000 - 0x00007ffa4105c000 	C:\WINDOWS\SYSTEM32\CRYPTBASE.dll
0x00007ffa40b90000 - 0x00007ffa40bca000 	C:\WINDOWS\SYSTEM32\IPHLPAPI.DLL
0x00007ffa44280000 - 0x00007ffa44288000 	C:\WINDOWS\System32\NSI.dll
0x00007ffa369e0000 - 0x00007ffa369f6000 	C:\WINDOWS\SYSTEM32\dhcpcsvc6.DLL
0x00007ffa36bf0000 - 0x00007ffa36c0c000 	C:\WINDOWS\SYSTEM32\dhcpcsvc.DLL
0x00007ffa40bd0000 - 0x00007ffa40c9a000 	C:\WINDOWS\SYSTEM32\DNSAPI.dll
0x0000000180000000 - 0x0000000180053000 	C:\Users\Michelle\AppData\Local\Temp\libgdxMichelle\1cecf4f6\lwjgl64.dll
0x00007ffa24790000 - 0x00007ffa248e6000 	C:\WINDOWS\SYSTEM32\OPENGL32.dll
0x00007ffa29b70000 - 0x00007ffa29b9c000 	C:\WINDOWS\SYSTEM32\GLU32.dll
0x00007ffa402e0000 - 0x00007ffa40300000 	C:\WINDOWS\SYSTEM32\dxcore.dll
0x000001d8f9630000 - 0x000001d8f9694000 	C:\Users\Michelle\AppData\Local\Temp\libgdxMichelle\1cecf4f6\OpenAL64.dll
0x00007ffa42ad0000 - 0x00007ffa42c26000 	C:\WINDOWS\System32\ole32.dll
0x00007ffa3f9f0000 - 0x00007ffa3fa89000 	C:\WINDOWS\system32\uxtheme.dll
0x00007ffa43c60000 - 0x00007ffa43d02000 	C:\WINDOWS\System32\clbcatq.dll
0x00007ffa12090000 - 0x00007ffa12129000 	C:\WINDOWS\SYSTEM32\dsound.dll
0x00007ffa35dd0000 - 0x00007ffa35e42000 	C:\WINDOWS\System32\MMDevApi.dll
0x00007ffa41410000 - 0x00007ffa4143a000 	C:\WINDOWS\System32\DEVOBJ.dll
0x00007ffa33270000 - 0x00007ffa333cd000 	C:\WINDOWS\SYSTEM32\AUDIOSES.DLL
0x00007ffa42850000 - 0x00007ffa42914000 	C:\WINDOWS\System32\OLEAUT32.dll
0x00007ffa3d200000 - 0x00007ffa3d353000 	C:\WINDOWS\SYSTEM32\wintypes.dll
0x00007ffa3fd20000 - 0x00007ffa3fd34000 	C:\WINDOWS\SYSTEM32\resourcepolicyclient.dll
0x00007ffa3d100000 - 0x00007ffa3d1ae000 	C:\WINDOWS\SYSTEM32\mscms.dll
0x00007ffa3d0e0000 - 0x00007ffa3d0f7000 	C:\WINDOWS\SYSTEM32\ColorAdapterClient.dll
0x00007ffa3a0b0000 - 0x00007ffa3a0ca000 	C:\Windows\System32\Windows.Internal.Graphics.Display.DisplayColorManagement.dll
0x00007ffa43e80000 - 0x00007ffa43fb5000 	C:\WINDOWS\System32\MSCTF.dll
0x00007ffa36280000 - 0x00007ffa3631e000 	C:\WINDOWS\System32\TextInputFramework.dll
0x00007ffa3f1c0000 - 0x00007ffa3f294000 	C:\WINDOWS\System32\CoreMessaging.dll
0x00007ffa3d3a0000 - 0x00007ffa3d6ca000 	C:\WINDOWS\System32\CoreUIComponents.dll
0x00007ffa406d0000 - 0x00007ffa40701000 	C:\WINDOWS\SYSTEM32\ntmarta.dll
0x00007ffa34810000 - 0x00007ffa34ab6000 	C:\WINDOWS\System32\iertutil.dll
0x00007ff9e71c0000 - 0x00007ff9e807f000 	C:\WINDOWS\System32\DriverStore\FileRepository\ki126974.inf_amd64_9168fc04b8275db9\ig9icd64.dll
0x00007ffa40370000 - 0x00007ffa4045b000 	C:\WINDOWS\SYSTEM32\dxgi.dll
0x00007ffa3e150000 - 0x00007ffa3e163000 	C:\WINDOWS\SYSTEM32\WTSAPI32.dll
0x00007ffa3fe10000 - 0x00007ffa3fe3d000 	C:\WINDOWS\SYSTEM32\dwmapi.dll
0x00007ffa3df50000 - 0x00007ffa3df93000 	C:\WINDOWS\SYSTEM32\icm32.dll
0x00007ffa36e50000 - 0x00007ffa38be5000 	C:\WINDOWS\System32\DriverStore\FileRepository\ki126974.inf_amd64_9168fc04b8275db9\igc64.dll
0x000000006e9c0000 - 0x000000006ea1b000 	C:\Users\Michelle\AppData\Local\Temp\libgdxMichelle\b8f13a6a\gdx-box2d64.dll

dbghelp: loaded successfully - version: 4.0.5 - missing functions: none
symbol engine: initialized successfully - sym options: 0x614 - pdb path: .;C:\Program Files\JetBrains\IntelliJ IDEA Community Edition 2019.3.1\jbr\bin;C:\WINDOWS\SYSTEM32;C:\WINDOWS\WinSxS\amd64_microsoft.windows.common-controls_6595b64144ccf1df_6.0.18362.592_none_e6c0b1911312be02;C:\Program Files\JetBrains\IntelliJ IDEA Community Edition 2019.3.1\jbr\bin\server;C:\Users\Michelle\AppData\Local\Temp\libgdxMichelle\7d76f548;C:\Users\Michelle\AppData\Local\Temp\libgdxMichelle\1cecf4f6;C:\WINDOWS\System32\DriverStore\FileRepository\ki126974.inf_amd64_9168fc04b8275db9;C:\Users\Michelle\AppData\Local\Temp\libgdxMichelle\b8f13a6a

VM Arguments:
jvm_args: -Dfile.encoding=windows-1252 -Duser.country=GB -Duser.language=en -Duser.variant 
java_command: com.berbils.game.desktop.DesktopLauncher
java_class_path (initial): C:\Users\Michelle\IdeaProjects\Game\desktop\build\classes\java\main;C:\Users\Michelle\IdeaProjects\Game\desktop\build\resources\main;C:\Users\Michelle\.gradle\caches\modules-2\files-2.1\com.badlogicgames.gdx\gdx-tools\1.9.10\67524f012868e0cff57531b5bfda2781d00c6b1f\gdx-tools-1.9.10.jar;C:\Users\Michelle\.gradle\caches\modules-2\files-2.1\com.badlogicgames.gdx\gdx-backend-lwjgl\1.9.10\8f88abd43500d94c486d25f04d642318da72773a\gdx-backend-lwjgl-1.9.10.jar;C:\Users\Michelle\.gradle\caches\modules-2\files-2.1\com.badlogicgames.gdx\gdx-platform\1.9.10\1907b49f8363dd1ee37d273854a9cc3c741a6e66\gdx-platform-1.9.10-natives-desktop.jar;C:\Users\Michelle\.gradle\caches\modules-2\files-2.1\com.badlogicgames.gdx\gdx-box2d-platform\1.9.10\91b19c283b24eec646a18e0e7b940c829920df4f\gdx-box2d-platform-1.9.10-natives-desktop.jar;C:\Users\Michelle\IdeaProjects\Game\core\build\libs\core-1.0.jar;C:\Users\Michelle\.gradle\caches\modules-2\files-2.1\com.badlogicgames.gdx\gdx-backend-headless\1.9.10\d357526e6bb3d36b01b4f833ab42588e5285d487\gdx-backend-headless-1.9.10.jar;C:\Users\Michelle\.gradle\caches\modules-2\files-2.1\com.badlogicgames.gdx\gdx-freetype\1.9.10\8853e4f08589a9feb4b851187909cfde8810e491\gdx-freetype-1.9.10.jar;C:\Users\Michelle\.gradle\caches\modules-2\files-2.1\com.badlogicgames.box2dlights\box2dlights\1.4\3d77ad5b4164fb32fc67e2446e35911bb0aaf0bd\box2dlights-1.4.jar;C:\Users\Michelle\.gradle\caches\modules-2\files-2.1\com.badlogicgames.gdx\gdx-box2d\1.9.10\d68a7a3484d47529a8d23cd467579eb098b38a9e\gdx-box2d-1.9.10.jar;C:\Users\Michelle\.gradle\caches\modules-2\files-2.1\com.badlogicgames.gdx\gdx-ai\1.8.0\ec30677d8ab1a8b8aa4b853c5f4e4b1361f50bf5\gdx-ai-1.8.0.jar;C:\Users\Michelle\.gradle\caches\modules-2\files-2.1\com.badlogicgames.gdx\gdx\1.9.10\79d9ad27bd5e3eb18c9ade61d3a27d7237695d53\gdx-1.9.10.jar;C:\Users\Michelle\.gradle\caches\modules-2\files-2.1\org.lwjgl.lwjgl\lwjgl_util\2.9.3\751f06b62424da056954c67288fd5c494431e350\lwjgl_util-2.9.3.jar
Launcher Type: SUN_STANDARD

[Global flags]
     intx CICompilerCount                          = 3                                         {product} {ergonomic}
     uint ConcGCThreads                            = 1                                         {product} {ergonomic}
     uint G1ConcRefinementThreads                  = 4                                         {product} {ergonomic}
   size_t G1HeapRegionSize                         = 1048576                                   {product} {ergonomic}
    uintx GCDrainStackTargetSize                   = 64                                        {product} {ergonomic}
   size_t InitialHeapSize                          = 134217728                                 {product} {ergonomic}
   size_t MarkStackSize                            = 4194304                                   {product} {ergonomic}
   size_t MaxHeapSize                              = 2120220672                                {product} {ergonomic}
   size_t MaxNewSize                               = 1271922688                                {product} {ergonomic}
   size_t MinHeapDeltaBytes                        = 1048576                                   {product} {ergonomic}
    uintx NonNMethodCodeHeapSize                   = 5830732                                {pd product} {ergonomic}
    uintx NonProfiledCodeHeapSize                  = 122913754                              {pd product} {ergonomic}
    uintx ProfiledCodeHeapSize                     = 122913754                              {pd product} {ergonomic}
    uintx ReservedCodeCacheSize                    = 251658240                              {pd product} {ergonomic}
     bool SegmentedCodeCache                       = true                                      {product} {ergonomic}
     bool UseCompressedClassPointers               = true                                 {lp64_product} {ergonomic}
     bool UseCompressedOops                        = true                                 {lp64_product} {ergonomic}
     bool UseG1GC                                  = true                                      {product} {ergonomic}
     bool UseLargePagesIndividualAllocation        = false                                  {pd product} {ergonomic}

Logging:
Log output configuration:
 #0: stdout all=warning uptime,level,tags
 #1: stderr all=off uptime,level,tags

Environment Variables:
PATH=C:\WINDOWS\system32;C:\WINDOWS;C:\WINDOWS\System32\Wbem;C:\WINDOWS\System32\WindowsPowerShell\v1.0\;C:\WINDOWS\System32\OpenSSH\;C:\Program Files\PuTTY\;C:\Program Files\Git\cmd;C:\Users\Michelle\AppData\Local\Programs\Python\Python36\Scripts\;C:\Users\Michelle\AppData\Local\Programs\Python\Python36\;C:\Users\Michelle\AppData\Local\Programs\Python\Python38\Scripts\;C:\Users\Michelle\AppData\Local\Programs\Python\Python38\;C:\Users\Michelle\AppData\Local\Programs\Python\Python36-32\Scripts\;C:\Users\Michelle\AppData\Local\Programs\Python\Python36-32\;C:\Users\Michelle\AppData\Local\Microsoft\WindowsApps;
USERNAME=Michelle
OS=Windows_NT
PROCESSOR_IDENTIFIER=Intel64 Family 6 Model 78 Stepping 3, GenuineIntel



---------------  S Y S T E M  ---------------

OS: Windows 10 , 64 bit Build 18362 (10.0.18362.329)

CPU:total 4 (initial active 4) (2 cores per cpu, 2 threads per core) family 6 model 78 stepping 3, cmov, cx8, fxsr, mmx, sse, sse2, sse3, ssse3, sse4.1, sse4.2, popcnt, avx, avx2, aes, clmul, erms, 3dnowpref, lzcnt, ht, tsc, tscinvbit, bmi1, bmi2, adx, fma

Memory: 4k page, system-wide physical 8087M (3344M free)
TotalPageFile size 12951M (AvailPageFile size 7037M)
current process WorkingSet (physical memory assigned to process): 119M, peak: 133M
current process commit charge ("private bytes"): 236M, peak: 250M

vm_info: OpenJDK 64-Bit Server VM (11.0.5+10-b520.17) for windows-amd64 JRE (11.0.5+10-b520.17), built on Dec  2 2019 12:11:34 by "" with MS VC++ 14.0 (VS2015)

END.
