#
# A fatal error has been detected by the Java Runtime Environment:
#
#  EXCEPTION_ACCESS_VIOLATION (0xc0000005) at pc=0x000000006e9cbbb1, pid=952, tid=1564
#
# JRE version: OpenJDK Runtime Environment (11.0.5+10) (build 11.0.5+10-b520.17)
# Java VM: OpenJDK 64-Bit Server VM (11.0.5+10-b520.17, mixed mode, sharing, tiered, compressed oops, g1 gc, windows-amd64)
# Problematic frame:
# C  [gdx-box2d64.dll+0xbbb1]
#
# No core dump will be written. Minidumps are not enabled by default on client versions of Windows
#
# If you would like to submit a bug report, please visit:
#   http://bugreport.java.com/bugreport/crash.jsp
# The crash happened outside the Java Virtual Machine in native code.
# See problematic frame for where to report the bug.
#

---------------  S U M M A R Y ------------

Command Line: -Dfile.encoding=windows-1252 -Duser.country=GB -Duser.language=en -Duser.variant com.berbils.game.desktop.DesktopLauncher

Host: Intel(R) Core(TM) i5-6200U CPU @ 2.30GHz, 4 cores, 7G,  Windows 10 , 64 bit Build 18362 (10.0.18362.329)
Time: Sun Jan 19 01:49:58 2020 GMT Standard Time elapsed time: 28 seconds (0d 0h 0m 28s)

---------------  T H R E A D  ---------------

Current thread (0x000001c017c25800):  JavaThread "LWJGL Application" [_thread_in_native, id=1564, stack(0x0000002b35a00000,0x0000002b35b00000)]

Stack: [0x0000002b35a00000,0x0000002b35b00000],  sp=0x0000002b35afede0,  free space=1019k
Native frames: (J=compiled Java code, j=interpreted, Vv=VM code, C=native code)
C  [gdx-box2d64.dll+0xbbb1]

Java frames: (J=compiled Java code, j=interpreted, Vv=VM code)
j  com.badlogic.gdx.physics.box2d.World.jniCreateBody(JIFFFFFFFFZZZZZF)J+0
j  com.badlogic.gdx.physics.box2d.World.createBody(Lcom/badlogic/gdx/physics/box2d/BodyDef;)Lcom/badlogic/gdx/physics/box2d/Body;+80
j  com.berbils.game.Entities.EntityTypes.Entity.createBodyCopy()V+9
j  com.berbils.game.Entities.FireEngines.FireEngine.spawn(Lcom/badlogic/gdx/math/Vector2;)V+6
j  com.berbils.game.Screens.PlayScreen.selectFireEngine(I)V+31
j  com.berbils.game.Screens.SelectFireEngineScreen$2.clicked(Lcom/badlogic/gdx/scenes/scene2d/InputEvent;FF)V+22
j  com.badlogic.gdx.scenes.scene2d.utils.ClickListener.touchUp(Lcom/badlogic/gdx/scenes/scene2d/InputEvent;FFII)V+108
j  com.badlogic.gdx.scenes.scene2d.InputListener.handle(Lcom/badlogic/gdx/scenes/scene2d/Event;)Z+196
j  com.badlogic.gdx.scenes.scene2d.Stage.touchUp(IIII)Z+213
J 1305 c1 com.badlogic.gdx.backends.lwjgl.LwjglInput.processEvents()V (478 bytes) @ 0x000001c0045fb76c [0x000001c0045fa7a0+0x0000000000000fcc]
j  com.badlogic.gdx.backends.lwjgl.LwjglApplication.mainLoop()V+661
j  com.badlogic.gdx.backends.lwjgl.LwjglApplication$1.run()V+27
v  ~StubRoutines::call_stub

siginfo: EXCEPTION_ACCESS_VIOLATION (0xc0000005), reading address 0x000001c217d377c0


Register to memory mapping:

RIP=0x000000006e9cbbb1 gdx-box2d64.dll
RAX=0x000000006ea10060 gdx-box2d64.dll
RBX=0x000001c217d377c0 is an unknown value
RCX=0x000001c017d06140 points into unknown readable memory: 80 00 85 23 c0 01 00 00
RDX=0x00000000000000b8 is an unknown value
RSP=0x0000002b35afede0 is pointing into the stack for thread: 0x000001c017c25800
RBP=0x000001c017d06170 points into unknown readable memory: 00 00 00 00 00 00 00 00
RSI=0x000001c017d06140 points into unknown readable memory: 80 00 85 23 c0 01 00 00
RDI=0x0000002b35afeea0 is pointing into the stack for thread: 0x000001c017c25800
R8 =0x000001c017d06140 points into unknown readable memory: 80 00 85 23 c0 01 00 00
R9 =0x0000000000000002 is an unknown value
R10=0x0 is NULL
R11=0x0000000000000001 is an unknown value
R12=0x0 is NULL
R13=0x0000000000000006 is an unknown value
R14=0x0000002b35aff098 is pointing into the stack for thread: 0x000001c017c25800
R15=0x000001c017c25800 is a thread


Registers:
RAX=0x000000006ea10060, RBX=0x000001c217d377c0, RCX=0x000001c017d06140, RDX=0x00000000000000b8
RSP=0x0000002b35afede0, RBP=0x000001c017d06170, RSI=0x000001c017d06140, RDI=0x0000002b35afeea0
R8 =0x000001c017d06140, R9 =0x0000000000000002, R10=0x0000000000000000, R11=0x0000000000000001
R12=0x0000000000000000, R13=0x0000000000000006, R14=0x0000002b35aff098, R15=0x000001c017c25800
RIP=0x000000006e9cbbb1, EFLAGS=0x0000000000010206

Top of Stack: (sp=0x0000002b35afede0)
0x0000002b35afede0:   000001c017695890 000001c017c25800
0x0000002b35afedf0:   00007ffefa41b9f8 000001c02295d590
0x0000002b35afee00:   0000000000000001 000001c017d06140
0x0000002b35afee10:   0000002b35afeea0 0000002b35afeff0
0x0000002b35afee20:   0000000000000000 000001c017695890
0x0000002b35afee30:   0000002b35aff098 000000006e9e1163
0x0000002b35afee40:   0000002b35afeee0 0000002b35afeee0
0x0000002b35afee50:   0000000000000003 000001c017695890
0x0000002b35afee60:   0000000000000001 0000000088a07a00
0x0000002b35afee70:   0000000088a07be0 000000006e9e6a36
0x0000002b35afee80:   000001c017c25800 0000002b35aff098
0x0000002b35afee90:   0000002b35afeff0 000001c003df878b
0x0000002b35afeea0:   410f000000000002 00000000410f8000
0x0000002b35afeeb0:   0000000000000000 4120000000000000
0x0000002b35afeec0:   0000010141200000 0000002b35aff001
0x0000002b35afeed0:   0000000000000000 000000003f800000 

Instructions: (pc=0x000000006e9cbbb1)
0x000000006e9cbab1:   3d 89 45 04 00 00 75 5e 48 8d 3d a1 45 04 00 bb
0x000000006e9cbac1:   01 00 00 00 31 f6 48 8d 2d 32 45 03 00 eb 04 48
0x000000006e9cbad1:   83 c7 01 48 63 c6 39 5c 85 00 7d 03 83 c6 01 83
0x000000006e9cbae1:   c3 01 40 88 37 81 fb 81 02 00 00 74 22 83 fe 0d
0x000000006e9cbaf1:   7e dd 48 8d 15 56 60 03 00 48 8d 0d bb 60 03 00
0x000000006e9cbb01:   41 b8 49 00 00 00 e8 c4 aa 02 00 eb c2 66 90 c6
0x000000006e9cbb11:   05 29 45 04 00 01 48 83 c4 28 5b 5e 5f 5d c3 57
0x000000006e9cbb21:   56 53 48 83 ec 20 8b 41 08 31 f6 31 db 48 89 cf
0x000000006e9cbb31:   85 c0 7e 19 48 8b 07 83 c3 01 48 8b 4c 30 08 48
0x000000006e9cbb41:   83 c6 10 e8 c7 08 00 00 39 5f 08 7f e7 48 8b 0f
0x000000006e9cbb51:   48 83 c4 20 5b 5e 5f e9 b3 08 00 00 90 66 90 41
0x000000006e9cbb61:   56 41 55 41 54 55 57 56 53 48 83 ec 20 48 63 da
0x000000006e9cbb71:   48 89 ce 83 fb 00 0f 84 66 01 00 00 0f 8e 42 01
0x000000006e9cbb81:   00 00 81 fb 80 02 00 00 0f 8f 21 01 00 00 48 8d
0x000000006e9cbb91:   05 ca 44 04 00 44 0f b6 2c 18 41 80 fd 0d 4c 89
0x000000006e9cbba1:   eb 77 2c 48 8d 2c de 48 8b 5d 10 48 85 db 74 45
0x000000006e9cbbb1:   48 8b 03 48 89 45 10 48 89 d8 48 83 c4 20 5b 5e
0x000000006e9cbbc1:   5f 5d 41 5c 41 5d 41 5e c3 66 0f 1f 44 00 00 48
0x000000006e9cbbd1:   8d 15 79 5f 03 00 48 8d 0d fa 5f 03 00 48 8d 2c
0x000000006e9cbbe1:   de 41 b8 70 00 00 00 e8 e3 a9 02 00 48 8b 5d 10
0x000000006e9cbbf1:   48 85 db 75 bb 4c 63 66 08 44 3b 66 0c 0f 84 1c
0x000000006e9cbc01:   01 00 00 49 c1 e4 04 4c 03 26 b9 00 40 00 00 e8
0x000000006e9cbc11:   eb 07 00 00 48 89 c3 4d 63 ed 49 89 44 24 08 48
0x000000006e9cbc21:   8d 05 d9 43 03 00 42 8b 3c a8 b8 00 40 00 00 99
0x000000006e9cbc31:   f7 ff 41 89 fd 41 89 3c 24 44 0f af e8 41 89 c6
0x000000006e9cbc41:   41 81 fd 00 40 00 00 0f 8f a6 00 00 00 41 83 fe
0x000000006e9cbc51:   01 7e 2a 4c 63 c7 41 8d 46 ff 31 d2 4d 89 c1 4a
0x000000006e9cbc61:   8d 0c 03 49 f7 d9 66 0f 1f 84 00 00 00 00 00 83
0x000000006e9cbc71:   c2 01 4a 89 0c 09 4c 01 c1 39 c2 75 f2 41 29 fd
0x000000006e9cbc81:   4d 63 ed 4a c7 04 2b 00 00 00 00 48 8b 03 48 89
0x000000006e9cbc91:   45 10 83 46 08 01 48 89 d8 48 83 c4 20 5b 5e 5f
0x000000006e9cbca1:   5d 41 5c 41 5d 41 5e c3 0f 1f 80 00 00 00 00 89 


Stack slot to memory mapping:
stack at sp + 0 slots: {method} {0x000001c017695898} 'jniCreateBody' '(JIFFFFFFFFZZZZZF)J' in 'com/badlogic/gdx/physics/box2d/World'
stack at sp + 1 slots: 0x000001c017c25800 is a thread
stack at sp + 2 slots: 0x00007ffefa41b9f8 jvm.dll
stack at sp + 3 slots: 0x000001c02295d590 points into unknown readable memory: 13 00 01 00 da 7d 28 4a
stack at sp + 4 slots: 0x0000000000000001 is an unknown value
stack at sp + 5 slots: 0x000001c017d06140 points into unknown readable memory: 80 00 85 23 c0 01 00 00
stack at sp + 6 slots: 0x0000002b35afeea0 is pointing into the stack for thread: 0x000001c017c25800
stack at sp + 7 slots: 0x0000002b35afeff0 is pointing into the stack for thread: 0x000001c017c25800


---------------  P R O C E S S  ---------------

Threads class SMR info:
_java_thread_list=0x000001c022967d90, length=13, elements={
0x000001c016f10800, 0x000001c016f13000, 0x000001c016f2b800, 0x000001c016f2d800,
0x000001c016f31000, 0x000001c016f38000, 0x000001c016f42800, 0x000001c0179a4000,
0x000001c0179a9800, 0x000001c017c25800, 0x000001c07b074000, 0x000001c0227f2800,
0x000001c022b04800
}

Java Threads: ( => current thread )
  0x000001c016f10800 JavaThread "Reference Handler" daemon [_thread_blocked, id=7392, stack(0x0000002b35000000,0x0000002b35100000)]
  0x000001c016f13000 JavaThread "Finalizer" daemon [_thread_blocked, id=9028, stack(0x0000002b35100000,0x0000002b35200000)]
  0x000001c016f2b800 JavaThread "Signal Dispatcher" daemon [_thread_blocked, id=9136, stack(0x0000002b35200000,0x0000002b35300000)]
  0x000001c016f2d800 JavaThread "Attach Listener" daemon [_thread_blocked, id=3584, stack(0x0000002b35300000,0x0000002b35400000)]
  0x000001c016f31000 JavaThread "C2 CompilerThread0" daemon [_thread_blocked, id=8140, stack(0x0000002b35400000,0x0000002b35500000)]
  0x000001c016f38000 JavaThread "C1 CompilerThread0" daemon [_thread_blocked, id=9332, stack(0x0000002b35500000,0x0000002b35600000)]
  0x000001c016f42800 JavaThread "Sweeper thread" daemon [_thread_blocked, id=9592, stack(0x0000002b35600000,0x0000002b35700000)]
  0x000001c0179a4000 JavaThread "Service Thread" daemon [_thread_blocked, id=7060, stack(0x0000002b35700000,0x0000002b35800000)]
  0x000001c0179a9800 JavaThread "Common-Cleaner" daemon [_thread_blocked, id=3532, stack(0x0000002b35900000,0x0000002b35a00000)]
=>0x000001c017c25800 JavaThread "LWJGL Application" [_thread_in_native, id=1564, stack(0x0000002b35a00000,0x0000002b35b00000)]
  0x000001c07b074000 JavaThread "DestroyJavaVM" [_thread_blocked, id=424, stack(0x0000002b34900000,0x0000002b34a00000)]
  0x000001c0227f2800 JavaThread "AssetManager" daemon [_thread_blocked, id=10080, stack(0x0000002b36000000,0x0000002b36100000)]
  0x000001c022b04800 JavaThread "LWJGL Timer" daemon [_thread_blocked, id=9076, stack(0x0000002b36500000,0x0000002b36600000)]

Other Threads:
  0x000001c016f0e800 VMThread "VM Thread" [stack: 0x0000002b34f00000,0x0000002b35000000] [id=9140]
  0x000001c0179a7000 WatcherThread [stack: 0x0000002b35800000,0x0000002b35900000] [id=500]
  0x000001c07b08c000 GCTaskThread "GC Thread#0" [stack: 0x0000002b34a00000,0x0000002b34b00000] [id=1020]
  0x000001c022b01800 GCTaskThread "GC Thread#1" [stack: 0x0000002b36200000,0x0000002b36300000] [id=13980]
  0x000001c0229a8800 GCTaskThread "GC Thread#2" [stack: 0x0000002b36300000,0x0000002b36400000] [id=5604]
  0x000001c022b03800 GCTaskThread "GC Thread#3" [stack: 0x0000002b36400000,0x0000002b36500000] [id=10640]
  0x000001c07b0bd000 ConcurrentGCThread "G1 Main Marker" [stack: 0x0000002b34b00000,0x0000002b34c00000] [id=7932]
  0x000001c07b0be800 ConcurrentGCThread "G1 Conc#0" [stack: 0x0000002b34c00000,0x0000002b34d00000] [id=5880]
  0x000001c07b13e800 ConcurrentGCThread "G1 Refine#0" [stack: 0x0000002b34d00000,0x0000002b34e00000] [id=1976]
  0x000001c016da4800 ConcurrentGCThread "G1 Young RemSet Sampling" [stack: 0x0000002b34e00000,0x0000002b34f00000] [id=14460]

Threads with active compile tasks:

VM state:not at safepoint (normal execution)

VM Mutex/Monitor currently owned by a thread: None

Heap address: 0x0000000081a00000, size: 2022 MB, Compressed Oops mode: 32-bit
Narrow klass base: 0x0000000800000000, Narrow klass shift: 3
Compressed class space size: 1073741824 Address: 0x0000000840000000

Heap:
 garbage-first heap   total 131072K, used 12395K [0x0000000081a00000, 0x0000000100000000)
  region size 1024K, 13 young (13312K), 2 survivors (2048K)
 Metaspace       used 7499K, capacity 9708K, committed 9856K, reserved 1058816K
  class space    used 598K, capacity 836K, committed 896K, reserved 1048576K
Heap Regions: E=young(eden), S=young(survivor), O=old, HS=humongous(starts), HC=humongous(continues), CS=collection set, F=free, A=archive, TAMS=top-at-mark-start (previous, next)
|   0|0x0000000081a00000, 0x0000000081a1ac00, 0x0000000081b00000| 10%| O|  |TAMS 0x0000000081a00000, 0x0000000081a00000| Untracked 
|   1|0x0000000081b00000, 0x0000000081b00000, 0x0000000081c00000|  0%| F|  |TAMS 0x0000000081b00000, 0x0000000081b00000| Untracked 
|   2|0x0000000081c00000, 0x0000000081c00000, 0x0000000081d00000|  0%| F|  |TAMS 0x0000000081c00000, 0x0000000081c00000| Untracked 
|   3|0x0000000081d00000, 0x0000000081d00000, 0x0000000081e00000|  0%| F|  |TAMS 0x0000000081d00000, 0x0000000081d00000| Untracked 
|   4|0x0000000081e00000, 0x0000000081e00000, 0x0000000081f00000|  0%| F|  |TAMS 0x0000000081e00000, 0x0000000081e00000| Untracked 
|   5|0x0000000081f00000, 0x0000000081f00000, 0x0000000082000000|  0%| F|  |TAMS 0x0000000081f00000, 0x0000000081f00000| Untracked 
|   6|0x0000000082000000, 0x0000000082000000, 0x0000000082100000|  0%| F|  |TAMS 0x0000000082000000, 0x0000000082000000| Untracked 
|   7|0x0000000082100000, 0x0000000082100000, 0x0000000082200000|  0%| F|  |TAMS 0x0000000082100000, 0x0000000082100000| Untracked 
|   8|0x0000000082200000, 0x0000000082200000, 0x0000000082300000|  0%| F|  |TAMS 0x0000000082200000, 0x0000000082200000| Untracked 
|   9|0x0000000082300000, 0x0000000082300000, 0x0000000082400000|  0%| F|  |TAMS 0x0000000082300000, 0x0000000082300000| Untracked 
|  10|0x0000000082400000, 0x0000000082400000, 0x0000000082500000|  0%| F|  |TAMS 0x0000000082400000, 0x0000000082400000| Untracked 
|  11|0x0000000082500000, 0x0000000082500000, 0x0000000082600000|  0%| F|  |TAMS 0x0000000082500000, 0x0000000082500000| Untracked 
|  12|0x0000000082600000, 0x0000000082600000, 0x0000000082700000|  0%| F|  |TAMS 0x0000000082600000, 0x0000000082600000| Untracked 
|  13|0x0000000082700000, 0x0000000082700000, 0x0000000082800000|  0%| F|  |TAMS 0x0000000082700000, 0x0000000082700000| Untracked 
|  14|0x0000000082800000, 0x0000000082800000, 0x0000000082900000|  0%| F|  |TAMS 0x0000000082800000, 0x0000000082800000| Untracked 
|  15|0x0000000082900000, 0x0000000082900000, 0x0000000082a00000|  0%| F|  |TAMS 0x0000000082900000, 0x0000000082900000| Untracked 
|  16|0x0000000082a00000, 0x0000000082a00000, 0x0000000082b00000|  0%| F|  |TAMS 0x0000000082a00000, 0x0000000082a00000| Untracked 
|  17|0x0000000082b00000, 0x0000000082b00000, 0x0000000082c00000|  0%| F|  |TAMS 0x0000000082b00000, 0x0000000082b00000| Untracked 
|  18|0x0000000082c00000, 0x0000000082c00000, 0x0000000082d00000|  0%| F|  |TAMS 0x0000000082c00000, 0x0000000082c00000| Untracked 
|  19|0x0000000082d00000, 0x0000000082d00000, 0x0000000082e00000|  0%| F|  |TAMS 0x0000000082d00000, 0x0000000082d00000| Untracked 
|  20|0x0000000082e00000, 0x0000000082e00000, 0x0000000082f00000|  0%| F|  |TAMS 0x0000000082e00000, 0x0000000082e00000| Untracked 
|  21|0x0000000082f00000, 0x0000000082f00000, 0x0000000083000000|  0%| F|  |TAMS 0x0000000082f00000, 0x0000000082f00000| Untracked 
|  22|0x0000000083000000, 0x0000000083000000, 0x0000000083100000|  0%| F|  |TAMS 0x0000000083000000, 0x0000000083000000| Untracked 
|  23|0x0000000083100000, 0x0000000083100000, 0x0000000083200000|  0%| F|  |TAMS 0x0000000083100000, 0x0000000083100000| Untracked 
|  24|0x0000000083200000, 0x0000000083200000, 0x0000000083300000|  0%| F|  |TAMS 0x0000000083200000, 0x0000000083200000| Untracked 
|  25|0x0000000083300000, 0x0000000083300000, 0x0000000083400000|  0%| F|  |TAMS 0x0000000083300000, 0x0000000083300000| Untracked 
|  26|0x0000000083400000, 0x0000000083400000, 0x0000000083500000|  0%| F|  |TAMS 0x0000000083400000, 0x0000000083400000| Untracked 
|  27|0x0000000083500000, 0x0000000083500000, 0x0000000083600000|  0%| F|  |TAMS 0x0000000083500000, 0x0000000083500000| Untracked 
|  28|0x0000000083600000, 0x0000000083600000, 0x0000000083700000|  0%| F|  |TAMS 0x0000000083600000, 0x0000000083600000| Untracked 
|  29|0x0000000083700000, 0x0000000083700000, 0x0000000083800000|  0%| F|  |TAMS 0x0000000083700000, 0x0000000083700000| Untracked 
|  30|0x0000000083800000, 0x0000000083800000, 0x0000000083900000|  0%| F|  |TAMS 0x0000000083800000, 0x0000000083800000| Untracked 
|  31|0x0000000083900000, 0x0000000083900000, 0x0000000083a00000|  0%| F|  |TAMS 0x0000000083900000, 0x0000000083900000| Untracked 
|  32|0x0000000083a00000, 0x0000000083a00000, 0x0000000083b00000|  0%| F|  |TAMS 0x0000000083a00000, 0x0000000083a00000| Untracked 
|  33|0x0000000083b00000, 0x0000000083b00000, 0x0000000083c00000|  0%| F|  |TAMS 0x0000000083b00000, 0x0000000083b00000| Untracked 
|  34|0x0000000083c00000, 0x0000000083c00000, 0x0000000083d00000|  0%| F|  |TAMS 0x0000000083c00000, 0x0000000083c00000| Untracked 
|  35|0x0000000083d00000, 0x0000000083d00000, 0x0000000083e00000|  0%| F|  |TAMS 0x0000000083d00000, 0x0000000083d00000| Untracked 
|  36|0x0000000083e00000, 0x0000000083e00000, 0x0000000083f00000|  0%| F|  |TAMS 0x0000000083e00000, 0x0000000083e00000| Untracked 
|  37|0x0000000083f00000, 0x0000000083f00000, 0x0000000084000000|  0%| F|  |TAMS 0x0000000083f00000, 0x0000000083f00000| Untracked 
|  38|0x0000000084000000, 0x0000000084000000, 0x0000000084100000|  0%| F|  |TAMS 0x0000000084000000, 0x0000000084000000| Untracked 
|  39|0x0000000084100000, 0x0000000084100000, 0x0000000084200000|  0%| F|  |TAMS 0x0000000084100000, 0x0000000084100000| Untracked 
|  40|0x0000000084200000, 0x0000000084200000, 0x0000000084300000|  0%| F|  |TAMS 0x0000000084200000, 0x0000000084200000| Untracked 
|  41|0x0000000084300000, 0x0000000084300000, 0x0000000084400000|  0%| F|  |TAMS 0x0000000084300000, 0x0000000084300000| Untracked 
|  42|0x0000000084400000, 0x0000000084400000, 0x0000000084500000|  0%| F|  |TAMS 0x0000000084400000, 0x0000000084400000| Untracked 
|  43|0x0000000084500000, 0x0000000084500000, 0x0000000084600000|  0%| F|  |TAMS 0x0000000084500000, 0x0000000084500000| Untracked 
|  44|0x0000000084600000, 0x0000000084600000, 0x0000000084700000|  0%| F|  |TAMS 0x0000000084600000, 0x0000000084600000| Untracked 
|  45|0x0000000084700000, 0x0000000084700000, 0x0000000084800000|  0%| F|  |TAMS 0x0000000084700000, 0x0000000084700000| Untracked 
|  46|0x0000000084800000, 0x0000000084800000, 0x0000000084900000|  0%| F|  |TAMS 0x0000000084800000, 0x0000000084800000| Untracked 
|  47|0x0000000084900000, 0x0000000084900000, 0x0000000084a00000|  0%| F|  |TAMS 0x0000000084900000, 0x0000000084900000| Untracked 
|  48|0x0000000084a00000, 0x0000000084a00000, 0x0000000084b00000|  0%| F|  |TAMS 0x0000000084a00000, 0x0000000084a00000| Untracked 
|  49|0x0000000084b00000, 0x0000000084b00000, 0x0000000084c00000|  0%| F|  |TAMS 0x0000000084b00000, 0x0000000084b00000| Untracked 
|  50|0x0000000084c00000, 0x0000000084c00000, 0x0000000084d00000|  0%| F|  |TAMS 0x0000000084c00000, 0x0000000084c00000| Untracked 
|  51|0x0000000084d00000, 0x0000000084d00000, 0x0000000084e00000|  0%| F|  |TAMS 0x0000000084d00000, 0x0000000084d00000| Untracked 
|  52|0x0000000084e00000, 0x0000000084e00000, 0x0000000084f00000|  0%| F|  |TAMS 0x0000000084e00000, 0x0000000084e00000| Untracked 
|  53|0x0000000084f00000, 0x0000000084f00000, 0x0000000085000000|  0%| F|  |TAMS 0x0000000084f00000, 0x0000000084f00000| Untracked 
|  54|0x0000000085000000, 0x0000000085000000, 0x0000000085100000|  0%| F|  |TAMS 0x0000000085000000, 0x0000000085000000| Untracked 
|  55|0x0000000085100000, 0x0000000085100000, 0x0000000085200000|  0%| F|  |TAMS 0x0000000085100000, 0x0000000085100000| Untracked 
|  56|0x0000000085200000, 0x0000000085200000, 0x0000000085300000|  0%| F|  |TAMS 0x0000000085200000, 0x0000000085200000| Untracked 
|  57|0x0000000085300000, 0x0000000085300000, 0x0000000085400000|  0%| F|  |TAMS 0x0000000085300000, 0x0000000085300000| Untracked 
|  58|0x0000000085400000, 0x0000000085400000, 0x0000000085500000|  0%| F|  |TAMS 0x0000000085400000, 0x0000000085400000| Untracked 
|  59|0x0000000085500000, 0x0000000085500000, 0x0000000085600000|  0%| F|  |TAMS 0x0000000085500000, 0x0000000085500000| Untracked 
|  60|0x0000000085600000, 0x0000000085600000, 0x0000000085700000|  0%| F|  |TAMS 0x0000000085600000, 0x0000000085600000| Untracked 
|  61|0x0000000085700000, 0x0000000085700000, 0x0000000085800000|  0%| F|  |TAMS 0x0000000085700000, 0x0000000085700000| Untracked 
|  62|0x0000000085800000, 0x0000000085800000, 0x0000000085900000|  0%| F|  |TAMS 0x0000000085800000, 0x0000000085800000| Untracked 
|  63|0x0000000085900000, 0x0000000085900000, 0x0000000085a00000|  0%| F|  |TAMS 0x0000000085900000, 0x0000000085900000| Untracked 
|  64|0x0000000085a00000, 0x0000000085a00000, 0x0000000085b00000|  0%| F|  |TAMS 0x0000000085a00000, 0x0000000085a00000| Untracked 
|  65|0x0000000085b00000, 0x0000000085b00000, 0x0000000085c00000|  0%| F|  |TAMS 0x0000000085b00000, 0x0000000085b00000| Untracked 
|  66|0x0000000085c00000, 0x0000000085c00000, 0x0000000085d00000|  0%| F|  |TAMS 0x0000000085c00000, 0x0000000085c00000| Untracked 
|  67|0x0000000085d00000, 0x0000000085d00000, 0x0000000085e00000|  0%| F|  |TAMS 0x0000000085d00000, 0x0000000085d00000| Untracked 
|  68|0x0000000085e00000, 0x0000000085e00000, 0x0000000085f00000|  0%| F|  |TAMS 0x0000000085e00000, 0x0000000085e00000| Untracked 
|  69|0x0000000085f00000, 0x0000000085f00000, 0x0000000086000000|  0%| F|  |TAMS 0x0000000085f00000, 0x0000000085f00000| Untracked 
|  70|0x0000000086000000, 0x0000000086000000, 0x0000000086100000|  0%| F|  |TAMS 0x0000000086000000, 0x0000000086000000| Untracked 
|  71|0x0000000086100000, 0x0000000086100000, 0x0000000086200000|  0%| F|  |TAMS 0x0000000086100000, 0x0000000086100000| Untracked 
|  72|0x0000000086200000, 0x0000000086200000, 0x0000000086300000|  0%| F|  |TAMS 0x0000000086200000, 0x0000000086200000| Untracked 
|  73|0x0000000086300000, 0x0000000086300000, 0x0000000086400000|  0%| F|  |TAMS 0x0000000086300000, 0x0000000086300000| Untracked 
|  74|0x0000000086400000, 0x0000000086400000, 0x0000000086500000|  0%| F|  |TAMS 0x0000000086400000, 0x0000000086400000| Untracked 
|  75|0x0000000086500000, 0x0000000086500000, 0x0000000086600000|  0%| F|  |TAMS 0x0000000086500000, 0x0000000086500000| Untracked 
|  76|0x0000000086600000, 0x0000000086600000, 0x0000000086700000|  0%| F|  |TAMS 0x0000000086600000, 0x0000000086600000| Untracked 
|  77|0x0000000086700000, 0x0000000086700000, 0x0000000086800000|  0%| F|  |TAMS 0x0000000086700000, 0x0000000086700000| Untracked 
|  78|0x0000000086800000, 0x0000000086800000, 0x0000000086900000|  0%| F|  |TAMS 0x0000000086800000, 0x0000000086800000| Untracked 
|  79|0x0000000086900000, 0x0000000086900000, 0x0000000086a00000|  0%| F|  |TAMS 0x0000000086900000, 0x0000000086900000| Untracked 
|  80|0x0000000086a00000, 0x0000000086a00000, 0x0000000086b00000|  0%| F|  |TAMS 0x0000000086a00000, 0x0000000086a00000| Untracked 
|  81|0x0000000086b00000, 0x0000000086b00000, 0x0000000086c00000|  0%| F|  |TAMS 0x0000000086b00000, 0x0000000086b00000| Untracked 
|  82|0x0000000086c00000, 0x0000000086c00000, 0x0000000086d00000|  0%| F|  |TAMS 0x0000000086c00000, 0x0000000086c00000| Untracked 
|  83|0x0000000086d00000, 0x0000000086d00000, 0x0000000086e00000|  0%| F|  |TAMS 0x0000000086d00000, 0x0000000086d00000| Untracked 
|  84|0x0000000086e00000, 0x0000000086e00000, 0x0000000086f00000|  0%| F|  |TAMS 0x0000000086e00000, 0x0000000086e00000| Untracked 
|  85|0x0000000086f00000, 0x0000000086f00000, 0x0000000087000000|  0%| F|  |TAMS 0x0000000086f00000, 0x0000000086f00000| Untracked 
|  86|0x0000000087000000, 0x0000000087000000, 0x0000000087100000|  0%| F|  |TAMS 0x0000000087000000, 0x0000000087000000| Untracked 
|  87|0x0000000087100000, 0x0000000087100000, 0x0000000087200000|  0%| F|  |TAMS 0x0000000087100000, 0x0000000087100000| Untracked 
|  88|0x0000000087200000, 0x0000000087200000, 0x0000000087300000|  0%| F|  |TAMS 0x0000000087200000, 0x0000000087200000| Untracked 
|  89|0x0000000087300000, 0x0000000087300000, 0x0000000087400000|  0%| F|  |TAMS 0x0000000087300000, 0x0000000087300000| Untracked 
|  90|0x0000000087400000, 0x0000000087400000, 0x0000000087500000|  0%| F|  |TAMS 0x0000000087400000, 0x0000000087400000| Untracked 
|  91|0x0000000087500000, 0x0000000087500000, 0x0000000087600000|  0%| F|  |TAMS 0x0000000087500000, 0x0000000087500000| Untracked 
|  92|0x0000000087600000, 0x0000000087600000, 0x0000000087700000|  0%| F|  |TAMS 0x0000000087600000, 0x0000000087600000| Untracked 
|  93|0x0000000087700000, 0x0000000087700000, 0x0000000087800000|  0%| F|  |TAMS 0x0000000087700000, 0x0000000087700000| Untracked 
|  94|0x0000000087800000, 0x0000000087800000, 0x0000000087900000|  0%| F|  |TAMS 0x0000000087800000, 0x0000000087800000| Untracked 
|  95|0x0000000087900000, 0x0000000087900000, 0x0000000087a00000|  0%| F|  |TAMS 0x0000000087900000, 0x0000000087900000| Untracked 
|  96|0x0000000087a00000, 0x0000000087a00000, 0x0000000087b00000|  0%| F|  |TAMS 0x0000000087a00000, 0x0000000087a00000| Untracked 
|  97|0x0000000087b00000, 0x0000000087b00000, 0x0000000087c00000|  0%| F|  |TAMS 0x0000000087b00000, 0x0000000087b00000| Untracked 
|  98|0x0000000087c00000, 0x0000000087c00000, 0x0000000087d00000|  0%| F|  |TAMS 0x0000000087c00000, 0x0000000087c00000| Untracked 
|  99|0x0000000087d00000, 0x0000000087d00000, 0x0000000087e00000|  0%| F|  |TAMS 0x0000000087d00000, 0x0000000087d00000| Untracked 
| 100|0x0000000087e00000, 0x0000000087e00000, 0x0000000087f00000|  0%| F|  |TAMS 0x0000000087e00000, 0x0000000087e00000| Untracked 
| 101|0x0000000087f00000, 0x0000000087f00000, 0x0000000088000000|  0%| F|  |TAMS 0x0000000087f00000, 0x0000000087f00000| Untracked 
| 102|0x0000000088000000, 0x0000000088000000, 0x0000000088100000|  0%| F|  |TAMS 0x0000000088000000, 0x0000000088000000| Untracked 
| 103|0x0000000088100000, 0x0000000088100000, 0x0000000088200000|  0%| F|  |TAMS 0x0000000088100000, 0x0000000088100000| Untracked 
| 104|0x0000000088200000, 0x0000000088200000, 0x0000000088300000|  0%| F|  |TAMS 0x0000000088200000, 0x0000000088200000| Untracked 
| 105|0x0000000088300000, 0x0000000088300000, 0x0000000088400000|  0%| F|  |TAMS 0x0000000088300000, 0x0000000088300000| Untracked 
| 106|0x0000000088400000, 0x0000000088400000, 0x0000000088500000|  0%| F|  |TAMS 0x0000000088400000, 0x0000000088400000| Untracked 
| 107|0x0000000088500000, 0x0000000088500000, 0x0000000088600000|  0%| F|  |TAMS 0x0000000088500000, 0x0000000088500000| Untracked 
| 108|0x0000000088600000, 0x0000000088600000, 0x0000000088700000|  0%| F|  |TAMS 0x0000000088600000, 0x0000000088600000| Untracked 
| 109|0x0000000088700000, 0x0000000088700000, 0x0000000088800000|  0%| F|  |TAMS 0x0000000088700000, 0x0000000088700000| Untracked 
| 110|0x0000000088800000, 0x0000000088800000, 0x0000000088900000|  0%| F|  |TAMS 0x0000000088800000, 0x0000000088800000| Untracked 
| 111|0x0000000088900000, 0x0000000088900000, 0x0000000088a00000|  0%| F|  |TAMS 0x0000000088900000, 0x0000000088900000| Untracked 
| 112|0x0000000088a00000, 0x0000000088b00000, 0x0000000088b00000|100%| S|CS|TAMS 0x0000000088a00000, 0x0000000088a00000| Complete 
| 113|0x0000000088b00000, 0x0000000088c00000, 0x0000000088c00000|100%| S|CS|TAMS 0x0000000088b00000, 0x0000000088b00000| Complete 
| 114|0x0000000088c00000, 0x0000000088c00000, 0x0000000088d00000|  0%| F|  |TAMS 0x0000000088c00000, 0x0000000088c00000| Untracked 
| 115|0x0000000088d00000, 0x0000000088d00000, 0x0000000088e00000|  0%| F|  |TAMS 0x0000000088d00000, 0x0000000088d00000| Untracked 
| 116|0x0000000088e00000, 0x0000000088e00000, 0x0000000088f00000|  0%| F|  |TAMS 0x0000000088e00000, 0x0000000088e00000| Untracked 
| 117|0x0000000088f00000, 0x0000000089000000, 0x0000000089000000|100%| E|  |TAMS 0x0000000088f00000, 0x0000000088f00000| Complete 
| 118|0x0000000089000000, 0x0000000089100000, 0x0000000089100000|100%| E|CS|TAMS 0x0000000089000000, 0x0000000089000000| Complete 
| 119|0x0000000089100000, 0x0000000089200000, 0x0000000089200000|100%| E|CS|TAMS 0x0000000089100000, 0x0000000089100000| Complete 
| 120|0x0000000089200000, 0x0000000089300000, 0x0000000089300000|100%| E|CS|TAMS 0x0000000089200000, 0x0000000089200000| Complete 
| 121|0x0000000089300000, 0x0000000089400000, 0x0000000089400000|100%| E|CS|TAMS 0x0000000089300000, 0x0000000089300000| Complete 
| 122|0x0000000089400000, 0x0000000089500000, 0x0000000089500000|100%| E|CS|TAMS 0x0000000089400000, 0x0000000089400000| Complete 
| 123|0x0000000089500000, 0x0000000089600000, 0x0000000089600000|100%| E|CS|TAMS 0x0000000089500000, 0x0000000089500000| Complete 
| 124|0x0000000089600000, 0x0000000089700000, 0x0000000089700000|100%| E|CS|TAMS 0x0000000089600000, 0x0000000089600000| Complete 
| 125|0x0000000089700000, 0x0000000089800000, 0x0000000089800000|100%| E|CS|TAMS 0x0000000089700000, 0x0000000089700000| Complete 
| 126|0x0000000089800000, 0x0000000089900000, 0x0000000089900000|100%| E|CS|TAMS 0x0000000089800000, 0x0000000089800000| Complete 
| 127|0x0000000089900000, 0x0000000089a00000, 0x0000000089a00000|100%| E|CS|TAMS 0x0000000089900000, 0x0000000089900000| Complete 

Card table byte_map: [0x000001c07d380000,0x000001c07d780000] _byte_map_base: 0x000001c07cf73000

Marking Bits (Prev, Next): (CMBitMap*) 0x000001c07b0b47c8, (CMBitMap*) 0x000001c07b0b4800
 Prev Bits: [0x000001c07db80000, 0x000001c07fb18000)
 Next Bits: [0x000001c012df0000, 0x000001c014d88000)

Polling page: 0x000001c07b140000

Metaspace:

Usage:
  Non-class:      8.66 MB capacity,     6.74 MB ( 78%) used,     1.92 MB ( 22%) free+waste,     7.81 KB ( <1%) overhead. 
      Class:    836.00 KB capacity,   598.26 KB ( 72%) used,   234.99 KB ( 28%) free+waste,     2.75 KB ( <1%) overhead. 
       Both:      9.48 MB capacity,     7.32 MB ( 77%) used,     2.15 MB ( 23%) free+waste,    10.56 KB ( <1%) overhead. 

Virtual space:
  Non-class space:       10.00 MB reserved,       8.75 MB ( 88%) committed 
      Class space:        1.00 GB reserved,     896.00 KB ( <1%) committed 
             Both:        1.01 GB reserved,       9.63 MB ( <1%) committed 

Chunk freelists:
   Non-Class:  88.00 KB
       Class:  28.00 KB
        Both:  116.00 KB

MaxMetaspaceSize: 17179869184.00 GB
CompressedClassSpaceSize: 1.00 GB

CodeHeap 'non-profiled nmethods': size=120064Kb used=883Kb max_used=883Kb free=119180Kb
 bounds [0x000001c00b8b0000, 0x000001c00bb20000, 0x000001c012df0000]
CodeHeap 'profiled nmethods': size=120000Kb used=3726Kb max_used=3726Kb free=116274Kb
 bounds [0x000001c004380000, 0x000001c004730000, 0x000001c00b8b0000]
CodeHeap 'non-nmethods': size=5696Kb used=1224Kb max_used=1253Kb free=4472Kb
 bounds [0x000001c003df0000, 0x000001c004060000, 0x000001c004380000]
 total_blobs=3208 nmethods=1805 adapters=499
 compilation: enabled
              stopped_count=0, restarted_count=0
 full_count=0

Compilation events (20 events):
Event: 25.525 Thread 0x000001c016f38000 1795       3       java.lang.Long::reverseBytes (46 bytes)
Event: 25.525 Thread 0x000001c016f38000 nmethod 1795 0x000001c004720a90 code [0x000001c004720c40, 0x000001c004720df8]
Event: 25.559 Thread 0x000001c016f38000 1796   !   3       com.badlogic.gdx.scenes.scene2d.Actor::notify (236 bytes)
Event: 25.561 Thread 0x000001c016f38000 nmethod 1796 0x000001c004720e90 code [0x000001c004721220, 0x000001c004722fb0]
Event: 25.792 Thread 0x000001c016f31000 1797       4       org.lwjgl.opengl.WindowsDisplayPeerInfo::doLockAndInitHandle (1 bytes)
Event: 25.792 Thread 0x000001c016f31000 nmethod 1797 0x000001c00b989710 code [0x000001c00b9898a0, 0x000001c00b989918]
Event: 25.808 Thread 0x000001c016f31000 1798       4       org.lwjgl.opengl.WindowsDisplayPeerInfo::doUnlock (1 bytes)
Event: 25.808 Thread 0x000001c016f31000 nmethod 1798 0x000001c00b989990 code [0x000001c00b989b20, 0x000001c00b989b98]
Event: 25.925 Thread 0x000001c016f31000 1799   !   4       java.nio.DirectIntBufferU::get (29 bytes)
Event: 25.926 Thread 0x000001c016f31000 nmethod 1799 0x000001c00b989c10 code [0x000001c00b989da0, 0x000001c00b989e58]
Event: 26.242 Thread 0x000001c016f38000 1800       1       org.lwjgl.opengl.WindowsDisplay::getHwnd (5 bytes)
Event: 26.242 Thread 0x000001c016f38000 nmethod 1800 0x000001c00b989f10 code [0x000001c00b98a0c0, 0x000001c00b98a1f8]
Event: 26.825 Thread 0x000001c016f31000 1802       4       com.badlogic.gdx.graphics.g2d.SpriteBatch::setupMatrices (76 bytes)
Event: 26.847 Thread 0x000001c016f31000 nmethod 1802 0x000001c00b98a710 code [0x000001c00b98a960, 0x000001c00b98b590]
Event: 27.858 Thread 0x000001c016f38000 1803       1       com.badlogic.gdx.scenes.scene2d.Event::getStage (5 bytes)
Event: 27.859 Thread 0x000001c016f38000 nmethod 1803 0x000001c00b98c290 code [0x000001c00b98c440, 0x000001c00b98c578]
Event: 27.876 Thread 0x000001c016f38000 1804       1       com.badlogic.gdx.scenes.scene2d.InputEvent::getType (5 bytes)
Event: 27.876 Thread 0x000001c016f38000 nmethod 1804 0x000001c00b98c610 code [0x000001c00b98c7c0, 0x000001c00b98c8f8]
Event: 28.458 Thread 0x000001c016f31000 1805       4       com.badlogic.gdx.utils.SnapshotArray::modified (82 bytes)
Event: 28.461 Thread 0x000001c016f31000 nmethod 1805 0x000001c00b98c990 code [0x000001c00b98cb40, 0x000001c00b98ce48]

GC Heap History (2 events):
Event: 1.768 GC heap before
{Heap before GC invocations=0 (full 0):
 garbage-first heap   total 131072K, used 14336K [0x0000000081a00000, 0x0000000100000000)
  region size 1024K, 14 young (14336K), 0 survivors (0K)
 Metaspace       used 5167K, capacity 7840K, committed 8192K, reserved 1056768K
  class space    used 401K, capacity 662K, committed 768K, reserved 1048576K
}
Event: 1.772 GC heap after
{Heap after GC invocations=1 (full 0):
 garbage-first heap   total 131072K, used 2155K [0x0000000081a00000, 0x0000000100000000)
  region size 1024K, 2 young (2048K), 2 survivors (2048K)
 Metaspace       used 5167K, capacity 7840K, committed 8192K, reserved 1056768K
  class space    used 401K, capacity 662K, committed 768K, reserved 1048576K
}

Deoptimization events (20 events):
Event: 18.826 Thread 0x000001c017c25800 Uncommon trap: trap_request=0xffffffd6 fr.pc=0x000001c00b923e38 relative=0x00000000000001d8
Event: 18.826 Thread 0x000001c017c25800 Uncommon trap: reason=array_check action=maybe_recompile pc=0x000001c00b923e38 method=com.badlogic.gdx.utils.Array.add(Ljava/lang/Object;)V @ 46 c2
Event: 18.827 Thread 0x000001c017c25800 DEOPT PACKING pc=0x000001c00b923e38 sp=0x0000002b35aff260
Event: 18.827 Thread 0x000001c017c25800 DEOPT UNPACKING pc=0x000001c003e1922f sp=0x0000002b35aff208 mode 2
Event: 18.827 Thread 0x000001c017c25800 Uncommon trap: trap_request=0xffffffd6 fr.pc=0x000001c00b923e38 relative=0x00000000000001d8
Event: 18.827 Thread 0x000001c017c25800 Uncommon trap: reason=array_check action=maybe_recompile pc=0x000001c00b923e38 method=com.badlogic.gdx.utils.Array.add(Ljava/lang/Object;)V @ 46 c2
Event: 18.827 Thread 0x000001c017c25800 DEOPT PACKING pc=0x000001c00b923e38 sp=0x0000002b35aff220
Event: 18.827 Thread 0x000001c017c25800 DEOPT UNPACKING pc=0x000001c003e1922f sp=0x0000002b35aff1c8 mode 2
Event: 18.843 Thread 0x000001c017c25800 Uncommon trap: trap_request=0xffffff4d fr.pc=0x000001c00b954294 relative=0x0000000000000434
Event: 18.843 Thread 0x000001c017c25800 Uncommon trap: reason=unstable_if action=reinterpret pc=0x000001c00b954294 method=com.badlogic.gdx.graphics.g2d.BitmapFontCache.translate(FF)V @ 9 c2
Event: 18.843 Thread 0x000001c017c25800 DEOPT PACKING pc=0x000001c00b954294 sp=0x0000002b35afeae0
Event: 18.843 Thread 0x000001c017c25800 DEOPT UNPACKING pc=0x000001c003e1922f sp=0x0000002b35afea58 mode 2
Event: 20.293 Thread 0x000001c017c25800 Uncommon trap: trap_request=0xffffff4d fr.pc=0x000001c00b93c944 relative=0x0000000000002804
Event: 20.293 Thread 0x000001c017c25800 Uncommon trap: reason=unstable_if action=reinterpret pc=0x000001c00b93c944 method=com.badlogic.gdx.physics.box2d.Fixture.getShape()Lcom/badlogic/gdx/physics/box2d/Shape; @ 38 c2
Event: 20.293 Thread 0x000001c017c25800 DEOPT PACKING pc=0x000001c00b93c944 sp=0x0000002b35aff240
Event: 20.294 Thread 0x000001c017c25800 DEOPT UNPACKING pc=0x000001c003e1922f sp=0x0000002b35aff168 mode 2
Event: 25.225 Thread 0x000001c017c25800 Uncommon trap: trap_request=0xffffff4d fr.pc=0x000001c00b957f14 relative=0x0000000000002854
Event: 25.225 Thread 0x000001c017c25800 Uncommon trap: reason=unstable_if action=reinterpret pc=0x000001c00b957f14 method=com.badlogic.gdx.graphics.g2d.GlyphLayout.setText(Lcom/badlogic/gdx/graphics/g2d/BitmapFont;Ljava/lang/CharSequence;IILcom/badlogic/gdx/graphics/Color;FIZLjava/lang/String;)
Event: 25.225 Thread 0x000001c017c25800 DEOPT PACKING pc=0x000001c00b957f14 sp=0x0000002b35afe930
Event: 25.225 Thread 0x000001c017c25800 DEOPT UNPACKING pc=0x000001c003e1922f sp=0x0000002b35afe898 mode 2

Classes redefined (0 events):
No events

Internal exceptions (11 events):
Event: 0.290 Thread 0x000001c07b074000 Exception <a 'java/lang/NoSuchMethodError'{0x000000008963e800}: 'java.lang.Object java.lang.invoke.DirectMethodHandle$Holder.invokeStaticInit(java.lang.Object, int, int, int, int)'> (0x000000008963e800) thrown at [c:/BuildAgent/work/5ff2f6c26000d570/src/h
Event: 0.605 Thread 0x000001c07b074000 Exception <a 'java/lang/NoSuchMethodError'{0x000000008965eb50}: 'java.lang.Object java.lang.invoke.DirectMethodHandle$Holder.invokeStaticInit(java.lang.Object, java.lang.Object, int, int, int, int)'> (0x000000008965eb50) thrown at [c:/BuildAgent/work/5ff2
Event: 0.657 Thread 0x000001c07b074000 Exception <a 'java/security/PrivilegedActionException'{0x00000000896ee7f8}> (0x00000000896ee7f8) thrown at [c:/BuildAgent/work/5ff2f6c26000d570/src/hotspot/share/prims/jvm.cpp, line 1297]
Event: 0.658 Thread 0x000001c07b074000 Exception <a 'java/security/PrivilegedActionException'{0x00000000896f0fd8}> (0x00000000896f0fd8) thrown at [c:/BuildAgent/work/5ff2f6c26000d570/src/hotspot/share/prims/jvm.cpp, line 1297]
Event: 0.658 Thread 0x000001c07b074000 Exception <a 'java/security/PrivilegedActionException'{0x00000000896f1f90}> (0x00000000896f1f90) thrown at [c:/BuildAgent/work/5ff2f6c26000d570/src/hotspot/share/prims/jvm.cpp, line 1297]
Event: 0.662 Thread 0x000001c07b074000 Exception <a 'java/security/PrivilegedActionException'{0x0000000089503b40}> (0x0000000089503b40) thrown at [c:/BuildAgent/work/5ff2f6c26000d570/src/hotspot/share/prims/jvm.cpp, line 1297]
Event: 0.662 Thread 0x000001c07b074000 Exception <a 'java/security/PrivilegedActionException'{0x0000000089504700}> (0x0000000089504700) thrown at [c:/BuildAgent/work/5ff2f6c26000d570/src/hotspot/share/prims/jvm.cpp, line 1297]
Event: 0.662 Thread 0x000001c07b074000 Exception <a 'java/security/PrivilegedActionException'{0x0000000089505280}> (0x0000000089505280) thrown at [c:/BuildAgent/work/5ff2f6c26000d570/src/hotspot/share/prims/jvm.cpp, line 1297]
Event: 1.951 Thread 0x000001c017c25800 Exception <a 'java/lang/NoSuchMethodError'{0x0000000089602f38}: 'int java.lang.invoke.DirectMethodHandle$Holder.invokeSpecialIFC(java.lang.Object, java.lang.Object, int)'> (0x0000000089602f38) thrown at [c:/BuildAgent/work/5ff2f6c26000d570/src/hotspot/sha
Event: 9.262 Thread 0x000001c017c25800 Implicit null exception at 0x000001c00b92c574 to 0x000001c00b92c5ea
Event: 9.262 Thread 0x000001c017c25800 Implicit null exception at 0x000001c00b92dec1 to 0x000001c00b92f83a

Events (20 events):
Event: 2.193 Thread 0x000001c022b04800 Thread added: 0x000001c022b04800
Event: 2.330 Thread 0x000001c018898800 Thread exited: 0x000001c018898800
Event: 2.446 loading class com/badlogic/gdx/scenes/scene2d/InputListener$1
Event: 2.446 loading class com/badlogic/gdx/scenes/scene2d/InputListener$1 done
Event: 6.046 loading class com/badlogic/gdx/graphics/g2d/SpriteCache$Cache
Event: 6.046 loading class com/badlogic/gdx/graphics/g2d/SpriteCache$Cache done
Event: 6.052 loading class com/badlogic/gdx/graphics/glutils/ShapeRenderer$ShapeType
Event: 6.052 loading class com/badlogic/gdx/graphics/glutils/ShapeRenderer$ShapeType done
Event: 6.052 loading class com/badlogic/gdx/utils/LongMap$Values
Event: 6.052 loading class com/badlogic/gdx/utils/LongMap$Values done
Event: 6.053 loading class com/badlogic/gdx/utils/LongMap$MapIterator
Event: 6.053 loading class com/badlogic/gdx/utils/LongMap$MapIterator done
Event: 6.053 loading class com/badlogic/gdx/physics/box2d/Shape$Type
Event: 6.053 loading class com/badlogic/gdx/physics/box2d/Shape$Type done
Event: 6.612 loading class org/lwjgl/opengl/WindowsKeycodes
Event: 6.612 loading class org/lwjgl/opengl/WindowsKeycodes done
Event: 6.613 loading class com/badlogic/gdx/backends/lwjgl/LwjglInput$KeyEvent
Event: 6.613 loading class com/badlogic/gdx/backends/lwjgl/LwjglInput$KeyEvent done
Event: 6.614 loading class com/badlogic/gdx/math/MathUtils$Sin
Event: 6.614 loading class com/badlogic/gdx/math/MathUtils$Sin done


Dynamic libraries:
0x00007ff6c5180000 - 0x00007ff6c518a000 	C:\Program Files\JetBrains\IntelliJ IDEA Community Edition 2019.3.1\jbr\bin\java.exe
0x00007fff46580000 - 0x00007fff46770000 	C:\WINDOWS\SYSTEM32\ntdll.dll
0x00007fff452c0000 - 0x00007fff45372000 	C:\WINDOWS\System32\KERNEL32.DLL
0x00007fff44090000 - 0x00007fff44333000 	C:\WINDOWS\System32\KERNELBASE.dll
0x00007fff43810000 - 0x00007fff4390a000 	C:\WINDOWS\System32\ucrtbase.dll
0x00007fff18370000 - 0x00007fff18387000 	C:\Program Files\JetBrains\IntelliJ IDEA Community Edition 2019.3.1\jbr\bin\VCRUNTIME140.dll
0x00007fff2c030000 - 0x00007fff2c049000 	C:\Program Files\JetBrains\IntelliJ IDEA Community Edition 2019.3.1\jbr\bin\jli.dll
0x00007fff45780000 - 0x00007fff45914000 	C:\WINDOWS\System32\USER32.dll
0x00007fff44560000 - 0x00007fff44581000 	C:\WINDOWS\System32\win32u.dll
0x00007fff3aed0000 - 0x00007fff3b155000 	C:\WINDOWS\WinSxS\amd64_microsoft.windows.common-controls_6595b64144ccf1df_6.0.18362.592_none_e6c0b1911312be02\COMCTL32.dll
0x00007fff45610000 - 0x00007fff45636000 	C:\WINDOWS\System32\GDI32.dll
0x00007fff45ea0000 - 0x00007fff45f3e000 	C:\WINDOWS\System32\msvcrt.dll
0x00007fff44340000 - 0x00007fff444d4000 	C:\WINDOWS\System32\gdi32full.dll
0x00007fff46200000 - 0x00007fff46536000 	C:\WINDOWS\System32\combase.dll
0x00007fff44590000 - 0x00007fff4462e000 	C:\WINDOWS\System32\msvcp_win.dll
0x00007fff44f60000 - 0x00007fff45080000 	C:\WINDOWS\System32\RPCRT4.dll
0x00007fff444e0000 - 0x00007fff44560000 	C:\WINDOWS\System32\bcryptPrimitives.dll
0x00007fff46160000 - 0x00007fff4618e000 	C:\WINDOWS\System32\IMM32.DLL
0x00007fff182d0000 - 0x00007fff1836d000 	C:\Program Files\JetBrains\IntelliJ IDEA Community Edition 2019.3.1\jbr\bin\msvcp140.dll
0x00007ffef9c00000 - 0x00007ffefa6bb000 	C:\Program Files\JetBrains\IntelliJ IDEA Community Edition 2019.3.1\jbr\bin\server\jvm.dll
0x00007fff45f40000 - 0x00007fff45fe3000 	C:\WINDOWS\System32\ADVAPI32.dll
0x00007fff45450000 - 0x00007fff454e7000 	C:\WINDOWS\System32\sechost.dll
0x00007fff447e0000 - 0x00007fff447e8000 	C:\WINDOWS\System32\PSAPI.DLL
0x00007fff3b970000 - 0x00007fff3b994000 	C:\WINDOWS\SYSTEM32\WINMM.dll
0x00007fff3e550000 - 0x00007fff3e559000 	C:\WINDOWS\SYSTEM32\WSOCK32.dll
0x00007fff460f0000 - 0x00007fff4615f000 	C:\WINDOWS\System32\WS2_32.dll
0x00007fff3b170000 - 0x00007fff3b17a000 	C:\WINDOWS\SYSTEM32\VERSION.dll
0x00007fff3b940000 - 0x00007fff3b96d000 	C:\WINDOWS\SYSTEM32\WINMMBASE.dll
0x00007fff437a0000 - 0x00007fff437ea000 	C:\WINDOWS\System32\cfgmgr32.dll
0x00007fff43460000 - 0x00007fff43471000 	C:\WINDOWS\System32\kernel.appcore.dll
0x00007fff1f0f0000 - 0x00007fff1f101000 	C:\Program Files\JetBrains\IntelliJ IDEA Community Edition 2019.3.1\jbr\bin\verify.dll
0x00007fff3da80000 - 0x00007fff3dc74000 	C:\WINDOWS\SYSTEM32\DBGHELP.DLL
0x00007fff3d850000 - 0x00007fff3d87a000 	C:\WINDOWS\SYSTEM32\dbgcore.DLL
0x00007fff1e4c0000 - 0x00007fff1e4e9000 	C:\Program Files\JetBrains\IntelliJ IDEA Community Edition 2019.3.1\jbr\bin\java.dll
0x00007fff1e000000 - 0x00007fff1e017000 	C:\Program Files\JetBrains\IntelliJ IDEA Community Edition 2019.3.1\jbr\bin\zip.dll
0x00007fff290f0000 - 0x00007fff290fb000 	C:\Program Files\JetBrains\IntelliJ IDEA Community Edition 2019.3.1\jbr\bin\jimage.dll
0x00007fff44870000 - 0x00007fff44f55000 	C:\WINDOWS\System32\SHELL32.dll
0x00007fff45560000 - 0x00007fff45609000 	C:\WINDOWS\System32\shcore.dll
0x00007fff43910000 - 0x00007fff4408f000 	C:\WINDOWS\System32\windows.storage.dll
0x00007fff434f0000 - 0x00007fff4350f000 	C:\WINDOWS\System32\profapi.dll
0x00007fff43480000 - 0x00007fff434ca000 	C:\WINDOWS\System32\powrprof.dll
0x00007fff43450000 - 0x00007fff43460000 	C:\WINDOWS\System32\UMPDC.dll
0x00007fff454f0000 - 0x00007fff45542000 	C:\WINDOWS\System32\shlwapi.dll
0x00007fff437f0000 - 0x00007fff43807000 	C:\WINDOWS\System32\cryptsp.dll
0x00007fff1e510000 - 0x00007fff1e52a000 	C:\Program Files\JetBrains\IntelliJ IDEA Community Edition 2019.3.1\jbr\bin\net.dll
0x00007fff3f830000 - 0x00007fff3f920000 	C:\WINDOWS\SYSTEM32\WINHTTP.dll
0x00007fff42c60000 - 0x00007fff42cc7000 	C:\WINDOWS\system32\mswsock.dll
0x00007fff1e4f0000 - 0x00007fff1e504000 	C:\Program Files\JetBrains\IntelliJ IDEA Community Edition 2019.3.1\jbr\bin\nio.dll
0x0000000065ac0000 - 0x0000000065b0b000 	C:\Users\Michelle\AppData\Local\Temp\libgdxMichelle\7d76f548\gdx64.dll
0x00007fff427d0000 - 0x00007fff42803000 	C:\WINDOWS\system32\rsaenh.dll
0x00007fff43620000 - 0x00007fff43646000 	C:\WINDOWS\System32\bcrypt.dll
0x00007fff43340000 - 0x00007fff43365000 	C:\WINDOWS\SYSTEM32\USERENV.dll
0x00007fff42e30000 - 0x00007fff42e3c000 	C:\WINDOWS\SYSTEM32\CRYPTBASE.dll
0x00007fff42970000 - 0x00007fff429aa000 	C:\WINDOWS\SYSTEM32\IPHLPAPI.DLL
0x00007fff452b0000 - 0x00007fff452b8000 	C:\WINDOWS\System32\NSI.dll
0x00007fff3ca40000 - 0x00007fff3ca56000 	C:\WINDOWS\SYSTEM32\dhcpcsvc6.DLL
0x00007fff3d560000 - 0x00007fff3d57c000 	C:\WINDOWS\SYSTEM32\dhcpcsvc.DLL
0x00007fff429b0000 - 0x00007fff42a7a000 	C:\WINDOWS\SYSTEM32\DNSAPI.dll
0x0000000180000000 - 0x0000000180053000 	C:\Users\Michelle\AppData\Local\Temp\libgdxMichelle\1cecf4f6\lwjgl64.dll
0x00007fff21490000 - 0x00007fff215e6000 	C:\WINDOWS\SYSTEM32\OPENGL32.dll
0x00007fff21220000 - 0x00007fff2124c000 	C:\WINDOWS\SYSTEM32\GLU32.dll
0x00007fff420c0000 - 0x00007fff420e0000 	C:\WINDOWS\SYSTEM32\dxcore.dll
0x000001c0188f0000 - 0x000001c018954000 	C:\Users\Michelle\AppData\Local\Temp\libgdxMichelle\1cecf4f6\OpenAL64.dll
0x00007fff45150000 - 0x00007fff452a6000 	C:\WINDOWS\System32\ole32.dll
0x00007fff417d0000 - 0x00007fff41869000 	C:\WINDOWS\system32\uxtheme.dll
0x00007fff45df0000 - 0x00007fff45e92000 	C:\WINDOWS\System32\clbcatq.dll
0x00007fff3f760000 - 0x00007fff3f7f9000 	C:\WINDOWS\SYSTEM32\dsound.dll
0x00007fff3d320000 - 0x00007fff3d392000 	C:\WINDOWS\System32\MMDevApi.dll
0x00007fff431f0000 - 0x00007fff4321a000 	C:\WINDOWS\System32\DEVOBJ.dll
0x00007fff3b760000 - 0x00007fff3b8bd000 	C:\WINDOWS\SYSTEM32\AUDIOSES.DLL
0x00007fff45380000 - 0x00007fff45444000 	C:\WINDOWS\System32\OLEAUT32.dll
0x00007fff3fae0000 - 0x00007fff3fc33000 	C:\WINDOWS\SYSTEM32\wintypes.dll
0x00007fff41b00000 - 0x00007fff41b14000 	C:\WINDOWS\SYSTEM32\resourcepolicyclient.dll
0x00007fff3fdf0000 - 0x00007fff3fe9e000 	C:\WINDOWS\SYSTEM32\mscms.dll
0x00007fff3fd30000 - 0x00007fff3fd47000 	C:\WINDOWS\SYSTEM32\ColorAdapterClient.dll
0x00007fff38ea0000 - 0x00007fff38eba000 	C:\Windows\System32\Windows.Internal.Graphics.Display.DisplayColorManagement.dll
0x00007fff45640000 - 0x00007fff45775000 	C:\WINDOWS\System32\MSCTF.dll
0x00007fff387a0000 - 0x00007fff3883e000 	C:\WINDOWS\System32\TextInputFramework.dll
0x00007fff380d0000 - 0x00007fff383fa000 	C:\WINDOWS\System32\CoreUIComponents.dll
0x00007fff41100000 - 0x00007fff411d4000 	C:\WINDOWS\System32\CoreMessaging.dll
0x00007fff424b0000 - 0x00007fff424e1000 	C:\WINDOWS\SYSTEM32\ntmarta.dll
0x00007fff39ca0000 - 0x00007fff39f46000 	C:\WINDOWS\System32\iertutil.dll
0x00007ffef73b0000 - 0x00007ffef826f000 	C:\WINDOWS\System32\DriverStore\FileRepository\ki126974.inf_amd64_9168fc04b8275db9\ig9icd64.dll
0x00007fff3ecc0000 - 0x00007fff3ecd3000 	C:\WINDOWS\SYSTEM32\WTSAPI32.dll
0x00007fff42150000 - 0x00007fff4223b000 	C:\WINDOWS\SYSTEM32\dxgi.dll
0x00007fff41bf0000 - 0x00007fff41c1d000 	C:\WINDOWS\SYSTEM32\dwmapi.dll
0x00007fff37d60000 - 0x00007fff37da3000 	C:\WINDOWS\SYSTEM32\icm32.dll
0x00007fff31f90000 - 0x00007fff33d25000 	C:\WINDOWS\System32\DriverStore\FileRepository\ki126974.inf_amd64_9168fc04b8275db9\igc64.dll
0x000000006e9c0000 - 0x000000006ea1b000 	C:\Users\Michelle\AppData\Local\Temp\libgdxMichelle\b8f13a6a\gdx-box2d64.dll

dbghelp: loaded successfully - version: 4.0.5 - missing functions: none
symbol engine: initialized successfully - sym options: 0x614 - pdb path: .;C:\Program Files\JetBrains\IntelliJ IDEA Community Edition 2019.3.1\jbr\bin;C:\WINDOWS\SYSTEM32;C:\WINDOWS\WinSxS\amd64_microsoft.windows.common-controls_6595b64144ccf1df_6.0.18362.592_none_e6c0b1911312be02;C:\Program Files\JetBrains\IntelliJ IDEA Community Edition 2019.3.1\jbr\bin\server;C:\Users\Michelle\AppData\Local\Temp\libgdxMichelle\7d76f548;C:\Users\Michelle\AppData\Local\Temp\libgdxMichelle\1cecf4f6;C:\WINDOWS\System32\DriverStore\FileRepository\ki126974.inf_amd64_9168fc04b8275db9;C:\Users\Michelle\AppData\Local\Temp\libgdxMichelle\b8f13a6a

VM Arguments:
jvm_args: -Dfile.encoding=windows-1252 -Duser.country=GB -Duser.language=en -Duser.variant 
java_command: com.berbils.game.desktop.DesktopLauncher
java_class_path (initial): C:\Users\Michelle\IdeaProjects\Game\desktop\build\classes\java\main;C:\Users\Michelle\IdeaProjects\Game\desktop\build\resources\main;C:\Users\Michelle\.gradle\caches\modules-2\files-2.1\com.badlogicgames.gdx\gdx-tools\1.9.10\67524f012868e0cff57531b5bfda2781d00c6b1f\gdx-tools-1.9.10.jar;C:\Users\Michelle\.gradle\caches\modules-2\files-2.1\com.badlogicgames.gdx\gdx-backend-lwjgl\1.9.10\8f88abd43500d94c486d25f04d642318da72773a\gdx-backend-lwjgl-1.9.10.jar;C:\Users\Michelle\.gradle\caches\modules-2\files-2.1\com.badlogicgames.gdx\gdx-platform\1.9.10\1907b49f8363dd1ee37d273854a9cc3c741a6e66\gdx-platform-1.9.10-natives-desktop.jar;C:\Users\Michelle\.gradle\caches\modules-2\files-2.1\com.badlogicgames.gdx\gdx-box2d-platform\1.9.10\91b19c283b24eec646a18e0e7b940c829920df4f\gdx-box2d-platform-1.9.10-natives-desktop.jar;C:\Users\Michelle\IdeaProjects\Game\core\build\libs\core-1.0.jar;C:\Users\Michelle\.gradle\caches\modules-2\files-2.1\com.badlogicgames.gdx\gdx-backend-headless\1.9.10\d357526e6bb3d36b01b4f833ab42588e5285d487\gdx-backend-headless-1.9.10.jar;C:\Users\Michelle\.gradle\caches\modules-2\files-2.1\com.badlogicgames.gdx\gdx-freetype\1.9.10\8853e4f08589a9feb4b851187909cfde8810e491\gdx-freetype-1.9.10.jar;C:\Users\Michelle\.gradle\caches\modules-2\files-2.1\com.badlogicgames.box2dlights\box2dlights\1.4\3d77ad5b4164fb32fc67e2446e35911bb0aaf0bd\box2dlights-1.4.jar;C:\Users\Michelle\.gradle\caches\modules-2\files-2.1\com.badlogicgames.gdx\gdx-box2d\1.9.10\d68a7a3484d47529a8d23cd467579eb098b38a9e\gdx-box2d-1.9.10.jar;C:\Users\Michelle\.gradle\caches\modules-2\files-2.1\com.badlogicgames.gdx\gdx-ai\1.8.0\ec30677d8ab1a8b8aa4b853c5f4e4b1361f50bf5\gdx-ai-1.8.0.jar;C:\Users\Michelle\.gradle\caches\modules-2\files-2.1\com.badlogicgames.gdx\gdx\1.9.10\79d9ad27bd5e3eb18c9ade61d3a27d7237695d53\gdx-1.9.10.jar;C:\Users\Michelle\.gradle\caches\modules-2\files-2.1\org.lwjgl.lwjgl\lwjgl_util\2.9.3\751f06b62424da056954c67288fd5c494431e350\lwjgl_util-2.9.3.jar
Launcher Type: SUN_STANDARD

[Global flags]
     intx CICompilerCount                          = 3                                         {product} {ergonomic}
     uint ConcGCThreads                            = 1                                         {product} {ergonomic}
     uint G1ConcRefinementThreads                  = 4                                         {product} {ergonomic}
   size_t G1HeapRegionSize                         = 1048576                                   {product} {ergonomic}
    uintx GCDrainStackTargetSize                   = 64                                        {product} {ergonomic}
   size_t InitialHeapSize                          = 134217728                                 {product} {ergonomic}
   size_t MarkStackSize                            = 4194304                                   {product} {ergonomic}
   size_t MaxHeapSize                              = 2120220672                                {product} {ergonomic}
   size_t MaxNewSize                               = 1271922688                                {product} {ergonomic}
   size_t MinHeapDeltaBytes                        = 1048576                                   {product} {ergonomic}
    uintx NonNMethodCodeHeapSize                   = 5830732                                {pd product} {ergonomic}
    uintx NonProfiledCodeHeapSize                  = 122913754                              {pd product} {ergonomic}
    uintx ProfiledCodeHeapSize                     = 122913754                              {pd product} {ergonomic}
    uintx ReservedCodeCacheSize                    = 251658240                              {pd product} {ergonomic}
     bool SegmentedCodeCache                       = true                                      {product} {ergonomic}
     bool UseCompressedClassPointers               = true                                 {lp64_product} {ergonomic}
     bool UseCompressedOops                        = true                                 {lp64_product} {ergonomic}
     bool UseG1GC                                  = true                                      {product} {ergonomic}
     bool UseLargePagesIndividualAllocation        = false                                  {pd product} {ergonomic}

Logging:
Log output configuration:
 #0: stdout all=warning uptime,level,tags
 #1: stderr all=off uptime,level,tags

Environment Variables:
PATH=C:\WINDOWS\system32;C:\WINDOWS;C:\WINDOWS\System32\Wbem;C:\WINDOWS\System32\WindowsPowerShell\v1.0\;C:\WINDOWS\System32\OpenSSH\;C:\Program Files\PuTTY\;C:\Program Files\Git\cmd;C:\Users\Michelle\AppData\Local\Programs\Python\Python36\Scripts\;C:\Users\Michelle\AppData\Local\Programs\Python\Python36\;C:\Users\Michelle\AppData\Local\Programs\Python\Python38\Scripts\;C:\Users\Michelle\AppData\Local\Programs\Python\Python38\;C:\Users\Michelle\AppData\Local\Programs\Python\Python36-32\Scripts\;C:\Users\Michelle\AppData\Local\Programs\Python\Python36-32\;C:\Users\Michelle\AppData\Local\Microsoft\WindowsApps;
USERNAME=Michelle
OS=Windows_NT
PROCESSOR_IDENTIFIER=Intel64 Family 6 Model 78 Stepping 3, GenuineIntel



---------------  S Y S T E M  ---------------

OS: Windows 10 , 64 bit Build 18362 (10.0.18362.329)

CPU:total 4 (initial active 4) (2 cores per cpu, 2 threads per core) family 6 model 78 stepping 3, cmov, cx8, fxsr, mmx, sse, sse2, sse3, ssse3, sse4.1, sse4.2, popcnt, avx, avx2, aes, clmul, erms, 3dnowpref, lzcnt, ht, tsc, tscinvbit, bmi1, bmi2, adx, fma

Memory: 4k page, system-wide physical 8087M (2652M free)
TotalPageFile size 12951M (AvailPageFile size 5469M)
current process WorkingSet (physical memory assigned to process): 119M, peak: 135M
current process commit charge ("private bytes"): 236M, peak: 254M

vm_info: OpenJDK 64-Bit Server VM (11.0.5+10-b520.17) for windows-amd64 JRE (11.0.5+10-b520.17), built on Dec  2 2019 12:11:34 by "" with MS VC++ 14.0 (VS2015)

END.
