#
# A fatal error has been detected by the Java Runtime Environment:
#
#  EXCEPTION_ACCESS_VIOLATION (0xc0000005) at pc=0x000000006e9cbbb1, pid=7944, tid=8080
#
# JRE version: OpenJDK Runtime Environment (11.0.4+10) (build 11.0.4+10-b304.77)
# Java VM: OpenJDK 64-Bit Server VM (11.0.4+10-b304.77, mixed mode, sharing, tiered, compressed oops, g1 gc, windows-amd64)
# Problematic frame:
# C  [gdx-box2d64.dll+0xbbb1]
#
# No core dump will be written. Minidumps are not enabled by default on client versions of Windows
#
# If you would like to submit a bug report, please visit:
#   http://bugreport.java.com/bugreport/crash.jsp
# The crash happened outside the Java Virtual Machine in native code.
# See problematic frame for where to report the bug.
#

---------------  S U M M A R Y ------------

Command Line: -Dfile.encoding=windows-1252 -Duser.country=GB -Duser.language=en -Duser.variant com.berbils.game.desktop.DesktopLauncher

Host: Intel(R) Core(TM) i5-8500 CPU @ 3.00GHz, 6 cores, 15G,  Windows 10 , 64 bit Build 18362 (10.0.18362.329)
Time: Sun Jan 19 15:32:30 2020 GMT Standard Time elapsed time: 48 seconds (0d 0h 0m 48s)

---------------  T H R E A D  ---------------

Current thread (0x000002902af34800):  JavaThread "LWJGL Application" [_thread_in_native, id=8080, stack(0x000000b1e1a00000,0x000000b1e1b00000)]

Stack: [0x000000b1e1a00000,0x000000b1e1b00000],  sp=0x000000b1e1afea30,  free space=1018k
Native frames: (J=compiled Java code, j=interpreted, Vv=VM code, C=native code)
C  [gdx-box2d64.dll+0xbbb1]

Java frames: (J=compiled Java code, j=interpreted, Vv=VM code)
j  com.badlogic.gdx.physics.box2d.World.jniCreateBody(JIFFFFFFFFZZZZZF)J+0
j  com.badlogic.gdx.physics.box2d.World.createBody(Lcom/badlogic/gdx/physics/box2d/BodyDef;)Lcom/badlogic/gdx/physics/box2d/Body;+80
j  com.berbils.game.Entities.EntityTypes.Entity.createBodyCopy()V+9
j  com.berbils.game.Entities.ProjectileSpawners.Weapon.spawnProjectile(Lcom/badlogic/gdx/math/Vector2;Lcom/badlogic/gdx/math/Vector2;)V+12
j  com.berbils.game.Entities.ProjectileSpawners.BasicProjectileSpawner.attack(Lcom/badlogic/gdx/math/Vector2;Lcom/badlogic/gdx/math/Vector2;)V+15
J 1433 c1 com.berbils.game.Screens.PlayScreen.update(F)V (130 bytes) @ 0x000002900f40296c [0x000002900f4022c0+0x00000000000006ac]
J 1447 c1 com.berbils.game.Screens.PlayScreen.render(F)V (97 bytes) @ 0x000002900f40bdb4 [0x000002900f40bd00+0x00000000000000b4]
J 1513 c1 com.berbils.game.Kroy.render()V (5 bytes) @ 0x000002900f445504 [0x000002900f4452e0+0x0000000000000224]
j  com.badlogic.gdx.backends.lwjgl.LwjglApplication.mainLoop()V+770
j  com.badlogic.gdx.backends.lwjgl.LwjglApplication$1.run()V+27
v  ~StubRoutines::call_stub

siginfo: EXCEPTION_ACCESS_VIOLATION (0xc0000005), reading address 0x000002922aa19690


Register to memory mapping:

RIP=0x000000006e9cbbb1 gdx-box2d64.dll
RAX=0x000000006ea10060 gdx-box2d64.dll
RBX=0x000002922aa19690 is an unknown value
RCX=0x000002902a9feec0 points into unknown readable memory: 80 00 d4 36 90 02 00 00
RDX=0x00000000000000b8 is an unknown value
RSP=0x000000b1e1afea30 is pointing into the stack for thread: 0x000002902af34800
RBP=0x000002902a9feef0 points into unknown readable memory: 00 00 00 00 00 00 00 00
RSI=0x000002902a9feec0 points into unknown readable memory: 80 00 d4 36 90 02 00 00
RDI=0x000000b1e1afeaf0 is pointing into the stack for thread: 0x000002902af34800
R8 =0x000002902a9feec0 points into unknown readable memory: 80 00 d4 36 90 02 00 00
R9 =0x0000000000000002 is an unknown value
R10=0x0 is NULL
R11=0x0000000000000001 is an unknown value
R12=0x0 is NULL
R13=0x0000000000000006 is an unknown value
R14=0x000000b1e1afece0 is pointing into the stack for thread: 0x000002902af34800
R15=0x000002902af34800 is a thread


Registers:
RAX=0x000000006ea10060, RBX=0x000002922aa19690, RCX=0x000002902a9feec0, RDX=0x00000000000000b8
RSP=0x000000b1e1afea30, RBP=0x000002902a9feef0, RSI=0x000002902a9feec0, RDI=0x000000b1e1afeaf0
R8 =0x000002902a9feec0, R9 =0x0000000000000002, R10=0x0000000000000000, R11=0x0000000000000001
R12=0x0000000000000000, R13=0x0000000000000006, R14=0x000000b1e1afece0, R15=0x000002902af34800
RIP=0x000000006e9cbbb1, EFLAGS=0x0000000000010206

Top of Stack: (sp=0x000000b1e1afea30)
0x000000b1e1afea30:   000002902a395ce8 000002902af34800
0x000000b1e1afea40:   00007ff8fdb98f58 000002903598c300
0x000000b1e1afea50:   0000000000000001 000002902a9feec0
0x000000b1e1afea60:   000000b1e1afeaf0 000000b1e1afec38
0x000000b1e1afea70:   0000000000000000 000002902a395ce8
0x000000b1e1afea80:   000000b1e1afece0 000000006e9e1163
0x000000b1e1afea90:   000000b1e1afeb30 000000b1e1afeb30
0x000000b1e1afeaa0:   0000029000000003 000002902a395ce8
0x000000b1e1afeab0:   0000000000000001 0000000000000528
0x000000b1e1afeac0:   000000000010d050 000000006e9e6a36
0x000000b1e1afead0:   000002902af34800 000000b1e1afece0
0x000000b1e1afeae0:   000000b1e1afec38 000002900eb9878b
0x000000b1e1afeaf0:   40d5000000000002 00000000400d0000
0x000000b1e1afeb00:   0000000000000000 0000000000000000
0x000000b1e1afeb10:   0000010100000000 000000b1e1afec01
0x000000b1e1afeb20:   0000000000000000 000000003f800000 

Instructions: (pc=0x000000006e9cbbb1)
0x000000006e9cbab1:   3d 89 45 04 00 00 75 5e 48 8d 3d a1 45 04 00 bb
0x000000006e9cbac1:   01 00 00 00 31 f6 48 8d 2d 32 45 03 00 eb 04 48
0x000000006e9cbad1:   83 c7 01 48 63 c6 39 5c 85 00 7d 03 83 c6 01 83
0x000000006e9cbae1:   c3 01 40 88 37 81 fb 81 02 00 00 74 22 83 fe 0d
0x000000006e9cbaf1:   7e dd 48 8d 15 56 60 03 00 48 8d 0d bb 60 03 00
0x000000006e9cbb01:   41 b8 49 00 00 00 e8 c4 aa 02 00 eb c2 66 90 c6
0x000000006e9cbb11:   05 29 45 04 00 01 48 83 c4 28 5b 5e 5f 5d c3 57
0x000000006e9cbb21:   56 53 48 83 ec 20 8b 41 08 31 f6 31 db 48 89 cf
0x000000006e9cbb31:   85 c0 7e 19 48 8b 07 83 c3 01 48 8b 4c 30 08 48
0x000000006e9cbb41:   83 c6 10 e8 c7 08 00 00 39 5f 08 7f e7 48 8b 0f
0x000000006e9cbb51:   48 83 c4 20 5b 5e 5f e9 b3 08 00 00 90 66 90 41
0x000000006e9cbb61:   56 41 55 41 54 55 57 56 53 48 83 ec 20 48 63 da
0x000000006e9cbb71:   48 89 ce 83 fb 00 0f 84 66 01 00 00 0f 8e 42 01
0x000000006e9cbb81:   00 00 81 fb 80 02 00 00 0f 8f 21 01 00 00 48 8d
0x000000006e9cbb91:   05 ca 44 04 00 44 0f b6 2c 18 41 80 fd 0d 4c 89
0x000000006e9cbba1:   eb 77 2c 48 8d 2c de 48 8b 5d 10 48 85 db 74 45
0x000000006e9cbbb1:   48 8b 03 48 89 45 10 48 89 d8 48 83 c4 20 5b 5e
0x000000006e9cbbc1:   5f 5d 41 5c 41 5d 41 5e c3 66 0f 1f 44 00 00 48
0x000000006e9cbbd1:   8d 15 79 5f 03 00 48 8d 0d fa 5f 03 00 48 8d 2c
0x000000006e9cbbe1:   de 41 b8 70 00 00 00 e8 e3 a9 02 00 48 8b 5d 10
0x000000006e9cbbf1:   48 85 db 75 bb 4c 63 66 08 44 3b 66 0c 0f 84 1c
0x000000006e9cbc01:   01 00 00 49 c1 e4 04 4c 03 26 b9 00 40 00 00 e8
0x000000006e9cbc11:   eb 07 00 00 48 89 c3 4d 63 ed 49 89 44 24 08 48
0x000000006e9cbc21:   8d 05 d9 43 03 00 42 8b 3c a8 b8 00 40 00 00 99
0x000000006e9cbc31:   f7 ff 41 89 fd 41 89 3c 24 44 0f af e8 41 89 c6
0x000000006e9cbc41:   41 81 fd 00 40 00 00 0f 8f a6 00 00 00 41 83 fe
0x000000006e9cbc51:   01 7e 2a 4c 63 c7 41 8d 46 ff 31 d2 4d 89 c1 4a
0x000000006e9cbc61:   8d 0c 03 49 f7 d9 66 0f 1f 84 00 00 00 00 00 83
0x000000006e9cbc71:   c2 01 4a 89 0c 09 4c 01 c1 39 c2 75 f2 41 29 fd
0x000000006e9cbc81:   4d 63 ed 4a c7 04 2b 00 00 00 00 48 8b 03 48 89
0x000000006e9cbc91:   45 10 83 46 08 01 48 89 d8 48 83 c4 20 5b 5e 5f
0x000000006e9cbca1:   5d 41 5c 41 5d 41 5e c3 0f 1f 80 00 00 00 00 89 


Stack slot to memory mapping:
stack at sp + 0 slots: {method} {0x000002902a395cf0} 'jniCreateBody' '(JIFFFFFFFFZZZZZF)J' in 'com/badlogic/gdx/physics/box2d/World'
stack at sp + 1 slots: 0x000002902af34800 is a thread
stack at sp + 2 slots: 0x00007ff8fdb98f58 jvm.dll
stack at sp + 3 slots: 0x000002903598c300 points into unknown readable memory: 13 00 01 00 5e 0b 28 4a
stack at sp + 4 slots: 0x0000000000000001 is an unknown value
stack at sp + 5 slots: 0x000002902a9feec0 points into unknown readable memory: 80 00 d4 36 90 02 00 00
stack at sp + 6 slots: 0x000000b1e1afeaf0 is pointing into the stack for thread: 0x000002902af34800
stack at sp + 7 slots: 0x000000b1e1afec38 is pointing into the stack for thread: 0x000002902af34800


---------------  P R O C E S S  ---------------

Threads class SMR info:
_java_thread_list=0x0000029035b94130, length=13, elements={
0x0000029029c51800, 0x0000029029c53000, 0x0000029029c6d800, 0x0000029029c6f800,
0x0000029029c70800, 0x0000029029c7f800, 0x0000029029c88800, 0x000002902a643000,
0x000002902a671800, 0x000002902af34800, 0x000002900acea000, 0x00000290359e2800,
0x0000029035d0d000
}

Java Threads: ( => current thread )
  0x0000029029c51800 JavaThread "Reference Handler" daemon [_thread_blocked, id=3996, stack(0x000000b1e0e00000,0x000000b1e0f00000)]
  0x0000029029c53000 JavaThread "Finalizer" daemon [_thread_blocked, id=10356, stack(0x000000b1e0f00000,0x000000b1e1000000)]
  0x0000029029c6d800 JavaThread "Signal Dispatcher" daemon [_thread_blocked, id=508, stack(0x000000b1e1000000,0x000000b1e1100000)]
  0x0000029029c6f800 JavaThread "Attach Listener" daemon [_thread_blocked, id=8872, stack(0x000000b1e1100000,0x000000b1e1200000)]
  0x0000029029c70800 JavaThread "C2 CompilerThread0" daemon [_thread_blocked, id=10888, stack(0x000000b1e1200000,0x000000b1e1300000)]
  0x0000029029c7f800 JavaThread "C1 CompilerThread0" daemon [_thread_blocked, id=6592, stack(0x000000b1e1300000,0x000000b1e1400000)]
  0x0000029029c88800 JavaThread "Sweeper thread" daemon [_thread_blocked, id=7060, stack(0x000000b1e1400000,0x000000b1e1500000)]
  0x000002902a643000 JavaThread "Service Thread" daemon [_thread_blocked, id=144, stack(0x000000b1e1500000,0x000000b1e1600000)]
  0x000002902a671800 JavaThread "Common-Cleaner" daemon [_thread_blocked, id=5900, stack(0x000000b1e1700000,0x000000b1e1800000)]
=>0x000002902af34800 JavaThread "LWJGL Application" [_thread_in_native, id=8080, stack(0x000000b1e1a00000,0x000000b1e1b00000)]
  0x000002900acea000 JavaThread "DestroyJavaVM" [_thread_blocked, id=5496, stack(0x000000b1e0700000,0x000000b1e0800000)]
  0x00000290359e2800 JavaThread "AssetManager" daemon [_thread_blocked, id=3344, stack(0x000000b1e1e00000,0x000000b1e1f00000)]
  0x0000029035d0d000 JavaThread "LWJGL Timer" daemon [_thread_blocked, id=2608, stack(0x000000b1e2000000,0x000000b1e2100000)]

Other Threads:
  0x0000029029c4d800 VMThread "VM Thread" [stack: 0x000000b1e0d00000,0x000000b1e0e00000] [id=3916]
  0x000002902a644000 WatcherThread [stack: 0x000000b1e1600000,0x000000b1e1700000] [id=9060]
  0x000002900ad03800 GCTaskThread "GC Thread#0" [stack: 0x000000b1e0800000,0x000000b1e0900000] [id=11588]
  0x0000029035c55000 GCTaskThread "GC Thread#1" [stack: 0x000000b1e2100000,0x000000b1e2200000] [id=5008]
  0x0000029035c55800 GCTaskThread "GC Thread#2" [stack: 0x000000b1e2200000,0x000000b1e2300000] [id=8436]
  0x0000029035c0d800 GCTaskThread "GC Thread#3" [stack: 0x000000b1e2300000,0x000000b1e2400000] [id=9720]
  0x0000029035c0e000 GCTaskThread "GC Thread#4" [stack: 0x000000b1e2400000,0x000000b1e2500000] [id=5600]
  0x0000029035c2f800 GCTaskThread "GC Thread#5" [stack: 0x000000b1e2500000,0x000000b1e2600000] [id=9180]
  0x000002900ad5f000 ConcurrentGCThread "G1 Main Marker" [stack: 0x000000b1e0900000,0x000000b1e0a00000] [id=9316]
  0x000002900ad61800 ConcurrentGCThread "G1 Conc#0" [stack: 0x000000b1e0a00000,0x000000b1e0b00000] [id=8860]
  0x0000029029b5c000 ConcurrentGCThread "G1 Refine#0" [stack: 0x000000b1e0b00000,0x000000b1e0c00000] [id=3584]
  0x0000029029b5d000 ConcurrentGCThread "G1 Young RemSet Sampling" [stack: 0x000000b1e0c00000,0x000000b1e0d00000] [id=5724]

Threads with active compile tasks:

VM state:not at safepoint (normal execution)

VM Mutex/Monitor currently owned by a thread: None

Heap address: 0x0000000702e00000, size: 4050 MB, Compressed Oops mode: Zero based, Oop shift amount: 3
Narrow klass base: 0x0000000800000000, Narrow klass shift: 3
Compressed class space size: 1073741824 Address: 0x0000000840000000

Heap:
 garbage-first heap   total 260096K, used 11213K [0x0000000702e00000, 0x0000000800000000)
  region size 1024K, 12 young (12288K), 3 survivors (3072K)
 Metaspace       used 7365K, capacity 9644K, committed 9856K, reserved 1058816K
  class space    used 591K, capacity 836K, committed 896K, reserved 1048576K
Heap Regions: E=young(eden), S=young(survivor), O=old, HS=humongous(starts), HC=humongous(continues), CS=collection set, F=free, A=archive, TAMS=top-at-mark-start (previous, next)
|   0|0x0000000702e00000, 0x0000000702e00000, 0x0000000702f00000|  0%| F|  |TAMS 0x0000000702e00000, 0x0000000702e00000| Untracked 
|   1|0x0000000702f00000, 0x0000000702f00000, 0x0000000703000000|  0%| F|  |TAMS 0x0000000702f00000, 0x0000000702f00000| Untracked 
|   2|0x0000000703000000, 0x0000000703000000, 0x0000000703100000|  0%| F|  |TAMS 0x0000000703000000, 0x0000000703000000| Untracked 
|   3|0x0000000703100000, 0x0000000703100000, 0x0000000703200000|  0%| F|  |TAMS 0x0000000703100000, 0x0000000703100000| Untracked 
|   4|0x0000000703200000, 0x0000000703200000, 0x0000000703300000|  0%| F|  |TAMS 0x0000000703200000, 0x0000000703200000| Untracked 
|   5|0x0000000703300000, 0x0000000703300000, 0x0000000703400000|  0%| F|  |TAMS 0x0000000703300000, 0x0000000703300000| Untracked 
|   6|0x0000000703400000, 0x0000000703400000, 0x0000000703500000|  0%| F|  |TAMS 0x0000000703400000, 0x0000000703400000| Untracked 
|   7|0x0000000703500000, 0x0000000703500000, 0x0000000703600000|  0%| F|  |TAMS 0x0000000703500000, 0x0000000703500000| Untracked 
|   8|0x0000000703600000, 0x0000000703600000, 0x0000000703700000|  0%| F|  |TAMS 0x0000000703600000, 0x0000000703600000| Untracked 
|   9|0x0000000703700000, 0x0000000703700000, 0x0000000703800000|  0%| F|  |TAMS 0x0000000703700000, 0x0000000703700000| Untracked 
|  10|0x0000000703800000, 0x0000000703800000, 0x0000000703900000|  0%| F|  |TAMS 0x0000000703800000, 0x0000000703800000| Untracked 
|  11|0x0000000703900000, 0x0000000703900000, 0x0000000703a00000|  0%| F|  |TAMS 0x0000000703900000, 0x0000000703900000| Untracked 
|  12|0x0000000703a00000, 0x0000000703a00000, 0x0000000703b00000|  0%| F|  |TAMS 0x0000000703a00000, 0x0000000703a00000| Untracked 
|  13|0x0000000703b00000, 0x0000000703b00000, 0x0000000703c00000|  0%| F|  |TAMS 0x0000000703b00000, 0x0000000703b00000| Untracked 
|  14|0x0000000703c00000, 0x0000000703c00000, 0x0000000703d00000|  0%| F|  |TAMS 0x0000000703c00000, 0x0000000703c00000| Untracked 
|  15|0x0000000703d00000, 0x0000000703d00000, 0x0000000703e00000|  0%| F|  |TAMS 0x0000000703d00000, 0x0000000703d00000| Untracked 
|  16|0x0000000703e00000, 0x0000000703e00000, 0x0000000703f00000|  0%| F|  |TAMS 0x0000000703e00000, 0x0000000703e00000| Untracked 
|  17|0x0000000703f00000, 0x0000000703f00000, 0x0000000704000000|  0%| F|  |TAMS 0x0000000703f00000, 0x0000000703f00000| Untracked 
|  18|0x0000000704000000, 0x0000000704000000, 0x0000000704100000|  0%| F|  |TAMS 0x0000000704000000, 0x0000000704000000| Untracked 
|  19|0x0000000704100000, 0x0000000704100000, 0x0000000704200000|  0%| F|  |TAMS 0x0000000704100000, 0x0000000704100000| Untracked 
|  20|0x0000000704200000, 0x0000000704200000, 0x0000000704300000|  0%| F|  |TAMS 0x0000000704200000, 0x0000000704200000| Untracked 
|  21|0x0000000704300000, 0x0000000704300000, 0x0000000704400000|  0%| F|  |TAMS 0x0000000704300000, 0x0000000704300000| Untracked 
|  22|0x0000000704400000, 0x0000000704400000, 0x0000000704500000|  0%| F|  |TAMS 0x0000000704400000, 0x0000000704400000| Untracked 
|  23|0x0000000704500000, 0x0000000704500000, 0x0000000704600000|  0%| F|  |TAMS 0x0000000704500000, 0x0000000704500000| Untracked 
|  24|0x0000000704600000, 0x0000000704600000, 0x0000000704700000|  0%| F|  |TAMS 0x0000000704600000, 0x0000000704600000| Untracked 
|  25|0x0000000704700000, 0x0000000704700000, 0x0000000704800000|  0%| F|  |TAMS 0x0000000704700000, 0x0000000704700000| Untracked 
|  26|0x0000000704800000, 0x0000000704800000, 0x0000000704900000|  0%| F|  |TAMS 0x0000000704800000, 0x0000000704800000| Untracked 
|  27|0x0000000704900000, 0x0000000704900000, 0x0000000704a00000|  0%| F|  |TAMS 0x0000000704900000, 0x0000000704900000| Untracked 
|  28|0x0000000704a00000, 0x0000000704a00000, 0x0000000704b00000|  0%| F|  |TAMS 0x0000000704a00000, 0x0000000704a00000| Untracked 
|  29|0x0000000704b00000, 0x0000000704b00000, 0x0000000704c00000|  0%| F|  |TAMS 0x0000000704b00000, 0x0000000704b00000| Untracked 
|  30|0x0000000704c00000, 0x0000000704c00000, 0x0000000704d00000|  0%| F|  |TAMS 0x0000000704c00000, 0x0000000704c00000| Untracked 
|  31|0x0000000704d00000, 0x0000000704d00000, 0x0000000704e00000|  0%| F|  |TAMS 0x0000000704d00000, 0x0000000704d00000| Untracked 
|  32|0x0000000704e00000, 0x0000000704e00000, 0x0000000704f00000|  0%| F|  |TAMS 0x0000000704e00000, 0x0000000704e00000| Untracked 
|  33|0x0000000704f00000, 0x0000000704f00000, 0x0000000705000000|  0%| F|  |TAMS 0x0000000704f00000, 0x0000000704f00000| Untracked 
|  34|0x0000000705000000, 0x0000000705000000, 0x0000000705100000|  0%| F|  |TAMS 0x0000000705000000, 0x0000000705000000| Untracked 
|  35|0x0000000705100000, 0x0000000705100000, 0x0000000705200000|  0%| F|  |TAMS 0x0000000705100000, 0x0000000705100000| Untracked 
|  36|0x0000000705200000, 0x0000000705200000, 0x0000000705300000|  0%| F|  |TAMS 0x0000000705200000, 0x0000000705200000| Untracked 
|  37|0x0000000705300000, 0x0000000705300000, 0x0000000705400000|  0%| F|  |TAMS 0x0000000705300000, 0x0000000705300000| Untracked 
|  38|0x0000000705400000, 0x0000000705400000, 0x0000000705500000|  0%| F|  |TAMS 0x0000000705400000, 0x0000000705400000| Untracked 
|  39|0x0000000705500000, 0x0000000705500000, 0x0000000705600000|  0%| F|  |TAMS 0x0000000705500000, 0x0000000705500000| Untracked 
|  40|0x0000000705600000, 0x0000000705600000, 0x0000000705700000|  0%| F|  |TAMS 0x0000000705600000, 0x0000000705600000| Untracked 
|  41|0x0000000705700000, 0x0000000705700000, 0x0000000705800000|  0%| F|  |TAMS 0x0000000705700000, 0x0000000705700000| Untracked 
|  42|0x0000000705800000, 0x0000000705800000, 0x0000000705900000|  0%| F|  |TAMS 0x0000000705800000, 0x0000000705800000| Untracked 
|  43|0x0000000705900000, 0x0000000705900000, 0x0000000705a00000|  0%| F|  |TAMS 0x0000000705900000, 0x0000000705900000| Untracked 
|  44|0x0000000705a00000, 0x0000000705a00000, 0x0000000705b00000|  0%| F|  |TAMS 0x0000000705a00000, 0x0000000705a00000| Untracked 
|  45|0x0000000705b00000, 0x0000000705b00000, 0x0000000705c00000|  0%| F|  |TAMS 0x0000000705b00000, 0x0000000705b00000| Untracked 
|  46|0x0000000705c00000, 0x0000000705c00000, 0x0000000705d00000|  0%| F|  |TAMS 0x0000000705c00000, 0x0000000705c00000| Untracked 
|  47|0x0000000705d00000, 0x0000000705d00000, 0x0000000705e00000|  0%| F|  |TAMS 0x0000000705d00000, 0x0000000705d00000| Untracked 
|  48|0x0000000705e00000, 0x0000000705e00000, 0x0000000705f00000|  0%| F|  |TAMS 0x0000000705e00000, 0x0000000705e00000| Untracked 
|  49|0x0000000705f00000, 0x0000000705f00000, 0x0000000706000000|  0%| F|  |TAMS 0x0000000705f00000, 0x0000000705f00000| Untracked 
|  50|0x0000000706000000, 0x0000000706000000, 0x0000000706100000|  0%| F|  |TAMS 0x0000000706000000, 0x0000000706000000| Untracked 
|  51|0x0000000706100000, 0x0000000706100000, 0x0000000706200000|  0%| F|  |TAMS 0x0000000706100000, 0x0000000706100000| Untracked 
|  52|0x0000000706200000, 0x0000000706200000, 0x0000000706300000|  0%| F|  |TAMS 0x0000000706200000, 0x0000000706200000| Untracked 
|  53|0x0000000706300000, 0x0000000706300000, 0x0000000706400000|  0%| F|  |TAMS 0x0000000706300000, 0x0000000706300000| Untracked 
|  54|0x0000000706400000, 0x0000000706400000, 0x0000000706500000|  0%| F|  |TAMS 0x0000000706400000, 0x0000000706400000| Untracked 
|  55|0x0000000706500000, 0x0000000706500000, 0x0000000706600000|  0%| F|  |TAMS 0x0000000706500000, 0x0000000706500000| Untracked 
|  56|0x0000000706600000, 0x0000000706600000, 0x0000000706700000|  0%| F|  |TAMS 0x0000000706600000, 0x0000000706600000| Untracked 
|  57|0x0000000706700000, 0x0000000706700000, 0x0000000706800000|  0%| F|  |TAMS 0x0000000706700000, 0x0000000706700000| Untracked 
|  58|0x0000000706800000, 0x0000000706800000, 0x0000000706900000|  0%| F|  |TAMS 0x0000000706800000, 0x0000000706800000| Untracked 
|  59|0x0000000706900000, 0x0000000706900000, 0x0000000706a00000|  0%| F|  |TAMS 0x0000000706900000, 0x0000000706900000| Untracked 
|  60|0x0000000706a00000, 0x0000000706a00000, 0x0000000706b00000|  0%| F|  |TAMS 0x0000000706a00000, 0x0000000706a00000| Untracked 
|  61|0x0000000706b00000, 0x0000000706b00000, 0x0000000706c00000|  0%| F|  |TAMS 0x0000000706b00000, 0x0000000706b00000| Untracked 
|  62|0x0000000706c00000, 0x0000000706c00000, 0x0000000706d00000|  0%| F|  |TAMS 0x0000000706c00000, 0x0000000706c00000| Untracked 
|  63|0x0000000706d00000, 0x0000000706d00000, 0x0000000706e00000|  0%| F|  |TAMS 0x0000000706d00000, 0x0000000706d00000| Untracked 
|  64|0x0000000706e00000, 0x0000000706e00000, 0x0000000706f00000|  0%| F|  |TAMS 0x0000000706e00000, 0x0000000706e00000| Untracked 
|  65|0x0000000706f00000, 0x0000000706f00000, 0x0000000707000000|  0%| F|  |TAMS 0x0000000706f00000, 0x0000000706f00000| Untracked 
|  66|0x0000000707000000, 0x0000000707000000, 0x0000000707100000|  0%| F|  |TAMS 0x0000000707000000, 0x0000000707000000| Untracked 
|  67|0x0000000707100000, 0x0000000707100000, 0x0000000707200000|  0%| F|  |TAMS 0x0000000707100000, 0x0000000707100000| Untracked 
|  68|0x0000000707200000, 0x0000000707200000, 0x0000000707300000|  0%| F|  |TAMS 0x0000000707200000, 0x0000000707200000| Untracked 
|  69|0x0000000707300000, 0x0000000707300000, 0x0000000707400000|  0%| F|  |TAMS 0x0000000707300000, 0x0000000707300000| Untracked 
|  70|0x0000000707400000, 0x0000000707400000, 0x0000000707500000|  0%| F|  |TAMS 0x0000000707400000, 0x0000000707400000| Untracked 
|  71|0x0000000707500000, 0x0000000707500000, 0x0000000707600000|  0%| F|  |TAMS 0x0000000707500000, 0x0000000707500000| Untracked 
|  72|0x0000000707600000, 0x0000000707600000, 0x0000000707700000|  0%| F|  |TAMS 0x0000000707600000, 0x0000000707600000| Untracked 
|  73|0x0000000707700000, 0x0000000707700000, 0x0000000707800000|  0%| F|  |TAMS 0x0000000707700000, 0x0000000707700000| Untracked 
|  74|0x0000000707800000, 0x0000000707800000, 0x0000000707900000|  0%| F|  |TAMS 0x0000000707800000, 0x0000000707800000| Untracked 
|  75|0x0000000707900000, 0x0000000707900000, 0x0000000707a00000|  0%| F|  |TAMS 0x0000000707900000, 0x0000000707900000| Untracked 
|  76|0x0000000707a00000, 0x0000000707a00000, 0x0000000707b00000|  0%| F|  |TAMS 0x0000000707a00000, 0x0000000707a00000| Untracked 
|  77|0x0000000707b00000, 0x0000000707b00000, 0x0000000707c00000|  0%| F|  |TAMS 0x0000000707b00000, 0x0000000707b00000| Untracked 
|  78|0x0000000707c00000, 0x0000000707c00000, 0x0000000707d00000|  0%| F|  |TAMS 0x0000000707c00000, 0x0000000707c00000| Untracked 
|  79|0x0000000707d00000, 0x0000000707d00000, 0x0000000707e00000|  0%| F|  |TAMS 0x0000000707d00000, 0x0000000707d00000| Untracked 
|  80|0x0000000707e00000, 0x0000000707e00000, 0x0000000707f00000|  0%| F|  |TAMS 0x0000000707e00000, 0x0000000707e00000| Untracked 
|  81|0x0000000707f00000, 0x0000000707f00000, 0x0000000708000000|  0%| F|  |TAMS 0x0000000707f00000, 0x0000000707f00000| Untracked 
|  82|0x0000000708000000, 0x0000000708000000, 0x0000000708100000|  0%| F|  |TAMS 0x0000000708000000, 0x0000000708000000| Untracked 
|  83|0x0000000708100000, 0x0000000708100000, 0x0000000708200000|  0%| F|  |TAMS 0x0000000708100000, 0x0000000708100000| Untracked 
|  84|0x0000000708200000, 0x0000000708200000, 0x0000000708300000|  0%| F|  |TAMS 0x0000000708200000, 0x0000000708200000| Untracked 
|  85|0x0000000708300000, 0x0000000708300000, 0x0000000708400000|  0%| F|  |TAMS 0x0000000708300000, 0x0000000708300000| Untracked 
|  86|0x0000000708400000, 0x0000000708400000, 0x0000000708500000|  0%| F|  |TAMS 0x0000000708400000, 0x0000000708400000| Untracked 
|  87|0x0000000708500000, 0x0000000708500000, 0x0000000708600000|  0%| F|  |TAMS 0x0000000708500000, 0x0000000708500000| Untracked 
|  88|0x0000000708600000, 0x0000000708600000, 0x0000000708700000|  0%| F|  |TAMS 0x0000000708600000, 0x0000000708600000| Untracked 
|  89|0x0000000708700000, 0x0000000708700000, 0x0000000708800000|  0%| F|  |TAMS 0x0000000708700000, 0x0000000708700000| Untracked 
|  90|0x0000000708800000, 0x0000000708800000, 0x0000000708900000|  0%| F|  |TAMS 0x0000000708800000, 0x0000000708800000| Untracked 
|  91|0x0000000708900000, 0x0000000708900000, 0x0000000708a00000|  0%| F|  |TAMS 0x0000000708900000, 0x0000000708900000| Untracked 
|  92|0x0000000708a00000, 0x0000000708a00000, 0x0000000708b00000|  0%| F|  |TAMS 0x0000000708a00000, 0x0000000708a00000| Untracked 
|  93|0x0000000708b00000, 0x0000000708b00000, 0x0000000708c00000|  0%| F|  |TAMS 0x0000000708b00000, 0x0000000708b00000| Untracked 
|  94|0x0000000708c00000, 0x0000000708c00000, 0x0000000708d00000|  0%| F|  |TAMS 0x0000000708c00000, 0x0000000708c00000| Untracked 
|  95|0x0000000708d00000, 0x0000000708d00000, 0x0000000708e00000|  0%| F|  |TAMS 0x0000000708d00000, 0x0000000708d00000| Untracked 
|  96|0x0000000708e00000, 0x0000000708e00000, 0x0000000708f00000|  0%| F|  |TAMS 0x0000000708e00000, 0x0000000708e00000| Untracked 
|  97|0x0000000708f00000, 0x0000000708f00000, 0x0000000709000000|  0%| F|  |TAMS 0x0000000708f00000, 0x0000000708f00000| Untracked 
|  98|0x0000000709000000, 0x0000000709000000, 0x0000000709100000|  0%| F|  |TAMS 0x0000000709000000, 0x0000000709000000| Untracked 
|  99|0x0000000709100000, 0x0000000709100000, 0x0000000709200000|  0%| F|  |TAMS 0x0000000709100000, 0x0000000709100000| Untracked 
| 100|0x0000000709200000, 0x0000000709200000, 0x0000000709300000|  0%| F|  |TAMS 0x0000000709200000, 0x0000000709200000| Untracked 
| 101|0x0000000709300000, 0x0000000709300000, 0x0000000709400000|  0%| F|  |TAMS 0x0000000709300000, 0x0000000709300000| Untracked 
| 102|0x0000000709400000, 0x0000000709400000, 0x0000000709500000|  0%| F|  |TAMS 0x0000000709400000, 0x0000000709400000| Untracked 
| 103|0x0000000709500000, 0x0000000709500000, 0x0000000709600000|  0%| F|  |TAMS 0x0000000709500000, 0x0000000709500000| Untracked 
| 104|0x0000000709600000, 0x0000000709600000, 0x0000000709700000|  0%| F|  |TAMS 0x0000000709600000, 0x0000000709600000| Untracked 
| 105|0x0000000709700000, 0x0000000709700000, 0x0000000709800000|  0%| F|  |TAMS 0x0000000709700000, 0x0000000709700000| Untracked 
| 106|0x0000000709800000, 0x0000000709800000, 0x0000000709900000|  0%| F|  |TAMS 0x0000000709800000, 0x0000000709800000| Untracked 
| 107|0x0000000709900000, 0x0000000709900000, 0x0000000709a00000|  0%| F|  |TAMS 0x0000000709900000, 0x0000000709900000| Untracked 
| 108|0x0000000709a00000, 0x0000000709a00000, 0x0000000709b00000|  0%| F|  |TAMS 0x0000000709a00000, 0x0000000709a00000| Untracked 
| 109|0x0000000709b00000, 0x0000000709b00000, 0x0000000709c00000|  0%| F|  |TAMS 0x0000000709b00000, 0x0000000709b00000| Untracked 
| 110|0x0000000709c00000, 0x0000000709c00000, 0x0000000709d00000|  0%| F|  |TAMS 0x0000000709c00000, 0x0000000709c00000| Untracked 
| 111|0x0000000709d00000, 0x0000000709d00000, 0x0000000709e00000|  0%| F|  |TAMS 0x0000000709d00000, 0x0000000709d00000| Untracked 
| 112|0x0000000709e00000, 0x0000000709e00000, 0x0000000709f00000|  0%| F|  |TAMS 0x0000000709e00000, 0x0000000709e00000| Untracked 
| 113|0x0000000709f00000, 0x0000000709f00000, 0x000000070a000000|  0%| F|  |TAMS 0x0000000709f00000, 0x0000000709f00000| Untracked 
| 114|0x000000070a000000, 0x000000070a000000, 0x000000070a100000|  0%| F|  |TAMS 0x000000070a000000, 0x000000070a000000| Untracked 
| 115|0x000000070a100000, 0x000000070a100000, 0x000000070a200000|  0%| F|  |TAMS 0x000000070a100000, 0x000000070a100000| Untracked 
| 116|0x000000070a200000, 0x000000070a200000, 0x000000070a300000|  0%| F|  |TAMS 0x000000070a200000, 0x000000070a200000| Untracked 
| 117|0x000000070a300000, 0x000000070a300000, 0x000000070a400000|  0%| F|  |TAMS 0x000000070a300000, 0x000000070a300000| Untracked 
| 118|0x000000070a400000, 0x000000070a400000, 0x000000070a500000|  0%| F|  |TAMS 0x000000070a400000, 0x000000070a400000| Untracked 
| 119|0x000000070a500000, 0x000000070a500000, 0x000000070a600000|  0%| F|  |TAMS 0x000000070a500000, 0x000000070a500000| Untracked 
| 120|0x000000070a600000, 0x000000070a600000, 0x000000070a700000|  0%| F|  |TAMS 0x000000070a600000, 0x000000070a600000| Untracked 
| 121|0x000000070a700000, 0x000000070a700000, 0x000000070a800000|  0%| F|  |TAMS 0x000000070a700000, 0x000000070a700000| Untracked 
| 122|0x000000070a800000, 0x000000070a800000, 0x000000070a900000|  0%| F|  |TAMS 0x000000070a800000, 0x000000070a800000| Untracked 
| 123|0x000000070a900000, 0x000000070a900000, 0x000000070aa00000|  0%| F|  |TAMS 0x000000070a900000, 0x000000070a900000| Untracked 
| 124|0x000000070aa00000, 0x000000070aa00000, 0x000000070ab00000|  0%| F|  |TAMS 0x000000070aa00000, 0x000000070aa00000| Untracked 
| 125|0x000000070ab00000, 0x000000070ab00000, 0x000000070ac00000|  0%| F|  |TAMS 0x000000070ab00000, 0x000000070ab00000| Untracked 
| 126|0x000000070ac00000, 0x000000070ac00000, 0x000000070ad00000|  0%| F|  |TAMS 0x000000070ac00000, 0x000000070ac00000| Untracked 
| 127|0x000000070ad00000, 0x000000070ad00000, 0x000000070ae00000|  0%| F|  |TAMS 0x000000070ad00000, 0x000000070ad00000| Untracked 
| 128|0x000000070ae00000, 0x000000070ae00000, 0x000000070af00000|  0%| F|  |TAMS 0x000000070ae00000, 0x000000070ae00000| Untracked 
| 129|0x000000070af00000, 0x000000070af00000, 0x000000070b000000|  0%| F|  |TAMS 0x000000070af00000, 0x000000070af00000| Untracked 
| 130|0x000000070b000000, 0x000000070b000000, 0x000000070b100000|  0%| F|  |TAMS 0x000000070b000000, 0x000000070b000000| Untracked 
| 131|0x000000070b100000, 0x000000070b100000, 0x000000070b200000|  0%| F|  |TAMS 0x000000070b100000, 0x000000070b100000| Untracked 
| 132|0x000000070b200000, 0x000000070b200000, 0x000000070b300000|  0%| F|  |TAMS 0x000000070b200000, 0x000000070b200000| Untracked 
| 133|0x000000070b300000, 0x000000070b300000, 0x000000070b400000|  0%| F|  |TAMS 0x000000070b300000, 0x000000070b300000| Untracked 
| 134|0x000000070b400000, 0x000000070b400000, 0x000000070b500000|  0%| F|  |TAMS 0x000000070b400000, 0x000000070b400000| Untracked 
| 135|0x000000070b500000, 0x000000070b500000, 0x000000070b600000|  0%| F|  |TAMS 0x000000070b500000, 0x000000070b500000| Untracked 
| 136|0x000000070b600000, 0x000000070b600000, 0x000000070b700000|  0%| F|  |TAMS 0x000000070b600000, 0x000000070b600000| Untracked 
| 137|0x000000070b700000, 0x000000070b700000, 0x000000070b800000|  0%| F|  |TAMS 0x000000070b700000, 0x000000070b700000| Untracked 
| 138|0x000000070b800000, 0x000000070b800000, 0x000000070b900000|  0%| F|  |TAMS 0x000000070b800000, 0x000000070b800000| Untracked 
| 139|0x000000070b900000, 0x000000070b900000, 0x000000070ba00000|  0%| F|  |TAMS 0x000000070b900000, 0x000000070b900000| Untracked 
| 140|0x000000070ba00000, 0x000000070ba00000, 0x000000070bb00000|  0%| F|  |TAMS 0x000000070ba00000, 0x000000070ba00000| Untracked 
| 141|0x000000070bb00000, 0x000000070bb00000, 0x000000070bc00000|  0%| F|  |TAMS 0x000000070bb00000, 0x000000070bb00000| Untracked 
| 142|0x000000070bc00000, 0x000000070bc00000, 0x000000070bd00000|  0%| F|  |TAMS 0x000000070bc00000, 0x000000070bc00000| Untracked 
| 143|0x000000070bd00000, 0x000000070bd00000, 0x000000070be00000|  0%| F|  |TAMS 0x000000070bd00000, 0x000000070bd00000| Untracked 
| 144|0x000000070be00000, 0x000000070be00000, 0x000000070bf00000|  0%| F|  |TAMS 0x000000070be00000, 0x000000070be00000| Untracked 
| 145|0x000000070bf00000, 0x000000070bf00000, 0x000000070c000000|  0%| F|  |TAMS 0x000000070bf00000, 0x000000070bf00000| Untracked 
| 146|0x000000070c000000, 0x000000070c000000, 0x000000070c100000|  0%| F|  |TAMS 0x000000070c000000, 0x000000070c000000| Untracked 
| 147|0x000000070c100000, 0x000000070c100000, 0x000000070c200000|  0%| F|  |TAMS 0x000000070c100000, 0x000000070c100000| Untracked 
| 148|0x000000070c200000, 0x000000070c200000, 0x000000070c300000|  0%| F|  |TAMS 0x000000070c200000, 0x000000070c200000| Untracked 
| 149|0x000000070c300000, 0x000000070c300000, 0x000000070c400000|  0%| F|  |TAMS 0x000000070c300000, 0x000000070c300000| Untracked 
| 150|0x000000070c400000, 0x000000070c400000, 0x000000070c500000|  0%| F|  |TAMS 0x000000070c400000, 0x000000070c400000| Untracked 
| 151|0x000000070c500000, 0x000000070c500000, 0x000000070c600000|  0%| F|  |TAMS 0x000000070c500000, 0x000000070c500000| Untracked 
| 152|0x000000070c600000, 0x000000070c600000, 0x000000070c700000|  0%| F|  |TAMS 0x000000070c600000, 0x000000070c600000| Untracked 
| 153|0x000000070c700000, 0x000000070c700000, 0x000000070c800000|  0%| F|  |TAMS 0x000000070c700000, 0x000000070c700000| Untracked 
| 154|0x000000070c800000, 0x000000070c800000, 0x000000070c900000|  0%| F|  |TAMS 0x000000070c800000, 0x000000070c800000| Untracked 
| 155|0x000000070c900000, 0x000000070c900000, 0x000000070ca00000|  0%| F|  |TAMS 0x000000070c900000, 0x000000070c900000| Untracked 
| 156|0x000000070ca00000, 0x000000070ca00000, 0x000000070cb00000|  0%| F|  |TAMS 0x000000070ca00000, 0x000000070ca00000| Untracked 
| 157|0x000000070cb00000, 0x000000070cb00000, 0x000000070cc00000|  0%| F|  |TAMS 0x000000070cb00000, 0x000000070cb00000| Untracked 
| 158|0x000000070cc00000, 0x000000070cc00000, 0x000000070cd00000|  0%| F|  |TAMS 0x000000070cc00000, 0x000000070cc00000| Untracked 
| 159|0x000000070cd00000, 0x000000070cd00000, 0x000000070ce00000|  0%| F|  |TAMS 0x000000070cd00000, 0x000000070cd00000| Untracked 
| 160|0x000000070ce00000, 0x000000070ce00000, 0x000000070cf00000|  0%| F|  |TAMS 0x000000070ce00000, 0x000000070ce00000| Untracked 
| 161|0x000000070cf00000, 0x000000070cf00000, 0x000000070d000000|  0%| F|  |TAMS 0x000000070cf00000, 0x000000070cf00000| Untracked 
| 162|0x000000070d000000, 0x000000070d000000, 0x000000070d100000|  0%| F|  |TAMS 0x000000070d000000, 0x000000070d000000| Untracked 
| 163|0x000000070d100000, 0x000000070d100000, 0x000000070d200000|  0%| F|  |TAMS 0x000000070d100000, 0x000000070d100000| Untracked 
| 164|0x000000070d200000, 0x000000070d200000, 0x000000070d300000|  0%| F|  |TAMS 0x000000070d200000, 0x000000070d200000| Untracked 
| 165|0x000000070d300000, 0x000000070d300000, 0x000000070d400000|  0%| F|  |TAMS 0x000000070d300000, 0x000000070d300000| Untracked 
| 166|0x000000070d400000, 0x000000070d400000, 0x000000070d500000|  0%| F|  |TAMS 0x000000070d400000, 0x000000070d400000| Untracked 
| 167|0x000000070d500000, 0x000000070d500000, 0x000000070d600000|  0%| F|  |TAMS 0x000000070d500000, 0x000000070d500000| Untracked 
| 168|0x000000070d600000, 0x000000070d600000, 0x000000070d700000|  0%| F|  |TAMS 0x000000070d600000, 0x000000070d600000| Untracked 
| 169|0x000000070d700000, 0x000000070d700000, 0x000000070d800000|  0%| F|  |TAMS 0x000000070d700000, 0x000000070d700000| Untracked 
| 170|0x000000070d800000, 0x000000070d800000, 0x000000070d900000|  0%| F|  |TAMS 0x000000070d800000, 0x000000070d800000| Untracked 
| 171|0x000000070d900000, 0x000000070d900000, 0x000000070da00000|  0%| F|  |TAMS 0x000000070d900000, 0x000000070d900000| Untracked 
| 172|0x000000070da00000, 0x000000070da00000, 0x000000070db00000|  0%| F|  |TAMS 0x000000070da00000, 0x000000070da00000| Untracked 
| 173|0x000000070db00000, 0x000000070db00000, 0x000000070dc00000|  0%| F|  |TAMS 0x000000070db00000, 0x000000070db00000| Untracked 
| 174|0x000000070dc00000, 0x000000070dc00000, 0x000000070dd00000|  0%| F|  |TAMS 0x000000070dc00000, 0x000000070dc00000| Untracked 
| 175|0x000000070dd00000, 0x000000070dd00000, 0x000000070de00000|  0%| F|  |TAMS 0x000000070dd00000, 0x000000070dd00000| Untracked 
| 176|0x000000070de00000, 0x000000070de00000, 0x000000070df00000|  0%| F|  |TAMS 0x000000070de00000, 0x000000070de00000| Untracked 
| 177|0x000000070df00000, 0x000000070df00000, 0x000000070e000000|  0%| F|  |TAMS 0x000000070df00000, 0x000000070df00000| Untracked 
| 178|0x000000070e000000, 0x000000070e000000, 0x000000070e100000|  0%| F|  |TAMS 0x000000070e000000, 0x000000070e000000| Untracked 
| 179|0x000000070e100000, 0x000000070e100000, 0x000000070e200000|  0%| F|  |TAMS 0x000000070e100000, 0x000000070e100000| Untracked 
| 180|0x000000070e200000, 0x000000070e200000, 0x000000070e300000|  0%| F|  |TAMS 0x000000070e200000, 0x000000070e200000| Untracked 
| 181|0x000000070e300000, 0x000000070e300000, 0x000000070e400000|  0%| F|  |TAMS 0x000000070e300000, 0x000000070e300000| Untracked 
| 182|0x000000070e400000, 0x000000070e400000, 0x000000070e500000|  0%| F|  |TAMS 0x000000070e400000, 0x000000070e400000| Untracked 
| 183|0x000000070e500000, 0x000000070e500000, 0x000000070e600000|  0%| F|  |TAMS 0x000000070e500000, 0x000000070e500000| Untracked 
| 184|0x000000070e600000, 0x000000070e600000, 0x000000070e700000|  0%| F|  |TAMS 0x000000070e600000, 0x000000070e600000| Untracked 
| 185|0x000000070e700000, 0x000000070e700000, 0x000000070e800000|  0%| F|  |TAMS 0x000000070e700000, 0x000000070e700000| Untracked 
| 186|0x000000070e800000, 0x000000070e800000, 0x000000070e900000|  0%| F|  |TAMS 0x000000070e800000, 0x000000070e800000| Untracked 
| 187|0x000000070e900000, 0x000000070e900000, 0x000000070ea00000|  0%| F|  |TAMS 0x000000070e900000, 0x000000070e900000| Untracked 
| 188|0x000000070ea00000, 0x000000070ea00000, 0x000000070eb00000|  0%| F|  |TAMS 0x000000070ea00000, 0x000000070ea00000| Untracked 
| 189|0x000000070eb00000, 0x000000070eb00000, 0x000000070ec00000|  0%| F|  |TAMS 0x000000070eb00000, 0x000000070eb00000| Untracked 
| 190|0x000000070ec00000, 0x000000070ec00000, 0x000000070ed00000|  0%| F|  |TAMS 0x000000070ec00000, 0x000000070ec00000| Untracked 
| 191|0x000000070ed00000, 0x000000070ed00000, 0x000000070ee00000|  0%| F|  |TAMS 0x000000070ed00000, 0x000000070ed00000| Untracked 
| 192|0x000000070ee00000, 0x000000070ee00000, 0x000000070ef00000|  0%| F|  |TAMS 0x000000070ee00000, 0x000000070ee00000| Untracked 
| 193|0x000000070ef00000, 0x000000070ef00000, 0x000000070f000000|  0%| F|  |TAMS 0x000000070ef00000, 0x000000070ef00000| Untracked 
| 194|0x000000070f000000, 0x000000070f000000, 0x000000070f100000|  0%| F|  |TAMS 0x000000070f000000, 0x000000070f000000| Untracked 
| 195|0x000000070f100000, 0x000000070f100000, 0x000000070f200000|  0%| F|  |TAMS 0x000000070f100000, 0x000000070f100000| Untracked 
| 196|0x000000070f200000, 0x000000070f200000, 0x000000070f300000|  0%| F|  |TAMS 0x000000070f200000, 0x000000070f200000| Untracked 
| 197|0x000000070f300000, 0x000000070f300000, 0x000000070f400000|  0%| F|  |TAMS 0x000000070f300000, 0x000000070f300000| Untracked 
| 198|0x000000070f400000, 0x000000070f400000, 0x000000070f500000|  0%| F|  |TAMS 0x000000070f400000, 0x000000070f400000| Untracked 
| 199|0x000000070f500000, 0x000000070f500000, 0x000000070f600000|  0%| F|  |TAMS 0x000000070f500000, 0x000000070f500000| Untracked 
| 200|0x000000070f600000, 0x000000070f600000, 0x000000070f700000|  0%| F|  |TAMS 0x000000070f600000, 0x000000070f600000| Untracked 
| 201|0x000000070f700000, 0x000000070f700000, 0x000000070f800000|  0%| F|  |TAMS 0x000000070f700000, 0x000000070f700000| Untracked 
| 202|0x000000070f800000, 0x000000070f800000, 0x000000070f900000|  0%| F|  |TAMS 0x000000070f800000, 0x000000070f800000| Untracked 
| 203|0x000000070f900000, 0x000000070f900000, 0x000000070fa00000|  0%| F|  |TAMS 0x000000070f900000, 0x000000070f900000| Untracked 
| 204|0x000000070fa00000, 0x000000070fa00000, 0x000000070fb00000|  0%| F|  |TAMS 0x000000070fa00000, 0x000000070fa00000| Untracked 
| 205|0x000000070fb00000, 0x000000070fb00000, 0x000000070fc00000|  0%| F|  |TAMS 0x000000070fb00000, 0x000000070fb00000| Untracked 
| 206|0x000000070fc00000, 0x000000070fc00000, 0x000000070fd00000|  0%| F|  |TAMS 0x000000070fc00000, 0x000000070fc00000| Untracked 
| 207|0x000000070fd00000, 0x000000070fd00000, 0x000000070fe00000|  0%| F|  |TAMS 0x000000070fd00000, 0x000000070fd00000| Untracked 
| 208|0x000000070fe00000, 0x000000070fe00000, 0x000000070ff00000|  0%| F|  |TAMS 0x000000070fe00000, 0x000000070fe00000| Untracked 
| 209|0x000000070ff00000, 0x000000070ff00000, 0x0000000710000000|  0%| F|  |TAMS 0x000000070ff00000, 0x000000070ff00000| Untracked 
| 210|0x0000000710000000, 0x0000000710000000, 0x0000000710100000|  0%| F|  |TAMS 0x0000000710000000, 0x0000000710000000| Untracked 
| 211|0x0000000710100000, 0x0000000710100000, 0x0000000710200000|  0%| F|  |TAMS 0x0000000710100000, 0x0000000710100000| Untracked 
| 212|0x0000000710200000, 0x0000000710200000, 0x0000000710300000|  0%| F|  |TAMS 0x0000000710200000, 0x0000000710200000| Untracked 
| 213|0x0000000710300000, 0x0000000710300000, 0x0000000710400000|  0%| F|  |TAMS 0x0000000710300000, 0x0000000710300000| Untracked 
| 214|0x0000000710400000, 0x0000000710400000, 0x0000000710500000|  0%| F|  |TAMS 0x0000000710400000, 0x0000000710400000| Untracked 
| 215|0x0000000710500000, 0x0000000710500000, 0x0000000710600000|  0%| F|  |TAMS 0x0000000710500000, 0x0000000710500000| Untracked 
| 216|0x0000000710600000, 0x0000000710600000, 0x0000000710700000|  0%| F|  |TAMS 0x0000000710600000, 0x0000000710600000| Untracked 
| 217|0x0000000710700000, 0x0000000710700000, 0x0000000710800000|  0%| F|  |TAMS 0x0000000710700000, 0x0000000710700000| Untracked 
| 218|0x0000000710800000, 0x0000000710800000, 0x0000000710900000|  0%| F|  |TAMS 0x0000000710800000, 0x0000000710800000| Untracked 
| 219|0x0000000710900000, 0x0000000710900000, 0x0000000710a00000|  0%| F|  |TAMS 0x0000000710900000, 0x0000000710900000| Untracked 
| 220|0x0000000710a00000, 0x0000000710a00000, 0x0000000710b00000|  0%| F|  |TAMS 0x0000000710a00000, 0x0000000710a00000| Untracked 
| 221|0x0000000710b00000, 0x0000000710b00000, 0x0000000710c00000|  0%| F|  |TAMS 0x0000000710b00000, 0x0000000710b00000| Untracked 
| 222|0x0000000710c00000, 0x0000000710c00000, 0x0000000710d00000|  0%| F|  |TAMS 0x0000000710c00000, 0x0000000710c00000| Untracked 
| 223|0x0000000710d00000, 0x0000000710d00000, 0x0000000710e00000|  0%| F|  |TAMS 0x0000000710d00000, 0x0000000710d00000| Untracked 
| 224|0x0000000710e00000, 0x0000000710e00000, 0x0000000710f00000|  0%| F|  |TAMS 0x0000000710e00000, 0x0000000710e00000| Untracked 
| 225|0x0000000710f00000, 0x0000000710f00000, 0x0000000711000000|  0%| F|  |TAMS 0x0000000710f00000, 0x0000000710f00000| Untracked 
| 226|0x0000000711000000, 0x0000000711000000, 0x0000000711100000|  0%| F|  |TAMS 0x0000000711000000, 0x0000000711000000| Untracked 
| 227|0x0000000711100000, 0x0000000711100000, 0x0000000711200000|  0%| F|  |TAMS 0x0000000711100000, 0x0000000711100000| Untracked 
| 228|0x0000000711200000, 0x0000000711200000, 0x0000000711300000|  0%| F|  |TAMS 0x0000000711200000, 0x0000000711200000| Untracked 
| 229|0x0000000711300000, 0x00000007113f36f0, 0x0000000711400000| 95%| S|CS|TAMS 0x0000000711300000, 0x0000000711300000| Complete 
| 230|0x0000000711400000, 0x0000000711500000, 0x0000000711500000|100%| S|CS|TAMS 0x0000000711400000, 0x0000000711400000| Complete 
| 231|0x0000000711500000, 0x0000000711600000, 0x0000000711600000|100%| S|CS|TAMS 0x0000000711500000, 0x0000000711500000| Complete 
| 232|0x0000000711600000, 0x0000000711600000, 0x0000000711700000|  0%| F|  |TAMS 0x0000000711600000, 0x0000000711600000| Untracked 
| 233|0x0000000711700000, 0x0000000711700000, 0x0000000711800000|  0%| F|  |TAMS 0x0000000711700000, 0x0000000711700000| Untracked 
| 234|0x0000000711800000, 0x0000000711800000, 0x0000000711900000|  0%| F|  |TAMS 0x0000000711800000, 0x0000000711800000| Untracked 
| 235|0x0000000711900000, 0x0000000711900000, 0x0000000711a00000|  0%| F|  |TAMS 0x0000000711900000, 0x0000000711900000| Untracked 
| 236|0x0000000711a00000, 0x0000000711a00000, 0x0000000711b00000|  0%| F|  |TAMS 0x0000000711a00000, 0x0000000711a00000| Untracked 
| 237|0x0000000711b00000, 0x0000000711b00000, 0x0000000711c00000|  0%| F|  |TAMS 0x0000000711b00000, 0x0000000711b00000| Untracked 
| 238|0x0000000711c00000, 0x0000000711c00000, 0x0000000711d00000|  0%| F|  |TAMS 0x0000000711c00000, 0x0000000711c00000| Untracked 
| 239|0x0000000711d00000, 0x0000000711d00000, 0x0000000711e00000|  0%| F|  |TAMS 0x0000000711d00000, 0x0000000711d00000| Untracked 
| 240|0x0000000711e00000, 0x0000000711e00000, 0x0000000711f00000|  0%| F|  |TAMS 0x0000000711e00000, 0x0000000711e00000| Untracked 
| 241|0x0000000711f00000, 0x0000000711f00000, 0x0000000712000000|  0%| F|  |TAMS 0x0000000711f00000, 0x0000000711f00000| Untracked 
| 242|0x0000000712000000, 0x0000000712000000, 0x0000000712100000|  0%| F|  |TAMS 0x0000000712000000, 0x0000000712000000| Untracked 
| 243|0x0000000712100000, 0x0000000712100000, 0x0000000712200000|  0%| F|  |TAMS 0x0000000712100000, 0x0000000712100000| Untracked 
| 244|0x0000000712200000, 0x0000000712200000, 0x0000000712300000|  0%| F|  |TAMS 0x0000000712200000, 0x0000000712200000| Untracked 
| 245|0x0000000712300000, 0x0000000712380800, 0x0000000712400000| 50%| E|  |TAMS 0x0000000712300000, 0x0000000712300000| Complete 
| 246|0x0000000712400000, 0x0000000712500000, 0x0000000712500000|100%| E|CS|TAMS 0x0000000712400000, 0x0000000712400000| Complete 
| 247|0x0000000712500000, 0x0000000712600000, 0x0000000712600000|100%| E|CS|TAMS 0x0000000712500000, 0x0000000712500000| Complete 
| 248|0x0000000712600000, 0x0000000712700000, 0x0000000712700000|100%| E|CS|TAMS 0x0000000712600000, 0x0000000712600000| Complete 
| 249|0x0000000712700000, 0x0000000712800000, 0x0000000712800000|100%| E|CS|TAMS 0x0000000712700000, 0x0000000712700000| Complete 
| 250|0x0000000712800000, 0x0000000712900000, 0x0000000712900000|100%| E|CS|TAMS 0x0000000712800000, 0x0000000712800000| Complete 
| 251|0x0000000712900000, 0x0000000712a00000, 0x0000000712a00000|100%| E|CS|TAMS 0x0000000712900000, 0x0000000712900000| Complete 
| 252|0x0000000712a00000, 0x0000000712b00000, 0x0000000712b00000|100%| E|CS|TAMS 0x0000000712a00000, 0x0000000712a00000| Complete 
| 253|0x0000000712b00000, 0x0000000712c00000, 0x0000000712c00000|100%| E|CS|TAMS 0x0000000712b00000, 0x0000000712b00000| Complete 

Card table byte_map: [0x000002901e490000,0x000002901ec80000] _byte_map_base: 0x000002901ac79000

Marking Bits (Prev, Next): (CMBitMap*) 0x000002900ad4e9b8, (CMBitMap*) 0x000002900ad4e9f0
 Prev Bits: [0x000002901f470000, 0x00000290233b8000)
 Next Bits: [0x00000290233c0000, 0x0000029027308000)

Polling page: 0x0000029008be0000

Metaspace:

Usage:
  Non-class:      8.60 MB capacity,     6.61 MB ( 77%) used,     1.98 MB ( 23%) free+waste,     7.75 KB ( <1%) overhead. 
      Class:    836.00 KB capacity,   591.97 KB ( 71%) used,   241.28 KB ( 29%) free+waste,     2.75 KB ( <1%) overhead. 
       Both:      9.42 MB capacity,     7.19 MB ( 76%) used,     2.21 MB ( 24%) free+waste,    10.50 KB ( <1%) overhead. 

Virtual space:
  Non-class space:       10.00 MB reserved,       8.75 MB ( 88%) committed 
      Class space:        1.00 GB reserved,     896.00 KB ( <1%) committed 
             Both:        1.01 GB reserved,       9.63 MB ( <1%) committed 

Chunk freelists:
   Non-Class:  88.00 KB
       Class:  28.00 KB
        Both:  116.00 KB

CodeHeap 'non-profiled nmethods': size=120064Kb used=833Kb max_used=833Kb free=119230Kb
 bounds [0x0000029016650000, 0x00000290168c0000, 0x000002901db90000]
CodeHeap 'profiled nmethods': size=120000Kb used=3419Kb max_used=3419Kb free=116580Kb
 bounds [0x000002900f120000, 0x000002900f480000, 0x0000029016650000]
CodeHeap 'non-nmethods': size=5696Kb used=1217Kb max_used=1243Kb free=4478Kb
 bounds [0x000002900eb90000, 0x000002900ee00000, 0x000002900f120000]
 total_blobs=2787 nmethods=1694 adapters=502
 compilation: enabled
              stopped_count=0, restarted_count=0
 full_count=0

Compilation events (10 events):
Event: 45.490 Thread 0x0000029029c70800 1690  s    4       org.lwjgl.opengl.EventQueue::copyEvents (77 bytes)
Event: 45.500 Thread 0x0000029029c70800 nmethod 1690 0x000002901671dc90 code [0x000002901671de60, 0x000002901671e6b8]
Event: 45.505 Thread 0x0000029029c70800 1691       4       com.badlogic.gdx.graphics.g2d.SpriteBatch::begin (65 bytes)
Event: 45.508 Thread 0x0000029029c70800 nmethod 1691 0x000002901671ed10 code [0x000002901671ef00, 0x000002901671f248]
Event: 46.572 Thread 0x0000029029c70800 1692       4       java.util.ArrayList::clear (43 bytes)
Event: 46.573 Thread 0x0000029029c70800 nmethod 1692 0x000002901671f610 code [0x000002901671f7a0, 0x000002901671f8d8]
Event: 46.573 Thread 0x0000029029c70800 1693       4       com.badlogic.gdx.graphics.g2d.SpriteBatch::end (90 bytes)
Event: 46.577 Thread 0x0000029029c70800 nmethod 1693 0x000002901671f990 code [0x000002901671fb80, 0x000002901671fff0]
Event: 46.757 Thread 0x0000029029c7f800 1694       3       java.util.HashMap$EntrySet::iterator (12 bytes)
Event: 46.758 Thread 0x0000029029c7f800 nmethod 1694 0x000002900f476690 code [0x000002900f476860, 0x000002900f476b70]

GC Heap History (2 events):
Event: 0.736 GC heap before
{Heap before GC invocations=0 (full 0):
 garbage-first heap   total 260096K, used 22528K [0x0000000702e00000, 0x0000000800000000)
  region size 1024K, 22 young (22528K), 0 survivors (0K)
 Metaspace       used 6836K, capacity 9257K, committed 9600K, reserved 1058816K
  class space    used 586K, capacity 836K, committed 896K, reserved 1048576K
}
Event: 0.743 GC heap after
{Heap after GC invocations=1 (full 0):
 garbage-first heap   total 260096K, used 3021K [0x0000000702e00000, 0x0000000800000000)
  region size 1024K, 3 young (3072K), 3 survivors (3072K)
 Metaspace       used 6836K, capacity 9257K, committed 9600K, reserved 1058816K
  class space    used 586K, capacity 836K, committed 896K, reserved 1048576K
}

Deoptimization events (10 events):
Event: 36.290 Thread 0x000002902af34800 DEOPT PACKING pc=0x0000029016705250 sp=0x000000b1e1afe650
Event: 36.290 Thread 0x000002902af34800 DEOPT UNPACKING pc=0x000002900ebb92af sp=0x000000b1e1afe5b0 mode 2
Event: 36.290 Thread 0x000002902af34800 Uncommon trap: trap_request=0xffffff4d fr.pc=0x0000029016704e2c relative=0x0000000000000b0c
Event: 36.290 Thread 0x000002902af34800 Uncommon trap: reason=unstable_if action=reinterpret pc=0x0000029016704e2c method=com.badlogic.gdx.graphics.g2d.BitmapFontCache.translate(FF)V @ 9 c2
Event: 36.290 Thread 0x000002902af34800 DEOPT PACKING pc=0x0000029016704e2c sp=0x000000b1e1afe650
Event: 36.290 Thread 0x000002902af34800 DEOPT UNPACKING pc=0x000002900ebb92af sp=0x000000b1e1afe530 mode 2
Event: 44.691 Thread 0x000002902af34800 Uncommon trap: trap_request=0xffffff4d fr.pc=0x00000290166dd2dc relative=0x000000000000029c
Event: 44.691 Thread 0x000002902af34800 Uncommon trap: reason=unstable_if action=reinterpret pc=0x00000290166dd2dc method=java.util.HashMap$HashIterator.<init>(Ljava/util/HashMap;)V @ 45 c2
Event: 44.691 Thread 0x000002902af34800 DEOPT PACKING pc=0x00000290166dd2dc sp=0x000000b1e1afee40
Event: 44.691 Thread 0x000002902af34800 DEOPT UNPACKING pc=0x000002900ebb92af sp=0x000000b1e1afed28 mode 2

Classes redefined (0 events):
No events

Internal exceptions (9 events):
Event: 0.111 Thread 0x000002900acea000 Exception <a 'java/lang/NoSuchMethodError'{0x000000071283f6c0}: 'java.lang.Object java.lang.invoke.DirectMethodHandle$Holder.invokeStaticInit(java.lang.Object, int, int, int, int)'> (0x000000071283f6c0) thrown at [c:/BuildAgent/work/5ff2f6c26000d570/src/h
Event: 0.165 Thread 0x000002900acea000 Exception <a 'java/lang/NoSuchMethodError'{0x0000000712858340}: 'java.lang.Object java.lang.invoke.DirectMethodHandle$Holder.invokeStaticInit(java.lang.Object, java.lang.Object, int, int, int, int)'> (0x0000000712858340) thrown at [c:/BuildAgent/work/5ff2
Event: 0.184 Thread 0x000002900acea000 Exception <a 'java/security/PrivilegedActionException'{0x00000007128e6b68}> (0x00000007128e6b68) thrown at [c:/BuildAgent/work/5ff2f6c26000d570/src/hotspot/share/prims/jvm.cpp, line 1300]
Event: 0.184 Thread 0x000002900acea000 Exception <a 'java/security/PrivilegedActionException'{0x00000007128e9348}> (0x00000007128e9348) thrown at [c:/BuildAgent/work/5ff2f6c26000d570/src/hotspot/share/prims/jvm.cpp, line 1300]
Event: 0.184 Thread 0x000002900acea000 Exception <a 'java/security/PrivilegedActionException'{0x00000007128ea300}> (0x00000007128ea300) thrown at [c:/BuildAgent/work/5ff2f6c26000d570/src/hotspot/share/prims/jvm.cpp, line 1300]
Event: 0.186 Thread 0x000002900acea000 Exception <a 'java/security/PrivilegedActionException'{0x00000007128fb9d0}> (0x00000007128fb9d0) thrown at [c:/BuildAgent/work/5ff2f6c26000d570/src/hotspot/share/prims/jvm.cpp, line 1300]
Event: 0.186 Thread 0x000002900acea000 Exception <a 'java/security/PrivilegedActionException'{0x00000007128fc590}> (0x00000007128fc590) thrown at [c:/BuildAgent/work/5ff2f6c26000d570/src/hotspot/share/prims/jvm.cpp, line 1300]
Event: 0.186 Thread 0x000002900acea000 Exception <a 'java/security/PrivilegedActionException'{0x00000007128fd110}> (0x00000007128fd110) thrown at [c:/BuildAgent/work/5ff2f6c26000d570/src/hotspot/share/prims/jvm.cpp, line 1300]
Event: 0.546 Thread 0x000002902af34800 Exception <a 'java/lang/NoSuchMethodError'{0x0000000711a20890}: 'int java.lang.invoke.DirectMethodHandle$Holder.invokeSpecialIFC(java.lang.Object, java.lang.Object, int)'> (0x0000000711a20890) thrown at [c:/BuildAgent/work/5ff2f6c26000d570/src/hotspot/sha

Events (10 events):
Event: 1.066 loading class com/badlogic/gdx/scenes/scene2d/InputListener$1
Event: 1.066 loading class com/badlogic/gdx/scenes/scene2d/InputListener$1 done
Event: 1.599 loading class org/lwjgl/opengl/WindowsKeycodes
Event: 1.599 loading class org/lwjgl/opengl/WindowsKeycodes done
Event: 1.601 loading class com/badlogic/gdx/backends/lwjgl/LwjglInput$KeyEvent
Event: 1.601 loading class com/badlogic/gdx/backends/lwjgl/LwjglInput$KeyEvent done
Event: 1.797 loading class com/badlogic/gdx/graphics/g2d/SpriteCache$Cache
Event: 1.797 loading class com/badlogic/gdx/graphics/g2d/SpriteCache$Cache done
Event: 2.098 loading class com/badlogic/gdx/math/MathUtils$Sin
Event: 2.098 loading class com/badlogic/gdx/math/MathUtils$Sin done


Dynamic libraries:
0x00007ff631550000 - 0x00007ff631597000 	C:\Program Files (x86)\JetBrains\IntelliJ IDEA 2019.2.4\jbr\bin\java.exe
0x00007ff9319e0000 - 0x00007ff931bd0000 	C:\windows\SYSTEM32\ntdll.dll
0x00007ff931190000 - 0x00007ff931242000 	C:\windows\System32\KERNEL32.DLL
0x00007ff92e970000 - 0x00007ff92ec13000 	C:\windows\System32\KERNELBASE.dll
0x00007ff92ca50000 - 0x00007ff92cadf000 	C:\windows\SYSTEM32\apphelp.dll
0x00007ff92fe80000 - 0x00007ff930014000 	C:\windows\System32\USER32.dll
0x00007ff92f890000 - 0x00007ff92f8b1000 	C:\windows\System32\win32u.dll
0x00007ff92fd30000 - 0x00007ff92fd56000 	C:\windows\System32\GDI32.dll
0x00007ff92f6f0000 - 0x00007ff92f884000 	C:\windows\System32\gdi32full.dll
0x00007ff92f9d0000 - 0x00007ff92fa6e000 	C:\windows\System32\msvcp_win.dll
0x00007ff92ec70000 - 0x00007ff92ed6a000 	C:\windows\System32\ucrtbase.dll
0x00007ff91cfe0000 - 0x00007ff91d265000 	C:\windows\WinSxS\amd64_microsoft.windows.common-controls_6595b64144ccf1df_6.0.18362.592_none_e6c0b1911312be02\COMCTL32.dll
0x00007ff930740000 - 0x00007ff9307de000 	C:\windows\System32\msvcrt.dll
0x00007ff9309a0000 - 0x00007ff930cd6000 	C:\windows\System32\combase.dll
0x00007ff92fd60000 - 0x00007ff92fe80000 	C:\windows\System32\RPCRT4.dll
0x00007ff92eef0000 - 0x00007ff92ef70000 	C:\windows\System32\bcryptPrimitives.dll
0x00007ff930710000 - 0x00007ff93073e000 	C:\windows\System32\IMM32.DLL
0x00007ff91c6a0000 - 0x00007ff91c6b7000 	C:\Program Files (x86)\JetBrains\IntelliJ IDEA 2019.2.4\jbr\bin\vcruntime140.dll
0x00007ff910310000 - 0x00007ff9103ad000 	C:\Program Files (x86)\JetBrains\IntelliJ IDEA 2019.2.4\jbr\bin\msvcp140.dll
0x00007ff8fd380000 - 0x00007ff8fde38000 	C:\Program Files (x86)\JetBrains\IntelliJ IDEA 2019.2.4\jbr\bin\server\jvm.dll
0x00007ff930f30000 - 0x00007ff930fd3000 	C:\windows\System32\ADVAPI32.dll
0x00007ff930e30000 - 0x00007ff930ec7000 	C:\windows\System32\sechost.dll
0x00007ff9307e0000 - 0x00007ff9307e8000 	C:\windows\System32\PSAPI.DLL
0x00007ff91f9c0000 - 0x00007ff91f9c9000 	C:\windows\SYSTEM32\WSOCK32.dll
0x00007ff92b570000 - 0x00007ff92b594000 	C:\windows\SYSTEM32\WINMM.dll
0x00007ff9295e0000 - 0x00007ff9295ea000 	C:\windows\SYSTEM32\VERSION.dll
0x00007ff930880000 - 0x00007ff9308ef000 	C:\windows\System32\WS2_32.dll
0x00007ff92b540000 - 0x00007ff92b56d000 	C:\windows\SYSTEM32\WINMMBASE.dll
0x00007ff92ec20000 - 0x00007ff92ec6a000 	C:\windows\System32\cfgmgr32.dll
0x00007ff92e950000 - 0x00007ff92e961000 	C:\windows\System32\kernel.appcore.dll
0x00007ff91a2f0000 - 0x00007ff91a301000 	C:\Program Files (x86)\JetBrains\IntelliJ IDEA 2019.2.4\jbr\bin\verify.dll
0x00007ff90a580000 - 0x00007ff90a774000 	C:\windows\SYSTEM32\DBGHELP.DLL
0x00007ff91a200000 - 0x00007ff91a22a000 	C:\windows\SYSTEM32\dbgcore.DLL
0x00007ff91a1d0000 - 0x00007ff91a1f9000 	C:\Program Files (x86)\JetBrains\IntelliJ IDEA 2019.2.4\jbr\bin\java.dll
0x00007ff91a2d0000 - 0x00007ff91a2e7000 	C:\Program Files (x86)\JetBrains\IntelliJ IDEA 2019.2.4\jbr\bin\zip.dll
0x00007ff91a1c0000 - 0x00007ff91a1cb000 	C:\Program Files (x86)\JetBrains\IntelliJ IDEA 2019.2.4\jbr\bin\jimage.dll
0x00007ff9312b0000 - 0x00007ff931995000 	C:\windows\System32\SHELL32.dll
0x00007ff9308f0000 - 0x00007ff930999000 	C:\windows\System32\shcore.dll
0x00007ff92ef70000 - 0x00007ff92f6ef000 	C:\windows\System32\windows.storage.dll
0x00007ff92e930000 - 0x00007ff92e94f000 	C:\windows\System32\profapi.dll
0x00007ff92e8c0000 - 0x00007ff92e90a000 	C:\windows\System32\powrprof.dll
0x00007ff92e8b0000 - 0x00007ff92e8c0000 	C:\windows\System32\UMPDC.dll
0x00007ff930ed0000 - 0x00007ff930f22000 	C:\windows\System32\shlwapi.dll
0x00007ff92fa70000 - 0x00007ff92fa87000 	C:\windows\System32\cryptsp.dll
0x00007ff91a1a0000 - 0x00007ff91a1ba000 	C:\Program Files (x86)\JetBrains\IntelliJ IDEA 2019.2.4\jbr\bin\net.dll
0x00007ff925cf0000 - 0x00007ff925de0000 	C:\windows\SYSTEM32\WINHTTP.dll
0x00007ff925e40000 - 0x00007ff926016000 	C:\windows\SYSTEM32\urlmon.dll
0x00007ff926c70000 - 0x00007ff926f16000 	C:\windows\SYSTEM32\iertutil.dll
0x00007ff92e290000 - 0x00007ff92e29c000 	C:\windows\SYSTEM32\CRYPTBASE.DLL
0x00007ff92e0c0000 - 0x00007ff92e127000 	C:\windows\system32\mswsock.dll
0x00007ff91a180000 - 0x00007ff91a194000 	C:\Program Files (x86)\JetBrains\IntelliJ IDEA 2019.2.4\jbr\bin\nio.dll
0x0000000065ac0000 - 0x0000000065b0b000 	C:\Users\phr503\AppData\Local\Temp\libgdxphr503\7d76f548\gdx64.dll
0x00007ff92dc30000 - 0x00007ff92dc63000 	C:\windows\system32\rsaenh.dll
0x00007ff92ed70000 - 0x00007ff92ed96000 	C:\windows\System32\bcrypt.dll
0x00007ff92e7d0000 - 0x00007ff92e7f5000 	C:\windows\SYSTEM32\USERENV.dll
0x00007ff92ddd0000 - 0x00007ff92de0a000 	C:\windows\SYSTEM32\IPHLPAPI.DLL
0x00007ff930680000 - 0x00007ff930688000 	C:\windows\System32\NSI.dll
0x00007ff92a890000 - 0x00007ff92a8a6000 	C:\windows\SYSTEM32\dhcpcsvc6.DLL
0x00007ff92a480000 - 0x00007ff92a49c000 	C:\windows\SYSTEM32\dhcpcsvc.DLL
0x00007ff92de10000 - 0x00007ff92deda000 	C:\windows\SYSTEM32\DNSAPI.dll
0x0000000180000000 - 0x0000000180053000 	C:\Users\phr503\AppData\Local\Temp\libgdxphr503\1cecf4f6\lwjgl64.dll
0x00007ff901070000 - 0x00007ff9011c6000 	C:\windows\SYSTEM32\OPENGL32.dll
0x00007ff90b890000 - 0x00007ff90b8bc000 	C:\windows\SYSTEM32\GLU32.dll
0x00007ff92d550000 - 0x00007ff92d570000 	C:\windows\SYSTEM32\dxcore.dll
0x000002900ac40000 - 0x000002900aca4000 	C:\Users\phr503\AppData\Local\Temp\libgdxphr503\1cecf4f6\OpenAL64.dll
0x00007ff92fbd0000 - 0x00007ff92fd26000 	C:\windows\System32\ole32.dll
0x00007ff92ce90000 - 0x00007ff92cf29000 	C:\windows\system32\uxtheme.dll
0x00007ff930030000 - 0x00007ff9300d2000 	C:\windows\System32\clbcatq.dll
0x00007ff915390000 - 0x00007ff915429000 	C:\windows\SYSTEM32\dsound.dll
0x00007ff9260e0000 - 0x00007ff926152000 	C:\windows\System32\MMDevApi.dll
0x00007ff92e6b0000 - 0x00007ff92e6da000 	C:\windows\System32\DEVOBJ.dll
0x00007ff90b0a0000 - 0x00007ff90b1fd000 	C:\windows\SYSTEM32\AUDIOSES.DLL
0x00007ff930550000 - 0x00007ff930614000 	C:\windows\System32\OLEAUT32.dll
0x00007ff9296c0000 - 0x00007ff929813000 	C:\windows\SYSTEM32\wintypes.dll
0x00007ff92cf30000 - 0x00007ff92cf44000 	C:\windows\SYSTEM32\resourcepolicyclient.dll
0x00007ff927840000 - 0x00007ff9278ee000 	C:\windows\SYSTEM32\mscms.dll
0x00007ff9276d0000 - 0x00007ff9276e7000 	C:\windows\SYSTEM32\ColorAdapterClient.dll
0x00007ff91c600000 - 0x00007ff91c61a000 	C:\Windows\System32\Windows.Internal.Graphics.Display.DisplayColorManagement.dll
0x00007ff92fa90000 - 0x00007ff92fbc5000 	C:\windows\System32\MSCTF.dll
0x00007ff929f30000 - 0x00007ff929fce000 	C:\windows\System32\TextInputFramework.dll
0x00007ff929820000 - 0x00007ff929b4a000 	C:\windows\System32\CoreUIComponents.dll
0x00007ff92c840000 - 0x00007ff92c914000 	C:\windows\System32\CoreMessaging.dll
0x00007ff92d850000 - 0x00007ff92d881000 	C:\windows\SYSTEM32\ntmarta.dll
0x00007ff8f62b0000 - 0x00007ff8f7143000 	C:\windows\System32\DriverStore\FileRepository\iigd_dch_base.inf_amd64_b95c9a044993331b\ig9icd64.dll
0x00007ff92d220000 - 0x00007ff92d24d000 	C:\windows\SYSTEM32\dwmapi.dll
0x00007ff92d670000 - 0x00007ff92d75b000 	C:\windows\system32\dxgi.dll
0x00007ff917190000 - 0x00007ff9171d3000 	C:\windows\SYSTEM32\icm32.dll
0x00007ff9115a0000 - 0x00007ff911682000 	C:\windows\System32\DriverStore\FileRepository\iigd_dch_base.inf_amd64_b95c9a044993331b\igdgmm64.dll
0x00007ff9220c0000 - 0x00007ff924025000 	C:\windows\System32\DriverStore\FileRepository\iigd_dch_base.inf_amd64_b95c9a044993331b\igc64.dll
0x000000006e9c0000 - 0x000000006ea1b000 	C:\Users\phr503\AppData\Local\Temp\libgdxphr503\b8f13a6a\gdx-box2d64.dll

dbghelp: loaded successfully - version: 4.0.5 - missing functions: none
symbol engine: initialized successfully - sym options: 0x614 - pdb path: .;C:\Program Files (x86)\JetBrains\IntelliJ IDEA 2019.2.4\jbr\bin;C:\windows\SYSTEM32;C:\windows\WinSxS\amd64_microsoft.windows.common-controls_6595b64144ccf1df_6.0.18362.592_none_e6c0b1911312be02;C:\Program Files (x86)\JetBrains\IntelliJ IDEA 2019.2.4\jbr\bin\server;C:\Users\phr503\AppData\Local\Temp\libgdxphr503\7d76f548;C:\Users\phr503\AppData\Local\Temp\libgdxphr503\1cecf4f6;C:\windows\System32\DriverStore\FileRepository\iigd_dch_base.inf_amd64_b95c9a044993331b;C:\Users\phr503\AppData\Local\Temp\libgdxphr503\b8f13a6a

VM Arguments:
jvm_args: -Dfile.encoding=windows-1252 -Duser.country=GB -Duser.language=en -Duser.variant 
java_command: com.berbils.game.desktop.DesktopLauncher
java_class_path (initial): C:\Users\phr503\Game\desktop\build\classes\java\main;C:\Users\phr503\Game\desktop\build\resources\main;C:\Users\phr503\.gradle\caches\modules-2\files-2.1\com.badlogicgames.gdx\gdx-tools\1.9.10\67524f012868e0cff57531b5bfda2781d00c6b1f\gdx-tools-1.9.10.jar;C:\Users\phr503\.gradle\caches\modules-2\files-2.1\com.badlogicgames.gdx\gdx-backend-lwjgl\1.9.10\8f88abd43500d94c486d25f04d642318da72773a\gdx-backend-lwjgl-1.9.10.jar;C:\Users\phr503\.gradle\caches\modules-2\files-2.1\com.badlogicgames.gdx\gdx-platform\1.9.10\1907b49f8363dd1ee37d273854a9cc3c741a6e66\gdx-platform-1.9.10-natives-desktop.jar;C:\Users\phr503\.gradle\caches\modules-2\files-2.1\com.badlogicgames.gdx\gdx-box2d-platform\1.9.10\91b19c283b24eec646a18e0e7b940c829920df4f\gdx-box2d-platform-1.9.10-natives-desktop.jar;C:\Users\phr503\Game\core\build\libs\core-1.0.jar;C:\Users\phr503\.gradle\caches\modules-2\files-2.1\com.badlogicgames.gdx\gdx-backend-headless\1.9.10\d357526e6bb3d36b01b4f833ab42588e5285d487\gdx-backend-headless-1.9.10.jar;C:\Users\phr503\.gradle\caches\modules-2\files-2.1\com.badlogicgames.gdx\gdx-freetype\1.9.10\8853e4f08589a9feb4b851187909cfde8810e491\gdx-freetype-1.9.10.jar;C:\Users\phr503\.gradle\caches\modules-2\files-2.1\com.badlogicgames.box2dlights\box2dlights\1.4\3d77ad5b4164fb32fc67e2446e35911bb0aaf0bd\box2dlights-1.4.jar;C:\Users\phr503\.gradle\caches\modules-2\files-2.1\com.badlogicgames.gdx\gdx-box2d\1.9.10\d68a7a3484d47529a8d23cd467579eb098b38a9e\gdx-box2d-1.9.10.jar;C:\Users\phr503\.gradle\caches\modules-2\files-2.1\com.badlogicgames.gdx\gdx-ai\1.8.0\ec30677d8ab1a8b8aa4b853c5f4e4b1361f50bf5\gdx-ai-1.8.0.jar;C:\Users\phr503\.gradle\caches\modules-2\files-2.1\com.badlogicgames.gdx\gdx\1.9.10\79d9ad27bd5e3eb18c9ade61d3a27d7237695d53\gdx-1.9.10.jar;C:\Users\phr503\.gradle\caches\modules-2\files-2.1\org.lwjgl.lwjgl\lwjgl_util\2.9.3\751f06b62424da056954c67288fd5c494431e350\lwjgl_util-2.9.3.jar;C:\Users\phr503\.gradle\caches\modules-2\files-2.1\org.lwjgl.lwjgl
Launcher Type: SUN_STANDARD

[Global flags]
     intx CICompilerCount                          = 3                                         {product} {ergonomic}
     uint ConcGCThreads                            = 2                                         {product} {ergonomic}
     uint G1ConcRefinementThreads                  = 6                                         {product} {ergonomic}
   size_t G1HeapRegionSize                         = 1048576                                   {product} {ergonomic}
    uintx GCDrainStackTargetSize                   = 64                                        {product} {ergonomic}
   size_t InitialHeapSize                          = 266338304                                 {product} {ergonomic}
   size_t MarkStackSize                            = 4194304                                   {product} {ergonomic}
   size_t MaxHeapSize                              = 4246732800                                {product} {ergonomic}
   size_t MaxNewSize                               = 2548039680                                {product} {ergonomic}
   size_t MinHeapDeltaBytes                        = 1048576                                   {product} {ergonomic}
    uintx NonNMethodCodeHeapSize                   = 5830092                                {pd product} {ergonomic}
    uintx NonProfiledCodeHeapSize                  = 122914074                              {pd product} {ergonomic}
    uintx ProfiledCodeHeapSize                     = 122914074                              {pd product} {ergonomic}
    uintx ReservedCodeCacheSize                    = 251658240                              {pd product} {ergonomic}
     bool SegmentedCodeCache                       = true                                      {product} {ergonomic}
     bool UseCompressedClassPointers               = true                                 {lp64_product} {ergonomic}
     bool UseCompressedOops                        = true                                 {lp64_product} {ergonomic}
     bool UseG1GC                                  = true                                      {product} {ergonomic}
     bool UseLargePagesIndividualAllocation        = false                                  {pd product} {ergonomic}

Logging:
Log output configuration:
 #0: stdout all=warning uptime,level,tags
 #1: stderr all=off uptime,level,tags

Environment Variables:
JAVA_HOME=C:\Program Files\AdoptOpenJDK\jdk-11.0.3.7-hotspot
CLASSPATH=.;T:\Computer Science\Apps\junit4.1\junit-4.1.jar;T:\Computer Science\Apps\daikon\daikon.jar
PATH=C:\texlive\2015\bin\win32;C:\Program Files\AdoptOpenJDK\jdk-11.0.3.7-hotspot\bin;C:\Apps\Anaconda3;C:\Apps\Anaconda3\Library\mingw-w64\bin;C:\Apps\Anaconda3\Library\usr\bin;C:\Apps\Anaconda3\Library\bin;C:\Apps\Anaconda3\Scripts;C:\windows\system32;C:\windows;C:\windows\System32\Wbem;C:\windows\System32\WindowsPowerShell\v1.0\;C:\windows\System32\OpenSSH\;C:\Program Files (x86)\Symyx\Symyx Draw 4.0\lib;C:\Program Files (x86)\LyX 2.3\Perl\bin;C:\Program Files\MATLAB\R2019a\runtime\win64;C:\Program Files\MATLAB\R2019a\bin;C:\TeX\MiKTeX\miktex\bin\x64\;C:\APPS\MINGW\bin;C:\Program Files (x86)\PuTTY\;C:\APPS\RTOOLS\bin;C:\TEX\texlive\2016\bin\win32;C:\Program Files (x86)\Wolfram Research\WolframScript\;C:\Program Files\Microsoft SQL Server\120\Tools\Binn\;C:\Program Files (x86)\Common Files\Propellerhead Software\ReWire\;C:\Program Files\Common Files\Propellerhead Software\ReWire\;C:\Program Files (x86)\IT Services\Tools\;C:\Program Files\Microsoft VS Code\bin;C:\Program Files (x86)\Digilent\AdeptUtilities;C:\Program Files\dotnet\;C:\Program Files\Microsoft SQL Server\130\Tools\Binn\;C:\Program Files\Git\cmd;C:\Program Files\TortoiseGit\bin;C:\Users\phr503\AppData\Local\Microsoft\WindowsApps;
USERNAME=phr503
OS=Windows_NT
PROCESSOR_IDENTIFIER=Intel64 Family 6 Model 158 Stepping 10, GenuineIntel



---------------  S Y S T E M  ---------------

OS: Windows 10 , 64 bit Build 18362 (10.0.18362.329)

CPU:total 6 (initial active 6) (6 cores per cpu, 1 threads per core) family 6 model 158 stepping 10, cmov, cx8, fxsr, mmx, sse, sse2, sse3, ssse3, sse4.1, sse4.2, popcnt, avx, avx2, aes, clmul, erms, rtm, 3dnowpref, lzcnt, tsc, tscinvbit, bmi1, bmi2, adx, fma

Memory: 4k page, system-wide physical 16192M (9765M free)
TotalPageFile size 18624M (AvailPageFile size 12157M)
current process WorkingSet (physical memory assigned to process): 137M, peak: 149M
current process commit charge ("private bytes"): 376M, peak: 388M

vm_info: OpenJDK 64-Bit Server VM (11.0.4+10-b304.77) for windows-amd64 JRE (11.0.4+10-b304.77), built on Oct 10 2019 15:02:36 by "" with MS VC++ 14.0 (VS2015)

END.
