#
# A fatal error has been detected by the Java Runtime Environment:
#
#  EXCEPTION_ACCESS_VIOLATION (0xc0000005) at pc=0x000000006e9cbbb1, pid=1248, tid=2968
#
# JRE version: OpenJDK Runtime Environment (11.0.5+10) (build 11.0.5+10-b520.17)
# Java VM: OpenJDK 64-Bit Server VM (11.0.5+10-b520.17, mixed mode, sharing, tiered, compressed oops, g1 gc, windows-amd64)
# Problematic frame:
# C  [gdx-box2d64.dll+0xbbb1]
#
# No core dump will be written. Minidumps are not enabled by default on client versions of Windows
#
# If you would like to submit a bug report, please visit:
#   http://bugreport.java.com/bugreport/crash.jsp
# The crash happened outside the Java Virtual Machine in native code.
# See problematic frame for where to report the bug.
#

---------------  S U M M A R Y ------------

Command Line: -Dfile.encoding=windows-1252 -Duser.country=GB -Duser.language=en -Duser.variant com.berbils.game.desktop.DesktopLauncher

Host: Intel(R) Core(TM) i5-6200U CPU @ 2.30GHz, 4 cores, 7G,  Windows 10 , 64 bit Build 18362 (10.0.18362.329)
Time: Sat Jan 18 11:29:01 2020 GMT Standard Time elapsed time: 20 seconds (0d 0h 0m 20s)

---------------  T H R E A D  ---------------

Current thread (0x0000024d369b3800):  JavaThread "LWJGL Application" [_thread_in_native, id=2968, stack(0x000000536ae00000,0x000000536af00000)]

Stack: [0x000000536ae00000,0x000000536af00000],  sp=0x000000536aefe710,  free space=1017k
Native frames: (J=compiled Java code, j=interpreted, Vv=VM code, C=native code)
C  [gdx-box2d64.dll+0xbbb1]

Java frames: (J=compiled Java code, j=interpreted, Vv=VM code)
j  com.badlogic.gdx.physics.box2d.World.jniCreateBody(JIFFFFFFFFZZZZZF)J+0
j  com.badlogic.gdx.physics.box2d.World.createBody(Lcom/badlogic/gdx/physics/box2d/BodyDef;)Lcom/badlogic/gdx/physics/box2d/Body;+80
j  com.berbils.game.Entities.EntityTypes.Entity.createBodyCopy()V+9
j  com.berbils.game.Entities.ProjectileSpawners.Weapon.spawnProjectile(Lcom/badlogic/gdx/math/Vector2;Lcom/badlogic/gdx/math/Vector2;)V+12
J 1614 c1 com.berbils.game.Entities.ProjectileSpawners.BasicProjectileSpawner.attack(Lcom/badlogic/gdx/math/Vector2;Lcom/badlogic/gdx/math/Vector2;)V (26 bytes) @ 0x0000024d1fe71444 [0x0000024d1fe71180+0x00000000000002c4]
J 1490 c1 com.berbils.game.Tools.InputManager.handlePlayerInput(Lcom/berbils/game/Entities/FireEngines/FireEngine;F)V (284 bytes) @ 0x0000024d1fe3f0f4 [0x0000024d1fe3c1e0+0x0000000000002f14]
J 1424 c1 com.berbils.game.Screens.PlayScreen.update(F)V (127 bytes) @ 0x0000024d1fdfbbc4 [0x0000024d1fdfa5c0+0x0000000000001604]
J 1423 c1 com.berbils.game.Screens.PlayScreen.render(F)V (123 bytes) @ 0x0000024d1fdfd2d4 [0x0000024d1fdfd220+0x00000000000000b4]
J 1522 c1 com.berbils.game.Kroy.render()V (5 bytes) @ 0x0000024d1fe4ebfc [0x0000024d1fe4e9e0+0x000000000000021c]
j  com.badlogic.gdx.backends.lwjgl.LwjglApplication.mainLoop()V+770
j  com.badlogic.gdx.backends.lwjgl.LwjglApplication$1.run()V+27
v  ~StubRoutines::call_stub

siginfo: EXCEPTION_ACCESS_VIOLATION (0xc0000005), reading address 0x0000024f363b8070


Register to memory mapping:

RIP=0x000000006e9cbbb1 gdx-box2d64.dll
RAX=0x000000006ea10060 gdx-box2d64.dll
RBX=0x0000024f363b8070 is an unknown value
RCX=0x0000024d3639c8c0 points into unknown readable memory: 50 5c 3b 36 4d 02 00 00
RDX=0x00000000000000b8 is an unknown value
RSP=0x000000536aefe710 is pointing into the stack for thread: 0x0000024d369b3800
RBP=0x0000024d3639c8f0 points into unknown readable memory: 00 00 00 00 00 00 00 00
RSI=0x0000024d3639c8c0 points into unknown readable memory: 50 5c 3b 36 4d 02 00 00
RDI=0x000000536aefe7d0 is pointing into the stack for thread: 0x0000024d369b3800
R8 =0x0000024d3639c8c0 points into unknown readable memory: 50 5c 3b 36 4d 02 00 00
R9 =0x0000000000000002 is an unknown value
R10=0x0 is NULL
R11=0x0000000000000001 is an unknown value
R12=0x0 is NULL
R13=0x0000000000000006 is an unknown value
R14=0x000000536aefe9c0 is pointing into the stack for thread: 0x0000024d369b3800
R15=0x0000024d369b3800 is a thread


Registers:
RAX=0x000000006ea10060, RBX=0x0000024f363b8070, RCX=0x0000024d3639c8c0, RDX=0x00000000000000b8
RSP=0x000000536aefe710, RBP=0x0000024d3639c8f0, RSI=0x0000024d3639c8c0, RDI=0x000000536aefe7d0
R8 =0x0000024d3639c8c0, R9 =0x0000000000000002, R10=0x0000000000000000, R11=0x0000000000000001
R12=0x0000000000000000, R13=0x0000000000000006, R14=0x000000536aefe9c0, R15=0x0000024d369b3800
RIP=0x000000006e9cbbb1, EFLAGS=0x0000000000010202

Top of Stack: (sp=0x000000536aefe710)
0x000000536aefe710:   0000024d35e095a0 0000024d369b3800
0x000000536aefe720:   00007ffc9441b9f8 0000024d40d50740
0x000000536aefe730:   0000000000000001 0000024d3639c8c0
0x000000536aefe740:   000000536aefe7d0 000000536aefe918
0x000000536aefe750:   0000000000000000 0000024d35e095a0
0x000000536aefe760:   000000536aefe9c0 000000006e9e1163
0x000000536aefe770:   000000536aefe810 000000536aefe810
0x000000536aefe780:   0000000000000003 0000024d35e095a0
0x000000536aefe790:   0000000000000001 0000024d3561b648
0x000000536aefe7a0:   000000000009f4d8 000000006e9e6a36
0x000000536aefe7b0:   0000024d369b3800 000000536aefe9c0
0x000000536aefe7c0:   000000536aefe918 0000024d1f5a878b
0x000000536aefe7d0:   3f522de300000002 00000000400a0e02
0x000000536aefe7e0:   0000000000000000 0000000000000000
0x000000536aefe7f0:   0000010100000000 000000536aefe901
0x000000536aefe800:   0000000000000000 000000003f800000 

Instructions: (pc=0x000000006e9cbbb1)
0x000000006e9cbab1:   3d 89 45 04 00 00 75 5e 48 8d 3d a1 45 04 00 bb
0x000000006e9cbac1:   01 00 00 00 31 f6 48 8d 2d 32 45 03 00 eb 04 48
0x000000006e9cbad1:   83 c7 01 48 63 c6 39 5c 85 00 7d 03 83 c6 01 83
0x000000006e9cbae1:   c3 01 40 88 37 81 fb 81 02 00 00 74 22 83 fe 0d
0x000000006e9cbaf1:   7e dd 48 8d 15 56 60 03 00 48 8d 0d bb 60 03 00
0x000000006e9cbb01:   41 b8 49 00 00 00 e8 c4 aa 02 00 eb c2 66 90 c6
0x000000006e9cbb11:   05 29 45 04 00 01 48 83 c4 28 5b 5e 5f 5d c3 57
0x000000006e9cbb21:   56 53 48 83 ec 20 8b 41 08 31 f6 31 db 48 89 cf
0x000000006e9cbb31:   85 c0 7e 19 48 8b 07 83 c3 01 48 8b 4c 30 08 48
0x000000006e9cbb41:   83 c6 10 e8 c7 08 00 00 39 5f 08 7f e7 48 8b 0f
0x000000006e9cbb51:   48 83 c4 20 5b 5e 5f e9 b3 08 00 00 90 66 90 41
0x000000006e9cbb61:   56 41 55 41 54 55 57 56 53 48 83 ec 20 48 63 da
0x000000006e9cbb71:   48 89 ce 83 fb 00 0f 84 66 01 00 00 0f 8e 42 01
0x000000006e9cbb81:   00 00 81 fb 80 02 00 00 0f 8f 21 01 00 00 48 8d
0x000000006e9cbb91:   05 ca 44 04 00 44 0f b6 2c 18 41 80 fd 0d 4c 89
0x000000006e9cbba1:   eb 77 2c 48 8d 2c de 48 8b 5d 10 48 85 db 74 45
0x000000006e9cbbb1:   48 8b 03 48 89 45 10 48 89 d8 48 83 c4 20 5b 5e
0x000000006e9cbbc1:   5f 5d 41 5c 41 5d 41 5e c3 66 0f 1f 44 00 00 48
0x000000006e9cbbd1:   8d 15 79 5f 03 00 48 8d 0d fa 5f 03 00 48 8d 2c
0x000000006e9cbbe1:   de 41 b8 70 00 00 00 e8 e3 a9 02 00 48 8b 5d 10
0x000000006e9cbbf1:   48 85 db 75 bb 4c 63 66 08 44 3b 66 0c 0f 84 1c
0x000000006e9cbc01:   01 00 00 49 c1 e4 04 4c 03 26 b9 00 40 00 00 e8
0x000000006e9cbc11:   eb 07 00 00 48 89 c3 4d 63 ed 49 89 44 24 08 48
0x000000006e9cbc21:   8d 05 d9 43 03 00 42 8b 3c a8 b8 00 40 00 00 99
0x000000006e9cbc31:   f7 ff 41 89 fd 41 89 3c 24 44 0f af e8 41 89 c6
0x000000006e9cbc41:   41 81 fd 00 40 00 00 0f 8f a6 00 00 00 41 83 fe
0x000000006e9cbc51:   01 7e 2a 4c 63 c7 41 8d 46 ff 31 d2 4d 89 c1 4a
0x000000006e9cbc61:   8d 0c 03 49 f7 d9 66 0f 1f 84 00 00 00 00 00 83
0x000000006e9cbc71:   c2 01 4a 89 0c 09 4c 01 c1 39 c2 75 f2 41 29 fd
0x000000006e9cbc81:   4d 63 ed 4a c7 04 2b 00 00 00 00 48 8b 03 48 89
0x000000006e9cbc91:   45 10 83 46 08 01 48 89 d8 48 83 c4 20 5b 5e 5f
0x000000006e9cbca1:   5d 41 5c 41 5d 41 5e c3 0f 1f 80 00 00 00 00 89 


Stack slot to memory mapping:
stack at sp + 0 slots: {method} {0x0000024d35e095a8} 'jniCreateBody' '(JIFFFFFFFFZZZZZF)J' in 'com/badlogic/gdx/physics/box2d/World'
stack at sp + 1 slots: 0x0000024d369b3800 is a thread
stack at sp + 2 slots: 0x00007ffc9441b9f8 jvm.dll
stack at sp + 3 slots: 0x0000024d40d50740 points into unknown readable memory: 13 00 01 00 b0 aa 28 4a
stack at sp + 4 slots: 0x0000000000000001 is an unknown value
stack at sp + 5 slots: 0x0000024d3639c8c0 points into unknown readable memory: 50 5c 3b 36 4d 02 00 00
stack at sp + 6 slots: 0x000000536aefe7d0 is pointing into the stack for thread: 0x0000024d369b3800
stack at sp + 7 slots: 0x000000536aefe918 is pointing into the stack for thread: 0x0000024d369b3800


---------------  P R O C E S S  ---------------

Threads class SMR info:
_java_thread_list=0x0000024d36eb6170, length=13, elements={
0x0000024d355a0000, 0x0000024d355a1800, 0x0000024d355bc000, 0x0000024d355bd000,
0x0000024d355c0800, 0x0000024d355c6800, 0x0000024d355d6800, 0x0000024d36044000,
0x0000024d36045800, 0x0000024d369b3800, 0x0000024d1b6f2000, 0x0000024d40f2e000,
0x0000024d40d1a000
}

Java Threads: ( => current thread )
  0x0000024d355a0000 JavaThread "Reference Handler" daemon [_thread_blocked, id=15452, stack(0x000000536a200000,0x000000536a300000)]
  0x0000024d355a1800 JavaThread "Finalizer" daemon [_thread_blocked, id=12740, stack(0x000000536a300000,0x000000536a400000)]
  0x0000024d355bc000 JavaThread "Signal Dispatcher" daemon [_thread_blocked, id=8128, stack(0x000000536a400000,0x000000536a500000)]
  0x0000024d355bd000 JavaThread "Attach Listener" daemon [_thread_blocked, id=9164, stack(0x000000536a500000,0x000000536a600000)]
  0x0000024d355c0800 JavaThread "C2 CompilerThread0" daemon [_thread_blocked, id=5076, stack(0x000000536a600000,0x000000536a700000)]
  0x0000024d355c6800 JavaThread "C1 CompilerThread0" daemon [_thread_blocked, id=7152, stack(0x000000536a700000,0x000000536a800000)]
  0x0000024d355d6800 JavaThread "Sweeper thread" daemon [_thread_blocked, id=8676, stack(0x000000536a800000,0x000000536a900000)]
  0x0000024d36044000 JavaThread "Service Thread" daemon [_thread_blocked, id=13536, stack(0x000000536a900000,0x000000536aa00000)]
  0x0000024d36045800 JavaThread "Common-Cleaner" daemon [_thread_blocked, id=14540, stack(0x000000536ab00000,0x000000536ac00000)]
=>0x0000024d369b3800 JavaThread "LWJGL Application" [_thread_in_native, id=2968, stack(0x000000536ae00000,0x000000536af00000)]
  0x0000024d1b6f2000 JavaThread "DestroyJavaVM" [_thread_blocked, id=3328, stack(0x0000005369b00000,0x0000005369c00000)]
  0x0000024d40f2e000 JavaThread "AssetManager" daemon [_thread_blocked, id=14200, stack(0x000000536b200000,0x000000536b300000)]
  0x0000024d40d1a000 JavaThread "LWJGL Timer" daemon [_thread_blocked, id=15812, stack(0x000000536b600000,0x000000536b700000)]

Other Threads:
  0x0000024d3559a000 VMThread "VM Thread" [stack: 0x000000536a100000,0x000000536a200000] [id=11540]
  0x0000024d36045000 WatcherThread [stack: 0x000000536aa00000,0x000000536ab00000] [id=12116]
  0x0000024d1b70c800 GCTaskThread "GC Thread#0" [stack: 0x0000005369c00000,0x0000005369d00000] [id=14972]
  0x0000024d40ebe800 GCTaskThread "GC Thread#1" [stack: 0x000000536b300000,0x000000536b400000] [id=8928]
  0x0000024d40ebf000 GCTaskThread "GC Thread#2" [stack: 0x000000536b400000,0x000000536b500000] [id=12164]
  0x0000024d40ebf800 GCTaskThread "GC Thread#3" [stack: 0x000000536b500000,0x000000536b600000] [id=1416]
  0x0000024d1b73c000 ConcurrentGCThread "G1 Main Marker" [stack: 0x0000005369d00000,0x0000005369e00000] [id=2684]
  0x0000024d1b73d800 ConcurrentGCThread "G1 Conc#0" [stack: 0x0000005369e00000,0x0000005369f00000] [id=1016]
  0x0000024d1b7ae800 ConcurrentGCThread "G1 Refine#0" [stack: 0x0000005369f00000,0x000000536a000000] [id=11288]
  0x0000024d35431800 ConcurrentGCThread "G1 Young RemSet Sampling" [stack: 0x000000536a000000,0x000000536a100000] [id=10720]

Threads with active compile tasks:

VM state:not at safepoint (normal execution)

VM Mutex/Monitor currently owned by a thread: None

Heap address: 0x0000000081a00000, size: 2022 MB, Compressed Oops mode: 32-bit
Narrow klass base: 0x0000000800000000, Narrow klass shift: 3
Compressed class space size: 1073741824 Address: 0x0000000840000000

Heap:
 garbage-first heap   total 131072K, used 9270K [0x0000000081a00000, 0x0000000100000000)
  region size 1024K, 10 young (10240K), 2 survivors (2048K)
 Metaspace       used 7356K, capacity 9580K, committed 9856K, reserved 1058816K
  class space    used 597K, capacity 836K, committed 896K, reserved 1048576K
Heap Regions: E=young(eden), S=young(survivor), O=old, HS=humongous(starts), HC=humongous(continues), CS=collection set, F=free, A=archive, TAMS=top-at-mark-start (previous, next)
|   0|0x0000000081a00000, 0x0000000081a0d800, 0x0000000081b00000|  5%| O|  |TAMS 0x0000000081a00000, 0x0000000081a00000| Untracked 
|   1|0x0000000081b00000, 0x0000000081b00000, 0x0000000081c00000|  0%| F|  |TAMS 0x0000000081b00000, 0x0000000081b00000| Untracked 
|   2|0x0000000081c00000, 0x0000000081c00000, 0x0000000081d00000|  0%| F|  |TAMS 0x0000000081c00000, 0x0000000081c00000| Untracked 
|   3|0x0000000081d00000, 0x0000000081d00000, 0x0000000081e00000|  0%| F|  |TAMS 0x0000000081d00000, 0x0000000081d00000| Untracked 
|   4|0x0000000081e00000, 0x0000000081e00000, 0x0000000081f00000|  0%| F|  |TAMS 0x0000000081e00000, 0x0000000081e00000| Untracked 
|   5|0x0000000081f00000, 0x0000000081f00000, 0x0000000082000000|  0%| F|  |TAMS 0x0000000081f00000, 0x0000000081f00000| Untracked 
|   6|0x0000000082000000, 0x0000000082000000, 0x0000000082100000|  0%| F|  |TAMS 0x0000000082000000, 0x0000000082000000| Untracked 
|   7|0x0000000082100000, 0x0000000082100000, 0x0000000082200000|  0%| F|  |TAMS 0x0000000082100000, 0x0000000082100000| Untracked 
|   8|0x0000000082200000, 0x0000000082200000, 0x0000000082300000|  0%| F|  |TAMS 0x0000000082200000, 0x0000000082200000| Untracked 
|   9|0x0000000082300000, 0x0000000082300000, 0x0000000082400000|  0%| F|  |TAMS 0x0000000082300000, 0x0000000082300000| Untracked 
|  10|0x0000000082400000, 0x0000000082400000, 0x0000000082500000|  0%| F|  |TAMS 0x0000000082400000, 0x0000000082400000| Untracked 
|  11|0x0000000082500000, 0x0000000082500000, 0x0000000082600000|  0%| F|  |TAMS 0x0000000082500000, 0x0000000082500000| Untracked 
|  12|0x0000000082600000, 0x0000000082600000, 0x0000000082700000|  0%| F|  |TAMS 0x0000000082600000, 0x0000000082600000| Untracked 
|  13|0x0000000082700000, 0x0000000082700000, 0x0000000082800000|  0%| F|  |TAMS 0x0000000082700000, 0x0000000082700000| Untracked 
|  14|0x0000000082800000, 0x0000000082800000, 0x0000000082900000|  0%| F|  |TAMS 0x0000000082800000, 0x0000000082800000| Untracked 
|  15|0x0000000082900000, 0x0000000082900000, 0x0000000082a00000|  0%| F|  |TAMS 0x0000000082900000, 0x0000000082900000| Untracked 
|  16|0x0000000082a00000, 0x0000000082a00000, 0x0000000082b00000|  0%| F|  |TAMS 0x0000000082a00000, 0x0000000082a00000| Untracked 
|  17|0x0000000082b00000, 0x0000000082b00000, 0x0000000082c00000|  0%| F|  |TAMS 0x0000000082b00000, 0x0000000082b00000| Untracked 
|  18|0x0000000082c00000, 0x0000000082c00000, 0x0000000082d00000|  0%| F|  |TAMS 0x0000000082c00000, 0x0000000082c00000| Untracked 
|  19|0x0000000082d00000, 0x0000000082d00000, 0x0000000082e00000|  0%| F|  |TAMS 0x0000000082d00000, 0x0000000082d00000| Untracked 
|  20|0x0000000082e00000, 0x0000000082e00000, 0x0000000082f00000|  0%| F|  |TAMS 0x0000000082e00000, 0x0000000082e00000| Untracked 
|  21|0x0000000082f00000, 0x0000000082f00000, 0x0000000083000000|  0%| F|  |TAMS 0x0000000082f00000, 0x0000000082f00000| Untracked 
|  22|0x0000000083000000, 0x0000000083000000, 0x0000000083100000|  0%| F|  |TAMS 0x0000000083000000, 0x0000000083000000| Untracked 
|  23|0x0000000083100000, 0x0000000083100000, 0x0000000083200000|  0%| F|  |TAMS 0x0000000083100000, 0x0000000083100000| Untracked 
|  24|0x0000000083200000, 0x0000000083200000, 0x0000000083300000|  0%| F|  |TAMS 0x0000000083200000, 0x0000000083200000| Untracked 
|  25|0x0000000083300000, 0x0000000083300000, 0x0000000083400000|  0%| F|  |TAMS 0x0000000083300000, 0x0000000083300000| Untracked 
|  26|0x0000000083400000, 0x0000000083400000, 0x0000000083500000|  0%| F|  |TAMS 0x0000000083400000, 0x0000000083400000| Untracked 
|  27|0x0000000083500000, 0x0000000083500000, 0x0000000083600000|  0%| F|  |TAMS 0x0000000083500000, 0x0000000083500000| Untracked 
|  28|0x0000000083600000, 0x0000000083600000, 0x0000000083700000|  0%| F|  |TAMS 0x0000000083600000, 0x0000000083600000| Untracked 
|  29|0x0000000083700000, 0x0000000083700000, 0x0000000083800000|  0%| F|  |TAMS 0x0000000083700000, 0x0000000083700000| Untracked 
|  30|0x0000000083800000, 0x0000000083800000, 0x0000000083900000|  0%| F|  |TAMS 0x0000000083800000, 0x0000000083800000| Untracked 
|  31|0x0000000083900000, 0x0000000083900000, 0x0000000083a00000|  0%| F|  |TAMS 0x0000000083900000, 0x0000000083900000| Untracked 
|  32|0x0000000083a00000, 0x0000000083a00000, 0x0000000083b00000|  0%| F|  |TAMS 0x0000000083a00000, 0x0000000083a00000| Untracked 
|  33|0x0000000083b00000, 0x0000000083b00000, 0x0000000083c00000|  0%| F|  |TAMS 0x0000000083b00000, 0x0000000083b00000| Untracked 
|  34|0x0000000083c00000, 0x0000000083c00000, 0x0000000083d00000|  0%| F|  |TAMS 0x0000000083c00000, 0x0000000083c00000| Untracked 
|  35|0x0000000083d00000, 0x0000000083d00000, 0x0000000083e00000|  0%| F|  |TAMS 0x0000000083d00000, 0x0000000083d00000| Untracked 
|  36|0x0000000083e00000, 0x0000000083e00000, 0x0000000083f00000|  0%| F|  |TAMS 0x0000000083e00000, 0x0000000083e00000| Untracked 
|  37|0x0000000083f00000, 0x0000000083f00000, 0x0000000084000000|  0%| F|  |TAMS 0x0000000083f00000, 0x0000000083f00000| Untracked 
|  38|0x0000000084000000, 0x0000000084000000, 0x0000000084100000|  0%| F|  |TAMS 0x0000000084000000, 0x0000000084000000| Untracked 
|  39|0x0000000084100000, 0x0000000084100000, 0x0000000084200000|  0%| F|  |TAMS 0x0000000084100000, 0x0000000084100000| Untracked 
|  40|0x0000000084200000, 0x0000000084200000, 0x0000000084300000|  0%| F|  |TAMS 0x0000000084200000, 0x0000000084200000| Untracked 
|  41|0x0000000084300000, 0x0000000084300000, 0x0000000084400000|  0%| F|  |TAMS 0x0000000084300000, 0x0000000084300000| Untracked 
|  42|0x0000000084400000, 0x0000000084400000, 0x0000000084500000|  0%| F|  |TAMS 0x0000000084400000, 0x0000000084400000| Untracked 
|  43|0x0000000084500000, 0x0000000084500000, 0x0000000084600000|  0%| F|  |TAMS 0x0000000084500000, 0x0000000084500000| Untracked 
|  44|0x0000000084600000, 0x0000000084600000, 0x0000000084700000|  0%| F|  |TAMS 0x0000000084600000, 0x0000000084600000| Untracked 
|  45|0x0000000084700000, 0x0000000084700000, 0x0000000084800000|  0%| F|  |TAMS 0x0000000084700000, 0x0000000084700000| Untracked 
|  46|0x0000000084800000, 0x0000000084800000, 0x0000000084900000|  0%| F|  |TAMS 0x0000000084800000, 0x0000000084800000| Untracked 
|  47|0x0000000084900000, 0x0000000084900000, 0x0000000084a00000|  0%| F|  |TAMS 0x0000000084900000, 0x0000000084900000| Untracked 
|  48|0x0000000084a00000, 0x0000000084a00000, 0x0000000084b00000|  0%| F|  |TAMS 0x0000000084a00000, 0x0000000084a00000| Untracked 
|  49|0x0000000084b00000, 0x0000000084b00000, 0x0000000084c00000|  0%| F|  |TAMS 0x0000000084b00000, 0x0000000084b00000| Untracked 
|  50|0x0000000084c00000, 0x0000000084c00000, 0x0000000084d00000|  0%| F|  |TAMS 0x0000000084c00000, 0x0000000084c00000| Untracked 
|  51|0x0000000084d00000, 0x0000000084d00000, 0x0000000084e00000|  0%| F|  |TAMS 0x0000000084d00000, 0x0000000084d00000| Untracked 
|  52|0x0000000084e00000, 0x0000000084e00000, 0x0000000084f00000|  0%| F|  |TAMS 0x0000000084e00000, 0x0000000084e00000| Untracked 
|  53|0x0000000084f00000, 0x0000000084f00000, 0x0000000085000000|  0%| F|  |TAMS 0x0000000084f00000, 0x0000000084f00000| Untracked 
|  54|0x0000000085000000, 0x0000000085000000, 0x0000000085100000|  0%| F|  |TAMS 0x0000000085000000, 0x0000000085000000| Untracked 
|  55|0x0000000085100000, 0x0000000085100000, 0x0000000085200000|  0%| F|  |TAMS 0x0000000085100000, 0x0000000085100000| Untracked 
|  56|0x0000000085200000, 0x0000000085200000, 0x0000000085300000|  0%| F|  |TAMS 0x0000000085200000, 0x0000000085200000| Untracked 
|  57|0x0000000085300000, 0x0000000085300000, 0x0000000085400000|  0%| F|  |TAMS 0x0000000085300000, 0x0000000085300000| Untracked 
|  58|0x0000000085400000, 0x0000000085400000, 0x0000000085500000|  0%| F|  |TAMS 0x0000000085400000, 0x0000000085400000| Untracked 
|  59|0x0000000085500000, 0x0000000085500000, 0x0000000085600000|  0%| F|  |TAMS 0x0000000085500000, 0x0000000085500000| Untracked 
|  60|0x0000000085600000, 0x0000000085600000, 0x0000000085700000|  0%| F|  |TAMS 0x0000000085600000, 0x0000000085600000| Untracked 
|  61|0x0000000085700000, 0x0000000085700000, 0x0000000085800000|  0%| F|  |TAMS 0x0000000085700000, 0x0000000085700000| Untracked 
|  62|0x0000000085800000, 0x0000000085800000, 0x0000000085900000|  0%| F|  |TAMS 0x0000000085800000, 0x0000000085800000| Untracked 
|  63|0x0000000085900000, 0x0000000085900000, 0x0000000085a00000|  0%| F|  |TAMS 0x0000000085900000, 0x0000000085900000| Untracked 
|  64|0x0000000085a00000, 0x0000000085a00000, 0x0000000085b00000|  0%| F|  |TAMS 0x0000000085a00000, 0x0000000085a00000| Untracked 
|  65|0x0000000085b00000, 0x0000000085b00000, 0x0000000085c00000|  0%| F|  |TAMS 0x0000000085b00000, 0x0000000085b00000| Untracked 
|  66|0x0000000085c00000, 0x0000000085c00000, 0x0000000085d00000|  0%| F|  |TAMS 0x0000000085c00000, 0x0000000085c00000| Untracked 
|  67|0x0000000085d00000, 0x0000000085d00000, 0x0000000085e00000|  0%| F|  |TAMS 0x0000000085d00000, 0x0000000085d00000| Untracked 
|  68|0x0000000085e00000, 0x0000000085e00000, 0x0000000085f00000|  0%| F|  |TAMS 0x0000000085e00000, 0x0000000085e00000| Untracked 
|  69|0x0000000085f00000, 0x0000000085f00000, 0x0000000086000000|  0%| F|  |TAMS 0x0000000085f00000, 0x0000000085f00000| Untracked 
|  70|0x0000000086000000, 0x0000000086000000, 0x0000000086100000|  0%| F|  |TAMS 0x0000000086000000, 0x0000000086000000| Untracked 
|  71|0x0000000086100000, 0x0000000086100000, 0x0000000086200000|  0%| F|  |TAMS 0x0000000086100000, 0x0000000086100000| Untracked 
|  72|0x0000000086200000, 0x0000000086200000, 0x0000000086300000|  0%| F|  |TAMS 0x0000000086200000, 0x0000000086200000| Untracked 
|  73|0x0000000086300000, 0x0000000086300000, 0x0000000086400000|  0%| F|  |TAMS 0x0000000086300000, 0x0000000086300000| Untracked 
|  74|0x0000000086400000, 0x0000000086400000, 0x0000000086500000|  0%| F|  |TAMS 0x0000000086400000, 0x0000000086400000| Untracked 
|  75|0x0000000086500000, 0x0000000086500000, 0x0000000086600000|  0%| F|  |TAMS 0x0000000086500000, 0x0000000086500000| Untracked 
|  76|0x0000000086600000, 0x0000000086600000, 0x0000000086700000|  0%| F|  |TAMS 0x0000000086600000, 0x0000000086600000| Untracked 
|  77|0x0000000086700000, 0x0000000086700000, 0x0000000086800000|  0%| F|  |TAMS 0x0000000086700000, 0x0000000086700000| Untracked 
|  78|0x0000000086800000, 0x0000000086800000, 0x0000000086900000|  0%| F|  |TAMS 0x0000000086800000, 0x0000000086800000| Untracked 
|  79|0x0000000086900000, 0x0000000086900000, 0x0000000086a00000|  0%| F|  |TAMS 0x0000000086900000, 0x0000000086900000| Untracked 
|  80|0x0000000086a00000, 0x0000000086a00000, 0x0000000086b00000|  0%| F|  |TAMS 0x0000000086a00000, 0x0000000086a00000| Untracked 
|  81|0x0000000086b00000, 0x0000000086b00000, 0x0000000086c00000|  0%| F|  |TAMS 0x0000000086b00000, 0x0000000086b00000| Untracked 
|  82|0x0000000086c00000, 0x0000000086c00000, 0x0000000086d00000|  0%| F|  |TAMS 0x0000000086c00000, 0x0000000086c00000| Untracked 
|  83|0x0000000086d00000, 0x0000000086d00000, 0x0000000086e00000|  0%| F|  |TAMS 0x0000000086d00000, 0x0000000086d00000| Untracked 
|  84|0x0000000086e00000, 0x0000000086e00000, 0x0000000086f00000|  0%| F|  |TAMS 0x0000000086e00000, 0x0000000086e00000| Untracked 
|  85|0x0000000086f00000, 0x0000000086f00000, 0x0000000087000000|  0%| F|  |TAMS 0x0000000086f00000, 0x0000000086f00000| Untracked 
|  86|0x0000000087000000, 0x0000000087000000, 0x0000000087100000|  0%| F|  |TAMS 0x0000000087000000, 0x0000000087000000| Untracked 
|  87|0x0000000087100000, 0x0000000087100000, 0x0000000087200000|  0%| F|  |TAMS 0x0000000087100000, 0x0000000087100000| Untracked 
|  88|0x0000000087200000, 0x0000000087200000, 0x0000000087300000|  0%| F|  |TAMS 0x0000000087200000, 0x0000000087200000| Untracked 
|  89|0x0000000087300000, 0x0000000087300000, 0x0000000087400000|  0%| F|  |TAMS 0x0000000087300000, 0x0000000087300000| Untracked 
|  90|0x0000000087400000, 0x0000000087400000, 0x0000000087500000|  0%| F|  |TAMS 0x0000000087400000, 0x0000000087400000| Untracked 
|  91|0x0000000087500000, 0x0000000087500000, 0x0000000087600000|  0%| F|  |TAMS 0x0000000087500000, 0x0000000087500000| Untracked 
|  92|0x0000000087600000, 0x0000000087600000, 0x0000000087700000|  0%| F|  |TAMS 0x0000000087600000, 0x0000000087600000| Untracked 
|  93|0x0000000087700000, 0x0000000087700000, 0x0000000087800000|  0%| F|  |TAMS 0x0000000087700000, 0x0000000087700000| Untracked 
|  94|0x0000000087800000, 0x0000000087800000, 0x0000000087900000|  0%| F|  |TAMS 0x0000000087800000, 0x0000000087800000| Untracked 
|  95|0x0000000087900000, 0x0000000087900000, 0x0000000087a00000|  0%| F|  |TAMS 0x0000000087900000, 0x0000000087900000| Untracked 
|  96|0x0000000087a00000, 0x0000000087a00000, 0x0000000087b00000|  0%| F|  |TAMS 0x0000000087a00000, 0x0000000087a00000| Untracked 
|  97|0x0000000087b00000, 0x0000000087b00000, 0x0000000087c00000|  0%| F|  |TAMS 0x0000000087b00000, 0x0000000087b00000| Untracked 
|  98|0x0000000087c00000, 0x0000000087c00000, 0x0000000087d00000|  0%| F|  |TAMS 0x0000000087c00000, 0x0000000087c00000| Untracked 
|  99|0x0000000087d00000, 0x0000000087d00000, 0x0000000087e00000|  0%| F|  |TAMS 0x0000000087d00000, 0x0000000087d00000| Untracked 
| 100|0x0000000087e00000, 0x0000000087e00000, 0x0000000087f00000|  0%| F|  |TAMS 0x0000000087e00000, 0x0000000087e00000| Untracked 
| 101|0x0000000087f00000, 0x0000000087f00000, 0x0000000088000000|  0%| F|  |TAMS 0x0000000087f00000, 0x0000000087f00000| Untracked 
| 102|0x0000000088000000, 0x0000000088000000, 0x0000000088100000|  0%| F|  |TAMS 0x0000000088000000, 0x0000000088000000| Untracked 
| 103|0x0000000088100000, 0x0000000088100000, 0x0000000088200000|  0%| F|  |TAMS 0x0000000088100000, 0x0000000088100000| Untracked 
| 104|0x0000000088200000, 0x0000000088200000, 0x0000000088300000|  0%| F|  |TAMS 0x0000000088200000, 0x0000000088200000| Untracked 
| 105|0x0000000088300000, 0x0000000088300000, 0x0000000088400000|  0%| F|  |TAMS 0x0000000088300000, 0x0000000088300000| Untracked 
| 106|0x0000000088400000, 0x0000000088400000, 0x0000000088500000|  0%| F|  |TAMS 0x0000000088400000, 0x0000000088400000| Untracked 
| 107|0x0000000088500000, 0x0000000088500000, 0x0000000088600000|  0%| F|  |TAMS 0x0000000088500000, 0x0000000088500000| Untracked 
| 108|0x0000000088600000, 0x0000000088600000, 0x0000000088700000|  0%| F|  |TAMS 0x0000000088600000, 0x0000000088600000| Untracked 
| 109|0x0000000088700000, 0x0000000088700000, 0x0000000088800000|  0%| F|  |TAMS 0x0000000088700000, 0x0000000088700000| Untracked 
| 110|0x0000000088800000, 0x0000000088800000, 0x0000000088900000|  0%| F|  |TAMS 0x0000000088800000, 0x0000000088800000| Untracked 
| 111|0x0000000088900000, 0x0000000088900000, 0x0000000088a00000|  0%| F|  |TAMS 0x0000000088900000, 0x0000000088900000| Untracked 
| 112|0x0000000088a00000, 0x0000000088b00000, 0x0000000088b00000|100%| S|CS|TAMS 0x0000000088a00000, 0x0000000088a00000| Complete 
| 113|0x0000000088b00000, 0x0000000088c00000, 0x0000000088c00000|100%| S|CS|TAMS 0x0000000088b00000, 0x0000000088b00000| Complete 
| 114|0x0000000088c00000, 0x0000000088c00000, 0x0000000088d00000|  0%| F|  |TAMS 0x0000000088c00000, 0x0000000088c00000| Untracked 
| 115|0x0000000088d00000, 0x0000000088d00000, 0x0000000088e00000|  0%| F|  |TAMS 0x0000000088d00000, 0x0000000088d00000| Untracked 
| 116|0x0000000088e00000, 0x0000000088e00000, 0x0000000088f00000|  0%| F|  |TAMS 0x0000000088e00000, 0x0000000088e00000| Untracked 
| 117|0x0000000088f00000, 0x0000000088f00000, 0x0000000089000000|  0%| F|  |TAMS 0x0000000088f00000, 0x0000000088f00000| Untracked 
| 118|0x0000000089000000, 0x0000000089000000, 0x0000000089100000|  0%| F|  |TAMS 0x0000000089000000, 0x0000000089000000| Untracked 
| 119|0x0000000089100000, 0x0000000089100000, 0x0000000089200000|  0%| F|  |TAMS 0x0000000089100000, 0x0000000089100000| Untracked 
| 120|0x0000000089200000, 0x0000000089300000, 0x0000000089300000|100%| E|  |TAMS 0x0000000089200000, 0x0000000089200000| Complete 
| 121|0x0000000089300000, 0x0000000089400000, 0x0000000089400000|100%| E|CS|TAMS 0x0000000089300000, 0x0000000089300000| Complete 
| 122|0x0000000089400000, 0x0000000089500000, 0x0000000089500000|100%| E|CS|TAMS 0x0000000089400000, 0x0000000089400000| Complete 
| 123|0x0000000089500000, 0x0000000089600000, 0x0000000089600000|100%| E|CS|TAMS 0x0000000089500000, 0x0000000089500000| Complete 
| 124|0x0000000089600000, 0x0000000089700000, 0x0000000089700000|100%| E|CS|TAMS 0x0000000089600000, 0x0000000089600000| Complete 
| 125|0x0000000089700000, 0x0000000089800000, 0x0000000089800000|100%| E|CS|TAMS 0x0000000089700000, 0x0000000089700000| Complete 
| 126|0x0000000089800000, 0x0000000089900000, 0x0000000089900000|100%| E|CS|TAMS 0x0000000089800000, 0x0000000089800000| Complete 
| 127|0x0000000089900000, 0x0000000089a00000, 0x0000000089a00000|100%| E|CS|TAMS 0x0000000089900000, 0x0000000089900000| Complete 

Card table byte_map: [0x0000024d2e9a0000,0x0000024d2eda0000] _byte_map_base: 0x0000024d2e593000

Marking Bits (Prev, Next): (CMBitMap*) 0x0000024d1b7337a8, (CMBitMap*) 0x0000024d1b7337e0
 Prev Bits: [0x0000024d2f1a0000, 0x0000024d31138000)
 Next Bits: [0x0000024d31140000, 0x0000024d330d8000)

Polling page: 0x0000024d19500000

Metaspace:

Usage:
  Non-class:      8.54 MB capacity,     6.60 MB ( 77%) used,     1.93 MB ( 23%) free+waste,     7.69 KB ( <1%) overhead. 
      Class:    836.00 KB capacity,   597.63 KB ( 71%) used,   235.63 KB ( 28%) free+waste,     2.75 KB ( <1%) overhead. 
       Both:      9.36 MB capacity,     7.18 MB ( 77%) used,     2.16 MB ( 23%) free+waste,    10.44 KB ( <1%) overhead. 

Virtual space:
  Non-class space:       10.00 MB reserved,       8.75 MB ( 88%) committed 
      Class space:        1.00 GB reserved,     896.00 KB ( <1%) committed 
             Both:        1.01 GB reserved,       9.63 MB ( <1%) committed 

Chunk freelists:
   Non-Class:  88.00 KB
       Class:  28.00 KB
        Both:  116.00 KB

MaxMetaspaceSize: 17179869184.00 GB
CompressedClassSpaceSize: 1.00 GB

CodeHeap 'non-profiled nmethods': size=120064Kb used=665Kb max_used=665Kb free=119399Kb
 bounds [0x0000024d27060000, 0x0000024d272d0000, 0x0000024d2e5a0000]
CodeHeap 'profiled nmethods': size=120000Kb used=3335Kb max_used=3335Kb free=116664Kb
 bounds [0x0000024d1fb30000, 0x0000024d1fe80000, 0x0000024d27060000]
CodeHeap 'non-nmethods': size=5696Kb used=1219Kb max_used=1253Kb free=4476Kb
 bounds [0x0000024d1f5a0000, 0x0000024d1f810000, 0x0000024d1fb30000]
 total_blobs=2911 nmethods=1615 adapters=499
 compilation: enabled
              stopped_count=0, restarted_count=0
 full_count=0

Compilation events (20 events):
Event: 18.356 Thread 0x0000024d355c6800 1606       3       com.badlogic.gdx.utils.LongMap::get (88 bytes)
Event: 18.357 Thread 0x0000024d355c6800 nmethod 1606 0x0000024d1fe6f010 code [0x0000024d1fe6f200, 0x0000024d1fe6f6f0]
Event: 18.373 Thread 0x0000024d355c6800 1607       3       com.badlogic.gdx.physics.box2d.Body::getWorldCenter (43 bytes)
Event: 18.373 Thread 0x0000024d355c6800 nmethod 1607 0x0000024d1fe6f890 code [0x0000024d1fe6fa60, 0x0000024d1fe6fc90]
Event: 18.773 Thread 0x0000024d355c0800 1608       4       com.badlogic.gdx.graphics.g2d.Sprite::setSize (131 bytes)
Event: 18.775 Thread 0x0000024d355c0800 nmethod 1608 0x0000024d27104f90 code [0x0000024d27105160, 0x0000024d27105298]
Event: 18.857 Thread 0x0000024d355c0800 1609       4       com.berbils.game.Handlers.SpriteHandler::updateSpritePos (37 bytes)
Event: 18.860 Thread 0x0000024d355c0800 nmethod 1609 0x0000024d27105390 code [0x0000024d27105560, 0x0000024d271056b8]
Event: 18.873 Thread 0x0000024d355c0800 1610       4       com.berbils.game.Handlers.SpriteHandler::updateSprite (76 bytes)
Event: 18.885 Thread 0x0000024d355c0800 nmethod 1610 0x0000024d27105810 code [0x0000024d27105a40, 0x0000024d27105fd8]
Event: 19.256 Thread 0x0000024d355c6800 1611       3       java.util.HashMap$EntrySet::iterator (12 bytes)
Event: 19.256 Thread 0x0000024d355c6800 nmethod 1611 0x0000024d1fe6fe10 code [0x0000024d1fe6ffe0, 0x0000024d1fe702d0]
Event: 19.273 Thread 0x0000024d355c6800 1612       3       java.util.HashMap$HashIterator::<init> (79 bytes)
Event: 19.273 Thread 0x0000024d355c6800 nmethod 1612 0x0000024d1fe70410 code [0x0000024d1fe705e0, 0x0000024d1fe70a78]
Event: 20.006 Thread 0x0000024d355c6800 1613       3       com.badlogic.gdx.utils.TimeUtils::millis (4 bytes)
Event: 20.006 Thread 0x0000024d355c6800 nmethod 1613 0x0000024d1fe70c10 code [0x0000024d1fe70dc0, 0x0000024d1fe70f18]
Event: 20.172 Thread 0x0000024d355c6800 1614       3       com.berbils.game.Entities.ProjectileSpawners.BasicProjectileSpawner::attack (26 bytes)
Event: 20.173 Thread 0x0000024d355c6800 nmethod 1614 0x0000024d1fe70f90 code [0x0000024d1fe71180, 0x0000024d1fe71660]
Event: 20.173 Thread 0x0000024d355c6800 1615       3       com.berbils.game.Entities.ProjectileSpawners.Weapon::canFire (22 bytes)
Event: 20.174 Thread 0x0000024d355c6800 nmethod 1615 0x0000024d1fe71810 code [0x0000024d1fe719e0, 0x0000024d1fe71cf8]

GC Heap History (2 events):
Event: 1.520 GC heap before
{Heap before GC invocations=0 (full 0):
 garbage-first heap   total 131072K, used 14336K [0x0000000081a00000, 0x0000000100000000)
  region size 1024K, 14 young (14336K), 0 survivors (0K)
 Metaspace       used 5476K, capacity 8081K, committed 8448K, reserved 1056768K
  class space    used 457K, capacity 700K, committed 768K, reserved 1048576K
}
Event: 1.526 GC heap after
{Heap after GC invocations=1 (full 0):
 garbage-first heap   total 131072K, used 2102K [0x0000000081a00000, 0x0000000100000000)
  region size 1024K, 2 young (2048K), 2 survivors (2048K)
 Metaspace       used 5476K, capacity 8081K, committed 8448K, reserved 1056768K
  class space    used 457K, capacity 700K, committed 768K, reserved 1048576K
}

Deoptimization events (20 events):
Event: 11.874 Thread 0x0000024d369b3800 Uncommon trap: trap_request=0xffffff4d fr.pc=0x0000024d270c389c relative=0x00000000000021fc
Event: 11.874 Thread 0x0000024d369b3800 Uncommon trap: reason=unstable_if action=reinterpret pc=0x0000024d270c389c method=com.badlogic.gdx.physics.box2d.Fixture.getShape()Lcom/badlogic/gdx/physics/box2d/Shape; @ 4 c2
Event: 11.874 Thread 0x0000024d369b3800 DEOPT PACKING pc=0x0000024d270c389c sp=0x000000536aefec60
Event: 11.874 Thread 0x0000024d369b3800 DEOPT UNPACKING pc=0x0000024d1f5c922f sp=0x000000536aefec00 mode 2
Event: 12.391 Thread 0x0000024d369b3800 Uncommon trap: trap_request=0xffffff4d fr.pc=0x0000024d270c707c relative=0x00000000000000dc
Event: 12.391 Thread 0x0000024d369b3800 Uncommon trap: reason=unstable_if action=reinterpret pc=0x0000024d270c707c method=com.badlogic.gdx.utils.Array.iterator()Ljava/util/Iterator; @ 20 c2
Event: 12.391 Thread 0x0000024d369b3800 DEOPT PACKING pc=0x0000024d270c707c sp=0x000000536aefeca0
Event: 12.391 Thread 0x0000024d369b3800 DEOPT UNPACKING pc=0x0000024d1f5c922f sp=0x000000536aefec38 mode 2
Event: 12.740 Thread 0x0000024d369b3800 Uncommon trap: trap_request=0xffffff4d fr.pc=0x0000024d270e6df4 relative=0x0000000000000114
Event: 12.740 Thread 0x0000024d369b3800 Uncommon trap: reason=unstable_if action=reinterpret pc=0x0000024d270e6df4 method=com.badlogic.gdx.physics.box2d.Box2DDebugRenderer.getColorByBody(Lcom/badlogic/gdx/physics/box2d/Body;)Lcom/badlogic/gdx/graphics/Color; @ 46 c2
Event: 12.740 Thread 0x0000024d369b3800 DEOPT PACKING pc=0x0000024d270e6df4 sp=0x000000536aefeca0
Event: 12.740 Thread 0x0000024d369b3800 DEOPT UNPACKING pc=0x0000024d1f5c922f sp=0x000000536aefec30 mode 2
Event: 19.022 Thread 0x0000024d369b3800 Uncommon trap: trap_request=0xffffff4d fr.pc=0x0000024d270e84b8 relative=0x0000000000000278
Event: 19.022 Thread 0x0000024d369b3800 Uncommon trap: reason=unstable_if action=reinterpret pc=0x0000024d270e84b8 method=java.util.HashMap$HashIterator.<init>(Ljava/util/HashMap;)V @ 45 c2
Event: 19.022 Thread 0x0000024d369b3800 DEOPT PACKING pc=0x0000024d270e84b8 sp=0x000000536aefec50
Event: 19.022 Thread 0x0000024d369b3800 DEOPT UNPACKING pc=0x0000024d1f5c922f sp=0x000000536aefeb38 mode 2
Event: 19.039 Thread 0x0000024d369b3800 Uncommon trap: trap_request=0xffffff4d fr.pc=0x0000024d270e7c6c relative=0x000000000000034c
Event: 19.039 Thread 0x0000024d369b3800 Uncommon trap: reason=unstable_if action=reinterpret pc=0x0000024d270e7c6c method=java.util.HashMap$HashIterator.<init>(Ljava/util/HashMap;)V @ 45 c2
Event: 19.039 Thread 0x0000024d369b3800 DEOPT PACKING pc=0x0000024d270e7c6c sp=0x000000536aefeb90
Event: 19.039 Thread 0x0000024d369b3800 DEOPT UNPACKING pc=0x0000024d1f5c922f sp=0x000000536aefeb48 mode 2

Classes redefined (0 events):
No events

Internal exceptions (13 events):
Event: 0.275 Thread 0x0000024d1b6f2000 Exception <a 'java/lang/NoSuchMethodError'{0x0000000089631f60}: 'java.lang.Object java.lang.invoke.DirectMethodHandle$Holder.invokeStaticInit(java.lang.Object, int, int, int, int)'> (0x0000000089631f60) thrown at [c:/BuildAgent/work/5ff2f6c26000d570/src/h
Event: 0.444 Thread 0x0000024d1b6f2000 Exception <a 'java/lang/NoSuchMethodError'{0x000000008964e638}: 'java.lang.Object java.lang.invoke.DirectMethodHandle$Holder.invokeStaticInit(java.lang.Object, java.lang.Object, int, int, int, int)'> (0x000000008964e638) thrown at [c:/BuildAgent/work/5ff2
Event: 0.594 Thread 0x0000024d1b6f2000 Exception <a 'java/security/PrivilegedActionException'{0x00000000896de550}> (0x00000000896de550) thrown at [c:/BuildAgent/work/5ff2f6c26000d570/src/hotspot/share/prims/jvm.cpp, line 1297]
Event: 0.594 Thread 0x0000024d1b6f2000 Exception <a 'java/security/PrivilegedActionException'{0x00000000896e0d30}> (0x00000000896e0d30) thrown at [c:/BuildAgent/work/5ff2f6c26000d570/src/hotspot/share/prims/jvm.cpp, line 1297]
Event: 0.594 Thread 0x0000024d1b6f2000 Exception <a 'java/security/PrivilegedActionException'{0x00000000896e1ce8}> (0x00000000896e1ce8) thrown at [c:/BuildAgent/work/5ff2f6c26000d570/src/hotspot/share/prims/jvm.cpp, line 1297]
Event: 0.599 Thread 0x0000024d1b6f2000 Exception <a 'java/security/PrivilegedActionException'{0x00000000896f33c0}> (0x00000000896f33c0) thrown at [c:/BuildAgent/work/5ff2f6c26000d570/src/hotspot/share/prims/jvm.cpp, line 1297]
Event: 0.599 Thread 0x0000024d1b6f2000 Exception <a 'java/security/PrivilegedActionException'{0x00000000896f3f80}> (0x00000000896f3f80) thrown at [c:/BuildAgent/work/5ff2f6c26000d570/src/hotspot/share/prims/jvm.cpp, line 1297]
Event: 0.599 Thread 0x0000024d1b6f2000 Exception <a 'java/security/PrivilegedActionException'{0x00000000896f4b00}> (0x00000000896f4b00) thrown at [c:/BuildAgent/work/5ff2f6c26000d570/src/hotspot/share/prims/jvm.cpp, line 1297]
Event: 1.504 Thread 0x0000024d369b3800 Exception <a 'java/lang/NoSuchMethodError'{0x0000000088cb80c0}: 'int java.lang.invoke.DirectMethodHandle$Holder.invokeSpecialIFC(java.lang.Object, java.lang.Object, int)'> (0x0000000088cb80c0) thrown at [c:/BuildAgent/work/5ff2f6c26000d570/src/hotspot/sha
Event: 11.874 Thread 0x0000024d369b3800 Implicit null exception at 0x0000024d270c7dc7 to 0x0000024d270c824a
Event: 11.874 Thread 0x0000024d369b3800 Implicit null exception at 0x0000024d270c52f3 to 0x0000024d270c5366
Event: 11.874 Thread 0x0000024d369b3800 Implicit null exception at 0x0000024d270c213b to 0x0000024d270c3892
Event: 12.391 Thread 0x0000024d369b3800 Implicit null exception at 0x0000024d270c6ff4 to 0x0000024d270c706a

Events (20 events):
Event: 2.778 Thread 0x0000024d40c9d800 Thread added: 0x0000024d40c9d800
Event: 2.796 loading class com/berbils/game/Utils
Event: 2.796 loading class com/berbils/game/Utils done
Event: 2.797 loading class com/badlogic/gdx/graphics/g2d/SpriteCache$Cache
Event: 2.797 loading class com/badlogic/gdx/graphics/g2d/SpriteCache$Cache done
Event: 2.807 loading class com/badlogic/gdx/graphics/glutils/ShapeRenderer$ShapeType
Event: 2.807 loading class com/badlogic/gdx/graphics/glutils/ShapeRenderer$ShapeType done
Event: 2.808 loading class com/badlogic/gdx/utils/LongMap$Values
Event: 2.808 loading class com/badlogic/gdx/utils/LongMap$Values done
Event: 2.809 loading class com/badlogic/gdx/utils/LongMap$MapIterator
Event: 2.809 loading class com/badlogic/gdx/utils/LongMap$MapIterator done
Event: 2.810 loading class com/badlogic/gdx/physics/box2d/Shape$Type
Event: 2.810 loading class com/badlogic/gdx/physics/box2d/Shape$Type done
Event: 2.958 Thread 0x0000024d40c9d800 Thread exited: 0x0000024d40c9d800
Event: 3.228 loading class org/lwjgl/opengl/WindowsKeycodes
Event: 3.228 loading class org/lwjgl/opengl/WindowsKeycodes done
Event: 3.230 loading class com/badlogic/gdx/backends/lwjgl/LwjglInput$KeyEvent
Event: 3.230 loading class com/badlogic/gdx/backends/lwjgl/LwjglInput$KeyEvent done
Event: 3.231 loading class com/badlogic/gdx/math/MathUtils$Sin
Event: 3.231 loading class com/badlogic/gdx/math/MathUtils$Sin done


Dynamic libraries:
0x00007ff635840000 - 0x00007ff63584a000 	C:\Program Files\JetBrains\IntelliJ IDEA Community Edition 2019.3.1\jbr\bin\java.exe
0x00007ffcc97c0000 - 0x00007ffcc99b0000 	C:\WINDOWS\SYSTEM32\ntdll.dll
0x00007ffcc9010000 - 0x00007ffcc90c2000 	C:\WINDOWS\System32\KERNEL32.DLL
0x00007ffcc6780000 - 0x00007ffcc6a23000 	C:\WINDOWS\System32\KERNELBASE.dll
0x00007ffcc4830000 - 0x00007ffcc48bf000 	C:\WINDOWS\SYSTEM32\apphelp.dll
0x00007ffcc7370000 - 0x00007ffcc746a000 	C:\WINDOWS\System32\ucrtbase.dll
0x00007ffcb5900000 - 0x00007ffcb5917000 	C:\Program Files\JetBrains\IntelliJ IDEA Community Edition 2019.3.1\jbr\bin\VCRUNTIME140.dll
0x00007ffcb7b00000 - 0x00007ffcb7b19000 	C:\Program Files\JetBrains\IntelliJ IDEA Community Edition 2019.3.1\jbr\bin\jli.dll
0x00007ffcc9530000 - 0x00007ffcc96c4000 	C:\WINDOWS\System32\USER32.dll
0x00007ffcc75c0000 - 0x00007ffcc75e1000 	C:\WINDOWS\System32\win32u.dll
0x00007ffcb6b50000 - 0x00007ffcb6dd5000 	C:\WINDOWS\WinSxS\amd64_microsoft.windows.common-controls_6595b64144ccf1df_6.0.18362.535_none_e6c3b34713100821\COMCTL32.dll
0x00007ffcc7ec0000 - 0x00007ffcc7ee6000 	C:\WINDOWS\System32\GDI32.dll
0x00007ffcc9250000 - 0x00007ffcc92ee000 	C:\WINDOWS\System32\msvcrt.dll
0x00007ffcc6a30000 - 0x00007ffcc6bc4000 	C:\WINDOWS\System32\gdi32full.dll
0x00007ffcc7870000 - 0x00007ffcc7ba6000 	C:\WINDOWS\System32\combase.dll
0x00007ffcc7520000 - 0x00007ffcc75be000 	C:\WINDOWS\System32\msvcp_win.dll
0x00007ffcc7c80000 - 0x00007ffcc7da0000 	C:\WINDOWS\System32\RPCRT4.dll
0x00007ffcc77f0000 - 0x00007ffcc7870000 	C:\WINDOWS\System32\bcryptPrimitives.dll
0x00007ffcc8af0000 - 0x00007ffcc8b1e000 	C:\WINDOWS\System32\IMM32.DLL
0x00007ffca9310000 - 0x00007ffca93ad000 	C:\Program Files\JetBrains\IntelliJ IDEA Community Edition 2019.3.1\jbr\bin\msvcp140.dll
0x00007ffc93c00000 - 0x00007ffc946bb000 	C:\Program Files\JetBrains\IntelliJ IDEA Community Edition 2019.3.1\jbr\bin\server\jvm.dll
0x00007ffcc7bd0000 - 0x00007ffcc7c73000 	C:\WINDOWS\System32\ADVAPI32.dll
0x00007ffcc85e0000 - 0x00007ffcc8677000 	C:\WINDOWS\System32\sechost.dll
0x00007ffcc9240000 - 0x00007ffcc9248000 	C:\WINDOWS\System32\PSAPI.DLL
0x00007ffcc1a90000 - 0x00007ffcc1a99000 	C:\WINDOWS\SYSTEM32\WSOCK32.dll
0x00007ffcb7370000 - 0x00007ffcb737a000 	C:\WINDOWS\SYSTEM32\VERSION.dll
0x00007ffcc8c60000 - 0x00007ffcc8ccf000 	C:\WINDOWS\System32\WS2_32.dll
0x00007ffcc4730000 - 0x00007ffcc4754000 	C:\WINDOWS\SYSTEM32\WINMM.dll
0x00007ffcc4700000 - 0x00007ffcc472d000 	C:\WINDOWS\SYSTEM32\WINMMBASE.dll
0x00007ffcc75f0000 - 0x00007ffcc763a000 	C:\WINDOWS\System32\cfgmgr32.dll
0x00007ffcc66a0000 - 0x00007ffcc66b1000 	C:\WINDOWS\System32\kernel.appcore.dll
0x00007ffcc04a0000 - 0x00007ffcc04b1000 	C:\Program Files\JetBrains\IntelliJ IDEA Community Edition 2019.3.1\jbr\bin\verify.dll
0x00007ffcb4050000 - 0x00007ffcb4244000 	C:\WINDOWS\SYSTEM32\DBGHELP.DLL
0x00007ffcb3cf0000 - 0x00007ffcb3d1a000 	C:\WINDOWS\SYSTEM32\dbgcore.DLL
0x00007ffca1680000 - 0x00007ffca16a9000 	C:\Program Files\JetBrains\IntelliJ IDEA Community Edition 2019.3.1\jbr\bin\java.dll
0x00007ffcb58c0000 - 0x00007ffcb58d7000 	C:\Program Files\JetBrains\IntelliJ IDEA Community Edition 2019.3.1\jbr\bin\zip.dll
0x00007ffcaa290000 - 0x00007ffcaa29b000 	C:\Program Files\JetBrains\IntelliJ IDEA Community Edition 2019.3.1\jbr\bin\jimage.dll
0x00007ffcc7ef0000 - 0x00007ffcc85d5000 	C:\WINDOWS\System32\SHELL32.dll
0x00007ffcc7da0000 - 0x00007ffcc7e49000 	C:\WINDOWS\System32\shcore.dll
0x00007ffcc6bd0000 - 0x00007ffcc734f000 	C:\WINDOWS\System32\windows.storage.dll
0x00007ffcc6730000 - 0x00007ffcc674f000 	C:\WINDOWS\System32\profapi.dll
0x00007ffcc66c0000 - 0x00007ffcc670a000 	C:\WINDOWS\System32\powrprof.dll
0x00007ffcc6690000 - 0x00007ffcc66a0000 	C:\WINDOWS\System32\UMPDC.dll
0x00007ffcc8fb0000 - 0x00007ffcc9002000 	C:\WINDOWS\System32\shlwapi.dll
0x00007ffcc7350000 - 0x00007ffcc7367000 	C:\WINDOWS\System32\cryptsp.dll
0x00007ffca3a90000 - 0x00007ffca3aaa000 	C:\Program Files\JetBrains\IntelliJ IDEA Community Edition 2019.3.1\jbr\bin\net.dll
0x00007ffcc0780000 - 0x00007ffcc0870000 	C:\WINDOWS\SYSTEM32\WINHTTP.dll
0x00007ffcc5ea0000 - 0x00007ffcc5f07000 	C:\WINDOWS\system32\mswsock.dll
0x00007ffc9b9d0000 - 0x00007ffc9b9e4000 	C:\Program Files\JetBrains\IntelliJ IDEA Community Edition 2019.3.1\jbr\bin\nio.dll
0x0000000065ac0000 - 0x0000000065b0b000 	C:\Users\Michelle\AppData\Local\Temp\libgdxMichelle\7d76f548\gdx64.dll
0x00007ffcc5a10000 - 0x00007ffcc5a43000 	C:\WINDOWS\system32\rsaenh.dll
0x00007ffcc6750000 - 0x00007ffcc6776000 	C:\WINDOWS\System32\bcrypt.dll
0x00007ffcc6580000 - 0x00007ffcc65a5000 	C:\WINDOWS\SYSTEM32\USERENV.dll
0x00007ffcc6070000 - 0x00007ffcc607c000 	C:\WINDOWS\SYSTEM32\CRYPTBASE.dll
0x00007ffcc5bb0000 - 0x00007ffcc5bea000 	C:\WINDOWS\SYSTEM32\IPHLPAPI.DLL
0x00007ffcc9230000 - 0x00007ffcc9238000 	C:\WINDOWS\System32\NSI.dll
0x00007ffcb9d20000 - 0x00007ffcb9d36000 	C:\WINDOWS\SYSTEM32\dhcpcsvc6.DLL
0x00007ffcbb5b0000 - 0x00007ffcbb5cc000 	C:\WINDOWS\SYSTEM32\dhcpcsvc.DLL
0x00007ffcc5bf0000 - 0x00007ffcc5cba000 	C:\WINDOWS\SYSTEM32\DNSAPI.dll
0x0000000180000000 - 0x0000000180053000 	C:\Users\Michelle\AppData\Local\Temp\libgdxMichelle\1cecf4f6\lwjgl64.dll
0x00007ffca8640000 - 0x00007ffca8796000 	C:\WINDOWS\SYSTEM32\OPENGL32.dll
0x00007ffca8ac0000 - 0x00007ffca8aec000 	C:\WINDOWS\SYSTEM32\GLU32.dll
0x00007ffcc5300000 - 0x00007ffcc5320000 	C:\WINDOWS\SYSTEM32\dxcore.dll
0x0000024d1b5f0000 - 0x0000024d1b654000 	C:\Users\Michelle\AppData\Local\Temp\libgdxMichelle\1cecf4f6\OpenAL64.dll
0x00007ffcc90d0000 - 0x00007ffcc9226000 	C:\WINDOWS\System32\ole32.dll
0x00007ffcc4a10000 - 0x00007ffcc4aa9000 	C:\WINDOWS\system32\uxtheme.dll
0x00007ffcc96d0000 - 0x00007ffcc9772000 	C:\WINDOWS\System32\clbcatq.dll
0x00007ffc938f0000 - 0x00007ffc93989000 	C:\WINDOWS\SYSTEM32\dsound.dll
0x00007ffcb9d40000 - 0x00007ffcb9db2000 	C:\WINDOWS\System32\MMDevApi.dll
0x00007ffcc6430000 - 0x00007ffcc645a000 	C:\WINDOWS\System32\DEVOBJ.dll
0x00007ffcb80f0000 - 0x00007ffcb824d000 	C:\WINDOWS\SYSTEM32\AUDIOSES.DLL
0x00007ffcc8d30000 - 0x00007ffcc8df4000 	C:\WINDOWS\System32\OLEAUT32.dll
0x00007ffcc1f50000 - 0x00007ffcc20a3000 	C:\WINDOWS\SYSTEM32\wintypes.dll
0x00007ffcc4d40000 - 0x00007ffcc4d54000 	C:\WINDOWS\SYSTEM32\resourcepolicyclient.dll
0x00007ffcc20b0000 - 0x00007ffcc215e000 	C:\WINDOWS\SYSTEM32\mscms.dll
0x00007ffcc1f10000 - 0x00007ffcc1f27000 	C:\WINDOWS\SYSTEM32\ColorAdapterClient.dll
0x00007ffcbeff0000 - 0x00007ffcbf00a000 	C:\Windows\System32\Windows.Internal.Graphics.Display.DisplayColorManagement.dll
0x00007ffcc8b20000 - 0x00007ffcc8c55000 	C:\WINDOWS\System32\MSCTF.dll
0x00007ffcbb320000 - 0x00007ffcbb3be000 	C:\WINDOWS\System32\TextInputFramework.dll
0x00007ffcc40b0000 - 0x00007ffcc4184000 	C:\WINDOWS\System32\CoreMessaging.dll
0x00007ffcc2220000 - 0x00007ffcc254a000 	C:\WINDOWS\System32\CoreUIComponents.dll
0x00007ffcc56f0000 - 0x00007ffcc5721000 	C:\WINDOWS\SYSTEM32\ntmarta.dll
0x00007ffcb9a70000 - 0x00007ffcb9d16000 	C:\WINDOWS\System32\iertutil.dll
0x00007ffc65820000 - 0x00007ffc666df000 	C:\WINDOWS\System32\DriverStore\FileRepository\ki126974.inf_amd64_9168fc04b8275db9\ig9icd64.dll
0x00007ffcc5390000 - 0x00007ffcc547b000 	C:\WINDOWS\SYSTEM32\dxgi.dll
0x00007ffcc4e30000 - 0x00007ffcc4e5d000 	C:\WINDOWS\SYSTEM32\dwmapi.dll
0x00007ffcc3170000 - 0x00007ffcc3183000 	C:\WINDOWS\SYSTEM32\WTSAPI32.dll
0x00007ffc8c880000 - 0x00007ffc8c8c3000 	C:\WINDOWS\SYSTEM32\icm32.dll
0x00007ffcbbc10000 - 0x00007ffcbd9a5000 	C:\WINDOWS\System32\DriverStore\FileRepository\ki126974.inf_amd64_9168fc04b8275db9\igc64.dll
0x000000006e9c0000 - 0x000000006ea1b000 	C:\Users\Michelle\AppData\Local\Temp\libgdxMichelle\b8f13a6a\gdx-box2d64.dll

dbghelp: loaded successfully - version: 4.0.5 - missing functions: none
symbol engine: initialized successfully - sym options: 0x614 - pdb path: .;C:\Program Files\JetBrains\IntelliJ IDEA Community Edition 2019.3.1\jbr\bin;C:\WINDOWS\SYSTEM32;C:\WINDOWS\WinSxS\amd64_microsoft.windows.common-controls_6595b64144ccf1df_6.0.18362.535_none_e6c3b34713100821;C:\Program Files\JetBrains\IntelliJ IDEA Community Edition 2019.3.1\jbr\bin\server;C:\Users\Michelle\AppData\Local\Temp\libgdxMichelle\7d76f548;C:\Users\Michelle\AppData\Local\Temp\libgdxMichelle\1cecf4f6;C:\WINDOWS\System32\DriverStore\FileRepository\ki126974.inf_amd64_9168fc04b8275db9;C:\Users\Michelle\AppData\Local\Temp\libgdxMichelle\b8f13a6a

VM Arguments:
jvm_args: -Dfile.encoding=windows-1252 -Duser.country=GB -Duser.language=en -Duser.variant 
java_command: com.berbils.game.desktop.DesktopLauncher
java_class_path (initial): C:\Users\Michelle\IdeaProjects\Game\desktop\build\classes\java\main;C:\Users\Michelle\IdeaProjects\Game\desktop\build\resources\main;C:\Users\Michelle\.gradle\caches\modules-2\files-2.1\com.badlogicgames.gdx\gdx-tools\1.9.10\67524f012868e0cff57531b5bfda2781d00c6b1f\gdx-tools-1.9.10.jar;C:\Users\Michelle\.gradle\caches\modules-2\files-2.1\com.badlogicgames.gdx\gdx-backend-lwjgl\1.9.10\8f88abd43500d94c486d25f04d642318da72773a\gdx-backend-lwjgl-1.9.10.jar;C:\Users\Michelle\.gradle\caches\modules-2\files-2.1\com.badlogicgames.gdx\gdx-platform\1.9.10\1907b49f8363dd1ee37d273854a9cc3c741a6e66\gdx-platform-1.9.10-natives-desktop.jar;C:\Users\Michelle\.gradle\caches\modules-2\files-2.1\com.badlogicgames.gdx\gdx-box2d-platform\1.9.10\91b19c283b24eec646a18e0e7b940c829920df4f\gdx-box2d-platform-1.9.10-natives-desktop.jar;C:\Users\Michelle\IdeaProjects\Game\core\build\libs\core-1.0.jar;C:\Users\Michelle\.gradle\caches\modules-2\files-2.1\com.badlogicgames.gdx\gdx-backend-headless\1.9.10\d357526e6bb3d36b01b4f833ab42588e5285d487\gdx-backend-headless-1.9.10.jar;C:\Users\Michelle\.gradle\caches\modules-2\files-2.1\com.badlogicgames.gdx\gdx-freetype\1.9.10\8853e4f08589a9feb4b851187909cfde8810e491\gdx-freetype-1.9.10.jar;C:\Users\Michelle\.gradle\caches\modules-2\files-2.1\com.badlogicgames.box2dlights\box2dlights\1.4\3d77ad5b4164fb32fc67e2446e35911bb0aaf0bd\box2dlights-1.4.jar;C:\Users\Michelle\.gradle\caches\modules-2\files-2.1\com.badlogicgames.gdx\gdx-box2d\1.9.10\d68a7a3484d47529a8d23cd467579eb098b38a9e\gdx-box2d-1.9.10.jar;C:\Users\Michelle\.gradle\caches\modules-2\files-2.1\com.badlogicgames.gdx\gdx-ai\1.8.0\ec30677d8ab1a8b8aa4b853c5f4e4b1361f50bf5\gdx-ai-1.8.0.jar;C:\Users\Michelle\.gradle\caches\modules-2\files-2.1\com.badlogicgames.gdx\gdx\1.9.10\79d9ad27bd5e3eb18c9ade61d3a27d7237695d53\gdx-1.9.10.jar;C:\Users\Michelle\.gradle\caches\modules-2\files-2.1\org.lwjgl.lwjgl\lwjgl_util\2.9.3\751f06b62424da056954c67288fd5c494431e350\lwjgl_util-2.9.3.jar
Launcher Type: SUN_STANDARD

[Global flags]
     intx CICompilerCount                          = 3                                         {product} {ergonomic}
     uint ConcGCThreads                            = 1                                         {product} {ergonomic}
     uint G1ConcRefinementThreads                  = 4                                         {product} {ergonomic}
   size_t G1HeapRegionSize                         = 1048576                                   {product} {ergonomic}
    uintx GCDrainStackTargetSize                   = 64                                        {product} {ergonomic}
   size_t InitialHeapSize                          = 134217728                                 {product} {ergonomic}
   size_t MarkStackSize                            = 4194304                                   {product} {ergonomic}
   size_t MaxHeapSize                              = 2120220672                                {product} {ergonomic}
   size_t MaxNewSize                               = 1271922688                                {product} {ergonomic}
   size_t MinHeapDeltaBytes                        = 1048576                                   {product} {ergonomic}
    uintx NonNMethodCodeHeapSize                   = 5830732                                {pd product} {ergonomic}
    uintx NonProfiledCodeHeapSize                  = 122913754                              {pd product} {ergonomic}
    uintx ProfiledCodeHeapSize                     = 122913754                              {pd product} {ergonomic}
    uintx ReservedCodeCacheSize                    = 251658240                              {pd product} {ergonomic}
     bool SegmentedCodeCache                       = true                                      {product} {ergonomic}
     bool UseCompressedClassPointers               = true                                 {lp64_product} {ergonomic}
     bool UseCompressedOops                        = true                                 {lp64_product} {ergonomic}
     bool UseG1GC                                  = true                                      {product} {ergonomic}
     bool UseLargePagesIndividualAllocation        = false                                  {pd product} {ergonomic}

Logging:
Log output configuration:
 #0: stdout all=warning uptime,level,tags
 #1: stderr all=off uptime,level,tags

Environment Variables:
PATH=C:\WINDOWS\system32;C:\WINDOWS;C:\WINDOWS\System32\Wbem;C:\WINDOWS\System32\WindowsPowerShell\v1.0\;C:\WINDOWS\System32\OpenSSH\;C:\Program Files\PuTTY\;C:\Program Files\Git\cmd;C:\Users\Michelle\AppData\Local\Programs\Python\Python36\Scripts\;C:\Users\Michelle\AppData\Local\Programs\Python\Python36\;C:\Users\Michelle\AppData\Local\Programs\Python\Python38\Scripts\;C:\Users\Michelle\AppData\Local\Programs\Python\Python38\;C:\Users\Michelle\AppData\Local\Programs\Python\Python36-32\Scripts\;C:\Users\Michelle\AppData\Local\Programs\Python\Python36-32\;C:\Users\Michelle\AppData\Local\Microsoft\WindowsApps;
USERNAME=Michelle
OS=Windows_NT
PROCESSOR_IDENTIFIER=Intel64 Family 6 Model 78 Stepping 3, GenuineIntel



---------------  S Y S T E M  ---------------

OS: Windows 10 , 64 bit Build 18362 (10.0.18362.329)

CPU:total 4 (initial active 4) (2 cores per cpu, 2 threads per core) family 6 model 78 stepping 3, cmov, cx8, fxsr, mmx, sse, sse2, sse3, ssse3, sse4.1, sse4.2, popcnt, avx, avx2, aes, clmul, erms, 3dnowpref, lzcnt, ht, tsc, tscinvbit, bmi1, bmi2, adx, fma

Memory: 4k page, system-wide physical 8087M (3084M free)
TotalPageFile size 12695M (AvailPageFile size 4560M)
current process WorkingSet (physical memory assigned to process): 140M, peak: 141M
current process commit charge ("private bytes"): 246M, peak: 247M

vm_info: OpenJDK 64-Bit Server VM (11.0.5+10-b520.17) for windows-amd64 JRE (11.0.5+10-b520.17), built on Dec  2 2019 12:11:34 by "" with MS VC++ 14.0 (VS2015)

END.
